[35m[1mConsolidate compiler generated dependencies of target lead_screw_motor_node[0m
[35m[1mConsolidate compiler generated dependencies of target state_publisher_node[0m
[ 50%] Built target wheel_controller_node
[ 50%] Built target danger_command_node
[ 62%] [32mBuilding CXX object CMakeFiles/lead_screw_motor_node.dir/src/lead_screw_motor_node.cpp.o[0m
[ 87%] Built target state_publisher_node
[01m[K/home/nvidia/luckrobot/luckrobot_ws/src/wheel_controller/src/lead_screw_motor_node.cpp:45:104:[m[K [01;31m[Kerror: [m[K‘[01m[Kuint16[m[K’ was not declared in this scope; did you mean ‘[01m[Kuint16_t[m[K’?
   45 | std::vector<uint8_t> build_write_multiple(uint8_t slave, uint16_t reg, uint16_t cnt, const std::vector<[01;31m[Kuint16[m[K>& vals) {
      |                                                                                                        [01;31m[K^~~~~~[m[K
      |                                                                                                        [32m[Kuint16_t[m[K
[01m[K/home/nvidia/luckrobot/luckrobot_ws/src/wheel_controller/src/lead_screw_motor_node.cpp:45:110:[m[K [01;31m[Kerror: [m[Ktemplate argument 1 is invalid
   45 | std::vector<uint8_t> build_write_multiple(uint8_t slave, uint16_t reg, uint16_t cnt, const std::vector<uint16[01;31m[K>[m[K& vals) {
      |                                                                                                              [01;31m[K^[m[K
[01m[K/home/nvidia/luckrobot/luckrobot_ws/src/wheel_controller/src/lead_screw_motor_node.cpp:45:110:[m[K [01;31m[Kerror: [m[Ktemplate argument 2 is invalid
[01m[K/home/nvidia/luckrobot/luckrobot_ws/src/wheel_controller/src/lead_screw_motor_node.cpp:[m[K In function ‘[01m[Kstd::vector<unsigned char, std::allocator<unsigned char> > build_write_multiple(uint8_t, uint16_t, uint16_t, const int&)[m[K’:
[01m[K/home/nvidia/luckrobot/luckrobot_ws/src/wheel_controller/src/lead_screw_motor_node.cpp:47:19:[m[K [01;31m[Kerror: [m[K‘[01m[Kbegin[m[K’ was not declared in this scope; did you mean ‘[01m[Kstd::begin[m[K’?
   47 |     for (auto v : [01;31m[Kvals[m[K) { f.push_back(v>>8); f.push_back(v&0xFF); }
      |                   [01;31m[K^~~~[m[K
      |                   [32m[Kstd::begin[m[K
In file included from [01m[K/usr/include/c++/11/array:41[m[K,
                 from [01m[K/usr/include/c++/11/tuple:39[m[K,
                 from [01m[K/usr/include/c++/11/bits/unique_ptr.h:37[m[K,
                 from [01m[K/usr/include/c++/11/memory:76[m[K,
                 from [01m[K/opt/ros/humble/include/rclcpp/rclcpp/rclcpp.hpp:153[m[K,
                 from [01m[K/home/nvidia/luckrobot/luckrobot_ws/src/wheel_controller/src/lead_screw_motor_node.cpp:1[m[K:
[01m[K/usr/include/c++/11/bits/range_access.h:108:37:[m[K [01;36m[Knote: [m[K‘[01m[Kstd::begin[m[K’ declared here
  108 |   template<typename _Tp> const _Tp* [01;36m[Kbegin[m[K(const valarray<_Tp>&) noexcept;
      |                                     [01;36m[K^~~~~[m[K
[01m[K/home/nvidia/luckrobot/luckrobot_ws/src/wheel_controller/src/lead_screw_motor_node.cpp:47:19:[m[K [01;31m[Kerror: [m[K‘[01m[Kend[m[K’ was not declared in this scope; did you mean ‘[01m[Kstd::end[m[K’?
   47 |     for (auto v : [01;31m[Kvals[m[K) { f.push_back(v>>8); f.push_back(v&0xFF); }
      |                   [01;31m[K^~~~[m[K
      |                   [32m[Kstd::end[m[K
In file included from [01m[K/usr/include/c++/11/array:41[m[K,
                 from [01m[K/usr/include/c++/11/tuple:39[m[K,
                 from [01m[K/usr/include/c++/11/bits/unique_ptr.h:37[m[K,
                 from [01m[K/usr/include/c++/11/memory:76[m[K,
                 from [01m[K/opt/ros/humble/include/rclcpp/rclcpp/rclcpp.hpp:153[m[K,
                 from [01m[K/home/nvidia/luckrobot/luckrobot_ws/src/wheel_controller/src/lead_screw_motor_node.cpp:1[m[K:
[01m[K/usr/include/c++/11/bits/range_access.h:110:37:[m[K [01;36m[Knote: [m[K‘[01m[Kstd::end[m[K’ declared here
  110 |   template<typename _Tp> const _Tp* [01;36m[Kend[m[K(const valarray<_Tp>&) noexcept;
      |                                     [01;36m[K^~~[m[K
[01m[K/home/nvidia/luckrobot/luckrobot_ws/src/wheel_controller/src/lead_screw_motor_node.cpp:[m[K At global scope:
[01m[K/home/nvidia/luckrobot/luckrobot_ws/src/wheel_controller/src/lead_screw_motor_node.cpp:151:48:[m[K [01;31m[Kerror: [m[K‘[01m[KShared[m[K’ in ‘[01m[Kclass rclcpp::Publisher<std_msgs::msg::Float32_<std::allocator<void> > >[m[K’ does not name a type
  151 |     rclcpp::Publisher<std_msgs::msg::Float32>::[01;31m[KShared[m[K pub_;
      |                                                [01;31m[K^~~~~~[m[K
[01m[K/home/nvidia/luckrobot/luckrobot_ws/src/wheel_controller/src/lead_screw_motor_node.cpp:[m[K In constructor ‘[01m[KLeadScrewMotorNode::LeadScrewMotorNode()[m[K’:
[01m[K/home/nvidia/luckrobot/luckrobot_ws/src/wheel_controller/src/lead_screw_motor_node.cpp:62:9:[m[K [01;31m[Kerror: [m[K‘[01m[Kpub_[m[K’ was not declared in this scope; did you mean ‘[01m[Ksub_[m[K’?
   62 |         [01;31m[Kpub_[m[K = this->create_publisher<std_msgs::msg::Float32>("/lead_screw/current_position", qos);
      |         [01;31m[K^~~~[m[K
      |         [32m[Ksub_[m[K
[01m[K/home/nvidia/luckrobot/luckrobot_ws/src/wheel_controller/src/lead_screw_motor_node.cpp:[m[K In member function ‘[01m[Kvoid LeadScrewMotorNode::homing()[m[K’:
[01m[K/home/nvidia/luckrobot/luckrobot_ws/src/wheel_controller/src/lead_screw_motor_node.cpp:96:72:[m[K [01;31m[Kerror: [m[Kinvalid initialization of reference of type ‘[01m[Kconst int&[m[K’ from expression of type ‘[01m[K<brace-enclosed initializer list>[m[K’
   96 |             build_write_single(SLAVE_ID,0x1023,2), [01;31m[Kbuild_write_multiple(SLAVE_ID,0x1024,2,{(uint16_t)HOMING_SPEED,(uint16_t)(HOMING_SPEED>>16)})[m[K,
      |                                                    [01;31m[K~~~~~~~~~~~~~~~~~~~~^~~~~~~~~~~~~~~~~~~~~~~~~~~~~~~~~~~~~~~~~~~~~~~~~~~~~~~~~~~~~~~~~~~~~~~~~[m[K
[01m[K/home/nvidia/luckrobot/luckrobot_ws/src/wheel_controller/src/lead_screw_motor_node.cpp:45:113:[m[K [01;36m[Knote: [m[Kin passing argument 4 of ‘[01m[Kstd::vector<unsigned char, std::allocator<unsigned char> > build_write_multiple(uint8_t, uint16_t, uint16_t, const int&)[m[K’
   45 | std::vector<uint8_t> build_write_multiple(uint8_t slave, uint16_t reg, uint16_t cnt, [01;36m[Kconst std::vector<uint16>& vals[m[K) {
      |                                                                                      [01;36m[K~~~~~~~~~~~~~~~~~~~~~~~~~~~^~~~[m[K
[01m[K/home/nvidia/luckrobot/luckrobot_ws/src/wheel_controller/src/lead_screw_motor_node.cpp:98:9:[m[K [01;31m[Kerror: [m[Kcould not convert ‘[01m[K{build_write_single(uint8_t, uint16_t, uint16_t)(512, 9), build_write_single(uint8_t, uint16_t, uint16_t)(4099, 6), build_write_single(uint8_t, uint16_t, uint16_t)(4131, 2), <expression error>, build_write_single(uint8_t, uint16_t, uint16_t)(775, 0), build_write_single(uint8_t, uint16_t, uint16_t)(3336, 128)}[m[K’ from ‘[01m[K<brace-enclosed initializer list>[m[K’ to ‘[01m[Kstd::vector<std::vector<unsigned char, std::allocator<unsigned char> > >[m[K’
   98 |         [01;31m[K}[m[K;
      |         [01;31m[K^[m[K
      |         [01;31m[K|[m[K
      |         [01;31m[K<brace-enclosed initializer list>[m[K
[01m[K/home/nvidia/luckrobot/luckrobot_ws/src/wheel_controller/src/lead_screw_motor_node.cpp:[m[K In member function ‘[01m[Kvoid LeadScrewMotorNode::move(float)[m[K’:
[01m[K/home/nvidia/luckrobot/luckrobot_ws/src/wheel_controller/src/lead_screw_motor_node.cpp:128:33:[m[K [01;31m[Kerror: [m[Kinvalid initialization of reference of type ‘[01m[Kconst int&[m[K’ from expression of type ‘[01m[K<brace-enclosed initializer list>[m[K’
  128 |             [01;31m[Kbuild_write_multiple(SLAVE_ID,0x100E,2,{(uint16_t)s,(uint16_t)(s>>16)})[m[K,
      |             [01;31m[K~~~~~~~~~~~~~~~~~~~~^~~~~~~~~~~~~~~~~~~~~~~~~~~~~~~~~~~~~~~~~~~~~~~~~~~[m[K
[01m[K/home/nvidia/luckrobot/luckrobot_ws/src/wheel_controller/src/lead_screw_motor_node.cpp:45:113:[m[K [01;36m[Knote: [m[Kin passing argument 4 of ‘[01m[Kstd::vector<unsigned char, std::allocator<unsigned char> > build_write_multiple(uint8_t, uint16_t, uint16_t, const int&)[m[K’
   45 | std::vector<uint8_t> build_write_multiple(uint8_t slave, uint16_t reg, uint16_t cnt, [01;36m[Kconst std::vector<uint16>& vals[m[K) {
      |                                                                                      [01;36m[K~~~~~~~~~~~~~~~~~~~~~~~~~~~^~~~[m[K
[01m[K/home/nvidia/luckrobot/luckrobot_ws/src/wheel_controller/src/lead_screw_motor_node.cpp:129:33:[m[K [01;31m[Kerror: [m[Kinvalid initialization of reference of type ‘[01m[Kconst int&[m[K’ from expression of type ‘[01m[K<brace-enclosed initializer list>[m[K’
  129 |             [01;31m[Kbuild_write_multiple(SLAVE_ID,0x1019,2,{(uint16_t)MOVE_SPEED,(uint16_t)(MOVE_SPEED>>16)})[m[K,
      |             [01;31m[K~~~~~~~~~~~~~~~~~~~~^~~~~~~~~~~~~~~~~~~~~~~~~~~~~~~~~~~~~~~~~~~~~~~~~~~~~~~~~~~~~~~~~~~~~[m[K
[01m[K/home/nvidia/luckrobot/luckrobot_ws/src/wheel_controller/src/lead_screw_motor_node.cpp:45:113:[m[K [01;36m[Knote: [m[Kin passing argument 4 of ‘[01m[Kstd::vector<unsigned char, std::allocator<unsigned char> > build_write_multiple(uint8_t, uint16_t, uint16_t, const int&)[m[K’
   45 | std::vector<uint8_t> build_write_multiple(uint8_t slave, uint16_t reg, uint16_t cnt, [01;36m[Kconst std::vector<uint16>& vals[m[K) {
      |                                                                                      [01;36m[K~~~~~~~~~~~~~~~~~~~~~~~~~~~^~~~[m[K
[01m[K/home/nvidia/luckrobot/luckrobot_ws/src/wheel_controller/src/lead_screw_motor_node.cpp:131:9:[m[K [01;31m[Kerror: [m[Kcould not convert ‘[01m[K{build_write_single(uint8_t, uint16_t, uint16_t)(512, 9), build_write_single(uint8_t, uint16_t, uint16_t)(3345, 1), build_write_single(uint8_t, uint16_t, uint16_t)(4099, 1), <expression error>, <expression error>, build_write_single(uint8_t, uint16_t, uint16_t)(3346, 507), build_write_single(uint8_t, uint16_t, uint16_t)(3336, 1)}[m[K’ from ‘[01m[K<brace-enclosed initializer list>[m[K’ to ‘[01m[Kstd::vector<std::vector<unsigned char, std::allocator<unsigned char> > >[m[K’
  131 |         [01;31m[K}[m[K;
      |         [01;31m[K^[m[K
      |         [01;31m[K|[m[K
      |         [01;31m[K<brace-enclosed initializer list>[m[K
[01m[K/home/nvidia/luckrobot/luckrobot_ws/src/wheel_controller/src/lead_screw_motor_node.cpp:[m[K In member function ‘[01m[Kvoid LeadScrewMotorNode::publish_pos()[m[K’:
[01m[K/home/nvidia/luckrobot/luckrobot_ws/src/wheel_controller/src/lead_screw_motor_node.cpp:147:57:[m[K [01;31m[Kerror: [m[K‘[01m[Kpub_[m[K’ was not declared in this scope; did you mean ‘[01m[Ksub_[m[K’?
  147 |         std_msgs::msg::Float32 m; m.data = pos_.load(); [01;31m[Kpub_[m[K->publish(m);
      |                                                         [01;31m[K^~~~[m[K
      |                                                         [32m[Ksub_[m[K
gmake[2]: *** [CMakeFiles/lead_screw_motor_node.dir/build.make:76：CMakeFiles/lead_screw_motor_node.dir/src/lead_screw_motor_node.cpp.o] 错误 1
gmake[1]: *** [CMakeFiles/Makefile2:169：CMakeFiles/lead_screw_motor_node.dir/all] 错误 2
gmake: *** [Makefile:146：all] 错误 2
