[0.020s] Invoking command in '/home/nvidia/luckrobot/luckrobot_ws/build/wheel_controller': CMAKE_PREFIX_PATH=${CMAKE_PREFIX_PATH}:/home/nvidia/luckrobot/luckrobot_ws/install/luckrobot_launch1:/home/nvidia/luckrobot/luckrobot_ws/install/keyboard_control:/opt/ros/humble /usr/bin/cmake --build /home/nvidia/luckrobot/luckrobot_ws/build/wheel_controller -- -j6 -l6
[0.103s] [35m[1mConsolidate compiler generated dependencies of target lead_screw_motor_node[0m
[0.103s] [35m[1mConsolidate compiler generated dependencies of target state_publisher_node[0m
[0.129s] [ 50%] Built target wheel_controller_node
[0.129s] [ 50%] Built target danger_command_node
[0.142s] [ 62%] [32mBuilding CXX object CMakeFiles/lead_screw_motor_node.dir/src/lead_screw_motor_node.cpp.o[0m
[0.144s] [ 87%] Built target state_publisher_node
[4.831s] [01m[K/home/nvidia/luckrobot/luckrobot_ws/src/wheel_controller/src/lead_screw_motor_node.cpp:45:104:[m[K [01;31m[Kerror: [m[K‘[01m[Kuint16[m[K’ was not declared in this scope; did you mean ‘[01m[Kuint16_t[m[K’?
[4.831s]    45 | std::vector<uint8_t> build_write_multiple(uint8_t slave, uint16_t reg, uint16_t cnt, const std::vector<[01;31m[Kuint16[m[K>& vals) {
[4.831s]       |                                                                                                        [01;31m[K^~~~~~[m[K
[4.832s]       |                                                                                                        [32m[Kuint16_t[m[K
[4.832s] [01m[K/home/nvidia/luckrobot/luckrobot_ws/src/wheel_controller/src/lead_screw_motor_node.cpp:45:110:[m[K [01;31m[Kerror: [m[Ktemplate argument 1 is invalid
[4.832s]    45 | std::vector<uint8_t> build_write_multiple(uint8_t slave, uint16_t reg, uint16_t cnt, const std::vector<uint16[01;31m[K>[m[K& vals) {
[4.832s]       |                                                                                                              [01;31m[K^[m[K
[4.832s] [01m[K/home/nvidia/luckrobot/luckrobot_ws/src/wheel_controller/src/lead_screw_motor_node.cpp:45:110:[m[K [01;31m[Kerror: [m[Ktemplate argument 2 is invalid
[4.833s] [01m[K/home/nvidia/luckrobot/luckrobot_ws/src/wheel_controller/src/lead_screw_motor_node.cpp:[m[K In function ‘[01m[Kstd::vector<unsigned char, std::allocator<unsigned char> > build_write_multiple(uint8_t, uint16_t, uint16_t, const int&)[m[K’:
[4.833s] [01m[K/home/nvidia/luckrobot/luckrobot_ws/src/wheel_controller/src/lead_screw_motor_node.cpp:47:19:[m[K [01;31m[Kerror: [m[K‘[01m[Kbegin[m[K’ was not declared in this scope; did you mean ‘[01m[Kstd::begin[m[K’?
[4.833s]    47 |     for (auto v : [01;31m[Kvals[m[K) { f.push_back(v>>8); f.push_back(v&0xFF); }
[4.833s]       |                   [01;31m[K^~~~[m[K
[4.834s]       |                   [32m[Kstd::begin[m[K
[4.834s] In file included from [01m[K/usr/include/c++/11/array:41[m[K,
[4.834s]                  from [01m[K/usr/include/c++/11/tuple:39[m[K,
[4.834s]                  from [01m[K/usr/include/c++/11/bits/unique_ptr.h:37[m[K,
[4.834s]                  from [01m[K/usr/include/c++/11/memory:76[m[K,
[4.834s]                  from [01m[K/opt/ros/humble/include/rclcpp/rclcpp/rclcpp.hpp:153[m[K,
[4.834s]                  from [01m[K/home/nvidia/luckrobot/luckrobot_ws/src/wheel_controller/src/lead_screw_motor_node.cpp:1[m[K:
[4.834s] [01m[K/usr/include/c++/11/bits/range_access.h:108:37:[m[K [01;36m[Knote: [m[K‘[01m[Kstd::begin[m[K’ declared here
[4.835s]   108 |   template<typename _Tp> const _Tp* [01;36m[Kbegin[m[K(const valarray<_Tp>&) noexcept;
[4.835s]       |                                     [01;36m[K^~~~~[m[K
[4.835s] [01m[K/home/nvidia/luckrobot/luckrobot_ws/src/wheel_controller/src/lead_screw_motor_node.cpp:47:19:[m[K [01;31m[Kerror: [m[K‘[01m[Kend[m[K’ was not declared in this scope; did you mean ‘[01m[Kstd::end[m[K’?
[4.835s]    47 |     for (auto v : [01;31m[Kvals[m[K) { f.push_back(v>>8); f.push_back(v&0xFF); }
[4.835s]       |                   [01;31m[K^~~~[m[K
[4.835s]       |                   [32m[Kstd::end[m[K
[4.836s] In file included from [01m[K/usr/include/c++/11/array:41[m[K,
[4.836s]                  from [01m[K/usr/include/c++/11/tuple:39[m[K,
[4.836s]                  from [01m[K/usr/include/c++/11/bits/unique_ptr.h:37[m[K,
[4.836s]                  from [01m[K/usr/include/c++/11/memory:76[m[K,
[4.836s]                  from [01m[K/opt/ros/humble/include/rclcpp/rclcpp/rclcpp.hpp:153[m[K,
[4.836s]                  from [01m[K/home/nvidia/luckrobot/luckrobot_ws/src/wheel_controller/src/lead_screw_motor_node.cpp:1[m[K:
[4.836s] [01m[K/usr/include/c++/11/bits/range_access.h:110:37:[m[K [01;36m[Knote: [m[K‘[01m[Kstd::end[m[K’ declared here
[4.836s]   110 |   template<typename _Tp> const _Tp* [01;36m[Kend[m[K(const valarray<_Tp>&) noexcept;
[4.837s]       |                                     [01;36m[K^~~[m[K
[4.924s] [01m[K/home/nvidia/luckrobot/luckrobot_ws/src/wheel_controller/src/lead_screw_motor_node.cpp:[m[K At global scope:
[4.924s] [01m[K/home/nvidia/luckrobot/luckrobot_ws/src/wheel_controller/src/lead_screw_motor_node.cpp:151:48:[m[K [01;31m[Kerror: [m[K‘[01m[KShared[m[K’ in ‘[01m[Kclass rclcpp::Publisher<std_msgs::msg::Float32_<std::allocator<void> > >[m[K’ does not name a type
[4.924s]   151 |     rclcpp::Publisher<std_msgs::msg::Float32>::[01;31m[KShared[m[K pub_;
[4.924s]       |                                                [01;31m[K^~~~~~[m[K
[4.965s] [01m[K/home/nvidia/luckrobot/luckrobot_ws/src/wheel_controller/src/lead_screw_motor_node.cpp:[m[K In constructor ‘[01m[KLeadScrewMotorNode::LeadScrewMotorNode()[m[K’:
[4.965s] [01m[K/home/nvidia/luckrobot/luckrobot_ws/src/wheel_controller/src/lead_screw_motor_node.cpp:62:9:[m[K [01;31m[Kerror: [m[K‘[01m[Kpub_[m[K’ was not declared in this scope; did you mean ‘[01m[Ksub_[m[K’?
[4.966s]    62 |         [01;31m[Kpub_[m[K = this->create_publisher<std_msgs::msg::Float32>("/lead_screw/current_position", qos);
[4.966s]       |         [01;31m[K^~~~[m[K
[4.966s]       |         [32m[Ksub_[m[K
[4.980s] [01m[K/home/nvidia/luckrobot/luckrobot_ws/src/wheel_controller/src/lead_screw_motor_node.cpp:[m[K In member function ‘[01m[Kvoid LeadScrewMotorNode::homing()[m[K’:
[4.981s] [01m[K/home/nvidia/luckrobot/luckrobot_ws/src/wheel_controller/src/lead_screw_motor_node.cpp:96:72:[m[K [01;31m[Kerror: [m[Kinvalid initialization of reference of type ‘[01m[Kconst int&[m[K’ from expression of type ‘[01m[K<brace-enclosed initializer list>[m[K’
[4.981s]    96 |             build_write_single(SLAVE_ID,0x1023,2), [01;31m[Kbuild_write_multiple(SLAVE_ID,0x1024,2,{(uint16_t)HOMING_SPEED,(uint16_t)(HOMING_SPEED>>16)})[m[K,
[4.981s]       |                                                    [01;31m[K~~~~~~~~~~~~~~~~~~~~^~~~~~~~~~~~~~~~~~~~~~~~~~~~~~~~~~~~~~~~~~~~~~~~~~~~~~~~~~~~~~~~~~~~~~~~~[m[K
[4.981s] [01m[K/home/nvidia/luckrobot/luckrobot_ws/src/wheel_controller/src/lead_screw_motor_node.cpp:45:113:[m[K [01;36m[Knote: [m[Kin passing argument 4 of ‘[01m[Kstd::vector<unsigned char, std::allocator<unsigned char> > build_write_multiple(uint8_t, uint16_t, uint16_t, const int&)[m[K’
[4.981s]    45 | std::vector<uint8_t> build_write_multiple(uint8_t slave, uint16_t reg, uint16_t cnt, [01;36m[Kconst std::vector<uint16>& vals[m[K) {
[4.982s]       |                                                                                      [01;36m[K~~~~~~~~~~~~~~~~~~~~~~~~~~~^~~~[m[K
[4.982s] [01m[K/home/nvidia/luckrobot/luckrobot_ws/src/wheel_controller/src/lead_screw_motor_node.cpp:98:9:[m[K [01;31m[Kerror: [m[Kcould not convert ‘[01m[K{build_write_single(uint8_t, uint16_t, uint16_t)(512, 9), build_write_single(uint8_t, uint16_t, uint16_t)(4099, 6), build_write_single(uint8_t, uint16_t, uint16_t)(4131, 2), <expression error>, build_write_single(uint8_t, uint16_t, uint16_t)(775, 0), build_write_single(uint8_t, uint16_t, uint16_t)(3336, 128)}[m[K’ from ‘[01m[K<brace-enclosed initializer list>[m[K’ to ‘[01m[Kstd::vector<std::vector<unsigned char, std::allocator<unsigned char> > >[m[K’
[4.982s]    98 |         [01;31m[K}[m[K;
[4.982s]       |         [01;31m[K^[m[K
[4.982s]       |         [01;31m[K|[m[K
[4.982s]       |         [01;31m[K<brace-enclosed initializer list>[m[K
[4.985s] [01m[K/home/nvidia/luckrobot/luckrobot_ws/src/wheel_controller/src/lead_screw_motor_node.cpp:[m[K In member function ‘[01m[Kvoid LeadScrewMotorNode::move(float)[m[K’:
[4.986s] [01m[K/home/nvidia/luckrobot/luckrobot_ws/src/wheel_controller/src/lead_screw_motor_node.cpp:128:33:[m[K [01;31m[Kerror: [m[Kinvalid initialization of reference of type ‘[01m[Kconst int&[m[K’ from expression of type ‘[01m[K<brace-enclosed initializer list>[m[K’
[4.986s]   128 |             [01;31m[Kbuild_write_multiple(SLAVE_ID,0x100E,2,{(uint16_t)s,(uint16_t)(s>>16)})[m[K,
[4.986s]       |             [01;31m[K~~~~~~~~~~~~~~~~~~~~^~~~~~~~~~~~~~~~~~~~~~~~~~~~~~~~~~~~~~~~~~~~~~~~~~~[m[K
[4.986s] [01m[K/home/nvidia/luckrobot/luckrobot_ws/src/wheel_controller/src/lead_screw_motor_node.cpp:45:113:[m[K [01;36m[Knote: [m[Kin passing argument 4 of ‘[01m[Kstd::vector<unsigned char, std::allocator<unsigned char> > build_write_multiple(uint8_t, uint16_t, uint16_t, const int&)[m[K’
[4.986s]    45 | std::vector<uint8_t> build_write_multiple(uint8_t slave, uint16_t reg, uint16_t cnt, [01;36m[Kconst std::vector<uint16>& vals[m[K) {
[4.986s]       |                                                                                      [01;36m[K~~~~~~~~~~~~~~~~~~~~~~~~~~~^~~~[m[K
[4.986s] [01m[K/home/nvidia/luckrobot/luckrobot_ws/src/wheel_controller/src/lead_screw_motor_node.cpp:129:33:[m[K [01;31m[Kerror: [m[Kinvalid initialization of reference of type ‘[01m[Kconst int&[m[K’ from expression of type ‘[01m[K<brace-enclosed initializer list>[m[K’
[4.986s]   129 |             [01;31m[Kbuild_write_multiple(SLAVE_ID,0x1019,2,{(uint16_t)MOVE_SPEED,(uint16_t)(MOVE_SPEED>>16)})[m[K,
[4.987s]       |             [01;31m[K~~~~~~~~~~~~~~~~~~~~^~~~~~~~~~~~~~~~~~~~~~~~~~~~~~~~~~~~~~~~~~~~~~~~~~~~~~~~~~~~~~~~~~~~~[m[K
[4.987s] [01m[K/home/nvidia/luckrobot/luckrobot_ws/src/wheel_controller/src/lead_screw_motor_node.cpp:45:113:[m[K [01;36m[Knote: [m[Kin passing argument 4 of ‘[01m[Kstd::vector<unsigned char, std::allocator<unsigned char> > build_write_multiple(uint8_t, uint16_t, uint16_t, const int&)[m[K’
[4.987s]    45 | std::vector<uint8_t> build_write_multiple(uint8_t slave, uint16_t reg, uint16_t cnt, [01;36m[Kconst std::vector<uint16>& vals[m[K) {
[4.987s]       |                                                                                      [01;36m[K~~~~~~~~~~~~~~~~~~~~~~~~~~~^~~~[m[K
[4.987s] [01m[K/home/nvidia/luckrobot/luckrobot_ws/src/wheel_controller/src/lead_screw_motor_node.cpp:131:9:[m[K [01;31m[Kerror: [m[Kcould not convert ‘[01m[K{build_write_single(uint8_t, uint16_t, uint16_t)(512, 9), build_write_single(uint8_t, uint16_t, uint16_t)(3345, 1), build_write_single(uint8_t, uint16_t, uint16_t)(4099, 1), <expression error>, <expression error>, build_write_single(uint8_t, uint16_t, uint16_t)(3346, 507), build_write_single(uint8_t, uint16_t, uint16_t)(3336, 1)}[m[K’ from ‘[01m[K<brace-enclosed initializer list>[m[K’ to ‘[01m[Kstd::vector<std::vector<unsigned char, std::allocator<unsigned char> > >[m[K’
[4.987s]   131 |         [01;31m[K}[m[K;
[4.987s]       |         [01;31m[K^[m[K
[4.987s]       |         [01;31m[K|[m[K
[4.988s]       |         [01;31m[K<brace-enclosed initializer list>[m[K
[5.011s] [01m[K/home/nvidia/luckrobot/luckrobot_ws/src/wheel_controller/src/lead_screw_motor_node.cpp:[m[K In member function ‘[01m[Kvoid LeadScrewMotorNode::publish_pos()[m[K’:
[5.012s] [01m[K/home/nvidia/luckrobot/luckrobot_ws/src/wheel_controller/src/lead_screw_motor_node.cpp:147:57:[m[K [01;31m[Kerror: [m[K‘[01m[Kpub_[m[K’ was not declared in this scope; did you mean ‘[01m[Ksub_[m[K’?
[5.012s]   147 |         std_msgs::msg::Float32 m; m.data = pos_.load(); [01;31m[Kpub_[m[K->publish(m);
[5.012s]       |                                                         [01;31m[K^~~~[m[K
[5.012s]       |                                                         [32m[Ksub_[m[K
[10.419s] gmake[2]: *** [CMakeFiles/lead_screw_motor_node.dir/build.make:76：CMakeFiles/lead_screw_motor_node.dir/src/lead_screw_motor_node.cpp.o] 错误 1
[10.420s] gmake[1]: *** [CMakeFiles/Makefile2:169：CMakeFiles/lead_screw_motor_node.dir/all] 错误 2
[10.420s] gmake: *** [Makefile:146：all] 错误 2
[10.426s] Invoked command in '/home/nvidia/luckrobot/luckrobot_ws/build/wheel_controller' returned '2': CMAKE_PREFIX_PATH=${CMAKE_PREFIX_PATH}:/home/nvidia/luckrobot/luckrobot_ws/install/luckrobot_launch1:/home/nvidia/luckrobot/luckrobot_ws/install/keyboard_control:/opt/ros/humble /usr/bin/cmake --build /home/nvidia/luckrobot/luckrobot_ws/build/wheel_controller -- -j6 -l6
