-- Install configuration: ""
-- Up-to-date: /home/nvidia/luckrobot/luckrobot_ws/install/robot_display/share/robot_display/launch
-- Up-to-date: /home/nvidia/luckrobot/luckrobot_ws/install/robot_display/share/robot_display/launch/robot_display.launch.py
-- Up-to-date: /home/nvidia/luckrobot/luckrobot_ws/install/robot_display/share/robot_display/urdf
-- Up-to-date: /home/nvidia/luckrobot/luckrobot_ws/install/robot_display/share/robot_display/urdf/0robot.SLDASM.urdf
-- Up-to-date: /home/nvidia/luckrobot/luckrobot_ws/install/robot_display/share/robot_display/urdf/0robot1.SLDASM.csv
-- Up-to-date: /home/nvidia/luckrobot/luckrobot_ws/install/robot_display/share/robot_display/config
-- Up-to-date: /home/nvidia/luckrobot/luckrobot_ws/install/robot_display/share/robot_display/config/joint_names_0all_robot.SLDASM.yaml
-- Up-to-date: /home/nvidia/luckrobot/luckrobot_ws/install/robot_display/share/robot_display/meshes
-- Up-to-date: /home/nvidia/luckrobot/luckrobot_ws/install/robot_display/share/robot_display/meshes/whell_left_link.STL
-- Up-to-date: /home/nvidia/luckrobot/luckrobot_ws/install/robot_display/share/robot_display/meshes/base_link.STL
-- Up-to-date: /home/nvidia/luckrobot/luckrobot_ws/install/robot_display/share/robot_display/meshes/livox_link.STL
-- Up-to-date: /home/nvidia/luckrobot/luckrobot_ws/install/robot_display/share/robot_display/meshes/camera_link.STL
-- Up-to-date: /home/nvidia/luckrobot/luckrobot_ws/install/robot_display/share/robot_display/meshes/wheel_right_link.STL
-- Up-to-date: /home/nvidia/luckrobot/luckrobot_ws/install/robot_display/share/robot_display/meshes/screw_link.STL
-- Up-to-date: /home/nvidia/luckrobot/luckrobot_ws/install/robot_display/share/ament_index/resource_index/package_run_dependencies/robot_display
-- Up-to-date: /home/nvidia/luckrobot/luckrobot_ws/install/robot_display/share/ament_index/resource_index/parent_prefix_path/robot_display
-- Up-to-date: /home/nvidia/luckrobot/luckrobot_ws/install/robot_display/share/robot_display/environment/ament_prefix_path.sh
-- Up-to-date: /home/nvidia/luckrobot/luckrobot_ws/install/robot_display/share/robot_display/environment/ament_prefix_path.dsv
-- Up-to-date: /home/nvidia/luckrobot/luckrobot_ws/install/robot_display/share/robot_display/environment/path.sh
-- Up-to-date: /home/nvidia/luckrobot/luckrobot_ws/install/robot_display/share/robot_display/environment/path.dsv
-- Up-to-date: /home/nvidia/luckrobot/luckrobot_ws/install/robot_display/share/robot_display/local_setup.bash
-- Up-to-date: /home/nvidia/luckrobot/luckrobot_ws/install/robot_display/share/robot_display/local_setup.sh
-- Up-to-date: /home/nvidia/luckrobot/luckrobot_ws/install/robot_display/share/robot_display/local_setup.zsh
-- Up-to-date: /home/nvidia/luckrobot/luckrobot_ws/install/robot_display/share/robot_display/local_setup.dsv
-- Installing: /home/nvidia/luckrobot/luckrobot_ws/install/robot_display/share/robot_display/package.dsv
-- Up-to-date: /home/nvidia/luckrobot/luckrobot_ws/install/robot_display/share/ament_index/resource_index/packages/robot_display
-- Up-to-date: /home/nvidia/luckrobot/luckrobot_ws/install/robot_display/share/robot_display/cmake/robot_displayConfig.cmake
-- Up-to-date: /home/nvidia/luckrobot/luckrobot_ws/install/robot_display/share/robot_display/cmake/robot_displayConfig-version.cmake
-- Up-to-date: /home/nvidia/luckrobot/luckrobot_ws/install/robot_display/share/robot_display/package.xml
