[0.022s] Invoking command in '/home/nvidia/luckrobot/luckrobot_ws/build/wheel_controller': CMAKE_PREFIX_PATH=${CMAKE_PREFIX_PATH}:/home/nvidia/luckrobot/luckrobot_ws/install/luckrobot_launch1:/home/nvidia/luckrobot/luckrobot_ws/install/keyboard_control:/opt/ros/humble /usr/bin/cmake --build /home/nvidia/luckrobot/luckrobot_ws/build/wheel_controller -- -j6 -l6
[0.108s] [35m[1mConsolidate compiler generated dependencies of target state_publisher_node[0m
[0.111s] [35m[1mConsolidate compiler generated dependencies of target lead_screw_motor_node[0m
[0.139s] [ 25%] Built target wheel_controller_node
[0.142s] [ 50%] Built target danger_command_node
[0.145s] [ 62%] [32mBuilding CXX object CMakeFiles/state_publisher_node.dir/src/state_publisher_node.cpp.o[0m
[0.158s] [ 75%] [32mBuilding CXX object CMakeFiles/lead_screw_motor_node.dir/src/lead_screw_motor_node.cpp.o[0m
[18.314s] [ 87%] [32m[1mLinking CXX executable lead_screw_motor_node[0m
[19.111s] [ 87%] Built target lead_screw_motor_node
[23.291s] [100%] [32m[1mLinking CXX executable state_publisher_node[0m
[24.405s] [100%] Built target state_publisher_node
[24.433s] Invoked command in '/home/nvidia/luckrobot/luckrobot_ws/build/wheel_controller' returned '0': CMAKE_PREFIX_PATH=${CMAKE_PREFIX_PATH}:/home/nvidia/luckrobot/luckrobot_ws/install/luckrobot_launch1:/home/nvidia/luckrobot/luckrobot_ws/install/keyboard_control:/opt/ros/humble /usr/bin/cmake --build /home/nvidia/luckrobot/luckrobot_ws/build/wheel_controller -- -j6 -l6
[24.458s] Invoking command in '/home/nvidia/luckrobot/luckrobot_ws/build/wheel_controller': CMAKE_PREFIX_PATH=${CMAKE_PREFIX_PATH}:/home/nvidia/luckrobot/luckrobot_ws/install/luckrobot_launch1:/home/nvidia/luckrobot/luckrobot_ws/install/keyboard_control:/opt/ros/humble /usr/bin/cmake --install /home/nvidia/luckrobot/luckrobot_ws/build/wheel_controller
[24.478s] -- Install configuration: ""
[24.478s] -- Up-to-date: /home/nvidia/luckrobot/luckrobot_ws/install/wheel_controller/lib/wheel_controller/wheel_controller_node
[24.479s] -- Installing: /home/nvidia/luckrobot/luckrobot_ws/install/wheel_controller/lib/wheel_controller/lead_screw_motor_node
[24.492s] -- Set runtime path of "/home/nvidia/luckrobot/luckrobot_ws/install/wheel_controller/lib/wheel_controller/lead_screw_motor_node" to ""
[24.492s] -- Up-to-date: /home/nvidia/luckrobot/luckrobot_ws/install/wheel_controller/lib/wheel_controller/danger_command_node
[24.493s] -- Installing: /home/nvidia/luckrobot/luckrobot_ws/install/wheel_controller/lib/wheel_controller/state_publisher_node
[24.509s] -- Set runtime path of "/home/nvidia/luckrobot/luckrobot_ws/install/wheel_controller/lib/wheel_controller/state_publisher_node" to ""
[24.509s] -- Up-to-date: /home/nvidia/luckrobot/luckrobot_ws/install/wheel_controller/share/ament_index/resource_index/package_run_dependencies/wheel_controller
[24.510s] -- Up-to-date: /home/nvidia/luckrobot/luckrobot_ws/install/wheel_controller/share/ament_index/resource_index/parent_prefix_path/wheel_controller
[24.510s] -- Up-to-date: /home/nvidia/luckrobot/luckrobot_ws/install/wheel_controller/share/wheel_controller/environment/ament_prefix_path.sh
[24.510s] -- Up-to-date: /home/nvidia/luckrobot/luckrobot_ws/install/wheel_controller/share/wheel_controller/environment/ament_prefix_path.dsv
[24.511s] -- Up-to-date: /home/nvidia/luckrobot/luckrobot_ws/install/wheel_controller/share/wheel_controller/environment/path.sh
[24.511s] -- Up-to-date: /home/nvidia/luckrobot/luckrobot_ws/install/wheel_controller/share/wheel_controller/environment/path.dsv
[24.511s] -- Up-to-date: /home/nvidia/luckrobot/luckrobot_ws/install/wheel_controller/share/wheel_controller/local_setup.bash
[24.511s] -- Up-to-date: /home/nvidia/luckrobot/luckrobot_ws/install/wheel_controller/share/wheel_controller/local_setup.sh
[24.511s] -- Up-to-date: /home/nvidia/luckrobot/luckrobot_ws/install/wheel_controller/share/wheel_controller/local_setup.zsh
[24.512s] -- Up-to-date: /home/nvidia/luckrobot/luckrobot_ws/install/wheel_controller/share/wheel_controller/local_setup.dsv
[24.512s] -- Installing: /home/nvidia/luckrobot/luckrobot_ws/install/wheel_controller/share/wheel_controller/package.dsv
[24.512s] -- Up-to-date: /home/nvidia/luckrobot/luckrobot_ws/install/wheel_controller/share/ament_index/resource_index/packages/wheel_controller
[24.513s] -- Up-to-date: /home/nvidia/luckrobot/luckrobot_ws/install/wheel_controller/share/wheel_controller/cmake/wheel_controllerConfig.cmake
[24.513s] -- Up-to-date: /home/nvidia/luckrobot/luckrobot_ws/install/wheel_controller/share/wheel_controller/cmake/wheel_controllerConfig-version.cmake
[24.514s] -- Up-to-date: /home/nvidia/luckrobot/luckrobot_ws/install/wheel_controller/share/wheel_controller/package.xml
[24.516s] Invoked command in '/home/nvidia/luckrobot/luckrobot_ws/build/wheel_controller' returned '0': CMAKE_PREFIX_PATH=${CMAKE_PREFIX_PATH}:/home/nvidia/luckrobot/luckrobot_ws/install/luckrobot_launch1:/home/nvidia/luckrobot/luckrobot_ws/install/keyboard_control:/opt/ros/humble /usr/bin/cmake --install /home/nvidia/luckrobot/luckrobot_ws/build/wheel_controller
