[0.020s] Invoking command in '/home/nvidia/luckrobot/luckrobot_ws/build/wheel_controller': CMAKE_PREFIX_PATH=${CMAKE_PREFIX_PATH}:/home/nvidia/luckrobot/luckrobot_ws/install/luckrobot_launch1:/home/nvidia/luckrobot/luckrobot_ws/install/keyboard_control:/opt/ros/humble /usr/bin/cmake --build /home/nvidia/luckrobot/luckrobot_ws/build/wheel_controller -- -j6 -l6
[0.099s] [35m[1mConsolidate compiler generated dependencies of target state_publisher_node[0m
[0.100s] [35m[1mConsolidate compiler generated dependencies of target lead_screw_motor_node[0m
[0.125s] [ 37%] Built target wheel_controller_node
[0.126s] [ 50%] Built target danger_command_node
[0.140s] [ 62%] [32mBuilding CXX object CMakeFiles/lead_screw_motor_node.dir/src/lead_screw_motor_node.cpp.o[0m
[0.149s] [ 75%] [32mBuilding CXX object CMakeFiles/state_publisher_node.dir/src/state_publisher_node.cpp.o[0m
[17.666s] [ 87%] [32m[1mLinking CXX executable lead_screw_motor_node[0m
[18.416s] [ 87%] Built target lead_screw_motor_node
[23.606s] [100%] [32m[1mLinking CXX executable state_publisher_node[0m
[24.720s] [100%] Built target state_publisher_node
[24.749s] Invoked command in '/home/nvidia/luckrobot/luckrobot_ws/build/wheel_controller' returned '0': CMAKE_PREFIX_PATH=${CMAKE_PREFIX_PATH}:/home/nvidia/luckrobot/luckrobot_ws/install/luckrobot_launch1:/home/nvidia/luckrobot/luckrobot_ws/install/keyboard_control:/opt/ros/humble /usr/bin/cmake --build /home/nvidia/luckrobot/luckrobot_ws/build/wheel_controller -- -j6 -l6
[24.775s] Invoking command in '/home/nvidia/luckrobot/luckrobot_ws/build/wheel_controller': CMAKE_PREFIX_PATH=${CMAKE_PREFIX_PATH}:/home/nvidia/luckrobot/luckrobot_ws/install/luckrobot_launch1:/home/nvidia/luckrobot/luckrobot_ws/install/keyboard_control:/opt/ros/humble /usr/bin/cmake --install /home/nvidia/luckrobot/luckrobot_ws/build/wheel_controller
[24.794s] -- Install configuration: ""
[24.794s] -- Up-to-date: /home/nvidia/luckrobot/luckrobot_ws/install/wheel_controller/lib/wheel_controller/wheel_controller_node
[24.795s] -- Installing: /home/nvidia/luckrobot/luckrobot_ws/install/wheel_controller/lib/wheel_controller/lead_screw_motor_node
[24.808s] -- Set runtime path of "/home/nvidia/luckrobot/luckrobot_ws/install/wheel_controller/lib/wheel_controller/lead_screw_motor_node" to ""
[24.808s] -- Up-to-date: /home/nvidia/luckrobot/luckrobot_ws/install/wheel_controller/lib/wheel_controller/danger_command_node
[24.809s] -- Installing: /home/nvidia/luckrobot/luckrobot_ws/install/wheel_controller/lib/wheel_controller/state_publisher_node
[24.826s] -- Set runtime path of "/home/nvidia/luckrobot/luckrobot_ws/install/wheel_controller/lib/wheel_controller/state_publisher_node" to ""
[24.826s] -- Up-to-date: /home/nvidia/luckrobot/luckrobot_ws/install/wheel_controller/share/ament_index/resource_index/package_run_dependencies/wheel_controller
[24.826s] -- Up-to-date: /home/nvidia/luckrobot/luckrobot_ws/install/wheel_controller/share/ament_index/resource_index/parent_prefix_path/wheel_controller
[24.826s] -- Up-to-date: /home/nvidia/luckrobot/luckrobot_ws/install/wheel_controller/share/wheel_controller/environment/ament_prefix_path.sh
[24.826s] -- Up-to-date: /home/nvidia/luckrobot/luckrobot_ws/install/wheel_controller/share/wheel_controller/environment/ament_prefix_path.dsv
[24.826s] -- Up-to-date: /home/nvidia/luckrobot/luckrobot_ws/install/wheel_controller/share/wheel_controller/environment/path.sh
[24.827s] -- Up-to-date: /home/nvidia/luckrobot/luckrobot_ws/install/wheel_controller/share/wheel_controller/environment/path.dsv
[24.827s] -- Up-to-date: /home/nvidia/luckrobot/luckrobot_ws/install/wheel_controller/share/wheel_controller/local_setup.bash
[24.827s] -- Up-to-date: /home/nvidia/luckrobot/luckrobot_ws/install/wheel_controller/share/wheel_controller/local_setup.sh
[24.827s] -- Up-to-date: /home/nvidia/luckrobot/luckrobot_ws/install/wheel_controller/share/wheel_controller/local_setup.zsh
[24.827s] -- Up-to-date: /home/nvidia/luckrobot/luckrobot_ws/install/wheel_controller/share/wheel_controller/local_setup.dsv
[24.827s] -- Installing: /home/nvidia/luckrobot/luckrobot_ws/install/wheel_controller/share/wheel_controller/package.dsv
[24.827s] -- Up-to-date: /home/nvidia/luckrobot/luckrobot_ws/install/wheel_controller/share/ament_index/resource_index/packages/wheel_controller
[24.828s] -- Up-to-date: /home/nvidia/luckrobot/luckrobot_ws/install/wheel_controller/share/wheel_controller/cmake/wheel_controllerConfig.cmake
[24.828s] -- Up-to-date: /home/nvidia/luckrobot/luckrobot_ws/install/wheel_controller/share/wheel_controller/cmake/wheel_controllerConfig-version.cmake
[24.828s] -- Up-to-date: /home/nvidia/luckrobot/luckrobot_ws/install/wheel_controller/share/wheel_controller/package.xml
[24.832s] Invoked command in '/home/nvidia/luckrobot/luckrobot_ws/build/wheel_controller' returned '0': CMAKE_PREFIX_PATH=${CMAKE_PREFIX_PATH}:/home/nvidia/luckrobot/luckrobot_ws/install/luckrobot_launch1:/home/nvidia/luckrobot/luckrobot_ws/install/keyboard_control:/opt/ros/humble /usr/bin/cmake --install /home/nvidia/luckrobot/luckrobot_ws/build/wheel_controller
