[0.053s] Invoking command in '/home/nvidia/luckrobot/luckrobot_ws/build/wheel_controller': CMAKE_PREFIX_PATH=${CMAKE_PREFIX_PATH}:/home/nvidia/luckrobot/luckrobot_ws/install/luckrobot_launch1:/home/nvidia/luckrobot/luckrobot_ws/install/keyboard_control:/opt/ros/humble /usr/bin/cmake --build /home/nvidia/luckrobot/luckrobot_ws/build/wheel_controller -- -j6 -l6
[1.008s] [ 12%] [32mBuilding CXX object CMakeFiles/state_publisher.dir/src/state_publisher.cpp.o[0m
[1.010s] [ 37%] Built target lead_screw_motor_node
[1.010s] [ 62%] Built target danger_command_node
[1.011s] [ 87%] Built target wheel_controller_node
[20.813s] [100%] [32m[1mLinking CXX executable state_publisher[0m
[21.746s] [100%] Built target state_publisher
[21.773s] Invoked command in '/home/nvidia/luckrobot/luckrobot_ws/build/wheel_controller' returned '0': CMAKE_PREFIX_PATH=${CMAKE_PREFIX_PATH}:/home/nvidia/luckrobot/luckrobot_ws/install/luckrobot_launch1:/home/nvidia/luckrobot/luckrobot_ws/install/keyboard_control:/opt/ros/humble /usr/bin/cmake --build /home/nvidia/luckrobot/luckrobot_ws/build/wheel_controller -- -j6 -l6
[21.778s] Invoking command in '/home/nvidia/luckrobot/luckrobot_ws/build/wheel_controller': CMAKE_PREFIX_PATH=${CMAKE_PREFIX_PATH}:/home/nvidia/luckrobot/luckrobot_ws/install/luckrobot_launch1:/home/nvidia/luckrobot/luckrobot_ws/install/keyboard_control:/opt/ros/humble /usr/bin/cmake --install /home/nvidia/luckrobot/luckrobot_ws/build/wheel_controller
[21.795s] -- Install configuration: ""
[21.796s] -- Up-to-date: /home/nvidia/luckrobot/luckrobot_ws/install/wheel_controller/lib/wheel_controller/wheel_controller_node
[21.796s] -- Up-to-date: /home/nvidia/luckrobot/luckrobot_ws/install/wheel_controller/lib/wheel_controller/lead_screw_motor_node
[21.797s] -- Up-to-date: /home/nvidia/luckrobot/luckrobot_ws/install/wheel_controller/lib/wheel_controller/danger_command_node
[21.797s] -- Installing: /home/nvidia/luckrobot/luckrobot_ws/install/wheel_controller/lib/wheel_controller/state_publisher
[21.810s] -- Set runtime path of "/home/nvidia/luckrobot/luckrobot_ws/install/wheel_controller/lib/wheel_controller/state_publisher" to ""
[21.811s] -- Up-to-date: /home/nvidia/luckrobot/luckrobot_ws/install/wheel_controller/share/ament_index/resource_index/package_run_dependencies/wheel_controller
[21.811s] -- Up-to-date: /home/nvidia/luckrobot/luckrobot_ws/install/wheel_controller/share/ament_index/resource_index/parent_prefix_path/wheel_controller
[21.811s] -- Up-to-date: /home/nvidia/luckrobot/luckrobot_ws/install/wheel_controller/share/wheel_controller/environment/ament_prefix_path.sh
[21.811s] -- Up-to-date: /home/nvidia/luckrobot/luckrobot_ws/install/wheel_controller/share/wheel_controller/environment/ament_prefix_path.dsv
[21.812s] -- Up-to-date: /home/nvidia/luckrobot/luckrobot_ws/install/wheel_controller/share/wheel_controller/environment/path.sh
[21.812s] -- Up-to-date: /home/nvidia/luckrobot/luckrobot_ws/install/wheel_controller/share/wheel_controller/environment/path.dsv
[21.812s] -- Up-to-date: /home/nvidia/luckrobot/luckrobot_ws/install/wheel_controller/share/wheel_controller/local_setup.bash
[21.812s] -- Up-to-date: /home/nvidia/luckrobot/luckrobot_ws/install/wheel_controller/share/wheel_controller/local_setup.sh
[21.812s] -- Up-to-date: /home/nvidia/luckrobot/luckrobot_ws/install/wheel_controller/share/wheel_controller/local_setup.zsh
[21.812s] -- Up-to-date: /home/nvidia/luckrobot/luckrobot_ws/install/wheel_controller/share/wheel_controller/local_setup.dsv
[21.813s] -- Up-to-date: /home/nvidia/luckrobot/luckrobot_ws/install/wheel_controller/share/wheel_controller/package.dsv
[21.813s] -- Up-to-date: /home/nvidia/luckrobot/luckrobot_ws/install/wheel_controller/share/ament_index/resource_index/packages/wheel_controller
[21.813s] -- Up-to-date: /home/nvidia/luckrobot/luckrobot_ws/install/wheel_controller/share/wheel_controller/cmake/wheel_controllerConfig.cmake
[21.813s] -- Up-to-date: /home/nvidia/luckrobot/luckrobot_ws/install/wheel_controller/share/wheel_controller/cmake/wheel_controllerConfig-version.cmake
[21.813s] -- Up-to-date: /home/nvidia/luckrobot/luckrobot_ws/install/wheel_controller/share/wheel_controller/package.xml
[21.818s] Invoked command in '/home/nvidia/luckrobot/luckrobot_ws/build/wheel_controller' returned '0': CMAKE_PREFIX_PATH=${CMAKE_PREFIX_PATH}:/home/nvidia/luckrobot/luckrobot_ws/install/luckrobot_launch1:/home/nvidia/luckrobot/luckrobot_ws/install/keyboard_control:/opt/ros/humble /usr/bin/cmake --install /home/nvidia/luckrobot/luckrobot_ws/build/wheel_controller
