[01m[K/home/nvidia/luckrobot/luckrobot_ws/src/wheel_controller/src/state_publisher.cpp:[m[K In constructor ‘[01m[KRobotStatePublisher::RobotStatePublisher()[m[K’:
[01m[K/home/nvidia/luckrobot/luckrobot_ws/src/wheel_controller/src/state_publisher.cpp:23:28:[m[K [01;31m[Kerror: [m[Kparse error in template argument list
   23 |         wheel_sub_ = this->[01;31m[Kcreate_subscription<std_msgs::msg/float64_multi_array>[m[K(
      |                            [01;31m[K^~~~~~~~~~~~~~~~~~~~~~~~~~~~~~~~~~~~~~~~~~~~~~~~~~~~~~[m[K
[01m[K/home/nvidia/luckrobot/luckrobot_ws/src/wheel_controller/src/state_publisher.cpp:23:82:[m[K [01;31m[Kerror: [m[Kno matching function for call to ‘[01m[KRobotStatePublisher::create_subscription<<expression error> >(const char [15], int, RobotStatePublisher::RobotStatePublisher()::<lambda(std_msgs::msg::Float64MultiArray_<std::allocator<void> >::SharedPtr)>)[m[K’
   23 |         wheel_sub_ = [01;31m[Kthis->create_subscription<std_msgs::msg/float64_multi_array>([m[K
      |                      [01;31m[K~~~~~~~~~~~~~~~~~~~~~~~~~~~~~~~~~~~~~~~~~~~~~~~~~~~~~~~~~~~~^[m[K
   24 | [01;31m[K            "wheel_position", 10,[m[K
      |             [01;31m[K~~~~~~~~~~~~~~~~~~~~~[m[K                                                 
   25 | [01;31m[K            [this](const std_msgs::msg::Float64MultiArray::SharedPtr msg) {[m[K
      |             [01;31m[K~~~~~~~~~~~~~~~~~~~~~~~~~~~~~~~~~~~~~~~~~~~~~~~~~~~~~~~~~~~~~~~[m[K       
   26 | [01;31m[K                if(msg->data.size() >= 2){[m[K
      |                 [01;31m[K~~~~~~~~~~~~~~~~~~~~~~~~~~[m[K                                        
   27 | [01;31m[K                    wheel_left_ = -msg->data[0] * 0.0174533;[m[K
      |                     [01;31m[K~~~~~~~~~~~~~~~~~~~~~~~~~~~~~~~~~~~~~~~~[m[K                      
   28 | [01;31m[K                    wheel_right_ = -msg->data[1] * 0.0174533;[m[K
      |                     [01;31m[K~~~~~~~~~~~~~~~~~~~~~~~~~~~~~~~~~~~~~~~~~[m[K                     
   29 | [01;31m[K                }[m[K
      |                 [01;31m[K~[m[K                                                                 
   30 | [01;31m[K            }[m[K
      |             [01;31m[K~[m[K                                                                     
   31 | [01;31m[K        )[m[K;
      |         [01;31m[K~[m[K                                                                         
In file included from [01m[K/opt/ros/humble/include/rclcpp/rclcpp/executors/single_threaded_executor.hpp:28[m[K,
                 from [01m[K/opt/ros/humble/include/rclcpp/rclcpp/executors.hpp:22[m[K,
                 from [01m[K/opt/ros/humble/include/rclcpp/rclcpp/rclcpp.hpp:155[m[K,
                 from [01m[K/home/nvidia/luckrobot/luckrobot_ws/src/wheel_controller/src/state_publisher.cpp:1[m[K:
[01m[K/opt/ros/humble/include/rclcpp/rclcpp/node.hpp:219:3:[m[K [01;36m[Knote: [m[Kcandidate: ‘[01m[Ktemplate<class MessageT, class CallbackT, class AllocatorT, class SubscriptionT, class MessageMemoryStrategyT> std::shared_ptr<ROSMessageT> rclcpp::Node::create_subscription(const string&, const rclcpp::QoS&, CallbackT&&, const rclcpp::SubscriptionOptionsWithAllocator<AllocatorT>&, typename MessageMemoryStrategyT::SharedPtr)[m[K’
  219 |   [01;36m[Kcreate_subscription[m[K(
      |   [01;36m[K^~~~~~~~~~~~~~~~~~~[m[K
[01m[K/opt/ros/humble/include/rclcpp/rclcpp/node.hpp:219:3:[m[K [01;36m[Knote: [m[K  template argument deduction/substitution failed:
[01m[K/home/nvidia/luckrobot/luckrobot_ws/src/wheel_controller/src/state_publisher.cpp:23:82:[m[K [01;31m[Kerror: [m[Ktemplate argument 1 is invalid
   23 |         wheel_sub_ = [01;31m[Kthis->create_subscription<std_msgs::msg/float64_multi_array>([m[K
      |                      [01;31m[K~~~~~~~~~~~~~~~~~~~~~~~~~~~~~~~~~~~~~~~~~~~~~~~~~~~~~~~~~~~~^[m[K
   24 | [01;31m[K            "wheel_position", 10,[m[K
      |             [01;31m[K~~~~~~~~~~~~~~~~~~~~~[m[K                                                 
   25 | [01;31m[K            [this](const std_msgs::msg::Float64MultiArray::SharedPtr msg) {[m[K
      |             [01;31m[K~~~~~~~~~~~~~~~~~~~~~~~~~~~~~~~~~~~~~~~~~~~~~~~~~~~~~~~~~~~~~~~[m[K       
   26 | [01;31m[K                if(msg->data.size() >= 2){[m[K
      |                 [01;31m[K~~~~~~~~~~~~~~~~~~~~~~~~~~[m[K                                        
   27 | [01;31m[K                    wheel_left_ = -msg->data[0] * 0.0174533;[m[K
      |                     [01;31m[K~~~~~~~~~~~~~~~~~~~~~~~~~~~~~~~~~~~~~~~~[m[K                      
   28 | [01;31m[K                    wheel_right_ = -msg->data[1] * 0.0174533;[m[K
      |                     [01;31m[K~~~~~~~~~~~~~~~~~~~~~~~~~~~~~~~~~~~~~~~~~[m[K                     
   29 | [01;31m[K                }[m[K
      |                 [01;31m[K~[m[K                                                                 
   30 | [01;31m[K            }[m[K
      |             [01;31m[K~[m[K                                                                     
   31 | [01;31m[K        )[m[K;
      |         [01;31m[K~[m[K                                                                         
gmake[2]: *** [CMakeFiles/state_publisher.dir/build.make:76：CMakeFiles/state_publisher.dir/src/state_publisher.cpp.o] 错误 1
gmake[1]: *** [CMakeFiles/Makefile2:221：CMakeFiles/state_publisher.dir/all] 错误 2
gmake: *** [Makefile:146：all] 错误 2
