[0.035s] Invoking command in '/home/nvidia/luckrobot/luckrobot_ws/build/wheel_controller': CMAKE_PREFIX_PATH=${CMAKE_PREFIX_PATH}:/home/nvidia/luckrobot/luckrobot_ws/install/luckrobot_launch1:/home/nvidia/luckrobot/luckrobot_ws/install/keyboard_control:/opt/ros/humble /usr/bin/cmake --build /home/nvidia/luckrobot/luckrobot_ws/build/wheel_controller -- -j6 -l6
[0.148s] [35m[1mConsolidate compiler generated dependencies of target state_publisher[0m
[0.160s] [ 25%] Built target danger_command_node
[0.180s] [ 50%] Built target wheel_controller_node
[0.181s] [ 75%] Built target lead_screw_motor_node
[0.189s] [ 87%] [32mBuilding CXX object CMakeFiles/state_publisher.dir/src/state_publisher.cpp.o[0m
[6.293s] [01m[K/home/nvidia/luckrobot/luckrobot_ws/src/wheel_controller/src/state_publisher.cpp:[m[K In constructor ‘[01m[KRobotStatePublisher::RobotStatePublisher()[m[K’:
[6.293s] [01m[K/home/nvidia/luckrobot/luckrobot_ws/src/wheel_controller/src/state_publisher.cpp:23:28:[m[K [01;31m[Kerror: [m[Kparse error in template argument list
[6.293s]    23 |         wheel_sub_ = this->[01;31m[Kcreate_subscription<std_msgs::msg/float64_multi_array>[m[K(
[6.293s]       |                            [01;31m[K^~~~~~~~~~~~~~~~~~~~~~~~~~~~~~~~~~~~~~~~~~~~~~~~~~~~~~[m[K
[6.298s] [01m[K/home/nvidia/luckrobot/luckrobot_ws/src/wheel_controller/src/state_publisher.cpp:23:82:[m[K [01;31m[Kerror: [m[Kno matching function for call to ‘[01m[KRobotStatePublisher::create_subscription<<expression error> >(const char [15], int, RobotStatePublisher::RobotStatePublisher()::<lambda(std_msgs::msg::Float64MultiArray_<std::allocator<void> >::SharedPtr)>)[m[K’
[6.299s]    23 |         wheel_sub_ = [01;31m[Kthis->create_subscription<std_msgs::msg/float64_multi_array>([m[K
[6.299s]       |                      [01;31m[K~~~~~~~~~~~~~~~~~~~~~~~~~~~~~~~~~~~~~~~~~~~~~~~~~~~~~~~~~~~~^[m[K
[6.299s]    24 | [01;31m[K            "wheel_position", 10,[m[K
[6.299s]       |             [01;31m[K~~~~~~~~~~~~~~~~~~~~~[m[K                                                 
[6.299s]    25 | [01;31m[K            [this](const std_msgs::msg::Float64MultiArray::SharedPtr msg) {[m[K
[6.299s]       |             [01;31m[K~~~~~~~~~~~~~~~~~~~~~~~~~~~~~~~~~~~~~~~~~~~~~~~~~~~~~~~~~~~~~~~[m[K       
[6.300s]    26 | [01;31m[K                if(msg->data.size() >= 2){[m[K
[6.300s]       |                 [01;31m[K~~~~~~~~~~~~~~~~~~~~~~~~~~[m[K                                        
[6.300s]    27 | [01;31m[K                    wheel_left_ = -msg->data[0] * 0.0174533;[m[K
[6.300s]       |                     [01;31m[K~~~~~~~~~~~~~~~~~~~~~~~~~~~~~~~~~~~~~~~~[m[K                      
[6.300s]    28 | [01;31m[K                    wheel_right_ = -msg->data[1] * 0.0174533;[m[K
[6.300s]       |                     [01;31m[K~~~~~~~~~~~~~~~~~~~~~~~~~~~~~~~~~~~~~~~~~[m[K                     
[6.300s]    29 | [01;31m[K                }[m[K
[6.300s]       |                 [01;31m[K~[m[K                                                                 
[6.301s]    30 | [01;31m[K            }[m[K
[6.301s]       |             [01;31m[K~[m[K                                                                     
[6.301s]    31 | [01;31m[K        )[m[K;
[6.301s]       |         [01;31m[K~[m[K                                                                         
[6.301s] In file included from [01m[K/opt/ros/humble/include/rclcpp/rclcpp/executors/single_threaded_executor.hpp:28[m[K,
[6.301s]                  from [01m[K/opt/ros/humble/include/rclcpp/rclcpp/executors.hpp:22[m[K,
[6.301s]                  from [01m[K/opt/ros/humble/include/rclcpp/rclcpp/rclcpp.hpp:155[m[K,
[6.302s]                  from [01m[K/home/nvidia/luckrobot/luckrobot_ws/src/wheel_controller/src/state_publisher.cpp:1[m[K:
[6.302s] [01m[K/opt/ros/humble/include/rclcpp/rclcpp/node.hpp:219:3:[m[K [01;36m[Knote: [m[Kcandidate: ‘[01m[Ktemplate<class MessageT, class CallbackT, class AllocatorT, class SubscriptionT, class MessageMemoryStrategyT> std::shared_ptr<ROSMessageT> rclcpp::Node::create_subscription(const string&, const rclcpp::QoS&, CallbackT&&, const rclcpp::SubscriptionOptionsWithAllocator<AllocatorT>&, typename MessageMemoryStrategyT::SharedPtr)[m[K’
[6.302s]   219 |   [01;36m[Kcreate_subscription[m[K(
[6.302s]       |   [01;36m[K^~~~~~~~~~~~~~~~~~~[m[K
[6.302s] [01m[K/opt/ros/humble/include/rclcpp/rclcpp/node.hpp:219:3:[m[K [01;36m[Knote: [m[K  template argument deduction/substitution failed:
[6.302s] [01m[K/home/nvidia/luckrobot/luckrobot_ws/src/wheel_controller/src/state_publisher.cpp:23:82:[m[K [01;31m[Kerror: [m[Ktemplate argument 1 is invalid
[6.302s]    23 |         wheel_sub_ = [01;31m[Kthis->create_subscription<std_msgs::msg/float64_multi_array>([m[K
[6.303s]       |                      [01;31m[K~~~~~~~~~~~~~~~~~~~~~~~~~~~~~~~~~~~~~~~~~~~~~~~~~~~~~~~~~~~~^[m[K
[6.303s]    24 | [01;31m[K            "wheel_position", 10,[m[K
[6.303s]       |             [01;31m[K~~~~~~~~~~~~~~~~~~~~~[m[K                                                 
[6.303s]    25 | [01;31m[K            [this](const std_msgs::msg::Float64MultiArray::SharedPtr msg) {[m[K
[6.303s]       |             [01;31m[K~~~~~~~~~~~~~~~~~~~~~~~~~~~~~~~~~~~~~~~~~~~~~~~~~~~~~~~~~~~~~~~[m[K       
[6.304s]    26 | [01;31m[K                if(msg->data.size() >= 2){[m[K
[6.304s]       |                 [01;31m[K~~~~~~~~~~~~~~~~~~~~~~~~~~[m[K                                        
[6.304s]    27 | [01;31m[K                    wheel_left_ = -msg->data[0] * 0.0174533;[m[K
[6.304s]       |                     [01;31m[K~~~~~~~~~~~~~~~~~~~~~~~~~~~~~~~~~~~~~~~~[m[K                      
[6.304s]    28 | [01;31m[K                    wheel_right_ = -msg->data[1] * 0.0174533;[m[K
[6.304s]       |                     [01;31m[K~~~~~~~~~~~~~~~~~~~~~~~~~~~~~~~~~~~~~~~~~[m[K                     
[6.305s]    29 | [01;31m[K                }[m[K
[6.305s]       |                 [01;31m[K~[m[K                                                                 
[6.305s]    30 | [01;31m[K            }[m[K
[6.305s]       |             [01;31m[K~[m[K                                                                     
[6.305s]    31 | [01;31m[K        )[m[K;
[6.305s]       |         [01;31m[K~[m[K                                                                         
[12.785s] gmake[2]: *** [CMakeFiles/state_publisher.dir/build.make:76：CMakeFiles/state_publisher.dir/src/state_publisher.cpp.o] 错误 1
[12.786s] gmake[1]: *** [CMakeFiles/Makefile2:221：CMakeFiles/state_publisher.dir/all] 错误 2
[12.786s] gmake: *** [Makefile:146：all] 错误 2
[12.793s] Invoked command in '/home/nvidia/luckrobot/luckrobot_ws/build/wheel_controller' returned '2': CMAKE_PREFIX_PATH=${CMAKE_PREFIX_PATH}:/home/nvidia/luckrobot/luckrobot_ws/install/luckrobot_launch1:/home/nvidia/luckrobot/luckrobot_ws/install/keyboard_control:/opt/ros/humble /usr/bin/cmake --build /home/nvidia/luckrobot/luckrobot_ws/build/wheel_controller -- -j6 -l6
