[2.374s] Invoking command in '/home/nvidia/luckrobot/luckrobot_ws/src/keyboard_control': PYTHONPATH=/home/nvidia/luckrobot/luckrobot_ws/build/keyboard_control/prefix_override:/usr/lib/python3/dist-packages/colcon_core/task/python/colcon_distutils_commands:/home/nvidia/luckrobot/luckrobot_ws/install/keyboard_control/lib/python3.10/site-packages:${PYTHONPATH} /usr/bin/python3 -W ignore:setup.py install is deprecated -W ignore:easy_install command is deprecated setup.py egg_info --egg-base ../../build/keyboard_control build --build-base /home/nvidia/luckrobot/luckrobot_ws/build/keyboard_control/build install --record /home/nvidia/luckrobot/luckrobot_ws/build/keyboard_control/install.log --single-version-externally-managed install_data
[3.272s] running egg_info
[3.273s] creating ../../build/keyboard_control/keyboard_control.egg-info
[3.309s] writing ../../build/keyboard_control/keyboard_control.egg-info/PKG-INFO
[3.309s] writing dependency_links to ../../build/keyboard_control/keyboard_control.egg-info/dependency_links.txt
[3.309s] writing entry points to ../../build/keyboard_control/keyboard_control.egg-info/entry_points.txt
[3.310s] writing requirements to ../../build/keyboard_control/keyboard_control.egg-info/requires.txt
[3.310s] writing top-level names to ../../build/keyboard_control/keyboard_control.egg-info/top_level.txt
[3.310s] writing manifest file '../../build/keyboard_control/keyboard_control.egg-info/SOURCES.txt'
[3.385s] reading manifest file '../../build/keyboard_control/keyboard_control.egg-info/SOURCES.txt'
[3.385s] adding license file 'LICENSE'
[3.387s] writing manifest file '../../build/keyboard_control/keyboard_control.egg-info/SOURCES.txt'
[3.387s] running build
[3.387s] running build_py
[3.388s] creating /home/nvidia/luckrobot/luckrobot_ws/build/keyboard_control/build
[3.388s] creating /home/nvidia/luckrobot/luckrobot_ws/build/keyboard_control/build/lib
[3.388s] creating /home/nvidia/luckrobot/luckrobot_ws/build/keyboard_control/build/lib/keyboard_control
[3.388s] copying keyboard_control/__init__.py -> /home/nvidia/luckrobot/luckrobot_ws/build/keyboard_control/build/lib/keyboard_control
[3.388s] copying keyboard_control/keyboard_teleop.py -> /home/nvidia/luckrobot/luckrobot_ws/build/keyboard_control/build/lib/keyboard_control
[3.389s] running install
[3.401s] running install_lib
[3.466s] creating /home/nvidia/luckrobot/luckrobot_ws/install/keyboard_control/lib/python3.10/site-packages/keyboard_control
[3.466s] copying /home/nvidia/luckrobot/luckrobot_ws/build/keyboard_control/build/lib/keyboard_control/__init__.py -> /home/nvidia/luckrobot/luckrobot_ws/install/keyboard_control/lib/python3.10/site-packages/keyboard_control
[3.467s] copying /home/nvidia/luckrobot/luckrobot_ws/build/keyboard_control/build/lib/keyboard_control/keyboard_teleop.py -> /home/nvidia/luckrobot/luckrobot_ws/install/keyboard_control/lib/python3.10/site-packages/keyboard_control
[3.467s] byte-compiling /home/nvidia/luckrobot/luckrobot_ws/install/keyboard_control/lib/python3.10/site-packages/keyboard_control/__init__.py to __init__.cpython-310.pyc
[3.468s] byte-compiling /home/nvidia/luckrobot/luckrobot_ws/install/keyboard_control/lib/python3.10/site-packages/keyboard_control/keyboard_teleop.py to keyboard_teleop.cpython-310.pyc
[3.472s] running install_data
[3.472s] creating /home/nvidia/luckrobot/luckrobot_ws/install/keyboard_control/share/ament_index
[3.472s] creating /home/nvidia/luckrobot/luckrobot_ws/install/keyboard_control/share/ament_index/resource_index
[3.473s] creating /home/nvidia/luckrobot/luckrobot_ws/install/keyboard_control/share/ament_index/resource_index/packages
[3.473s] copying resource/keyboard_control -> /home/nvidia/luckrobot/luckrobot_ws/install/keyboard_control/share/ament_index/resource_index/packages
[3.473s] copying package.xml -> /home/nvidia/luckrobot/luckrobot_ws/install/keyboard_control/share/keyboard_control
[3.473s] running install_egg_info
[3.514s] Copying ../../build/keyboard_control/keyboard_control.egg-info to /home/nvidia/luckrobot/luckrobot_ws/install/keyboard_control/lib/python3.10/site-packages/keyboard_control-0.0.0-py3.10.egg-info
[3.516s] running install_scripts
[3.666s] Installing keyboard_teleop script to /home/nvidia/luckrobot/luckrobot_ws/install/keyboard_control/lib/keyboard_control
[3.666s] writing list of installed files to '/home/nvidia/luckrobot/luckrobot_ws/build/keyboard_control/install.log'
[3.798s] Invoked command in '/home/nvidia/luckrobot/luckrobot_ws/src/keyboard_control' returned '0': PYTHONPATH=/home/nvidia/luckrobot/luckrobot_ws/build/keyboard_control/prefix_override:/usr/lib/python3/dist-packages/colcon_core/task/python/colcon_distutils_commands:/home/nvidia/luckrobot/luckrobot_ws/install/keyboard_control/lib/python3.10/site-packages:${PYTHONPATH} /usr/bin/python3 -W ignore:setup.py install is deprecated -W ignore:easy_install command is deprecated setup.py egg_info --egg-base ../../build/keyboard_control build --build-base /home/nvidia/luckrobot/luckrobot_ws/build/keyboard_control/build install --record /home/nvidia/luckrobot/luckrobot_ws/build/keyboard_control/install.log --single-version-externally-managed install_data
