[0.982s] Invoking command in '/home/nvidia/luckrobot/luckrobot_ws/build/robot_display': CMAKE_PREFIX_PATH=${CMAKE_PREFIX_PATH}:/home/nvidia/luckrobot/luckrobot_ws/install/luckrobot_launch1:/home/nvidia/luckrobot/luckrobot_ws/install/keyboard_control:/opt/ros/humble /usr/bin/cmake /home/nvidia/luckrobot/luckrobot_ws/src/robot_display -DCMAKE_INSTALL_PREFIX=/home/nvidia/luckrobot/luckrobot_ws/install/robot_display
[1.098s] -- The C compiler identification is GNU 11.4.0
[1.211s] -- The CXX compiler identification is GNU 11.4.0
[1.226s] -- Detecting C compiler ABI info
[1.385s] -- Detecting C compiler ABI info - done
[1.396s] -- Check for working C compiler: /usr/bin/cc - skipped
[1.397s] -- Detecting C compile features
[1.397s] -- Detecting C compile features - done
[1.404s] -- Detecting CXX compiler ABI info
[1.577s] -- Detecting CXX compiler ABI info - done
[1.602s] -- Check for working CXX compiler: /usr/bin/c++ - skipped
[1.603s] -- Detecting CXX compile features
[1.605s] -- Detecting CXX compile features - done
[1.612s] -- Found ament_cmake: 1.3.13 (/opt/ros/humble/share/ament_cmake/cmake)
[3.408s] -- Found Python3: /usr/bin/python3 (found version "3.10.12") found components: Interpreter 
[3.648s] -- Found ament_lint_auto: 0.12.15 (/opt/ros/humble/share/ament_lint_auto/cmake)
[3.864s] -- Added test 'flake8' to check Python code syntax and style conventions
[3.867s] -- Added test 'lint_cmake' to check CMake code style
[3.869s] -- Added test 'pep257' to check Python code against some of the docstring style conventions in PEP 257
[3.874s] -- Added test 'xmllint' to check XML markup files
[3.885s] -- Configuring done
[3.916s] -- Generating done
[3.921s] -- Build files have been written to: /home/nvidia/luckrobot/luckrobot_ws/build/robot_display
[3.936s] Invoked command in '/home/nvidia/luckrobot/luckrobot_ws/build/robot_display' returned '0': CMAKE_PREFIX_PATH=${CMAKE_PREFIX_PATH}:/home/nvidia/luckrobot/luckrobot_ws/install/luckrobot_launch1:/home/nvidia/luckrobot/luckrobot_ws/install/keyboard_control:/opt/ros/humble /usr/bin/cmake /home/nvidia/luckrobot/luckrobot_ws/src/robot_display -DCMAKE_INSTALL_PREFIX=/home/nvidia/luckrobot/luckrobot_ws/install/robot_display
[3.939s] Invoking command in '/home/nvidia/luckrobot/luckrobot_ws/build/robot_display': CMAKE_PREFIX_PATH=${CMAKE_PREFIX_PATH}:/home/nvidia/luckrobot/luckrobot_ws/install/luckrobot_launch1:/home/nvidia/luckrobot/luckrobot_ws/install/keyboard_control:/opt/ros/humble /usr/bin/cmake --build /home/nvidia/luckrobot/luckrobot_ws/build/robot_display -- -j6 -l6
[4.030s] Invoked command in '/home/nvidia/luckrobot/luckrobot_ws/build/robot_display' returned '0': CMAKE_PREFIX_PATH=${CMAKE_PREFIX_PATH}:/home/nvidia/luckrobot/luckrobot_ws/install/luckrobot_launch1:/home/nvidia/luckrobot/luckrobot_ws/install/keyboard_control:/opt/ros/humble /usr/bin/cmake --build /home/nvidia/luckrobot/luckrobot_ws/build/robot_display -- -j6 -l6
[4.053s] Invoking command in '/home/nvidia/luckrobot/luckrobot_ws/build/robot_display': CMAKE_PREFIX_PATH=${CMAKE_PREFIX_PATH}:/home/nvidia/luckrobot/luckrobot_ws/install/luckrobot_launch1:/home/nvidia/luckrobot/luckrobot_ws/install/keyboard_control:/opt/ros/humble /usr/bin/cmake --install /home/nvidia/luckrobot/luckrobot_ws/build/robot_display
[4.071s] -- Install configuration: ""
[4.071s] -- Installing: /home/nvidia/luckrobot/luckrobot_ws/install/robot_display/share/robot_display/launch
[4.073s] -- Installing: /home/nvidia/luckrobot/luckrobot_ws/install/robot_display/share/robot_display/launch/robot_display.launch.py
[4.075s] -- Installing: /home/nvidia/luckrobot/luckrobot_ws/install/robot_display/share/robot_display/urdf
[4.077s] -- Installing: /home/nvidia/luckrobot/luckrobot_ws/install/robot_display/share/robot_display/urdf/0all_robot.SLDASM.urdf
[4.080s] -- Installing: /home/nvidia/luckrobot/luckrobot_ws/install/robot_display/share/robot_display/urdf/0all_robot.SLDASM.csv
[4.084s] -- Installing: /home/nvidia/luckrobot/luckrobot_ws/install/robot_display/share/robot_display/config
[4.085s] -- Installing: /home/nvidia/luckrobot/luckrobot_ws/install/robot_display/share/robot_display/config/joint_names_0all_robot.SLDASM.yaml
[4.085s] -- Installing: /home/nvidia/luckrobot/luckrobot_ws/install/robot_display/share/robot_display/meshes
[4.086s] -- Installing: /home/nvidia/luckrobot/luckrobot_ws/install/robot_display/share/robot_display/meshes/base_link.STL
[4.086s] -- Installing: /home/nvidia/luckrobot/luckrobot_ws/install/robot_display/share/robot_display/meshes/livox_link.STL
[4.086s] -- Installing: /home/nvidia/luckrobot/luckrobot_ws/install/robot_display/share/robot_display/meshes/wheel_left_link.STL
[4.091s] -- Installing: /home/nvidia/luckrobot/luckrobot_ws/install/robot_display/share/robot_display/meshes/camera_link.STL
[4.091s] -- Installing: /home/nvidia/luckrobot/luckrobot_ws/install/robot_display/share/robot_display/meshes/wheel_right_link.STL
[4.096s] -- Installing: /home/nvidia/luckrobot/luckrobot_ws/install/robot_display/share/robot_display/meshes/screw_link.STL
[4.098s] -- Installing: /home/nvidia/luckrobot/luckrobot_ws/install/robot_display/share/ament_index/resource_index/package_run_dependencies/robot_display
[4.098s] -- Installing: /home/nvidia/luckrobot/luckrobot_ws/install/robot_display/share/ament_index/resource_index/parent_prefix_path/robot_display
[4.098s] -- Installing: /home/nvidia/luckrobot/luckrobot_ws/install/robot_display/share/robot_display/environment/ament_prefix_path.sh
[4.099s] -- Installing: /home/nvidia/luckrobot/luckrobot_ws/install/robot_display/share/robot_display/environment/ament_prefix_path.dsv
[4.099s] -- Installing: /home/nvidia/luckrobot/luckrobot_ws/install/robot_display/share/robot_display/environment/path.sh
[4.099s] -- Installing: /home/nvidia/luckrobot/luckrobot_ws/install/robot_display/share/robot_display/environment/path.dsv
[4.100s] -- Installing: /home/nvidia/luckrobot/luckrobot_ws/install/robot_display/share/robot_display/local_setup.bash
[4.100s] -- Installing: /home/nvidia/luckrobot/luckrobot_ws/install/robot_display/share/robot_display/local_setup.sh
[4.100s] -- Installing: /home/nvidia/luckrobot/luckrobot_ws/install/robot_display/share/robot_display/local_setup.zsh
[4.100s] -- Installing: /home/nvidia/luckrobot/luckrobot_ws/install/robot_display/share/robot_display/local_setup.dsv
[4.101s] -- Installing: /home/nvidia/luckrobot/luckrobot_ws/install/robot_display/share/robot_display/package.dsv
[4.101s] -- Installing: /home/nvidia/luckrobot/luckrobot_ws/install/robot_display/share/ament_index/resource_index/packages/robot_display
[4.102s] -- Installing: /home/nvidia/luckrobot/luckrobot_ws/install/robot_display/share/robot_display/cmake/robot_displayConfig.cmake
[4.102s] -- Installing: /home/nvidia/luckrobot/luckrobot_ws/install/robot_display/share/robot_display/cmake/robot_displayConfig-version.cmake
[4.102s] -- Installing: /home/nvidia/luckrobot/luckrobot_ws/install/robot_display/share/robot_display/package.xml
[4.107s] Invoked command in '/home/nvidia/luckrobot/luckrobot_ws/build/robot_display' returned '0': CMAKE_PREFIX_PATH=${CMAKE_PREFIX_PATH}:/home/nvidia/luckrobot/luckrobot_ws/install/luckrobot_launch1:/home/nvidia/luckrobot/luckrobot_ws/install/keyboard_control:/opt/ros/humble /usr/bin/cmake --install /home/nvidia/luckrobot/luckrobot_ws/build/robot_display
