[0.312s] [34mcolcon[0m [1;30mDEBUG[0m [32mCommand line arguments: ['/usr/bin/colcon', 'build', '--cmake-args', '-DROS_EDITION=ROS2', '-DHUMBLE_ROS=humble'][0m
[0.312s] [34mcolcon[0m [1;30mDEBUG[0m [32mParsed command line arguments: Namespace(log_base=None, log_level=None, verb_name='build', build_base='build', install_base='install', merge_install=False, symlink_install=False, test_result_base=None, continue_on_error=False, executor='parallel', parallel_workers=6, event_handlers=None, ignore_user_meta=False, metas=['./colcon.meta'], base_paths=['.'], packages_ignore=None, packages_ignore_regex=None, paths=None, packages_up_to=None, packages_up_to_regex=None, packages_above=None, packages_above_and_dependencies=None, packages_above_depth=None, packages_select_by_dep=None, packages_skip_by_dep=None, packages_skip_up_to=None, packages_select_build_failed=False, packages_skip_build_finished=False, packages_select_test_failures=False, packages_skip_test_passed=False, packages_select=None, packages_skip=None, packages_select_regex=None, packages_skip_regex=None, packages_start=None, packages_end=None, allow_overriding=[], cmake_args=['-DROS_EDITION=ROS2', '-DHUMBLE_ROS=humble'], cmake_target=None, cmake_target_skip_unavailable=False, cmake_clean_cache=False, cmake_clean_first=False, cmake_force_configure=False, ament_cmake_args=None, catkin_cmake_args=None, catkin_skip_building_tests=False, verb_parser=<colcon_defaults.argument_parser.defaults.DefaultArgumentsDecorator object at 0xffffb1f3b490>, verb_extension=<colcon_core.verb.build.BuildVerb object at 0xffffb1e43f70>, main=<bound method BuildVerb.main of <colcon_core.verb.build.BuildVerb object at 0xffffb1e43f70>>)[0m
[0.971s] [34mcolcon.colcon_core.package_discovery[0m [1;30mLevel 1[0m discover_packages(colcon_meta) check parameters
[0.972s] [34mcolcon.colcon_core.package_discovery[0m [1;30mLevel 1[0m discover_packages(recursive) check parameters
[0.972s] [34mcolcon.colcon_core.package_discovery[0m [1;30mLevel 1[0m discover_packages(ignore) check parameters
[0.972s] [34mcolcon.colcon_core.package_discovery[0m [1;30mLevel 1[0m discover_packages(path) check parameters
[0.972s] [34mcolcon.colcon_core.package_discovery[0m [1;30mLevel 1[0m discover_packages(colcon_meta) discover
[0.972s] [34mcolcon.colcon_core.package_discovery[0m [1;30mLevel 1[0m discover_packages(recursive) discover
[0.972s] [34mcolcon.colcon_core.package_discovery[0m [1;30mINFO[0m Crawling recursively for packages in '/home/nvidia/luckrobot/livox_ws'
[0.973s] [34mcolcon.colcon_core.package_identification[0m [1;30mLevel 1[0m _identify(.) by extensions ['ignore', 'ignore_ament_install']
[0.973s] [34mcolcon.colcon_core.package_identification[0m [1;30mLevel 1[0m _identify(.) by extension 'ignore'
[0.973s] [34mcolcon.colcon_core.package_identification[0m [1;30mLevel 1[0m _identify(.) by extension 'ignore_ament_install'
[0.973s] [34mcolcon.colcon_core.package_identification[0m [1;30mLevel 1[0m _identify(.) by extensions ['colcon_pkg']
[0.974s] [34mcolcon.colcon_core.package_identification[0m [1;30mLevel 1[0m _identify(.) by extension 'colcon_pkg'
[0.974s] [34mcolcon.colcon_core.package_identification[0m [1;30mLevel 1[0m _identify(.) by extensions ['colcon_meta']
[0.974s] [34mcolcon.colcon_core.package_identification[0m [1;30mLevel 1[0m _identify(.) by extension 'colcon_meta'
[0.974s] [34mcolcon.colcon_core.package_identification[0m [1;30mLevel 1[0m _identify(.) by extensions ['ros']
[0.974s] [34mcolcon.colcon_core.package_identification[0m [1;30mLevel 1[0m _identify(.) by extension 'ros'
[1.004s] [34mcolcon.colcon_core.package_identification[0m [1;30mLevel 1[0m _identify(.) by extensions ['cmake', 'python']
[1.005s] [34mcolcon.colcon_core.package_identification[0m [1;30mLevel 1[0m _identify(.) by extension 'cmake'
[1.005s] [34mcolcon.colcon_core.package_identification[0m [1;30mLevel 1[0m _identify(.) by extension 'python'
[1.005s] [34mcolcon.colcon_core.package_identification[0m [1;30mLevel 1[0m _identify(.) by extensions ['python_setup_py']
[1.005s] [34mcolcon.colcon_core.package_identification[0m [1;30mLevel 1[0m _identify(.) by extension 'python_setup_py'
[1.005s] [34mcolcon.colcon_core.package_identification[0m [1;30mLevel 1[0m _identify(build) by extensions ['ignore', 'ignore_ament_install']
[1.006s] [34mcolcon.colcon_core.package_identification[0m [1;30mLevel 1[0m _identify(build) by extension 'ignore'
[1.006s] [34mcolcon.colcon_core.package_identification[0m [1;30mLevel 1[0m _identify(build) ignored
[1.006s] [34mcolcon.colcon_core.package_identification[0m [1;30mLevel 1[0m _identify(install) by extensions ['ignore', 'ignore_ament_install']
[1.006s] [34mcolcon.colcon_core.package_identification[0m [1;30mLevel 1[0m _identify(install) by extension 'ignore'
[1.006s] [34mcolcon.colcon_core.package_identification[0m [1;30mLevel 1[0m _identify(install) ignored
[1.007s] [34mcolcon.colcon_core.package_identification[0m [1;30mLevel 1[0m _identify(log) by extensions ['ignore', 'ignore_ament_install']
[1.007s] [34mcolcon.colcon_core.package_identification[0m [1;30mLevel 1[0m _identify(log) by extension 'ignore'
[1.007s] [34mcolcon.colcon_core.package_identification[0m [1;30mLevel 1[0m _identify(log) ignored
[1.007s] [34mcolcon.colcon_core.package_identification[0m [1;30mLevel 1[0m _identify(src) by extensions ['ignore', 'ignore_ament_install']
[1.007s] [34mcolcon.colcon_core.package_identification[0m [1;30mLevel 1[0m _identify(src) by extension 'ignore'
[1.008s] [34mcolcon.colcon_core.package_identification[0m [1;30mLevel 1[0m _identify(src) by extension 'ignore_ament_install'
[1.008s] [34mcolcon.colcon_core.package_identification[0m [1;30mLevel 1[0m _identify(src) by extensions ['colcon_pkg']
[1.008s] [34mcolcon.colcon_core.package_identification[0m [1;30mLevel 1[0m _identify(src) by extension 'colcon_pkg'
[1.008s] [34mcolcon.colcon_core.package_identification[0m [1;30mLevel 1[0m _identify(src) by extensions ['colcon_meta']
[1.008s] [34mcolcon.colcon_core.package_identification[0m [1;30mLevel 1[0m _identify(src) by extension 'colcon_meta'
[1.008s] [34mcolcon.colcon_core.package_identification[0m [1;30mLevel 1[0m _identify(src) by extensions ['ros']
[1.008s] [34mcolcon.colcon_core.package_identification[0m [1;30mLevel 1[0m _identify(src) by extension 'ros'
[1.008s] [34mcolcon.colcon_core.package_identification[0m [1;30mLevel 1[0m _identify(src) by extensions ['cmake', 'python']
[1.008s] [34mcolcon.colcon_core.package_identification[0m [1;30mLevel 1[0m _identify(src) by extension 'cmake'
[1.009s] [34mcolcon.colcon_core.package_identification[0m [1;30mLevel 1[0m _identify(src) by extension 'python'
[1.009s] [34mcolcon.colcon_core.package_identification[0m [1;30mLevel 1[0m _identify(src) by extensions ['python_setup_py']
[1.009s] [34mcolcon.colcon_core.package_identification[0m [1;30mLevel 1[0m _identify(src) by extension 'python_setup_py'
[1.009s] [34mcolcon.colcon_core.package_identification[0m [1;30mLevel 1[0m _identify(src/livox_ros_driver2) by extensions ['ignore', 'ignore_ament_install']
[1.009s] [34mcolcon.colcon_core.package_identification[0m [1;30mLevel 1[0m _identify(src/livox_ros_driver2) by extension 'ignore'
[1.009s] [34mcolcon.colcon_core.package_identification[0m [1;30mLevel 1[0m _identify(src/livox_ros_driver2) by extension 'ignore_ament_install'
[1.009s] [34mcolcon.colcon_core.package_identification[0m [1;30mLevel 1[0m _identify(src/livox_ros_driver2) by extensions ['colcon_pkg']
[1.010s] [34mcolcon.colcon_core.package_identification[0m [1;30mLevel 1[0m _identify(src/livox_ros_driver2) by extension 'colcon_pkg'
[1.010s] [34mcolcon.colcon_core.package_identification[0m [1;30mLevel 1[0m _identify(src/livox_ros_driver2) by extensions ['colcon_meta']
[1.010s] [34mcolcon.colcon_core.package_identification[0m [1;30mLevel 1[0m _identify(src/livox_ros_driver2) by extension 'colcon_meta'
[1.010s] [34mcolcon.colcon_core.package_identification[0m [1;30mLevel 1[0m _identify(src/livox_ros_driver2) by extensions ['ros']
[1.010s] [34mcolcon.colcon_core.package_identification[0m [1;30mLevel 1[0m _identify(src/livox_ros_driver2) by extension 'ros'
[1.018s] [34mcolcon.colcon_core.package_identification[0m [1;30mDEBUG[0m [32mPackage 'src/livox_ros_driver2' with type 'ros.ament_cmake' and name 'livox_ros_driver2'[0m
[1.018s] [34mcolcon.colcon_core.package_discovery[0m [1;30mLevel 1[0m discover_packages(recursive) using defaults
[1.018s] [34mcolcon.colcon_core.package_discovery[0m [1;30mLevel 1[0m discover_packages(ignore) discover
[1.018s] [34mcolcon.colcon_core.package_discovery[0m [1;30mLevel 1[0m discover_packages(ignore) using defaults
[1.018s] [34mcolcon.colcon_core.package_discovery[0m [1;30mLevel 1[0m discover_packages(path) discover
[1.018s] [34mcolcon.colcon_core.package_discovery[0m [1;30mLevel 1[0m discover_packages(path) using defaults
[1.064s] [34mcolcon.colcon_core.package_discovery[0m [1;30mLevel 1[0m discover_packages(prefix_path) check parameters
[1.065s] [34mcolcon.colcon_core.package_discovery[0m [1;30mLevel 1[0m discover_packages(prefix_path) discover
[1.070s] [34mcolcon.colcon_installed_package_information.package_discovery[0m [1;30mDEBUG[0m [32mFound 7 installed packages in /home/nvidia/luckrobot/luckrobot_ws/install[0m
[1.073s] [34mcolcon.colcon_installed_package_information.package_discovery[0m [1;30mDEBUG[0m [32mFound 281 installed packages in /opt/ros/humble[0m
[1.076s] [34mcolcon.colcon_core.package_discovery[0m [1;30mLevel 1[0m discover_packages(prefix_path) using defaults
[1.163s] [34mcolcon.colcon_core.verb[0m [1;30mLevel 5[0m set package 'livox_ros_driver2' build argument 'cmake_args' from command line to '['-DROS_EDITION=ROS2', '-DHUMBLE_ROS=humble']'
[1.163s] [34mcolcon.colcon_core.verb[0m [1;30mLevel 5[0m set package 'livox_ros_driver2' build argument 'cmake_target' from command line to 'None'
[1.163s] [34mcolcon.colcon_core.verb[0m [1;30mLevel 5[0m set package 'livox_ros_driver2' build argument 'cmake_target_skip_unavailable' from command line to 'False'
[1.163s] [34mcolcon.colcon_core.verb[0m [1;30mLevel 5[0m set package 'livox_ros_driver2' build argument 'cmake_clean_cache' from command line to 'False'
[1.163s] [34mcolcon.colcon_core.verb[0m [1;30mLevel 5[0m set package 'livox_ros_driver2' build argument 'cmake_clean_first' from command line to 'False'
[1.163s] [34mcolcon.colcon_core.verb[0m [1;30mLevel 5[0m set package 'livox_ros_driver2' build argument 'cmake_force_configure' from command line to 'False'
[1.164s] [34mcolcon.colcon_core.verb[0m [1;30mLevel 5[0m set package 'livox_ros_driver2' build argument 'ament_cmake_args' from command line to 'None'
[1.164s] [34mcolcon.colcon_core.verb[0m [1;30mLevel 5[0m set package 'livox_ros_driver2' build argument 'catkin_cmake_args' from command line to 'None'
[1.164s] [34mcolcon.colcon_core.verb[0m [1;30mLevel 5[0m set package 'livox_ros_driver2' build argument 'catkin_skip_building_tests' from command line to 'False'
[1.164s] [34mcolcon.colcon_core.verb[0m [1;30mDEBUG[0m [32mBuilding package 'livox_ros_driver2' with the following arguments: {'ament_cmake_args': None, 'build_base': '/home/nvidia/luckrobot/livox_ws/build/livox_ros_driver2', 'catkin_cmake_args': None, 'catkin_skip_building_tests': False, 'cmake_args': ['-DROS_EDITION=ROS2', '-DHUMBLE_ROS=humble'], 'cmake_clean_cache': False, 'cmake_clean_first': False, 'cmake_force_configure': False, 'cmake_target': None, 'cmake_target_skip_unavailable': False, 'install_base': '/home/nvidia/luckrobot/livox_ws/install/livox_ros_driver2', 'merge_install': False, 'path': '/home/nvidia/luckrobot/livox_ws/src/livox_ros_driver2', 'symlink_install': False, 'test_result_base': None}[0m
[1.164s] [34mcolcon.colcon_core.executor[0m [1;30mINFO[0m Executing jobs using 'parallel' executor
[1.166s] [34mcolcon.colcon_parallel_executor.executor.parallel[0m [1;30mDEBUG[0m [32mrun_until_complete[0m
[1.167s] [34mcolcon.colcon_ros.task.ament_cmake.build[0m [1;30mINFO[0m Building ROS package in '/home/nvidia/luckrobot/livox_ws/src/livox_ros_driver2' with build type 'ament_cmake'
[1.167s] [34mcolcon.colcon_cmake.task.cmake.build[0m [1;30mINFO[0m Building CMake package in '/home/nvidia/luckrobot/livox_ws/src/livox_ros_driver2'
[1.174s] [34mcolcon.colcon_core.plugin_system[0m [1;30mINFO[0m Skipping extension 'colcon_core.shell.bat': Not used on non-Windows systems
[1.174s] [34mcolcon.colcon_core.shell[0m [1;30mINFO[0m Skip shell extension 'powershell' for command environment: Not usable outside of PowerShell
[1.174s] [34mcolcon.colcon_core.shell[0m [1;30mDEBUG[0m [32mSkip shell extension 'dsv' for command environment[0m
[1.189s] [34mcolcon.colcon_core.event_handler.log_command[0m [1;30mDEBUG[0m [32mInvoking command in '/home/nvidia/luckrobot/livox_ws/build/livox_ros_driver2': CMAKE_PREFIX_PATH=${CMAKE_PREFIX_PATH}:/home/nvidia/luckrobot/luckrobot_ws/install/luckrobot_launch1:/home/nvidia/luckrobot/luckrobot_ws/install/keyboard_control:/opt/ros/humble /usr/bin/cmake /home/nvidia/luckrobot/livox_ws/src/livox_ros_driver2 -DROS_EDITION=ROS2 -DHUMBLE_ROS=humble -DCMAKE_INSTALL_PREFIX=/home/nvidia/luckrobot/livox_ws/install/livox_ros_driver2[0m
[12.455s] [34mcolcon.colcon_core.event_handler.log_command[0m [1;30mDEBUG[0m [32mInvoked command in '/home/nvidia/luckrobot/livox_ws/build/livox_ros_driver2' returned '0': CMAKE_PREFIX_PATH=${CMAKE_PREFIX_PATH}:/home/nvidia/luckrobot/luckrobot_ws/install/luckrobot_launch1:/home/nvidia/luckrobot/luckrobot_ws/install/keyboard_control:/opt/ros/humble /usr/bin/cmake /home/nvidia/luckrobot/livox_ws/src/livox_ros_driver2 -DROS_EDITION=ROS2 -DHUMBLE_ROS=humble -DCMAKE_INSTALL_PREFIX=/home/nvidia/luckrobot/livox_ws/install/livox_ros_driver2[0m
[12.462s] [34mcolcon.colcon_core.event_handler.log_command[0m [1;30mDEBUG[0m [32mInvoking command in '/home/nvidia/luckrobot/livox_ws/build/livox_ros_driver2': CMAKE_PREFIX_PATH=${CMAKE_PREFIX_PATH}:/home/nvidia/luckrobot/luckrobot_ws/install/luckrobot_launch1:/home/nvidia/luckrobot/luckrobot_ws/install/keyboard_control:/opt/ros/humble /usr/bin/cmake --build /home/nvidia/luckrobot/livox_ws/build/livox_ros_driver2 -- -j6 -l6[0m
[39.272s] [34mcolcon.colcon_core.event_handler.log_command[0m [1;30mDEBUG[0m [32mInvoked command in '/home/nvidia/luckrobot/livox_ws/build/livox_ros_driver2' returned '0': CMAKE_PREFIX_PATH=${CMAKE_PREFIX_PATH}:/home/nvidia/luckrobot/luckrobot_ws/install/luckrobot_launch1:/home/nvidia/luckrobot/luckrobot_ws/install/keyboard_control:/opt/ros/humble /usr/bin/cmake --build /home/nvidia/luckrobot/livox_ws/build/livox_ros_driver2 -- -j6 -l6[0m
[39.298s] [34mcolcon.colcon_core.event_handler.log_command[0m [1;30mDEBUG[0m [32mInvoking command in '/home/nvidia/luckrobot/livox_ws/build/livox_ros_driver2': CMAKE_PREFIX_PATH=${CMAKE_PREFIX_PATH}:/home/nvidia/luckrobot/luckrobot_ws/install/luckrobot_launch1:/home/nvidia/luckrobot/luckrobot_ws/install/keyboard_control:/opt/ros/humble /usr/bin/cmake --install /home/nvidia/luckrobot/livox_ws/build/livox_ros_driver2[0m
[39.490s] [34mcolcon.colcon_core.environment[0m [1;30mLevel 1[0m create_environment_scripts_only(livox_ros_driver2)
[39.491s] [34mcolcon.colcon_core.event_handler.log_command[0m [1;30mDEBUG[0m [32mInvoked command in '/home/nvidia/luckrobot/livox_ws/build/livox_ros_driver2' returned '0': CMAKE_PREFIX_PATH=${CMAKE_PREFIX_PATH}:/home/nvidia/luckrobot/luckrobot_ws/install/luckrobot_launch1:/home/nvidia/luckrobot/luckrobot_ws/install/keyboard_control:/opt/ros/humble /usr/bin/cmake --install /home/nvidia/luckrobot/livox_ws/build/livox_ros_driver2[0m
[39.501s] [34mcolcon.colcon_core.environment[0m [1;30mLevel 1[0m checking '/home/nvidia/luckrobot/livox_ws/install/livox_ros_driver2' for CMake module files
[39.503s] [34mcolcon.colcon_core.environment[0m [1;30mLevel 1[0m checking '/home/nvidia/luckrobot/livox_ws/install/livox_ros_driver2' for CMake config files
[39.504s] [34mcolcon.colcon_core.shell[0m [1;30mLevel 1[0m create_environment_hook('livox_ros_driver2', 'cmake_prefix_path')
[39.504s] [34mcolcon.colcon_core.shell[0m [1;30mINFO[0m Creating environment hook '/home/nvidia/luckrobot/livox_ws/install/livox_ros_driver2/share/livox_ros_driver2/hook/cmake_prefix_path.ps1'
[39.506s] [34mcolcon.colcon_core.shell[0m [1;30mINFO[0m Creating environment descriptor '/home/nvidia/luckrobot/livox_ws/install/livox_ros_driver2/share/livox_ros_driver2/hook/cmake_prefix_path.dsv'
[39.508s] [34mcolcon.colcon_core.shell[0m [1;30mINFO[0m Creating environment hook '/home/nvidia/luckrobot/livox_ws/install/livox_ros_driver2/share/livox_ros_driver2/hook/cmake_prefix_path.sh'
[39.510s] [34mcolcon.colcon_core.environment[0m [1;30mLevel 1[0m checking '/home/nvidia/luckrobot/livox_ws/install/livox_ros_driver2/lib'
[39.510s] [34mcolcon.colcon_core.shell[0m [1;30mLevel 1[0m create_environment_hook('livox_ros_driver2', 'ld_library_path_lib')
[39.511s] [34mcolcon.colcon_core.shell[0m [1;30mINFO[0m Creating environment hook '/home/nvidia/luckrobot/livox_ws/install/livox_ros_driver2/share/livox_ros_driver2/hook/ld_library_path_lib.ps1'
[39.512s] [34mcolcon.colcon_core.shell[0m [1;30mINFO[0m Creating environment descriptor '/home/nvidia/luckrobot/livox_ws/install/livox_ros_driver2/share/livox_ros_driver2/hook/ld_library_path_lib.dsv'
[39.513s] [34mcolcon.colcon_core.shell[0m [1;30mINFO[0m Creating environment hook '/home/nvidia/luckrobot/livox_ws/install/livox_ros_driver2/share/livox_ros_driver2/hook/ld_library_path_lib.sh'
[39.514s] [34mcolcon.colcon_core.environment[0m [1;30mLevel 1[0m checking '/home/nvidia/luckrobot/livox_ws/install/livox_ros_driver2/bin'
[39.514s] [34mcolcon.colcon_core.environment[0m [1;30mLevel 1[0m checking '/home/nvidia/luckrobot/livox_ws/install/livox_ros_driver2/lib/pkgconfig/livox_ros_driver2.pc'
[39.515s] [34mcolcon.colcon_core.environment[0m [1;30mLevel 1[0m checking '/home/nvidia/luckrobot/livox_ws/install/livox_ros_driver2/lib/python3.10/site-packages'
[39.516s] [34mcolcon.colcon_core.environment[0m [1;30mLevel 1[0m checking '/home/nvidia/luckrobot/livox_ws/install/livox_ros_driver2/bin'
[39.517s] [34mcolcon.colcon_core.shell[0m [1;30mINFO[0m Creating package script '/home/nvidia/luckrobot/livox_ws/install/livox_ros_driver2/share/livox_ros_driver2/package.ps1'
[39.521s] [34mcolcon.colcon_core.shell[0m [1;30mINFO[0m Creating package descriptor '/home/nvidia/luckrobot/livox_ws/install/livox_ros_driver2/share/livox_ros_driver2/package.dsv'
[39.523s] [34mcolcon.colcon_core.shell[0m [1;30mINFO[0m Creating package script '/home/nvidia/luckrobot/livox_ws/install/livox_ros_driver2/share/livox_ros_driver2/package.sh'
[39.526s] [34mcolcon.colcon_core.shell[0m [1;30mINFO[0m Creating package script '/home/nvidia/luckrobot/livox_ws/install/livox_ros_driver2/share/livox_ros_driver2/package.bash'
[39.529s] [34mcolcon.colcon_core.shell[0m [1;30mINFO[0m Creating package script '/home/nvidia/luckrobot/livox_ws/install/livox_ros_driver2/share/livox_ros_driver2/package.zsh'
[39.531s] [34mcolcon.colcon_core.environment[0m [1;30mLevel 1[0m create_file_with_runtime_dependencies(/home/nvidia/luckrobot/livox_ws/install/livox_ros_driver2/share/colcon-core/packages/livox_ros_driver2)
[39.534s] [34mcolcon.colcon_core.environment[0m [1;30mLevel 1[0m create_environment_scripts_only(livox_ros_driver2)
[39.535s] [34mcolcon.colcon_core.environment[0m [1;30mLevel 1[0m checking '/home/nvidia/luckrobot/livox_ws/install/livox_ros_driver2' for CMake module files
[39.537s] [34mcolcon.colcon_core.environment[0m [1;30mLevel 1[0m checking '/home/nvidia/luckrobot/livox_ws/install/livox_ros_driver2' for CMake config files
[39.539s] [34mcolcon.colcon_core.shell[0m [1;30mLevel 1[0m create_environment_hook('livox_ros_driver2', 'cmake_prefix_path')
[39.539s] [34mcolcon.colcon_core.shell[0m [1;30mINFO[0m Creating environment hook '/home/nvidia/luckrobot/livox_ws/install/livox_ros_driver2/share/livox_ros_driver2/hook/cmake_prefix_path.ps1'
[39.541s] [34mcolcon.colcon_core.shell[0m [1;30mINFO[0m Creating environment descriptor '/home/nvidia/luckrobot/livox_ws/install/livox_ros_driver2/share/livox_ros_driver2/hook/cmake_prefix_path.dsv'
[39.542s] [34mcolcon.colcon_core.shell[0m [1;30mINFO[0m Creating environment hook '/home/nvidia/luckrobot/livox_ws/install/livox_ros_driver2/share/livox_ros_driver2/hook/cmake_prefix_path.sh'
[39.544s] [34mcolcon.colcon_core.environment[0m [1;30mLevel 1[0m checking '/home/nvidia/luckrobot/livox_ws/install/livox_ros_driver2/lib'
[39.544s] [34mcolcon.colcon_core.shell[0m [1;30mLevel 1[0m create_environment_hook('livox_ros_driver2', 'ld_library_path_lib')
[39.545s] [34mcolcon.colcon_core.shell[0m [1;30mINFO[0m Creating environment hook '/home/nvidia/luckrobot/livox_ws/install/livox_ros_driver2/share/livox_ros_driver2/hook/ld_library_path_lib.ps1'
[39.547s] [34mcolcon.colcon_core.shell[0m [1;30mINFO[0m Creating environment descriptor '/home/nvidia/luckrobot/livox_ws/install/livox_ros_driver2/share/livox_ros_driver2/hook/ld_library_path_lib.dsv'
[39.548s] [34mcolcon.colcon_core.shell[0m [1;30mINFO[0m Creating environment hook '/home/nvidia/luckrobot/livox_ws/install/livox_ros_driver2/share/livox_ros_driver2/hook/ld_library_path_lib.sh'
[39.549s] [34mcolcon.colcon_core.environment[0m [1;30mLevel 1[0m checking '/home/nvidia/luckrobot/livox_ws/install/livox_ros_driver2/bin'
[39.549s] [34mcolcon.colcon_core.environment[0m [1;30mLevel 1[0m checking '/home/nvidia/luckrobot/livox_ws/install/livox_ros_driver2/lib/pkgconfig/livox_ros_driver2.pc'
[39.550s] [34mcolcon.colcon_core.environment[0m [1;30mLevel 1[0m checking '/home/nvidia/luckrobot/livox_ws/install/livox_ros_driver2/lib/python3.10/site-packages'
[39.551s] [34mcolcon.colcon_core.environment[0m [1;30mLevel 1[0m checking '/home/nvidia/luckrobot/livox_ws/install/livox_ros_driver2/bin'
[39.552s] [34mcolcon.colcon_core.shell[0m [1;30mINFO[0m Creating package script '/home/nvidia/luckrobot/livox_ws/install/livox_ros_driver2/share/livox_ros_driver2/package.ps1'
[39.554s] [34mcolcon.colcon_core.shell[0m [1;30mINFO[0m Creating package descriptor '/home/nvidia/luckrobot/livox_ws/install/livox_ros_driver2/share/livox_ros_driver2/package.dsv'
[39.555s] [34mcolcon.colcon_core.shell[0m [1;30mINFO[0m Creating package script '/home/nvidia/luckrobot/livox_ws/install/livox_ros_driver2/share/livox_ros_driver2/package.sh'
[39.557s] [34mcolcon.colcon_core.shell[0m [1;30mINFO[0m Creating package script '/home/nvidia/luckrobot/livox_ws/install/livox_ros_driver2/share/livox_ros_driver2/package.bash'
[39.558s] [34mcolcon.colcon_core.shell[0m [1;30mINFO[0m Creating package script '/home/nvidia/luckrobot/livox_ws/install/livox_ros_driver2/share/livox_ros_driver2/package.zsh'
[39.559s] [34mcolcon.colcon_core.environment[0m [1;30mLevel 1[0m create_file_with_runtime_dependencies(/home/nvidia/luckrobot/livox_ws/install/livox_ros_driver2/share/colcon-core/packages/livox_ros_driver2)
[39.560s] [34mcolcon.colcon_parallel_executor.executor.parallel[0m [1;30mDEBUG[0m [32mclosing loop[0m
[39.561s] [34mcolcon.colcon_parallel_executor.executor.parallel[0m [1;30mDEBUG[0m [32mloop closed[0m
[39.561s] [34mcolcon.colcon_parallel_executor.executor.parallel[0m [1;30mDEBUG[0m [32mrun_until_complete finished with '0'[0m
[39.562s] [34mcolcon.colcon_core.event_reactor[0m [1;30mDEBUG[0m [32mjoining thread[0m
[39.581s] [34mcolcon.colcon_core.plugin_system[0m [1;30mINFO[0m Skipping extension 'colcon_notification.desktop_notification.terminal_notifier': Not used on non-Darwin systems
[39.581s] [34mcolcon.colcon_core.plugin_system[0m [1;30mINFO[0m Skipping extension 'colcon_notification.desktop_notification.win32': Not used on non-Windows systems
[39.581s] [34mcolcon.colcon_notification.desktop_notification[0m [1;30mINFO[0m Sending desktop notification using 'notify2'
[39.626s] [34mcolcon.colcon_core.event_reactor[0m [1;30mDEBUG[0m [32mjoined thread[0m
[39.627s] [34mcolcon.colcon_core.shell[0m [1;30mINFO[0m Creating prefix script '/home/nvidia/luckrobot/livox_ws/install/local_setup.ps1'
[39.631s] [34mcolcon.colcon_core.shell[0m [1;30mINFO[0m Creating prefix util module '/home/nvidia/luckrobot/livox_ws/install/_local_setup_util_ps1.py'
[39.636s] [34mcolcon.colcon_core.shell[0m [1;30mINFO[0m Creating prefix chain script '/home/nvidia/luckrobot/livox_ws/install/setup.ps1'
[39.641s] [34mcolcon.colcon_core.shell[0m [1;30mINFO[0m Creating prefix script '/home/nvidia/luckrobot/livox_ws/install/local_setup.sh'
[39.644s] [34mcolcon.colcon_core.shell[0m [1;30mINFO[0m Creating prefix util module '/home/nvidia/luckrobot/livox_ws/install/_local_setup_util_sh.py'
[39.646s] [34mcolcon.colcon_core.shell[0m [1;30mINFO[0m Creating prefix chain script '/home/nvidia/luckrobot/livox_ws/install/setup.sh'
[39.651s] [34mcolcon.colcon_core.shell[0m [1;30mINFO[0m Creating prefix script '/home/nvidia/luckrobot/livox_ws/install/local_setup.bash'
[39.652s] [34mcolcon.colcon_core.shell[0m [1;30mINFO[0m Creating prefix chain script '/home/nvidia/luckrobot/livox_ws/install/setup.bash'
[39.657s] [34mcolcon.colcon_core.shell[0m [1;30mINFO[0m Creating prefix script '/home/nvidia/luckrobot/livox_ws/install/local_setup.zsh'
[39.659s] [34mcolcon.colcon_core.shell[0m [1;30mINFO[0m Creating prefix chain script '/home/nvidia/luckrobot/livox_ws/install/setup.zsh'
