[0.028s] Invoking command in '/home/nvidia/luckrobot/mid360s_ws/build/fast_lio': CMAKE_PREFIX_PATH=${CMAKE_PREFIX_PATH}:/home/nvidia/luckrobot/luckrobot_ws/install/luckrobot_launch1:/home/nvidia/luckrobot/luckrobot_ws/install/keyboard_control:/opt/ros/humble /usr/bin/cmake --build /home/nvidia/luckrobot/mid360s_ws/build/fast_lio -- -j6 -l6
[0.203s] [  2%] Built target fast_lio__cpp
[0.218s] [ 11%] Built target fast_lio__rosidl_generator_c
[0.223s] [ 11%] Built target ament_cmake_python_symlink_fast_lio
[0.270s] [ 20%] Built target fast_lio__rosidl_typesupport_fastrtps_cpp
[0.280s] [ 28%] Built target fast_lio__rosidl_typesupport_introspection_cpp
[0.282s] [ 37%] Built target fast_lio__rosidl_typesupport_cpp
[0.293s] [ 45%] Built target fast_lio__rosidl_typesupport_introspection_c
[0.293s] [ 54%] Built target fast_lio__rosidl_typesupport_fastrtps_c
[0.309s] [ 62%] Built target fast_lio__rosidl_typesupport_c
[0.387s] [ 62%] Built target fast_lio
[0.469s] [ 65%] Built target fast_lio__py
[0.521s] [ 77%] Built target fastlio_mapping
[0.541s] [ 82%] Built target fast_lio__rosidl_generator_py
[0.592s] [ 88%] Built target fast_lio__rosidl_typesupport_introspection_c__pyext
[0.597s] [ 94%] Built target fast_lio__rosidl_typesupport_fastrtps_c__pyext
[0.600s] [100%] Built target fast_lio__rosidl_typesupport_c__pyext
[0.863s] running egg_info
[0.865s] writing fast_lio.egg-info/PKG-INFO
[0.866s] writing dependency_links to fast_lio.egg-info/dependency_links.txt
[0.867s] writing top-level names to fast_lio.egg-info/top_level.txt
[0.884s] reading manifest file 'fast_lio.egg-info/SOURCES.txt'
[0.884s] writing manifest file 'fast_lio.egg-info/SOURCES.txt'
[0.955s] [100%] Built target ament_cmake_python_build_fast_lio_egg
[0.981s] Invoked command in '/home/nvidia/luckrobot/mid360s_ws/build/fast_lio' returned '0': CMAKE_PREFIX_PATH=${CMAKE_PREFIX_PATH}:/home/nvidia/luckrobot/luckrobot_ws/install/luckrobot_launch1:/home/nvidia/luckrobot/luckrobot_ws/install/keyboard_control:/opt/ros/humble /usr/bin/cmake --build /home/nvidia/luckrobot/mid360s_ws/build/fast_lio -- -j6 -l6
[1.005s] Invoking command in '/home/nvidia/luckrobot/mid360s_ws/build/fast_lio': CMAKE_PREFIX_PATH=${CMAKE_PREFIX_PATH}:/home/nvidia/luckrobot/luckrobot_ws/install/luckrobot_launch1:/home/nvidia/luckrobot/luckrobot_ws/install/keyboard_control:/opt/ros/humble /usr/bin/cmake --install /home/nvidia/luckrobot/mid360s_ws/build/fast_lio
[1.024s] -- Install configuration: "Release"
[1.026s] -- Execute custom install script
[1.026s] -- Up-to-date symlink: /home/nvidia/luckrobot/mid360s_ws/install/fast_lio/share/ament_index/resource_index/rosidl_interfaces/fast_lio
[1.028s] -- Up-to-date symlink: /home/nvidia/luckrobot/mid360s_ws/install/fast_lio/include/fast_lio/fast_lio/msg/detail/pose6_d__functions.h
[1.028s] -- Up-to-date symlink: /home/nvidia/luckrobot/mid360s_ws/install/fast_lio/include/fast_lio/fast_lio/msg/detail/pose6_d__struct.h
[1.029s] -- Up-to-date symlink: /home/nvidia/luckrobot/mid360s_ws/install/fast_lio/include/fast_lio/fast_lio/msg/detail/pose6_d__type_support.h
[1.029s] -- Up-to-date symlink: /home/nvidia/luckrobot/mid360s_ws/install/fast_lio/include/fast_lio/fast_lio/msg/pose6_d.h
[1.029s] -- Up-to-date symlink: /home/nvidia/luckrobot/mid360s_ws/install/fast_lio/include/fast_lio/fast_lio/msg/rosidl_generator_c__visibility_control.h
[1.030s] -- Up-to-date symlink: /home/nvidia/luckrobot/mid360s_ws/install/fast_lio/share/fast_lio/environment/library_path.sh
[1.030s] -- Up-to-date symlink: /home/nvidia/luckrobot/mid360s_ws/install/fast_lio/share/fast_lio/environment/library_path.dsv
[1.031s] -- Up-to-date symlink: /home/nvidia/luckrobot/mid360s_ws/install/fast_lio/include/fast_lio/fast_lio/msg/detail/pose6_d__rosidl_typesupport_fastrtps_c.h
[1.031s] -- Up-to-date symlink: /home/nvidia/luckrobot/mid360s_ws/install/fast_lio/include/fast_lio/fast_lio/msg/rosidl_typesupport_fastrtps_c__visibility_control.h
[1.032s] -- Up-to-date symlink: /home/nvidia/luckrobot/mid360s_ws/install/fast_lio/include/fast_lio/fast_lio/msg/detail/pose6_d__builder.hpp
[1.037s] -- Up-to-date symlink: /home/nvidia/luckrobot/mid360s_ws/install/fast_lio/include/fast_lio/fast_lio/msg/detail/pose6_d__struct.hpp
[1.037s] -- Up-to-date symlink: /home/nvidia/luckrobot/mid360s_ws/install/fast_lio/include/fast_lio/fast_lio/msg/detail/pose6_d__traits.hpp
[1.038s] -- Up-to-date symlink: /home/nvidia/luckrobot/mid360s_ws/install/fast_lio/include/fast_lio/fast_lio/msg/detail/pose6_d__type_support.hpp
[1.038s] -- Up-to-date symlink: /home/nvidia/luckrobot/mid360s_ws/install/fast_lio/include/fast_lio/fast_lio/msg/pose6_d.hpp
[1.038s] -- Up-to-date symlink: /home/nvidia/luckrobot/mid360s_ws/install/fast_lio/include/fast_lio/fast_lio/msg/rosidl_generator_cpp__visibility_control.hpp
[1.038s] -- Up-to-date symlink: /home/nvidia/luckrobot/mid360s_ws/install/fast_lio/include/fast_lio/fast_lio/msg/detail/pose6_d__rosidl_typesupport_fastrtps_cpp.hpp
[1.038s] -- Up-to-date symlink: /home/nvidia/luckrobot/mid360s_ws/install/fast_lio/include/fast_lio/fast_lio/msg/rosidl_typesupport_fastrtps_cpp__visibility_control.h
[1.038s] -- Up-to-date symlink: /home/nvidia/luckrobot/mid360s_ws/install/fast_lio/include/fast_lio/fast_lio/msg/detail/pose6_d__rosidl_typesupport_introspection_c.h
[1.038s] -- Up-to-date symlink: /home/nvidia/luckrobot/mid360s_ws/install/fast_lio/include/fast_lio/fast_lio/msg/rosidl_typesupport_introspection_c__visibility_control.h
[1.039s] -- Up-to-date symlink: /home/nvidia/luckrobot/mid360s_ws/install/fast_lio/include/fast_lio/fast_lio/msg/detail/pose6_d__rosidl_typesupport_introspection_cpp.hpp
[1.039s] -- Up-to-date symlink: /home/nvidia/luckrobot/mid360s_ws/install/fast_lio/share/fast_lio/environment/pythonpath.sh
[1.039s] -- Up-to-date symlink: /home/nvidia/luckrobot/mid360s_ws/install/fast_lio/share/fast_lio/environment/pythonpath.dsv
[1.039s] -- Up-to-date symlink: /home/nvidia/luckrobot/mid360s_ws/install/fast_lio/local/lib/python3.10/dist-packages/fast_lio-0.0.0-py3.10.egg-info/PKG-INFO
[1.039s] -- Up-to-date symlink: /home/nvidia/luckrobot/mid360s_ws/install/fast_lio/local/lib/python3.10/dist-packages/fast_lio-0.0.0-py3.10.egg-info/SOURCES.txt
[1.039s] -- Up-to-date symlink: /home/nvidia/luckrobot/mid360s_ws/install/fast_lio/local/lib/python3.10/dist-packages/fast_lio-0.0.0-py3.10.egg-info/dependency_links.txt
[1.049s] -- Up-to-date symlink: /home/nvidia/luckrobot/mid360s_ws/install/fast_lio/local/lib/python3.10/dist-packages/fast_lio-0.0.0-py3.10.egg-info/top_level.txt
[1.049s] -- Up-to-date symlink: /home/nvidia/luckrobot/mid360s_ws/install/fast_lio/local/lib/python3.10/dist-packages/fast_lio/__init__.py
[1.050s] -- Up-to-date symlink: /home/nvidia/luckrobot/mid360s_ws/install/fast_lio/local/lib/python3.10/dist-packages/fast_lio/_fast_lio_s.ep.rosidl_typesupport_c.c
[1.050s] -- Up-to-date symlink: /home/nvidia/luckrobot/mid360s_ws/install/fast_lio/local/lib/python3.10/dist-packages/fast_lio/_fast_lio_s.ep.rosidl_typesupport_fastrtps_c.c
[1.050s] -- Up-to-date symlink: /home/nvidia/luckrobot/mid360s_ws/install/fast_lio/local/lib/python3.10/dist-packages/fast_lio/_fast_lio_s.ep.rosidl_typesupport_introspection_c.c
[1.050s] -- Up-to-date symlink: /home/nvidia/luckrobot/mid360s_ws/install/fast_lio/local/lib/python3.10/dist-packages/fast_lio/fast_lio_s__rosidl_typesupport_c.cpython-310-aarch64-linux-gnu.so
[1.050s] -- Up-to-date symlink: /home/nvidia/luckrobot/mid360s_ws/install/fast_lio/local/lib/python3.10/dist-packages/fast_lio/fast_lio_s__rosidl_typesupport_fastrtps_c.cpython-310-aarch64-linux-gnu.so
[1.050s] -- Up-to-date symlink: /home/nvidia/luckrobot/mid360s_ws/install/fast_lio/local/lib/python3.10/dist-packages/fast_lio/fast_lio_s__rosidl_typesupport_introspection_c.cpython-310-aarch64-linux-gnu.so
[1.050s] -- Up-to-date symlink: /home/nvidia/luckrobot/mid360s_ws/install/fast_lio/local/lib/python3.10/dist-packages/fast_lio/libfast_lio__rosidl_generator_py.so
[1.050s] -- Up-to-date symlink: /home/nvidia/luckrobot/mid360s_ws/install/fast_lio/local/lib/python3.10/dist-packages/fast_lio/msg/__init__.py
[1.051s] -- Up-to-date symlink: /home/nvidia/luckrobot/mid360s_ws/install/fast_lio/local/lib/python3.10/dist-packages/fast_lio/msg/_pose6_d.py
[1.051s] -- Up-to-date symlink: /home/nvidia/luckrobot/mid360s_ws/install/fast_lio/local/lib/python3.10/dist-packages/fast_lio/msg/_pose6_d_s.c
[1.051s] -- Up-to-date symlink: /home/nvidia/luckrobot/mid360s_ws/install/fast_lio/local/lib/python3.10/dist-packages/fast_lio/fast_lio_s__rosidl_typesupport_fastrtps_c.cpython-310-aarch64-linux-gnu.so
[1.051s] -- Up-to-date symlink: /home/nvidia/luckrobot/mid360s_ws/install/fast_lio/local/lib/python3.10/dist-packages/fast_lio/fast_lio_s__rosidl_typesupport_introspection_c.cpython-310-aarch64-linux-gnu.so
[1.051s] -- Up-to-date symlink: /home/nvidia/luckrobot/mid360s_ws/install/fast_lio/local/lib/python3.10/dist-packages/fast_lio/fast_lio_s__rosidl_typesupport_c.cpython-310-aarch64-linux-gnu.so
[1.051s] -- Up-to-date symlink: /home/nvidia/luckrobot/mid360s_ws/install/fast_lio/share/fast_lio/msg/Pose6D.idl
[1.051s] -- Up-to-date symlink: /home/nvidia/luckrobot/mid360s_ws/install/fast_lio/share/fast_lio/msg/Pose6D.msg
[1.051s] -- Up-to-date symlink: /home/nvidia/luckrobot/mid360s_ws/install/fast_lio/lib/fast_lio/fastlio_mapping
[1.057s] -- Up-to-date symlink: /home/nvidia/luckrobot/mid360s_ws/install/fast_lio/share/fast_lio/config/avia.yaml
[1.057s] -- Up-to-date symlink: /home/nvidia/luckrobot/mid360s_ws/install/fast_lio/share/fast_lio/config/horizon.yaml
[1.059s] -- Up-to-date symlink: /home/nvidia/luckrobot/mid360s_ws/install/fast_lio/share/fast_lio/config/mid360.yaml
[1.059s] -- Up-to-date symlink: /home/nvidia/luckrobot/mid360s_ws/install/fast_lio/share/fast_lio/config/ouster64.yaml
[1.060s] -- Up-to-date symlink: /home/nvidia/luckrobot/mid360s_ws/install/fast_lio/share/fast_lio/config/velodyne.yaml
[1.060s] -- Up-to-date symlink: /home/nvidia/luckrobot/mid360s_ws/install/fast_lio/share/fast_lio/launch/gdb_debug_example.launch
[1.061s] -- Up-to-date symlink: /home/nvidia/luckrobot/mid360s_ws/install/fast_lio/share/fast_lio/launch/mapping.launch.py
[1.061s] -- Up-to-date symlink: /home/nvidia/luckrobot/mid360s_ws/install/fast_lio/share/fast_lio/rviz/fastlio.rviz
[1.061s] -- Up-to-date symlink: /home/nvidia/luckrobot/mid360s_ws/install/fast_lio/share/ament_index/resource_index/package_run_dependencies/fast_lio
[1.062s] -- Up-to-date symlink: /home/nvidia/luckrobot/mid360s_ws/install/fast_lio/share/ament_index/resource_index/parent_prefix_path/fast_lio
[1.062s] -- Up-to-date symlink: /home/nvidia/luckrobot/mid360s_ws/install/fast_lio/share/fast_lio/environment/ament_prefix_path.sh
[1.063s] -- Up-to-date symlink: /home/nvidia/luckrobot/mid360s_ws/install/fast_lio/share/fast_lio/environment/ament_prefix_path.dsv
[1.063s] -- Up-to-date symlink: /home/nvidia/luckrobot/mid360s_ws/install/fast_lio/share/fast_lio/environment/path.sh
[1.063s] -- Up-to-date symlink: /home/nvidia/luckrobot/mid360s_ws/install/fast_lio/share/fast_lio/environment/path.dsv
[1.063s] -- Up-to-date symlink: /home/nvidia/luckrobot/mid360s_ws/install/fast_lio/share/fast_lio/local_setup.bash
[1.064s] -- Up-to-date symlink: /home/nvidia/luckrobot/mid360s_ws/install/fast_lio/share/fast_lio/local_setup.sh
[1.064s] -- Up-to-date symlink: /home/nvidia/luckrobot/mid360s_ws/install/fast_lio/share/fast_lio/local_setup.zsh
[1.064s] -- Up-to-date symlink: /home/nvidia/luckrobot/mid360s_ws/install/fast_lio/share/fast_lio/local_setup.dsv
[1.065s] -- Symlinking: /home/nvidia/luckrobot/mid360s_ws/install/fast_lio/share/fast_lio/package.dsv
[1.084s] -- Up-to-date symlink: /home/nvidia/luckrobot/mid360s_ws/install/fast_lio/share/ament_index/resource_index/packages/fast_lio
[1.084s] -- Up-to-date symlink: /home/nvidia/luckrobot/mid360s_ws/install/fast_lio/share/fast_lio/cmake/rosidl_cmake-extras.cmake
[1.085s] -- Up-to-date symlink: /home/nvidia/luckrobot/mid360s_ws/install/fast_lio/share/fast_lio/cmake/ament_cmake_export_include_directories-extras.cmake
[1.085s] -- Up-to-date symlink: /home/nvidia/luckrobot/mid360s_ws/install/fast_lio/share/fast_lio/cmake/ament_cmake_export_libraries-extras.cmake
[1.085s] -- Up-to-date symlink: /home/nvidia/luckrobot/mid360s_ws/install/fast_lio/share/fast_lio/cmake/ament_cmake_export_targets-extras.cmake
[1.086s] -- Up-to-date symlink: /home/nvidia/luckrobot/mid360s_ws/install/fast_lio/share/fast_lio/cmake/rosidl_cmake_export_typesupport_targets-extras.cmake
[1.086s] -- Up-to-date symlink: /home/nvidia/luckrobot/mid360s_ws/install/fast_lio/share/fast_lio/cmake/ament_cmake_export_dependencies-extras.cmake
[1.087s] -- Up-to-date symlink: /home/nvidia/luckrobot/mid360s_ws/install/fast_lio/share/fast_lio/cmake/rosidl_cmake_export_typesupport_libraries-extras.cmake
[1.087s] -- Up-to-date symlink: /home/nvidia/luckrobot/mid360s_ws/install/fast_lio/share/fast_lio/cmake/fast_lioConfig.cmake
[1.088s] -- Up-to-date symlink: /home/nvidia/luckrobot/mid360s_ws/install/fast_lio/share/fast_lio/cmake/fast_lioConfig-version.cmake
[1.088s] -- Up-to-date symlink: /home/nvidia/luckrobot/mid360s_ws/install/fast_lio/share/fast_lio/package.xml
[1.089s] -- Up-to-date: /home/nvidia/luckrobot/mid360s_ws/install/fast_lio/lib/libfast_lio__rosidl_generator_c.so
[1.089s] -- Up-to-date: /home/nvidia/luckrobot/mid360s_ws/install/fast_lio/lib/libfast_lio__rosidl_typesupport_fastrtps_c.so
[1.090s] -- Up-to-date: /home/nvidia/luckrobot/mid360s_ws/install/fast_lio/lib/libfast_lio__rosidl_typesupport_fastrtps_cpp.so
[1.090s] -- Up-to-date: /home/nvidia/luckrobot/mid360s_ws/install/fast_lio/lib/libfast_lio__rosidl_typesupport_introspection_c.so
[1.091s] -- Up-to-date: /home/nvidia/luckrobot/mid360s_ws/install/fast_lio/lib/libfast_lio__rosidl_typesupport_c.so
[1.091s] -- Up-to-date: /home/nvidia/luckrobot/mid360s_ws/install/fast_lio/lib/libfast_lio__rosidl_typesupport_introspection_cpp.so
[1.092s] -- Up-to-date: /home/nvidia/luckrobot/mid360s_ws/install/fast_lio/lib/libfast_lio__rosidl_typesupport_cpp.so
[1.159s] Listing '/home/nvidia/luckrobot/mid360s_ws/install/fast_lio/local/lib/python3.10/dist-packages/fast_lio'...
[1.159s] Listing '/home/nvidia/luckrobot/mid360s_ws/install/fast_lio/local/lib/python3.10/dist-packages/fast_lio/msg'...
[1.182s] -- Up-to-date: /home/nvidia/luckrobot/mid360s_ws/install/fast_lio/lib/libfast_lio__rosidl_generator_py.so
[1.183s] -- Up-to-date: /home/nvidia/luckrobot/mid360s_ws/install/fast_lio/share/fast_lio/cmake/export_fast_lio__rosidl_generator_cExport.cmake
[1.183s] -- Up-to-date: /home/nvidia/luckrobot/mid360s_ws/install/fast_lio/share/fast_lio/cmake/export_fast_lio__rosidl_generator_cExport-release.cmake
[1.185s] -- Up-to-date: /home/nvidia/luckrobot/mid360s_ws/install/fast_lio/share/fast_lio/cmake/export_fast_lio__rosidl_typesupport_fastrtps_cExport.cmake
[1.185s] -- Up-to-date: /home/nvidia/luckrobot/mid360s_ws/install/fast_lio/share/fast_lio/cmake/export_fast_lio__rosidl_typesupport_fastrtps_cExport-release.cmake
[1.187s] -- Up-to-date: /home/nvidia/luckrobot/mid360s_ws/install/fast_lio/share/fast_lio/cmake/export_fast_lio__rosidl_generator_cppExport.cmake
[1.187s] -- Up-to-date: /home/nvidia/luckrobot/mid360s_ws/install/fast_lio/share/fast_lio/cmake/export_fast_lio__rosidl_typesupport_fastrtps_cppExport.cmake
[1.187s] -- Up-to-date: /home/nvidia/luckrobot/mid360s_ws/install/fast_lio/share/fast_lio/cmake/export_fast_lio__rosidl_typesupport_fastrtps_cppExport-release.cmake
[1.188s] -- Up-to-date: /home/nvidia/luckrobot/mid360s_ws/install/fast_lio/share/fast_lio/cmake/fast_lio__rosidl_typesupport_introspection_cExport.cmake
[1.188s] -- Up-to-date: /home/nvidia/luckrobot/mid360s_ws/install/fast_lio/share/fast_lio/cmake/fast_lio__rosidl_typesupport_introspection_cExport-release.cmake
[1.188s] -- Up-to-date: /home/nvidia/luckrobot/mid360s_ws/install/fast_lio/share/fast_lio/cmake/fast_lio__rosidl_typesupport_cExport.cmake
[1.189s] -- Up-to-date: /home/nvidia/luckrobot/mid360s_ws/install/fast_lio/share/fast_lio/cmake/fast_lio__rosidl_typesupport_cExport-release.cmake
[1.189s] -- Up-to-date: /home/nvidia/luckrobot/mid360s_ws/install/fast_lio/share/fast_lio/cmake/fast_lio__rosidl_typesupport_introspection_cppExport.cmake
[1.189s] -- Up-to-date: /home/nvidia/luckrobot/mid360s_ws/install/fast_lio/share/fast_lio/cmake/fast_lio__rosidl_typesupport_introspection_cppExport-release.cmake
[1.189s] -- Up-to-date: /home/nvidia/luckrobot/mid360s_ws/install/fast_lio/share/fast_lio/cmake/fast_lio__rosidl_typesupport_cppExport.cmake
[1.189s] -- Up-to-date: /home/nvidia/luckrobot/mid360s_ws/install/fast_lio/share/fast_lio/cmake/fast_lio__rosidl_typesupport_cppExport-release.cmake
[1.190s] -- Up-to-date: /home/nvidia/luckrobot/mid360s_ws/install/fast_lio/share/fast_lio/cmake/export_fast_lio__rosidl_generator_pyExport.cmake
[1.190s] -- Up-to-date: /home/nvidia/luckrobot/mid360s_ws/install/fast_lio/share/fast_lio/cmake/export_fast_lio__rosidl_generator_pyExport-release.cmake
[1.197s] Invoked command in '/home/nvidia/luckrobot/mid360s_ws/build/fast_lio' returned '0': CMAKE_PREFIX_PATH=${CMAKE_PREFIX_PATH}:/home/nvidia/luckrobot/luckrobot_ws/install/luckrobot_launch1:/home/nvidia/luckrobot/luckrobot_ws/install/keyboard_control:/opt/ros/humble /usr/bin/cmake --install /home/nvidia/luckrobot/mid360s_ws/build/fast_lio
