[0.340s] [34mcolcon[0m [1;30mDEBUG[0m [32mCommand line arguments: ['/usr/bin/colcon', 'build', '--symlink-install'][0m
[0.340s] [34mcolcon[0m [1;30mDEBUG[0m [32mParsed command line arguments: Namespace(log_base=None, log_level=None, verb_name='build', build_base='build', install_base='install', merge_install=False, symlink_install=True, test_result_base=None, continue_on_error=False, executor='parallel', parallel_workers=6, event_handlers=None, ignore_user_meta=False, metas=['./colcon.meta'], base_paths=['.'], packages_ignore=None, packages_ignore_regex=None, paths=None, packages_up_to=None, packages_up_to_regex=None, packages_above=None, packages_above_and_dependencies=None, packages_above_depth=None, packages_select_by_dep=None, packages_skip_by_dep=None, packages_skip_up_to=None, packages_select_build_failed=False, packages_skip_build_finished=False, packages_select_test_failures=False, packages_skip_test_passed=False, packages_select=None, packages_skip=None, packages_select_regex=None, packages_skip_regex=None, packages_start=None, packages_end=None, allow_overriding=[], cmake_args=None, cmake_target=None, cmake_target_skip_unavailable=False, cmake_clean_cache=False, cmake_clean_first=False, cmake_force_configure=False, ament_cmake_args=None, catkin_cmake_args=None, catkin_skip_building_tests=False, verb_parser=<colcon_defaults.argument_parser.defaults.DefaultArgumentsDecorator object at 0xffff9a01b430>, verb_extension=<colcon_core.verb.build.BuildVerb object at 0xffff99f23f10>, main=<bound method BuildVerb.main of <colcon_core.verb.build.BuildVerb object at 0xffff99f23f10>>)[0m
[0.909s] [34mcolcon.colcon_core.package_discovery[0m [1;30mLevel 1[0m discover_packages(colcon_meta) check parameters
[0.910s] [34mcolcon.colcon_core.package_discovery[0m [1;30mLevel 1[0m discover_packages(recursive) check parameters
[0.910s] [34mcolcon.colcon_core.package_discovery[0m [1;30mLevel 1[0m discover_packages(ignore) check parameters
[0.910s] [34mcolcon.colcon_core.package_discovery[0m [1;30mLevel 1[0m discover_packages(path) check parameters
[0.910s] [34mcolcon.colcon_core.package_discovery[0m [1;30mLevel 1[0m discover_packages(colcon_meta) discover
[0.910s] [34mcolcon.colcon_core.package_discovery[0m [1;30mLevel 1[0m discover_packages(recursive) discover
[0.910s] [34mcolcon.colcon_core.package_discovery[0m [1;30mINFO[0m Crawling recursively for packages in '/home/nvidia/luckrobot/mid360s_ws'
[0.911s] [34mcolcon.colcon_core.package_identification[0m [1;30mLevel 1[0m _identify(.) by extensions ['ignore', 'ignore_ament_install']
[0.911s] [34mcolcon.colcon_core.package_identification[0m [1;30mLevel 1[0m _identify(.) by extension 'ignore'
[0.911s] [34mcolcon.colcon_core.package_identification[0m [1;30mLevel 1[0m _identify(.) by extension 'ignore_ament_install'
[0.912s] [34mcolcon.colcon_core.package_identification[0m [1;30mLevel 1[0m _identify(.) by extensions ['colcon_pkg']
[0.912s] [34mcolcon.colcon_core.package_identification[0m [1;30mLevel 1[0m _identify(.) by extension 'colcon_pkg'
[0.912s] [34mcolcon.colcon_core.package_identification[0m [1;30mLevel 1[0m _identify(.) by extensions ['colcon_meta']
[0.912s] [34mcolcon.colcon_core.package_identification[0m [1;30mLevel 1[0m _identify(.) by extension 'colcon_meta'
[0.912s] [34mcolcon.colcon_core.package_identification[0m [1;30mLevel 1[0m _identify(.) by extensions ['ros']
[0.912s] [34mcolcon.colcon_core.package_identification[0m [1;30mLevel 1[0m _identify(.) by extension 'ros'
[0.945s] [34mcolcon.colcon_core.package_identification[0m [1;30mLevel 1[0m _identify(.) by extensions ['cmake', 'python']
[0.945s] [34mcolcon.colcon_core.package_identification[0m [1;30mLevel 1[0m _identify(.) by extension 'cmake'
[0.946s] [34mcolcon.colcon_core.package_identification[0m [1;30mLevel 1[0m _identify(.) by extension 'python'
[0.946s] [34mcolcon.colcon_core.package_identification[0m [1;30mLevel 1[0m _identify(.) by extensions ['python_setup_py']
[0.946s] [34mcolcon.colcon_core.package_identification[0m [1;30mLevel 1[0m _identify(.) by extension 'python_setup_py'
[0.946s] [34mcolcon.colcon_core.package_identification[0m [1;30mLevel 1[0m _identify(build) by extensions ['ignore', 'ignore_ament_install']
[0.946s] [34mcolcon.colcon_core.package_identification[0m [1;30mLevel 1[0m _identify(build) by extension 'ignore'
[0.947s] [34mcolcon.colcon_core.package_identification[0m [1;30mLevel 1[0m _identify(build) ignored
[0.947s] [34mcolcon.colcon_core.package_identification[0m [1;30mLevel 1[0m _identify(install) by extensions ['ignore', 'ignore_ament_install']
[0.947s] [34mcolcon.colcon_core.package_identification[0m [1;30mLevel 1[0m _identify(install) by extension 'ignore'
[0.947s] [34mcolcon.colcon_core.package_identification[0m [1;30mLevel 1[0m _identify(install) ignored
[0.947s] [34mcolcon.colcon_core.package_identification[0m [1;30mLevel 1[0m _identify(log) by extensions ['ignore', 'ignore_ament_install']
[0.948s] [34mcolcon.colcon_core.package_identification[0m [1;30mLevel 1[0m _identify(log) by extension 'ignore'
[0.948s] [34mcolcon.colcon_core.package_identification[0m [1;30mLevel 1[0m _identify(log) ignored
[0.948s] [34mcolcon.colcon_core.package_identification[0m [1;30mLevel 1[0m _identify(src) by extensions ['ignore', 'ignore_ament_install']
[0.948s] [34mcolcon.colcon_core.package_identification[0m [1;30mLevel 1[0m _identify(src) by extension 'ignore'
[0.948s] [34mcolcon.colcon_core.package_identification[0m [1;30mLevel 1[0m _identify(src) by extension 'ignore_ament_install'
[0.948s] [34mcolcon.colcon_core.package_identification[0m [1;30mLevel 1[0m _identify(src) by extensions ['colcon_pkg']
[0.948s] [34mcolcon.colcon_core.package_identification[0m [1;30mLevel 1[0m _identify(src) by extension 'colcon_pkg'
[0.949s] [34mcolcon.colcon_core.package_identification[0m [1;30mLevel 1[0m _identify(src) by extensions ['colcon_meta']
[0.949s] [34mcolcon.colcon_core.package_identification[0m [1;30mLevel 1[0m _identify(src) by extension 'colcon_meta'
[0.949s] [34mcolcon.colcon_core.package_identification[0m [1;30mLevel 1[0m _identify(src) by extensions ['ros']
[0.949s] [34mcolcon.colcon_core.package_identification[0m [1;30mLevel 1[0m _identify(src) by extension 'ros'
[0.949s] [34mcolcon.colcon_core.package_identification[0m [1;30mLevel 1[0m _identify(src) by extensions ['cmake', 'python']
[0.949s] [34mcolcon.colcon_core.package_identification[0m [1;30mLevel 1[0m _identify(src) by extension 'cmake'
[0.949s] [34mcolcon.colcon_core.package_identification[0m [1;30mLevel 1[0m _identify(src) by extension 'python'
[0.949s] [34mcolcon.colcon_core.package_identification[0m [1;30mLevel 1[0m _identify(src) by extensions ['python_setup_py']
[0.950s] [34mcolcon.colcon_core.package_identification[0m [1;30mLevel 1[0m _identify(src) by extension 'python_setup_py'
[0.950s] [34mcolcon.colcon_core.package_identification[0m [1;30mLevel 1[0m _identify(src/FAST_LIO_ROS2) by extensions ['ignore', 'ignore_ament_install']
[0.950s] [34mcolcon.colcon_core.package_identification[0m [1;30mLevel 1[0m _identify(src/FAST_LIO_ROS2) by extension 'ignore'
[0.950s] [34mcolcon.colcon_core.package_identification[0m [1;30mLevel 1[0m _identify(src/FAST_LIO_ROS2) by extension 'ignore_ament_install'
[0.950s] [34mcolcon.colcon_core.package_identification[0m [1;30mLevel 1[0m _identify(src/FAST_LIO_ROS2) by extensions ['colcon_pkg']
[0.950s] [34mcolcon.colcon_core.package_identification[0m [1;30mLevel 1[0m _identify(src/FAST_LIO_ROS2) by extension 'colcon_pkg'
[0.950s] [34mcolcon.colcon_core.package_identification[0m [1;30mLevel 1[0m _identify(src/FAST_LIO_ROS2) by extensions ['colcon_meta']
[0.951s] [34mcolcon.colcon_core.package_identification[0m [1;30mLevel 1[0m _identify(src/FAST_LIO_ROS2) by extension 'colcon_meta'
[0.951s] [34mcolcon.colcon_core.package_identification[0m [1;30mLevel 1[0m _identify(src/FAST_LIO_ROS2) by extensions ['ros']
[0.951s] [34mcolcon.colcon_core.package_identification[0m [1;30mLevel 1[0m _identify(src/FAST_LIO_ROS2) by extension 'ros'
[0.958s] [34mcolcon.colcon_core.package_identification[0m [1;30mDEBUG[0m [32mPackage 'src/FAST_LIO_ROS2' with type 'ros.ament_cmake' and name 'fast_lio'[0m
[0.958s] [34mcolcon.colcon_core.package_discovery[0m [1;30mLevel 1[0m discover_packages(recursive) using defaults
[0.958s] [34mcolcon.colcon_core.package_discovery[0m [1;30mLevel 1[0m discover_packages(ignore) discover
[0.958s] [34mcolcon.colcon_core.package_discovery[0m [1;30mLevel 1[0m discover_packages(ignore) using defaults
[0.958s] [34mcolcon.colcon_core.package_discovery[0m [1;30mLevel 1[0m discover_packages(path) discover
[0.958s] [34mcolcon.colcon_core.package_discovery[0m [1;30mLevel 1[0m discover_packages(path) using defaults
[1.003s] [34mcolcon.colcon_core.package_discovery[0m [1;30mLevel 1[0m discover_packages(prefix_path) check parameters
[1.003s] [34mcolcon.colcon_core.package_discovery[0m [1;30mLevel 1[0m discover_packages(prefix_path) discover
[1.011s] [34mcolcon.colcon_installed_package_information.package_discovery[0m [1;30mDEBUG[0m [32mFound 3 installed packages in /home/nvidia/luckrobot/orbbecsdk_ws/install[0m
[1.012s] [34mcolcon.colcon_installed_package_information.package_discovery[0m [1;30mDEBUG[0m [32mFound 3 installed packages in /home/nvidia/luckrobot/luckrobot_ws/install[0m
[1.013s] [34mcolcon.colcon_installed_package_information.package_discovery[0m [1;30mDEBUG[0m [32mFound 1 installed packages in /home/nvidia/luckrobot/livox_ws/install[0m
[1.016s] [34mcolcon.colcon_installed_package_information.package_discovery[0m [1;30mDEBUG[0m [32mFound 282 installed packages in /opt/ros/humble[0m
[1.019s] [34mcolcon.colcon_core.package_discovery[0m [1;30mLevel 1[0m discover_packages(prefix_path) using defaults
[1.107s] [34mcolcon.colcon_core.verb[0m [1;30mLevel 5[0m set package 'fast_lio' build argument 'cmake_args' from command line to 'None'
[1.107s] [34mcolcon.colcon_core.verb[0m [1;30mLevel 5[0m set package 'fast_lio' build argument 'cmake_target' from command line to 'None'
[1.107s] [34mcolcon.colcon_core.verb[0m [1;30mLevel 5[0m set package 'fast_lio' build argument 'cmake_target_skip_unavailable' from command line to 'False'
[1.107s] [34mcolcon.colcon_core.verb[0m [1;30mLevel 5[0m set package 'fast_lio' build argument 'cmake_clean_cache' from command line to 'False'
[1.107s] [34mcolcon.colcon_core.verb[0m [1;30mLevel 5[0m set package 'fast_lio' build argument 'cmake_clean_first' from command line to 'False'
[1.107s] [34mcolcon.colcon_core.verb[0m [1;30mLevel 5[0m set package 'fast_lio' build argument 'cmake_force_configure' from command line to 'False'
[1.107s] [34mcolcon.colcon_core.verb[0m [1;30mLevel 5[0m set package 'fast_lio' build argument 'ament_cmake_args' from command line to 'None'
[1.108s] [34mcolcon.colcon_core.verb[0m [1;30mLevel 5[0m set package 'fast_lio' build argument 'catkin_cmake_args' from command line to 'None'
[1.108s] [34mcolcon.colcon_core.verb[0m [1;30mLevel 5[0m set package 'fast_lio' build argument 'catkin_skip_building_tests' from command line to 'False'
[1.108s] [34mcolcon.colcon_core.verb[0m [1;30mDEBUG[0m [32mBuilding package 'fast_lio' with the following arguments: {'ament_cmake_args': None, 'build_base': '/home/nvidia/luckrobot/mid360s_ws/build/fast_lio', 'catkin_cmake_args': None, 'catkin_skip_building_tests': False, 'cmake_args': None, 'cmake_clean_cache': False, 'cmake_clean_first': False, 'cmake_force_configure': False, 'cmake_target': None, 'cmake_target_skip_unavailable': False, 'install_base': '/home/nvidia/luckrobot/mid360s_ws/install/fast_lio', 'merge_install': False, 'path': '/home/nvidia/luckrobot/mid360s_ws/src/FAST_LIO_ROS2', 'symlink_install': True, 'test_result_base': None}[0m
[1.108s] [34mcolcon.colcon_core.executor[0m [1;30mINFO[0m Executing jobs using 'parallel' executor
[1.110s] [34mcolcon.colcon_parallel_executor.executor.parallel[0m [1;30mDEBUG[0m [32mrun_until_complete[0m
[1.111s] [34mcolcon.colcon_ros.task.ament_cmake.build[0m [1;30mINFO[0m Building ROS package in '/home/nvidia/luckrobot/mid360s_ws/src/FAST_LIO_ROS2' with build type 'ament_cmake'
[1.111s] [34mcolcon.colcon_cmake.task.cmake.build[0m [1;30mINFO[0m Building CMake package in '/home/nvidia/luckrobot/mid360s_ws/src/FAST_LIO_ROS2'
[1.118s] [34mcolcon.colcon_core.plugin_system[0m [1;30mINFO[0m Skipping extension 'colcon_core.shell.bat': Not used on non-Windows systems
[1.119s] [34mcolcon.colcon_core.shell[0m [1;30mINFO[0m Skip shell extension 'powershell' for command environment: Not usable outside of PowerShell
[1.119s] [34mcolcon.colcon_core.shell[0m [1;30mDEBUG[0m [32mSkip shell extension 'dsv' for command environment[0m
[1.135s] [34mcolcon.colcon_core.event_handler.log_command[0m [1;30mDEBUG[0m [32mInvoking command in '/home/nvidia/luckrobot/mid360s_ws/build/fast_lio': CMAKE_PREFIX_PATH=${CMAKE_PREFIX_PATH}:/home/nvidia/luckrobot/luckrobot_ws/install/luckrobot_launch1:/home/nvidia/luckrobot/luckrobot_ws/install/keyboard_control:/opt/ros/humble /usr/bin/cmake /home/nvidia/luckrobot/mid360s_ws/src/FAST_LIO_ROS2 -DAMENT_CMAKE_SYMLINK_INSTALL=1 -DCMAKE_INSTALL_PREFIX=/home/nvidia/luckrobot/mid360s_ws/install/fast_lio[0m
[413166.241s] [34mcolcon.colcon_core.event_handler.log_command[0m [1;30mDEBUG[0m [32mInvoked command in '/home/nvidia/luckrobot/mid360s_ws/build/fast_lio' returned '0': CMAKE_PREFIX_PATH=${CMAKE_PREFIX_PATH}:/home/nvidia/luckrobot/luckrobot_ws/install/luckrobot_launch1:/home/nvidia/luckrobot/luckrobot_ws/install/keyboard_control:/opt/ros/humble /usr/bin/cmake /home/nvidia/luckrobot/mid360s_ws/src/FAST_LIO_ROS2 -DAMENT_CMAKE_SYMLINK_INSTALL=1 -DCMAKE_INSTALL_PREFIX=/home/nvidia/luckrobot/mid360s_ws/install/fast_lio[0m
[413166.248s] [34mcolcon.colcon_core.event_handler.log_command[0m [1;30mDEBUG[0m [32mInvoking command in '/home/nvidia/luckrobot/mid360s_ws/build/fast_lio': CMAKE_PREFIX_PATH=${CMAKE_PREFIX_PATH}:/home/nvidia/luckrobot/luckrobot_ws/install/luckrobot_launch1:/home/nvidia/luckrobot/luckrobot_ws/install/keyboard_control:/opt/ros/humble /usr/bin/cmake --build /home/nvidia/luckrobot/mid360s_ws/build/fast_lio -- -j6 -l6[0m
[413342.923s] [34mcolcon.colcon_core.event_handler.log_command[0m [1;30mDEBUG[0m [32mInvoked command in '/home/nvidia/luckrobot/mid360s_ws/build/fast_lio' returned '0': CMAKE_PREFIX_PATH=${CMAKE_PREFIX_PATH}:/home/nvidia/luckrobot/luckrobot_ws/install/luckrobot_launch1:/home/nvidia/luckrobot/luckrobot_ws/install/keyboard_control:/opt/ros/humble /usr/bin/cmake --build /home/nvidia/luckrobot/mid360s_ws/build/fast_lio -- -j6 -l6[0m
[413342.950s] [34mcolcon.colcon_core.event_handler.log_command[0m [1;30mDEBUG[0m [32mInvoking command in '/home/nvidia/luckrobot/mid360s_ws/build/fast_lio': CMAKE_PREFIX_PATH=${CMAKE_PREFIX_PATH}:/home/nvidia/luckrobot/luckrobot_ws/install/luckrobot_launch1:/home/nvidia/luckrobot/luckrobot_ws/install/keyboard_control:/opt/ros/humble /usr/bin/cmake --install /home/nvidia/luckrobot/mid360s_ws/build/fast_lio[0m
[413344.524s] [34mcolcon.colcon_core.environment[0m [1;30mLevel 1[0m create_environment_scripts_only(fast_lio)
[413344.526s] [34mcolcon.colcon_core.event_handler.log_command[0m [1;30mDEBUG[0m [32mInvoked command in '/home/nvidia/luckrobot/mid360s_ws/build/fast_lio' returned '0': CMAKE_PREFIX_PATH=${CMAKE_PREFIX_PATH}:/home/nvidia/luckrobot/luckrobot_ws/install/luckrobot_launch1:/home/nvidia/luckrobot/luckrobot_ws/install/keyboard_control:/opt/ros/humble /usr/bin/cmake --install /home/nvidia/luckrobot/mid360s_ws/build/fast_lio[0m
[413344.536s] [34mcolcon.colcon_core.environment[0m [1;30mLevel 1[0m checking '/home/nvidia/luckrobot/mid360s_ws/install/fast_lio' for CMake module files
[413344.537s] [34mcolcon.colcon_core.environment[0m [1;30mLevel 1[0m checking '/home/nvidia/luckrobot/mid360s_ws/install/fast_lio' for CMake config files
[413344.539s] [34mcolcon.colcon_core.shell[0m [1;30mLevel 1[0m create_environment_hook('fast_lio', 'cmake_prefix_path')
[413344.540s] [34mcolcon.colcon_core.shell[0m [1;30mINFO[0m Creating environment hook '/home/nvidia/luckrobot/mid360s_ws/install/fast_lio/share/fast_lio/hook/cmake_prefix_path.ps1'
[413344.543s] [34mcolcon.colcon_core.shell[0m [1;30mINFO[0m Creating environment descriptor '/home/nvidia/luckrobot/mid360s_ws/install/fast_lio/share/fast_lio/hook/cmake_prefix_path.dsv'
[413344.544s] [34mcolcon.colcon_core.shell[0m [1;30mINFO[0m Creating environment hook '/home/nvidia/luckrobot/mid360s_ws/install/fast_lio/share/fast_lio/hook/cmake_prefix_path.sh'
[413344.546s] [34mcolcon.colcon_core.environment[0m [1;30mLevel 1[0m checking '/home/nvidia/luckrobot/mid360s_ws/install/fast_lio/lib'
[413344.547s] [34mcolcon.colcon_core.shell[0m [1;30mLevel 1[0m create_environment_hook('fast_lio', 'ld_library_path_lib')
[413344.547s] [34mcolcon.colcon_core.shell[0m [1;30mINFO[0m Creating environment hook '/home/nvidia/luckrobot/mid360s_ws/install/fast_lio/share/fast_lio/hook/ld_library_path_lib.ps1'
[413344.548s] [34mcolcon.colcon_core.shell[0m [1;30mINFO[0m Creating environment descriptor '/home/nvidia/luckrobot/mid360s_ws/install/fast_lio/share/fast_lio/hook/ld_library_path_lib.dsv'
[413344.549s] [34mcolcon.colcon_core.shell[0m [1;30mINFO[0m Creating environment hook '/home/nvidia/luckrobot/mid360s_ws/install/fast_lio/share/fast_lio/hook/ld_library_path_lib.sh'
[413344.549s] [34mcolcon.colcon_core.environment[0m [1;30mLevel 1[0m checking '/home/nvidia/luckrobot/mid360s_ws/install/fast_lio/bin'
[413344.550s] [34mcolcon.colcon_core.environment[0m [1;30mLevel 1[0m checking '/home/nvidia/luckrobot/mid360s_ws/install/fast_lio/lib/pkgconfig/fast_lio.pc'
[413344.550s] [34mcolcon.colcon_core.environment[0m [1;30mLevel 1[0m checking '/home/nvidia/luckrobot/mid360s_ws/install/fast_lio/lib/python3.10/site-packages'
[413344.551s] [34mcolcon.colcon_core.environment[0m [1;30mLevel 1[0m checking '/home/nvidia/luckrobot/mid360s_ws/install/fast_lio/bin'
[413344.552s] [34mcolcon.colcon_core.shell[0m [1;30mINFO[0m Creating package script '/home/nvidia/luckrobot/mid360s_ws/install/fast_lio/share/fast_lio/package.ps1'
[413344.555s] [34mcolcon.colcon_core.shell[0m [1;30mINFO[0m Creating package descriptor '/home/nvidia/luckrobot/mid360s_ws/install/fast_lio/share/fast_lio/package.dsv'
[413344.557s] [34mcolcon.colcon_core.shell[0m [1;30mINFO[0m Creating package script '/home/nvidia/luckrobot/mid360s_ws/install/fast_lio/share/fast_lio/package.sh'
[413344.559s] [34mcolcon.colcon_core.shell[0m [1;30mINFO[0m Creating package script '/home/nvidia/luckrobot/mid360s_ws/install/fast_lio/share/fast_lio/package.bash'
[413344.561s] [34mcolcon.colcon_core.shell[0m [1;30mINFO[0m Creating package script '/home/nvidia/luckrobot/mid360s_ws/install/fast_lio/share/fast_lio/package.zsh'
[413344.563s] [34mcolcon.colcon_core.environment[0m [1;30mLevel 1[0m create_file_with_runtime_dependencies(/home/nvidia/luckrobot/mid360s_ws/install/fast_lio/share/colcon-core/packages/fast_lio)
[413344.565s] [34mcolcon.colcon_core.environment[0m [1;30mLevel 1[0m create_environment_scripts_only(fast_lio)
[413344.565s] [34mcolcon.colcon_core.environment[0m [1;30mLevel 1[0m checking '/home/nvidia/luckrobot/mid360s_ws/install/fast_lio' for CMake module files
[413344.567s] [34mcolcon.colcon_core.environment[0m [1;30mLevel 1[0m checking '/home/nvidia/luckrobot/mid360s_ws/install/fast_lio' for CMake config files
[413344.568s] [34mcolcon.colcon_core.shell[0m [1;30mLevel 1[0m create_environment_hook('fast_lio', 'cmake_prefix_path')
[413344.569s] [34mcolcon.colcon_core.shell[0m [1;30mINFO[0m Creating environment hook '/home/nvidia/luckrobot/mid360s_ws/install/fast_lio/share/fast_lio/hook/cmake_prefix_path.ps1'
[413344.570s] [34mcolcon.colcon_core.shell[0m [1;30mINFO[0m Creating environment descriptor '/home/nvidia/luckrobot/mid360s_ws/install/fast_lio/share/fast_lio/hook/cmake_prefix_path.dsv'
[413344.570s] [34mcolcon.colcon_core.shell[0m [1;30mINFO[0m Creating environment hook '/home/nvidia/luckrobot/mid360s_ws/install/fast_lio/share/fast_lio/hook/cmake_prefix_path.sh'
[413344.572s] [34mcolcon.colcon_core.environment[0m [1;30mLevel 1[0m checking '/home/nvidia/luckrobot/mid360s_ws/install/fast_lio/lib'
[413344.572s] [34mcolcon.colcon_core.shell[0m [1;30mLevel 1[0m create_environment_hook('fast_lio', 'ld_library_path_lib')
[413344.573s] [34mcolcon.colcon_core.shell[0m [1;30mINFO[0m Creating environment hook '/home/nvidia/luckrobot/mid360s_ws/install/fast_lio/share/fast_lio/hook/ld_library_path_lib.ps1'
[413344.574s] [34mcolcon.colcon_core.shell[0m [1;30mINFO[0m Creating environment descriptor '/home/nvidia/luckrobot/mid360s_ws/install/fast_lio/share/fast_lio/hook/ld_library_path_lib.dsv'
[413344.575s] [34mcolcon.colcon_core.shell[0m [1;30mINFO[0m Creating environment hook '/home/nvidia/luckrobot/mid360s_ws/install/fast_lio/share/fast_lio/hook/ld_library_path_lib.sh'
[413344.576s] [34mcolcon.colcon_core.environment[0m [1;30mLevel 1[0m checking '/home/nvidia/luckrobot/mid360s_ws/install/fast_lio/bin'
[413344.576s] [34mcolcon.colcon_core.environment[0m [1;30mLevel 1[0m checking '/home/nvidia/luckrobot/mid360s_ws/install/fast_lio/lib/pkgconfig/fast_lio.pc'
[413344.577s] [34mcolcon.colcon_core.environment[0m [1;30mLevel 1[0m checking '/home/nvidia/luckrobot/mid360s_ws/install/fast_lio/lib/python3.10/site-packages'
[413344.578s] [34mcolcon.colcon_core.environment[0m [1;30mLevel 1[0m checking '/home/nvidia/luckrobot/mid360s_ws/install/fast_lio/bin'
[413344.579s] [34mcolcon.colcon_core.shell[0m [1;30mINFO[0m Creating package script '/home/nvidia/luckrobot/mid360s_ws/install/fast_lio/share/fast_lio/package.ps1'
[413344.581s] [34mcolcon.colcon_core.shell[0m [1;30mINFO[0m Creating package descriptor '/home/nvidia/luckrobot/mid360s_ws/install/fast_lio/share/fast_lio/package.dsv'
[413344.582s] [34mcolcon.colcon_core.shell[0m [1;30mINFO[0m Creating package script '/home/nvidia/luckrobot/mid360s_ws/install/fast_lio/share/fast_lio/package.sh'
[413344.583s] [34mcolcon.colcon_core.shell[0m [1;30mINFO[0m Creating package script '/home/nvidia/luckrobot/mid360s_ws/install/fast_lio/share/fast_lio/package.bash'
[413344.585s] [34mcolcon.colcon_core.shell[0m [1;30mINFO[0m Creating package script '/home/nvidia/luckrobot/mid360s_ws/install/fast_lio/share/fast_lio/package.zsh'
[413344.586s] [34mcolcon.colcon_core.environment[0m [1;30mLevel 1[0m create_file_with_runtime_dependencies(/home/nvidia/luckrobot/mid360s_ws/install/fast_lio/share/colcon-core/packages/fast_lio)
[413344.586s] [34mcolcon.colcon_parallel_executor.executor.parallel[0m [1;30mDEBUG[0m [32mclosing loop[0m
[413344.587s] [34mcolcon.colcon_parallel_executor.executor.parallel[0m [1;30mDEBUG[0m [32mloop closed[0m
[413344.587s] [34mcolcon.colcon_parallel_executor.executor.parallel[0m [1;30mDEBUG[0m [32mrun_until_complete finished with '0'[0m
[413344.588s] [34mcolcon.colcon_core.event_reactor[0m [1;30mDEBUG[0m [32mjoining thread[0m
[413344.606s] [34mcolcon.colcon_core.plugin_system[0m [1;30mINFO[0m Skipping extension 'colcon_notification.desktop_notification.terminal_notifier': Not used on non-Darwin systems
[413344.606s] [34mcolcon.colcon_core.plugin_system[0m [1;30mINFO[0m Skipping extension 'colcon_notification.desktop_notification.win32': Not used on non-Windows systems
[413344.606s] [34mcolcon.colcon_notification.desktop_notification[0m [1;30mINFO[0m Sending desktop notification using 'notify2'
[413344.676s] [34mcolcon.colcon_core.event_reactor[0m [1;30mDEBUG[0m [32mjoined thread[0m
[413344.677s] [34mcolcon.colcon_core.shell[0m [1;30mINFO[0m Creating prefix script '/home/nvidia/luckrobot/mid360s_ws/install/local_setup.ps1'
[413344.681s] [34mcolcon.colcon_core.shell[0m [1;30mINFO[0m Creating prefix util module '/home/nvidia/luckrobot/mid360s_ws/install/_local_setup_util_ps1.py'
[413344.685s] [34mcolcon.colcon_core.shell[0m [1;30mINFO[0m Creating prefix chain script '/home/nvidia/luckrobot/mid360s_ws/install/setup.ps1'
[413344.689s] [34mcolcon.colcon_core.shell[0m [1;30mINFO[0m Creating prefix script '/home/nvidia/luckrobot/mid360s_ws/install/local_setup.sh'
[413344.691s] [34mcolcon.colcon_core.shell[0m [1;30mINFO[0m Creating prefix util module '/home/nvidia/luckrobot/mid360s_ws/install/_local_setup_util_sh.py'
[413344.693s] [34mcolcon.colcon_core.shell[0m [1;30mINFO[0m Creating prefix chain script '/home/nvidia/luckrobot/mid360s_ws/install/setup.sh'
[413344.698s] [34mcolcon.colcon_core.shell[0m [1;30mINFO[0m Creating prefix script '/home/nvidia/luckrobot/mid360s_ws/install/local_setup.bash'
[413344.700s] [34mcolcon.colcon_core.shell[0m [1;30mINFO[0m Creating prefix chain script '/home/nvidia/luckrobot/mid360s_ws/install/setup.bash'
[413344.704s] [34mcolcon.colcon_core.shell[0m [1;30mINFO[0m Creating prefix script '/home/nvidia/luckrobot/mid360s_ws/install/local_setup.zsh'
[413344.707s] [34mcolcon.colcon_core.shell[0m [1;30mINFO[0m Creating prefix chain script '/home/nvidia/luckrobot/mid360s_ws/install/setup.zsh'
