-- Found ament_cmake: 1.3.13 (/opt/ros/humble/share/ament_cmake/cmake)
-- Found rclcpp: 16.0.18 (/opt/ros/humble/share/rclcpp/cmake)
-- Found rosidl_generator_c: 3.1.8 (/opt/ros/humble/share/rosidl_generator_c/cmake)
-- Found rosidl_adapter: 3.1.8 (/opt/ros/humble/share/rosidl_adapter/cmake)
-- Found rosidl_generator_cpp: 3.1.8 (/opt/ros/humble/share/rosidl_generator_cpp/cmake)
-- Using all available rosidl_typesupport_c: rosidl_typesupport_fastrtps_c;rosidl_typesupport_introspection_c
-- Using all available rosidl_typesupport_cpp: rosidl_typesupport_fastrtps_cpp;rosidl_typesupport_introspection_cpp
-- Found rmw_implementation_cmake: 6.1.2 (/opt/ros/humble/share/rmw_implementation_cmake/cmake)
-- Found rmw_fastrtps_cpp: 6.2.10 (/opt/ros/humble/share/rmw_fastrtps_cpp/cmake)
-- Using RMW implementation 'rmw_fastrtps_cpp' as default
-- Found rclpy: 3.3.20 (/opt/ros/humble/share/rclpy/cmake)
-- Found geometry_msgs: 4.9.1 (/opt/ros/humble/share/geometry_msgs/cmake)
-- Found nav_msgs: 4.9.1 (/opt/ros/humble/share/nav_msgs/cmake)
-- Found sensor_msgs: 4.9.1 (/opt/ros/humble/share/sensor_msgs/cmake)
-- Found tf2: 0.25.19 (/opt/ros/humble/share/tf2/cmake)
-- Found tf2_ros: 0.25.19 (/opt/ros/humble/share/tf2_ros/cmake)
-- Found tf2_geometry_msgs: 0.25.19 (/opt/ros/humble/share/tf2_geometry_msgs/cmake)
-- Found eigen3_cmake_module: 0.1.1 (/opt/ros/humble/share/eigen3_cmake_module/cmake)
-- Ensuring Eigen3 include directory is part of orocos-kdl CMake target
-- Found tf2_eigen: 0.25.19 (/opt/ros/humble/share/tf2_eigen/cmake)
-- Found tf2_sensor_msgs: 0.25.19 (/opt/ros/humble/share/tf2_sensor_msgs/cmake)
-- Found pcl_ros: 2.4.5 (/opt/ros/humble/share/pcl_ros/cmake)
-- Eigen found (include: /usr/include/eigen3, version: 3.4.0)
-- FLANN found (include: /usr/include, lib: /usr/lib/aarch64-linux-gnu/libflann_cpp.so)
-- OpenNI found (version: 1.5.4.0, include: /usr/include/ni, lib: /usr/lib/libOpenNI.so;libusb::libusb)
-- OpenNI2 found (version: 2.2.0.33, include: /usr/include/openni2, lib: /usr/lib/aarch64-linux-gnu/libOpenNI2.so;libusb::libusb)
-- Eigen found (include: /usr/include/eigen3, version: 3.4.0)
-- OpenNI found (version: 1.5.4.0, include: /usr/include/ni, lib: /usr/lib/libOpenNI.so;libusb::libusb)
-- OpenNI2 found (version: 2.2.0.33, include: /usr/include/openni2, lib: /usr/lib/aarch64-linux-gnu/libOpenNI2.so;libusb::libusb)
-- Found Qhull version 8.0.2
-- OpenNI found (version: 1.5.4.0, include: /usr/include/ni, lib: /usr/lib/libOpenNI.so;libusb::libusb)
-- Found cv_bridge: 3.2.1 (/opt/ros/humble/share/cv_bridge/cmake)
-- Found image_transport: 3.1.12 (/opt/ros/humble/share/image_transport/cmake)
-- Found urdf: 2.6.1 (/opt/ros/humble/share/urdf/cmake)
[33mCMake Warning (dev) at CMakeLists.txt:37 (find_package):
  Policy CMP0074 is not set: find_package uses <PackageName>_ROOT variables.
  Run "cmake --help-policy CMP0074" for policy details.  Use the cmake_policy
  command to set the policy and suppress this warning.

  CMake variable PCL_ROOT is set to:

    /usr

  For compatibility, CMake is ignoring the variable.
This warning is for project developers.  Use -Wno-dev to suppress it.
[0m
[0mCMake Deprecation Warning at /home/nvidia/open3d141/lib/cmake/Open3D/Open3DConfig.cmake:18 (cmake_policy):
  The OLD behavior for policy CMP0072 will be removed from a future version
  of CMake.

  The cmake-policies(7) manual explains that the OLD behaviors of all
  policies are deprecated and that a policy should be set to OLD only under
  specific short-term circumstances.  Projects should be ported to the NEW
  behavior and not rely on setting a policy to OLD.
Call Stack (most recent call first):
  CMakeLists.txt:45 (find_package)

[0m
-- Found ament_lint_auto: 0.12.15 (/opt/ros/humble/share/ament_lint_auto/cmake)
-- Added test 'copyright' to check source files copyright and LICENSE
-- Added test 'cppcheck' to perform static code analysis on C / C++ code
-- Configured cppcheck include dirs: /home/nvidia/luckrobot/fastlio_localization/src/FAST_LIO_LOCALIZATION_HUMANOID/open3d_loc/include
-- Configured cppcheck exclude dirs and/or files: 
-- Added test 'cpplint' to check C / C++ code against the Google style
-- Configured cpplint exclude dirs and/or files: 
-- Added test 'flake8' to check Python code syntax and style conventions
-- Added test 'lint_cmake' to check CMake code style
-- Added test 'pep257' to check Python code against some of the docstring style conventions in PEP 257
-- Added test 'uncrustify' to check C / C++ code style
-- Configured uncrustify additional arguments: 
-- Added test 'xmllint' to check XML markup files
-- Configuring done
-- Generating done
-- Build files have been written to: /home/nvidia/luckrobot/fastlio_localization/build/open3d_loc
[35m[1mConsolidate compiler generated dependencies of target open3d_registration[0m
[35m[1mConsolidate compiler generated dependencies of target open3d_conversions[0m
[ 33%] Built target open3d_registration
[ 66%] Built target open3d_conversions
[35m[1mConsolidate compiler generated dependencies of target global_localization_node[0m
[100%] Built target global_localization_node
-- Install configuration: "Release"
-- Up-to-date: /home/nvidia/luckrobot/fastlio_localization/install/open3d_loc/lib/libopen3d_registration.a
-- Up-to-date: /home/nvidia/luckrobot/fastlio_localization/install/open3d_loc/lib/libopen3d_conversions.a
-- Up-to-date: /home/nvidia/luckrobot/fastlio_localization/install/open3d_loc/lib/open3d_loc/global_localization_node
-- Up-to-date: /home/nvidia/luckrobot/fastlio_localization/install/open3d_loc/share/open3d_loc//launch
-- Up-to-date: /home/nvidia/luckrobot/fastlio_localization/install/open3d_loc/share/open3d_loc//launch/localization_3d_g1.launch.py
-- Up-to-date: /home/nvidia/luckrobot/fastlio_localization/install/open3d_loc/share/open3d_loc//launch/open3d_loc_g1.launch.py
-- Up-to-date: /home/nvidia/luckrobot/fastlio_localization/install/open3d_loc/share/open3d_loc//config
-- Up-to-date: /home/nvidia/luckrobot/fastlio_localization/install/open3d_loc/share/open3d_loc//config/loc_param_g1.yaml
-- Up-to-date: /home/nvidia/luckrobot/fastlio_localization/install/open3d_loc/share/open3d_loc//rviz_cfg
-- Up-to-date: /home/nvidia/luckrobot/fastlio_localization/install/open3d_loc/share/open3d_loc//rviz_cfg/fastlio.rviz
-- Up-to-date: /home/nvidia/luckrobot/fastlio_localization/install/open3d_loc/share/open3d_loc//rviz_cfg/.gitignore
-- Up-to-date: /home/nvidia/luckrobot/fastlio_localization/install/open3d_loc/include/open3d_loc
-- Up-to-date: /home/nvidia/luckrobot/fastlio_localization/install/open3d_loc/include/open3d_loc/open3d_conversions
-- Up-to-date: /home/nvidia/luckrobot/fastlio_localization/install/open3d_loc/include/open3d_loc/open3d_conversions/open3d_conversions.h
-- Up-to-date: /home/nvidia/luckrobot/fastlio_localization/install/open3d_loc/include/open3d_loc/open3d_conversions/DpgtConversions.h
-- Up-to-date: /home/nvidia/luckrobot/fastlio_localization/install/open3d_loc/include/open3d_loc/open3d_conversions/RosConversions.h
-- Up-to-date: /home/nvidia/luckrobot/fastlio_localization/install/open3d_loc/include/open3d_loc/open3d_registration
-- Up-to-date: /home/nvidia/luckrobot/fastlio_localization/install/open3d_loc/include/open3d_loc/open3d_registration/open3d_registration.h
-- Up-to-date: /home/nvidia/luckrobot/fastlio_localization/install/open3d_loc/share/ament_index/resource_index/package_run_dependencies/open3d_loc
-- Installing: /home/nvidia/luckrobot/fastlio_localization/install/open3d_loc/share/ament_index/resource_index/parent_prefix_path/open3d_loc
-- Up-to-date: /home/nvidia/luckrobot/fastlio_localization/install/open3d_loc/share/open3d_loc/environment/ament_prefix_path.sh
-- Installing: /home/nvidia/luckrobot/fastlio_localization/install/open3d_loc/share/open3d_loc/environment/ament_prefix_path.dsv
-- Up-to-date: /home/nvidia/luckrobot/fastlio_localization/install/open3d_loc/share/open3d_loc/environment/path.sh
-- Installing: /home/nvidia/luckrobot/fastlio_localization/install/open3d_loc/share/open3d_loc/environment/path.dsv
-- Up-to-date: /home/nvidia/luckrobot/fastlio_localization/install/open3d_loc/share/open3d_loc/local_setup.bash
-- Up-to-date: /home/nvidia/luckrobot/fastlio_localization/install/open3d_loc/share/open3d_loc/local_setup.sh
-- Up-to-date: /home/nvidia/luckrobot/fastlio_localization/install/open3d_loc/share/open3d_loc/local_setup.zsh
-- Installing: /home/nvidia/luckrobot/fastlio_localization/install/open3d_loc/share/open3d_loc/local_setup.dsv
-- Installing: /home/nvidia/luckrobot/fastlio_localization/install/open3d_loc/share/open3d_loc/package.dsv
-- Up-to-date: /home/nvidia/luckrobot/fastlio_localization/install/open3d_loc/share/ament_index/resource_index/packages/open3d_loc
-- Up-to-date: /home/nvidia/luckrobot/fastlio_localization/install/open3d_loc/share/open3d_loc/cmake/open3d_locConfig.cmake
-- Up-to-date: /home/nvidia/luckrobot/fastlio_localization/install/open3d_loc/share/open3d_loc/cmake/open3d_locConfig-version.cmake
-- Up-to-date: /home/nvidia/luckrobot/fastlio_localization/install/open3d_loc/share/open3d_loc/package.xml
