[0.030s] Invoking command in '/home/nvidia/luckrobot/fastlio_localization/build/open3d_loc': CMAKE_PREFIX_PATH=${CMAKE_PREFIX_PATH}:/home/nvidia/luckrobot/luckrobot_ws/install/luckrobot_launch1:/home/nvidia/luckrobot/luckrobot_ws/install/keyboard_control:/opt/ros/humble /usr/bin/cmake /home/nvidia/luckrobot/fastlio_localization/src/FAST_LIO_LOCALIZATION_HUMANOID/open3d_loc -DCMAKE_INSTALL_PREFIX=/home/nvidia/luckrobot/fastlio_localization/install/open3d_loc
[0.057s] -- Found ament_cmake: 1.3.13 (/opt/ros/humble/share/ament_cmake/cmake)
[0.382s] -- Found rclcpp: 16.0.18 (/opt/ros/humble/share/rclcpp/cmake)
[0.463s] -- Found rosidl_generator_c: 3.1.8 (/opt/ros/humble/share/rosidl_generator_c/cmake)
[0.467s] -- Found rosidl_adapter: 3.1.8 (/opt/ros/humble/share/rosidl_adapter/cmake)
[0.479s] -- Found rosidl_generator_cpp: 3.1.8 (/opt/ros/humble/share/rosidl_generator_cpp/cmake)
[0.495s] -- Using all available rosidl_typesupport_c: rosidl_typesupport_fastrtps_c;rosidl_typesupport_introspection_c
[0.516s] -- Using all available rosidl_typesupport_cpp: rosidl_typesupport_fastrtps_cpp;rosidl_typesupport_introspection_cpp
[0.576s] -- Found rmw_implementation_cmake: 6.1.2 (/opt/ros/humble/share/rmw_implementation_cmake/cmake)
[0.579s] -- Found rmw_fastrtps_cpp: 6.2.10 (/opt/ros/humble/share/rmw_fastrtps_cpp/cmake)
[0.779s] -- Using RMW implementation 'rmw_fastrtps_cpp' as default
[0.873s] -- Found rclpy: 3.3.20 (/opt/ros/humble/share/rclpy/cmake)
[0.874s] -- Found geometry_msgs: 4.9.1 (/opt/ros/humble/share/geometry_msgs/cmake)
[0.896s] -- Found nav_msgs: 4.9.1 (/opt/ros/humble/share/nav_msgs/cmake)
[0.926s] -- Found sensor_msgs: 4.9.1 (/opt/ros/humble/share/sensor_msgs/cmake)
[0.956s] -- Found tf2: 0.25.19 (/opt/ros/humble/share/tf2/cmake)
[0.964s] -- Found tf2_ros: 0.25.19 (/opt/ros/humble/share/tf2_ros/cmake)
[1.103s] -- Found tf2_geometry_msgs: 0.25.19 (/opt/ros/humble/share/tf2_geometry_msgs/cmake)
[1.110s] -- Found eigen3_cmake_module: 0.1.1 (/opt/ros/humble/share/eigen3_cmake_module/cmake)
[1.113s] -- Ensuring Eigen3 include directory is part of orocos-kdl CMake target
[1.116s] -- Found tf2_eigen: 0.25.19 (/opt/ros/humble/share/tf2_eigen/cmake)
[1.120s] -- Found tf2_sensor_msgs: 0.25.19 (/opt/ros/humble/share/tf2_sensor_msgs/cmake)
[1.128s] -- Found pcl_ros: 2.4.5 (/opt/ros/humble/share/pcl_ros/cmake)
[1.187s] -- Eigen found (include: /usr/include/eigen3, version: 3.4.0)
[1.243s] -- FLANN found (include: /usr/include, lib: /usr/lib/aarch64-linux-gnu/libflann_cpp.so)
[1.845s] -- OpenNI found (version: 1.5.4.0, include: /usr/include/ni, lib: /usr/lib/libOpenNI.so;libusb::libusb)
[1.856s] -- OpenNI2 found (version: 2.2.0.33, include: /usr/include/openni2, lib: /usr/lib/aarch64-linux-gnu/libOpenNI2.so;libusb::libusb)
[2.121s] -- Eigen found (include: /usr/include/eigen3, version: 3.4.0)
[2.133s] -- OpenNI found (version: 1.5.4.0, include: /usr/include/ni, lib: /usr/lib/libOpenNI.so;libusb::libusb)
[2.144s] -- OpenNI2 found (version: 2.2.0.33, include: /usr/include/openni2, lib: /usr/lib/aarch64-linux-gnu/libOpenNI2.so;libusb::libusb)
[2.389s] -- Found Qhull version 8.0.2
[2.637s] -- OpenNI found (version: 1.5.4.0, include: /usr/include/ni, lib: /usr/lib/libOpenNI.so;libusb::libusb)
[2.909s] -- Found cv_bridge: 3.2.1 (/opt/ros/humble/share/cv_bridge/cmake)
[2.959s] -- Found image_transport: 3.1.12 (/opt/ros/humble/share/image_transport/cmake)
[2.990s] -- Found urdf: 2.6.1 (/opt/ros/humble/share/urdf/cmake)
[3.012s] [33mCMake Warning (dev) at CMakeLists.txt:37 (find_package):
[3.012s]   Policy CMP0074 is not set: find_package uses <PackageName>_ROOT variables.
[3.012s]   Run "cmake --help-policy CMP0074" for policy details.  Use the cmake_policy
[3.012s]   command to set the policy and suppress this warning.
[3.013s] 
[3.013s]   CMake variable PCL_ROOT is set to:
[3.013s] 
[3.013s]     /usr
[3.013s] 
[3.013s]   For compatibility, CMake is ignoring the variable.
[3.013s] This warning is for project developers.  Use -Wno-dev to suppress it.
[3.013s] [0m
[3.049s] [0mCMake Deprecation Warning at /home/nvidia/open3d141/lib/cmake/Open3D/Open3DConfig.cmake:18 (cmake_policy):
[3.049s]   The OLD behavior for policy CMP0072 will be removed from a future version
[3.049s]   of CMake.
[3.049s] 
[3.050s]   The cmake-policies(7) manual explains that the OLD behaviors of all
[3.050s]   policies are deprecated and that a policy should be set to OLD only under
[3.050s]   specific short-term circumstances.  Projects should be ported to the NEW
[3.050s]   behavior and not rely on setting a policy to OLD.
[3.050s] Call Stack (most recent call first):
[3.050s]   CMakeLists.txt:45 (find_package)
[3.050s] 
[3.050s] [0m
[3.144s] -- Found ament_lint_auto: 0.12.15 (/opt/ros/humble/share/ament_lint_auto/cmake)
[3.303s] -- Added test 'copyright' to check source files copyright and LICENSE
[3.306s] -- Added test 'cppcheck' to perform static code analysis on C / C++ code
[3.307s] -- Configured cppcheck include dirs: /home/nvidia/luckrobot/fastlio_localization/src/FAST_LIO_LOCALIZATION_HUMANOID/open3d_loc/include
[3.307s] -- Configured cppcheck exclude dirs and/or files: 
[3.310s] -- Added test 'cpplint' to check C / C++ code against the Google style
[3.310s] -- Configured cpplint exclude dirs and/or files: 
[3.311s] -- Added test 'flake8' to check Python code syntax and style conventions
[3.313s] -- Added test 'lint_cmake' to check CMake code style
[3.314s] -- Added test 'pep257' to check Python code against some of the docstring style conventions in PEP 257
[3.316s] -- Added test 'uncrustify' to check C / C++ code style
[3.316s] -- Configured uncrustify additional arguments: 
[3.317s] -- Added test 'xmllint' to check XML markup files
[3.320s] -- Configuring done
[3.459s] -- Generating done
[3.491s] -- Build files have been written to: /home/nvidia/luckrobot/fastlio_localization/build/open3d_loc
[3.541s] Invoked command in '/home/nvidia/luckrobot/fastlio_localization/build/open3d_loc' returned '0': CMAKE_PREFIX_PATH=${CMAKE_PREFIX_PATH}:/home/nvidia/luckrobot/luckrobot_ws/install/luckrobot_launch1:/home/nvidia/luckrobot/luckrobot_ws/install/keyboard_control:/opt/ros/humble /usr/bin/cmake /home/nvidia/luckrobot/fastlio_localization/src/FAST_LIO_LOCALIZATION_HUMANOID/open3d_loc -DCMAKE_INSTALL_PREFIX=/home/nvidia/luckrobot/fastlio_localization/install/open3d_loc
[3.547s] Invoking command in '/home/nvidia/luckrobot/fastlio_localization/build/open3d_loc': CMAKE_PREFIX_PATH=${CMAKE_PREFIX_PATH}:/home/nvidia/luckrobot/luckrobot_ws/install/luckrobot_launch1:/home/nvidia/luckrobot/luckrobot_ws/install/keyboard_control:/opt/ros/humble /usr/bin/cmake --build /home/nvidia/luckrobot/fastlio_localization/build/open3d_loc -- -j6 -l6
[3.655s] [35m[1mConsolidate compiler generated dependencies of target open3d_registration[0m
[3.656s] [35m[1mConsolidate compiler generated dependencies of target open3d_conversions[0m
[3.705s] [ 33%] Built target open3d_registration
[3.718s] [ 66%] Built target open3d_conversions
[3.752s] [35m[1mConsolidate compiler generated dependencies of target global_localization_node[0m
[3.832s] [100%] Built target global_localization_node
[3.867s] Invoked command in '/home/nvidia/luckrobot/fastlio_localization/build/open3d_loc' returned '0': CMAKE_PREFIX_PATH=${CMAKE_PREFIX_PATH}:/home/nvidia/luckrobot/luckrobot_ws/install/luckrobot_launch1:/home/nvidia/luckrobot/luckrobot_ws/install/keyboard_control:/opt/ros/humble /usr/bin/cmake --build /home/nvidia/luckrobot/fastlio_localization/build/open3d_loc -- -j6 -l6
[3.897s] Invoking command in '/home/nvidia/luckrobot/fastlio_localization/build/open3d_loc': CMAKE_PREFIX_PATH=${CMAKE_PREFIX_PATH}:/home/nvidia/luckrobot/luckrobot_ws/install/luckrobot_launch1:/home/nvidia/luckrobot/luckrobot_ws/install/keyboard_control:/opt/ros/humble /usr/bin/cmake --install /home/nvidia/luckrobot/fastlio_localization/build/open3d_loc
[3.922s] -- Install configuration: "Release"
[3.923s] -- Up-to-date: /home/nvidia/luckrobot/fastlio_localization/install/open3d_loc/lib/libopen3d_registration.a
[3.923s] -- Up-to-date: /home/nvidia/luckrobot/fastlio_localization/install/open3d_loc/lib/libopen3d_conversions.a
[3.926s] -- Up-to-date: /home/nvidia/luckrobot/fastlio_localization/install/open3d_loc/lib/open3d_loc/global_localization_node
[3.928s] -- Up-to-date: /home/nvidia/luckrobot/fastlio_localization/install/open3d_loc/share/open3d_loc//launch
[3.928s] -- Up-to-date: /home/nvidia/luckrobot/fastlio_localization/install/open3d_loc/share/open3d_loc//launch/localization_3d_g1.launch.py
[3.929s] -- Up-to-date: /home/nvidia/luckrobot/fastlio_localization/install/open3d_loc/share/open3d_loc//launch/open3d_loc_g1.launch.py
[3.929s] -- Up-to-date: /home/nvidia/luckrobot/fastlio_localization/install/open3d_loc/share/open3d_loc//config
[3.930s] -- Up-to-date: /home/nvidia/luckrobot/fastlio_localization/install/open3d_loc/share/open3d_loc//config/loc_param_g1.yaml
[3.930s] -- Up-to-date: /home/nvidia/luckrobot/fastlio_localization/install/open3d_loc/share/open3d_loc//rviz_cfg
[3.932s] -- Up-to-date: /home/nvidia/luckrobot/fastlio_localization/install/open3d_loc/share/open3d_loc//rviz_cfg/fastlio.rviz
[3.932s] -- Up-to-date: /home/nvidia/luckrobot/fastlio_localization/install/open3d_loc/share/open3d_loc//rviz_cfg/.gitignore
[3.933s] -- Up-to-date: /home/nvidia/luckrobot/fastlio_localization/install/open3d_loc/include/open3d_loc
[3.934s] -- Up-to-date: /home/nvidia/luckrobot/fastlio_localization/install/open3d_loc/include/open3d_loc/open3d_conversions
[3.934s] -- Up-to-date: /home/nvidia/luckrobot/fastlio_localization/install/open3d_loc/include/open3d_loc/open3d_conversions/open3d_conversions.h
[3.934s] -- Up-to-date: /home/nvidia/luckrobot/fastlio_localization/install/open3d_loc/include/open3d_loc/open3d_conversions/DpgtConversions.h
[3.934s] -- Up-to-date: /home/nvidia/luckrobot/fastlio_localization/install/open3d_loc/include/open3d_loc/open3d_conversions/RosConversions.h
[3.934s] -- Up-to-date: /home/nvidia/luckrobot/fastlio_localization/install/open3d_loc/include/open3d_loc/open3d_registration
[3.935s] -- Up-to-date: /home/nvidia/luckrobot/fastlio_localization/install/open3d_loc/include/open3d_loc/open3d_registration/open3d_registration.h
[3.936s] -- Up-to-date: /home/nvidia/luckrobot/fastlio_localization/install/open3d_loc/share/ament_index/resource_index/package_run_dependencies/open3d_loc
[3.936s] -- Installing: /home/nvidia/luckrobot/fastlio_localization/install/open3d_loc/share/ament_index/resource_index/parent_prefix_path/open3d_loc
[3.937s] -- Up-to-date: /home/nvidia/luckrobot/fastlio_localization/install/open3d_loc/share/open3d_loc/environment/ament_prefix_path.sh
[3.937s] -- Installing: /home/nvidia/luckrobot/fastlio_localization/install/open3d_loc/share/open3d_loc/environment/ament_prefix_path.dsv
[3.938s] -- Up-to-date: /home/nvidia/luckrobot/fastlio_localization/install/open3d_loc/share/open3d_loc/environment/path.sh
[3.938s] -- Installing: /home/nvidia/luckrobot/fastlio_localization/install/open3d_loc/share/open3d_loc/environment/path.dsv
[3.938s] -- Up-to-date: /home/nvidia/luckrobot/fastlio_localization/install/open3d_loc/share/open3d_loc/local_setup.bash
[3.938s] -- Up-to-date: /home/nvidia/luckrobot/fastlio_localization/install/open3d_loc/share/open3d_loc/local_setup.sh
[3.939s] -- Up-to-date: /home/nvidia/luckrobot/fastlio_localization/install/open3d_loc/share/open3d_loc/local_setup.zsh
[3.939s] -- Installing: /home/nvidia/luckrobot/fastlio_localization/install/open3d_loc/share/open3d_loc/local_setup.dsv
[3.939s] -- Installing: /home/nvidia/luckrobot/fastlio_localization/install/open3d_loc/share/open3d_loc/package.dsv
[3.940s] -- Up-to-date: /home/nvidia/luckrobot/fastlio_localization/install/open3d_loc/share/ament_index/resource_index/packages/open3d_loc
[3.940s] -- Up-to-date: /home/nvidia/luckrobot/fastlio_localization/install/open3d_loc/share/open3d_loc/cmake/open3d_locConfig.cmake
[3.940s] -- Up-to-date: /home/nvidia/luckrobot/fastlio_localization/install/open3d_loc/share/open3d_loc/cmake/open3d_locConfig-version.cmake
[3.941s] -- Up-to-date: /home/nvidia/luckrobot/fastlio_localization/install/open3d_loc/share/open3d_loc/package.xml
[3.953s] Invoked command in '/home/nvidia/luckrobot/fastlio_localization/build/open3d_loc' returned '0': CMAKE_PREFIX_PATH=${CMAKE_PREFIX_PATH}:/home/nvidia/luckrobot/luckrobot_ws/install/luckrobot_launch1:/home/nvidia/luckrobot/luckrobot_ws/install/keyboard_control:/opt/ros/humble /usr/bin/cmake --install /home/nvidia/luckrobot/fastlio_localization/build/open3d_loc
