[0.037s] Invoking command in '/home/nvidia/luckrobot/mid360s_ws/build/fast_lio': CMAKE_PREFIX_PATH=${CMAKE_PREFIX_PATH}:/home/nvidia/luckrobot/luckrobot_ws/install/luckrobot_launch1:/home/nvidia/luckrobot/luckrobot_ws/install/keyboard_control:/opt/ros/humble /usr/bin/cmake /home/nvidia/luckrobot/mid360s_ws/src/FAST_LIO_ROS2 -DCMAKE_INSTALL_PREFIX=/home/nvidia/luckrobot/mid360s_ws/install/fast_lio
[0.077s] [0mCurrent CPU archtecture: aarch64[0m
[0.087s] -- Found PythonLibs: /usr/lib/aarch64-linux-gnu/libpython3.10.so (found version "3.10.12") 
[0.089s] -- Found ament_cmake: 1.3.13 (/opt/ros/humble/share/ament_cmake/cmake)
[0.444s] -- Override CMake install command with custom implementation using symlinks instead of copying resources
[0.486s] -- Found rclcpp: 16.0.18 (/opt/ros/humble/share/rclcpp/cmake)
[0.574s] -- Found rosidl_generator_c: 3.1.8 (/opt/ros/humble/share/rosidl_generator_c/cmake)
[0.590s] -- Found rosidl_adapter: 3.1.8 (/opt/ros/humble/share/rosidl_adapter/cmake)
[0.605s] -- Found rosidl_generator_cpp: 3.1.8 (/opt/ros/humble/share/rosidl_generator_cpp/cmake)
[0.657s] -- Using all available rosidl_typesupport_c: rosidl_typesupport_fastrtps_c;rosidl_typesupport_introspection_c
[0.706s] -- Using all available rosidl_typesupport_cpp: rosidl_typesupport_fastrtps_cpp;rosidl_typesupport_introspection_cpp
[0.831s] -- Found rmw_implementation_cmake: 6.1.2 (/opt/ros/humble/share/rmw_implementation_cmake/cmake)
[0.836s] -- Found rmw_fastrtps_cpp: 6.2.10 (/opt/ros/humble/share/rmw_fastrtps_cpp/cmake)
[1.112s] -- Using RMW implementation 'rmw_fastrtps_cpp' as default
[1.392s] -- Found rclcpp_components: 16.0.18 (/opt/ros/humble/share/rclcpp_components/cmake)
[1.471s] -- Found geometry_msgs: 4.9.1 (/opt/ros/humble/share/geometry_msgs/cmake)
[1.511s] -- Found nav_msgs: 4.9.1 (/opt/ros/humble/share/nav_msgs/cmake)
[1.576s] -- Found sensor_msgs: 4.9.1 (/opt/ros/humble/share/sensor_msgs/cmake)
[1.623s] -- Found std_srvs: 4.9.1 (/opt/ros/humble/share/std_srvs/cmake)
[1.655s] -- Found visualization_msgs: 4.9.1 (/opt/ros/humble/share/visualization_msgs/cmake)
[1.703s] -- Found pcl_ros: 2.4.5 (/opt/ros/humble/share/pcl_ros/cmake)
[1.797s] -- Eigen found (include: /usr/include/eigen3, version: 3.4.0)
[1.876s] -- FLANN found (include: /usr/include, lib: /usr/lib/aarch64-linux-gnu/libflann_cpp.so)
[2.645s] -- OpenNI found (version: 1.5.4.0, include: /usr/include/ni, lib: /usr/lib/libOpenNI.so;libusb::libusb)
[2.661s] -- OpenNI2 found (version: 2.2.0.33, include: /usr/include/openni2, lib: /usr/lib/aarch64-linux-gnu/libOpenNI2.so;libusb::libusb)
[3.012s] -- Eigen found (include: /usr/include/eigen3, version: 3.4.0)
[3.031s] -- OpenNI found (version: 1.5.4.0, include: /usr/include/ni, lib: /usr/lib/libOpenNI.so;libusb::libusb)
[3.049s] -- OpenNI2 found (version: 2.2.0.33, include: /usr/include/openni2, lib: /usr/lib/aarch64-linux-gnu/libOpenNI2.so;libusb::libusb)
[3.388s] -- Found Qhull version 8.0.2
[3.718s] -- OpenNI found (version: 1.5.4.0, include: /usr/include/ni, lib: /usr/lib/libOpenNI.so;libusb::libusb)
[4.106s] -- Found eigen3_cmake_module: 0.1.1 (/opt/ros/humble/share/eigen3_cmake_module/cmake)
[4.110s] -- Ensuring Eigen3 include directory is part of orocos-kdl CMake target
[4.264s] -- Found livox_ros_driver2: 1.0.0 (/home/nvidia/luckrobot/livox_ws/install/livox_ros_driver2/share/livox_ros_driver2/cmake)
[4.309s] -- Found rosidl_default_generators: 1.2.0 (/opt/ros/humble/share/rosidl_default_generators/cmake)
[4.331s] [33mCMake Warning (dev) at CMakeLists.txt:81 (find_package):
[4.331s]   Policy CMP0074 is not set: find_package uses <PackageName>_ROOT variables.
[4.332s]   Run "cmake --help-policy CMP0074" for policy details.  Use the cmake_policy
[4.332s]   command to set the policy and suppress this warning.
[4.332s] 
[4.332s]   CMake variable PCL_ROOT is set to:
[4.332s] 
[4.332s]     /usr
[4.333s] 
[4.333s]   For compatibility, CMake is ignoring the variable.
[4.333s] This warning is for project developers.  Use -Wno-dev to suppress it.
[4.333s] [0m
[4.344s] -- PCL: /usr/include/pcl-1.12
[4.345s] [0mEigen:/usr/include/eigen3[0m
[5.045s] -- Found ament_cmake_ros: 0.10.0 (/opt/ros/humble/share/ament_cmake_ros/cmake)
[5.966s] -- Using all available rosidl_typesupport_c: rosidl_typesupport_fastrtps_c;rosidl_typesupport_introspection_c
[6.398s] -- Using all available rosidl_typesupport_cpp: rosidl_typesupport_fastrtps_cpp;rosidl_typesupport_introspection_cpp
[6.530s] -- Found python_cmake_module: 0.10.0 (/opt/ros/humble/share/python_cmake_module/cmake)
[6.637s] -- Found PythonLibs: /usr/lib/aarch64-linux-gnu/libpython3.10.so (found suitable version "3.10.12", minimum required is "3.5") 
[6.640s] -- Using PYTHON_EXECUTABLE: /usr/bin/python3
[6.640s] -- Using PYTHON_INCLUDE_DIRS: /usr/include/python3.10
[6.640s] -- Using PYTHON_LIBRARIES: /usr/lib/aarch64-linux-gnu/libpython3.10.so
[7.139s] -- Using numpy include directory: /usr/local/lib/python3.10/dist-packages/numpy/core/include
[7.278s] -- Configuring done
[7.574s] -- Generating done
[7.650s] -- Build files have been written to: /home/nvidia/luckrobot/mid360s_ws/build/fast_lio
[7.732s] Invoked command in '/home/nvidia/luckrobot/mid360s_ws/build/fast_lio' returned '0': CMAKE_PREFIX_PATH=${CMAKE_PREFIX_PATH}:/home/nvidia/luckrobot/luckrobot_ws/install/luckrobot_launch1:/home/nvidia/luckrobot/luckrobot_ws/install/keyboard_control:/opt/ros/humble /usr/bin/cmake /home/nvidia/luckrobot/mid360s_ws/src/FAST_LIO_ROS2 -DCMAKE_INSTALL_PREFIX=/home/nvidia/luckrobot/mid360s_ws/install/fast_lio
[7.733s] Invoking command in '/home/nvidia/luckrobot/mid360s_ws/build/fast_lio': CMAKE_PREFIX_PATH=${CMAKE_PREFIX_PATH}:/home/nvidia/luckrobot/luckrobot_ws/install/luckrobot_launch1:/home/nvidia/luckrobot/luckrobot_ws/install/keyboard_control:/opt/ros/humble /usr/bin/cmake --build /home/nvidia/luckrobot/mid360s_ws/build/fast_lio -- -j6 -l6
[7.867s] [35m[1mConsolidate compiler generated dependencies of target fast_lio__rosidl_generator_c[0m
[7.899s] [  2%] Built target fast_lio__cpp
[7.919s] [ 11%] Built target fast_lio__rosidl_generator_c
[7.960s] [ 11%] Built target ament_cmake_python_symlink_fast_lio
[7.969s] [35m[1mConsolidate compiler generated dependencies of target fast_lio__rosidl_typesupport_introspection_cpp[0m
[7.973s] [35m[1mConsolidate compiler generated dependencies of target fast_lio__rosidl_typesupport_fastrtps_cpp[0m
[7.982s] [35m[1mConsolidate compiler generated dependencies of target fast_lio__rosidl_typesupport_cpp[0m
[8.029s] [35m[1mConsolidate compiler generated dependencies of target fast_lio__rosidl_typesupport_fastrtps_c[0m
[8.030s] [ 20%] Built target fast_lio__rosidl_typesupport_cpp
[8.036s] [ 28%] Built target fast_lio__rosidl_typesupport_fastrtps_cpp
[8.056s] [ 37%] Built target fast_lio__rosidl_typesupport_introspection_cpp
[8.067s] [35m[1mConsolidate compiler generated dependencies of target fast_lio__rosidl_typesupport_c[0m
[8.076s] [35m[1mConsolidate compiler generated dependencies of target fast_lio__rosidl_typesupport_introspection_c[0m
[8.093s] [35m[1mConsolidate compiler generated dependencies of target fastlio_mapping[0m
[8.098s] [ 45%] Built target fast_lio__rosidl_typesupport_fastrtps_c
[8.144s] [ 54%] Built target fast_lio__rosidl_typesupport_introspection_c
[8.157s] [ 62%] Built target fast_lio__rosidl_typesupport_c
[8.254s] [ 74%] Built target fastlio_mapping
[8.256s] [ 74%] Built target fast_lio
[8.355s] [ 77%] Built target fast_lio__py
[8.381s] [35m[1mConsolidate compiler generated dependencies of target fast_lio__rosidl_generator_py[0m
[8.428s] [ 82%] Built target fast_lio__rosidl_generator_py
[8.463s] [35m[1mConsolidate compiler generated dependencies of target fast_lio__rosidl_typesupport_c__pyext[0m
[8.474s] [35m[1mConsolidate compiler generated dependencies of target fast_lio__rosidl_typesupport_introspection_c__pyext[0m
[8.502s] [35m[1mConsolidate compiler generated dependencies of target fast_lio__rosidl_typesupport_fastrtps_c__pyext[0m
[8.508s] [ 88%] Built target fast_lio__rosidl_typesupport_introspection_c__pyext
[8.516s] [ 94%] Built target fast_lio__rosidl_typesupport_c__pyext
[8.539s] [100%] Built target fast_lio__rosidl_typesupport_fastrtps_c__pyext
[9.141s] running egg_info
[9.183s] writing fast_lio.egg-info/PKG-INFO
[9.184s] writing dependency_links to fast_lio.egg-info/dependency_links.txt
[9.184s] writing top-level names to fast_lio.egg-info/top_level.txt
[9.302s] reading manifest file 'fast_lio.egg-info/SOURCES.txt'
[9.303s] writing manifest file 'fast_lio.egg-info/SOURCES.txt'
[9.455s] [100%] Built target ament_cmake_python_build_fast_lio_egg
[9.495s] Invoked command in '/home/nvidia/luckrobot/mid360s_ws/build/fast_lio' returned '0': CMAKE_PREFIX_PATH=${CMAKE_PREFIX_PATH}:/home/nvidia/luckrobot/luckrobot_ws/install/luckrobot_launch1:/home/nvidia/luckrobot/luckrobot_ws/install/keyboard_control:/opt/ros/humble /usr/bin/cmake --build /home/nvidia/luckrobot/mid360s_ws/build/fast_lio -- -j6 -l6
[9.517s] Invoking command in '/home/nvidia/luckrobot/mid360s_ws/build/fast_lio': CMAKE_PREFIX_PATH=${CMAKE_PREFIX_PATH}:/home/nvidia/luckrobot/luckrobot_ws/install/luckrobot_launch1:/home/nvidia/luckrobot/luckrobot_ws/install/keyboard_control:/opt/ros/humble /usr/bin/cmake --install /home/nvidia/luckrobot/mid360s_ws/build/fast_lio
[9.536s] -- Install configuration: "Release"
[9.537s] -- Execute custom install script
[9.538s] -- Up-to-date symlink: /home/nvidia/luckrobot/mid360s_ws/install/fast_lio/share/ament_index/resource_index/rosidl_interfaces/fast_lio
[9.539s] -- Up-to-date symlink: /home/nvidia/luckrobot/mid360s_ws/install/fast_lio/include/fast_lio/fast_lio/msg/detail/pose6_d__functions.h
[9.539s] -- Up-to-date symlink: /home/nvidia/luckrobot/mid360s_ws/install/fast_lio/include/fast_lio/fast_lio/msg/detail/pose6_d__struct.h
[9.539s] -- Up-to-date symlink: /home/nvidia/luckrobot/mid360s_ws/install/fast_lio/include/fast_lio/fast_lio/msg/detail/pose6_d__type_support.h
[9.539s] -- Up-to-date symlink: /home/nvidia/luckrobot/mid360s_ws/install/fast_lio/include/fast_lio/fast_lio/msg/pose6_d.h
[9.540s] -- Up-to-date symlink: /home/nvidia/luckrobot/mid360s_ws/install/fast_lio/include/fast_lio/fast_lio/msg/rosidl_generator_c__visibility_control.h
[9.540s] -- Up-to-date symlink: /home/nvidia/luckrobot/mid360s_ws/install/fast_lio/share/fast_lio/environment/library_path.sh
[9.540s] -- Up-to-date symlink: /home/nvidia/luckrobot/mid360s_ws/install/fast_lio/share/fast_lio/environment/library_path.dsv
[9.541s] -- Up-to-date symlink: /home/nvidia/luckrobot/mid360s_ws/install/fast_lio/include/fast_lio/fast_lio/msg/detail/pose6_d__rosidl_typesupport_fastrtps_c.h
[9.541s] -- Up-to-date symlink: /home/nvidia/luckrobot/mid360s_ws/install/fast_lio/include/fast_lio/fast_lio/msg/rosidl_typesupport_fastrtps_c__visibility_control.h
[9.542s] -- Up-to-date symlink: /home/nvidia/luckrobot/mid360s_ws/install/fast_lio/include/fast_lio/fast_lio/msg/detail/pose6_d__builder.hpp
[9.543s] -- Up-to-date symlink: /home/nvidia/luckrobot/mid360s_ws/install/fast_lio/include/fast_lio/fast_lio/msg/detail/pose6_d__struct.hpp
[9.543s] -- Up-to-date symlink: /home/nvidia/luckrobot/mid360s_ws/install/fast_lio/include/fast_lio/fast_lio/msg/detail/pose6_d__traits.hpp
[9.543s] -- Up-to-date symlink: /home/nvidia/luckrobot/mid360s_ws/install/fast_lio/include/fast_lio/fast_lio/msg/detail/pose6_d__type_support.hpp
[9.543s] -- Up-to-date symlink: /home/nvidia/luckrobot/mid360s_ws/install/fast_lio/include/fast_lio/fast_lio/msg/pose6_d.hpp
[9.543s] -- Up-to-date symlink: /home/nvidia/luckrobot/mid360s_ws/install/fast_lio/include/fast_lio/fast_lio/msg/rosidl_generator_cpp__visibility_control.hpp
[9.544s] -- Up-to-date symlink: /home/nvidia/luckrobot/mid360s_ws/install/fast_lio/include/fast_lio/fast_lio/msg/detail/pose6_d__rosidl_typesupport_fastrtps_cpp.hpp
[9.545s] -- Up-to-date symlink: /home/nvidia/luckrobot/mid360s_ws/install/fast_lio/include/fast_lio/fast_lio/msg/rosidl_typesupport_fastrtps_cpp__visibility_control.h
[9.545s] -- Up-to-date symlink: /home/nvidia/luckrobot/mid360s_ws/install/fast_lio/include/fast_lio/fast_lio/msg/detail/pose6_d__rosidl_typesupport_introspection_c.h
[9.546s] -- Up-to-date symlink: /home/nvidia/luckrobot/mid360s_ws/install/fast_lio/include/fast_lio/fast_lio/msg/rosidl_typesupport_introspection_c__visibility_control.h
[9.546s] -- Up-to-date symlink: /home/nvidia/luckrobot/mid360s_ws/install/fast_lio/include/fast_lio/fast_lio/msg/detail/pose6_d__rosidl_typesupport_introspection_cpp.hpp
[9.547s] -- Up-to-date symlink: /home/nvidia/luckrobot/mid360s_ws/install/fast_lio/share/fast_lio/environment/pythonpath.sh
[9.547s] -- Up-to-date symlink: /home/nvidia/luckrobot/mid360s_ws/install/fast_lio/share/fast_lio/environment/pythonpath.dsv
[9.548s] -- Up-to-date symlink: /home/nvidia/luckrobot/mid360s_ws/install/fast_lio/local/lib/python3.10/dist-packages/fast_lio-0.0.0-py3.10.egg-info/PKG-INFO
[9.548s] -- Up-to-date symlink: /home/nvidia/luckrobot/mid360s_ws/install/fast_lio/local/lib/python3.10/dist-packages/fast_lio-0.0.0-py3.10.egg-info/SOURCES.txt
[9.548s] -- Up-to-date symlink: /home/nvidia/luckrobot/mid360s_ws/install/fast_lio/local/lib/python3.10/dist-packages/fast_lio-0.0.0-py3.10.egg-info/dependency_links.txt
[9.548s] -- Up-to-date symlink: /home/nvidia/luckrobot/mid360s_ws/install/fast_lio/local/lib/python3.10/dist-packages/fast_lio-0.0.0-py3.10.egg-info/top_level.txt
[9.550s] -- Up-to-date symlink: /home/nvidia/luckrobot/mid360s_ws/install/fast_lio/local/lib/python3.10/dist-packages/fast_lio/__init__.py
[9.550s] -- Up-to-date symlink: /home/nvidia/luckrobot/mid360s_ws/install/fast_lio/local/lib/python3.10/dist-packages/fast_lio/_fast_lio_s.ep.rosidl_typesupport_c.c
[9.550s] -- Up-to-date symlink: /home/nvidia/luckrobot/mid360s_ws/install/fast_lio/local/lib/python3.10/dist-packages/fast_lio/_fast_lio_s.ep.rosidl_typesupport_fastrtps_c.c
[9.551s] -- Up-to-date symlink: /home/nvidia/luckrobot/mid360s_ws/install/fast_lio/local/lib/python3.10/dist-packages/fast_lio/_fast_lio_s.ep.rosidl_typesupport_introspection_c.c
[9.551s] -- Up-to-date symlink: /home/nvidia/luckrobot/mid360s_ws/install/fast_lio/local/lib/python3.10/dist-packages/fast_lio/fast_lio_s__rosidl_typesupport_c.cpython-310-aarch64-linux-gnu.so
[9.551s] -- Up-to-date symlink: /home/nvidia/luckrobot/mid360s_ws/install/fast_lio/local/lib/python3.10/dist-packages/fast_lio/fast_lio_s__rosidl_typesupport_fastrtps_c.cpython-310-aarch64-linux-gnu.so
[9.551s] -- Up-to-date symlink: /home/nvidia/luckrobot/mid360s_ws/install/fast_lio/local/lib/python3.10/dist-packages/fast_lio/fast_lio_s__rosidl_typesupport_introspection_c.cpython-310-aarch64-linux-gnu.so
[9.556s] -- Up-to-date symlink: /home/nvidia/luckrobot/mid360s_ws/install/fast_lio/local/lib/python3.10/dist-packages/fast_lio/libfast_lio__rosidl_generator_py.so
[9.557s] -- Up-to-date symlink: /home/nvidia/luckrobot/mid360s_ws/install/fast_lio/local/lib/python3.10/dist-packages/fast_lio/msg/__init__.py
[9.557s] -- Up-to-date symlink: /home/nvidia/luckrobot/mid360s_ws/install/fast_lio/local/lib/python3.10/dist-packages/fast_lio/msg/_pose6_d.py
[9.557s] -- Up-to-date symlink: /home/nvidia/luckrobot/mid360s_ws/install/fast_lio/local/lib/python3.10/dist-packages/fast_lio/msg/_pose6_d_s.c
[9.557s] -- Up-to-date symlink: /home/nvidia/luckrobot/mid360s_ws/install/fast_lio/local/lib/python3.10/dist-packages/fast_lio/fast_lio_s__rosidl_typesupport_fastrtps_c.cpython-310-aarch64-linux-gnu.so
[9.558s] -- Up-to-date symlink: /home/nvidia/luckrobot/mid360s_ws/install/fast_lio/local/lib/python3.10/dist-packages/fast_lio/fast_lio_s__rosidl_typesupport_introspection_c.cpython-310-aarch64-linux-gnu.so
[9.558s] -- Up-to-date symlink: /home/nvidia/luckrobot/mid360s_ws/install/fast_lio/local/lib/python3.10/dist-packages/fast_lio/fast_lio_s__rosidl_typesupport_c.cpython-310-aarch64-linux-gnu.so
[9.559s] -- Up-to-date symlink: /home/nvidia/luckrobot/mid360s_ws/install/fast_lio/share/fast_lio/msg/Pose6D.idl
[9.559s] -- Up-to-date symlink: /home/nvidia/luckrobot/mid360s_ws/install/fast_lio/share/fast_lio/msg/Pose6D.msg
[9.559s] -- Up-to-date symlink: /home/nvidia/luckrobot/mid360s_ws/install/fast_lio/lib/fast_lio/fastlio_mapping
[9.560s] -- Up-to-date symlink: /home/nvidia/luckrobot/mid360s_ws/install/fast_lio/share/fast_lio/config/avia.yaml
[9.560s] -- Up-to-date symlink: /home/nvidia/luckrobot/mid360s_ws/install/fast_lio/share/fast_lio/config/horizon.yaml
[9.560s] -- Up-to-date symlink: /home/nvidia/luckrobot/mid360s_ws/install/fast_lio/share/fast_lio/config/mid360.yaml
[9.560s] -- Up-to-date symlink: /home/nvidia/luckrobot/mid360s_ws/install/fast_lio/share/fast_lio/config/ouster64.yaml
[9.560s] -- Up-to-date symlink: /home/nvidia/luckrobot/mid360s_ws/install/fast_lio/share/fast_lio/config/velodyne.yaml
[9.561s] -- Up-to-date symlink: /home/nvidia/luckrobot/mid360s_ws/install/fast_lio/share/fast_lio/launch/gdb_debug_example.launch
[9.561s] -- Up-to-date symlink: /home/nvidia/luckrobot/mid360s_ws/install/fast_lio/share/fast_lio/launch/mapping.launch.py
[9.561s] -- Up-to-date symlink: /home/nvidia/luckrobot/mid360s_ws/install/fast_lio/share/fast_lio/rviz/fastlio.rviz
[9.561s] -- Up-to-date symlink: /home/nvidia/luckrobot/mid360s_ws/install/fast_lio/share/ament_index/resource_index/package_run_dependencies/fast_lio
[9.561s] -- Up-to-date symlink: /home/nvidia/luckrobot/mid360s_ws/install/fast_lio/share/ament_index/resource_index/parent_prefix_path/fast_lio
[9.562s] -- Up-to-date symlink: /home/nvidia/luckrobot/mid360s_ws/install/fast_lio/share/fast_lio/environment/ament_prefix_path.sh
[9.562s] -- Up-to-date symlink: /home/nvidia/luckrobot/mid360s_ws/install/fast_lio/share/fast_lio/environment/ament_prefix_path.dsv
[9.562s] -- Up-to-date symlink: /home/nvidia/luckrobot/mid360s_ws/install/fast_lio/share/fast_lio/environment/path.sh
[9.562s] -- Up-to-date symlink: /home/nvidia/luckrobot/mid360s_ws/install/fast_lio/share/fast_lio/environment/path.dsv
[9.562s] -- Up-to-date symlink: /home/nvidia/luckrobot/mid360s_ws/install/fast_lio/share/fast_lio/local_setup.bash
[9.562s] -- Up-to-date symlink: /home/nvidia/luckrobot/mid360s_ws/install/fast_lio/share/fast_lio/local_setup.sh
[9.562s] -- Up-to-date symlink: /home/nvidia/luckrobot/mid360s_ws/install/fast_lio/share/fast_lio/local_setup.zsh
[9.563s] -- Up-to-date symlink: /home/nvidia/luckrobot/mid360s_ws/install/fast_lio/share/fast_lio/local_setup.dsv
[9.563s] -- Symlinking: /home/nvidia/luckrobot/mid360s_ws/install/fast_lio/share/fast_lio/package.dsv
[9.590s] -- Up-to-date symlink: /home/nvidia/luckrobot/mid360s_ws/install/fast_lio/share/ament_index/resource_index/packages/fast_lio
[9.591s] -- Up-to-date symlink: /home/nvidia/luckrobot/mid360s_ws/install/fast_lio/share/fast_lio/cmake/rosidl_cmake-extras.cmake
[9.591s] -- Up-to-date symlink: /home/nvidia/luckrobot/mid360s_ws/install/fast_lio/share/fast_lio/cmake/ament_cmake_export_include_directories-extras.cmake
[9.591s] -- Up-to-date symlink: /home/nvidia/luckrobot/mid360s_ws/install/fast_lio/share/fast_lio/cmake/ament_cmake_export_libraries-extras.cmake
[9.601s] -- Up-to-date symlink: /home/nvidia/luckrobot/mid360s_ws/install/fast_lio/share/fast_lio/cmake/ament_cmake_export_targets-extras.cmake
[9.602s] -- Up-to-date symlink: /home/nvidia/luckrobot/mid360s_ws/install/fast_lio/share/fast_lio/cmake/rosidl_cmake_export_typesupport_targets-extras.cmake
[9.602s] -- Up-to-date symlink: /home/nvidia/luckrobot/mid360s_ws/install/fast_lio/share/fast_lio/cmake/ament_cmake_export_dependencies-extras.cmake
[9.602s] -- Up-to-date symlink: /home/nvidia/luckrobot/mid360s_ws/install/fast_lio/share/fast_lio/cmake/rosidl_cmake_export_typesupport_libraries-extras.cmake
[9.602s] -- Up-to-date symlink: /home/nvidia/luckrobot/mid360s_ws/install/fast_lio/share/fast_lio/cmake/fast_lioConfig.cmake
[9.602s] -- Up-to-date symlink: /home/nvidia/luckrobot/mid360s_ws/install/fast_lio/share/fast_lio/cmake/fast_lioConfig-version.cmake
[9.603s] -- Up-to-date symlink: /home/nvidia/luckrobot/mid360s_ws/install/fast_lio/share/fast_lio/package.xml
[9.603s] -- Up-to-date: /home/nvidia/luckrobot/mid360s_ws/install/fast_lio/lib/libfast_lio__rosidl_generator_c.so
[9.603s] -- Up-to-date: /home/nvidia/luckrobot/mid360s_ws/install/fast_lio/lib/libfast_lio__rosidl_typesupport_fastrtps_c.so
[9.603s] -- Up-to-date: /home/nvidia/luckrobot/mid360s_ws/install/fast_lio/lib/libfast_lio__rosidl_typesupport_fastrtps_cpp.so
[9.603s] -- Up-to-date: /home/nvidia/luckrobot/mid360s_ws/install/fast_lio/lib/libfast_lio__rosidl_typesupport_introspection_c.so
[9.603s] -- Up-to-date: /home/nvidia/luckrobot/mid360s_ws/install/fast_lio/lib/libfast_lio__rosidl_typesupport_c.so
[9.604s] -- Up-to-date: /home/nvidia/luckrobot/mid360s_ws/install/fast_lio/lib/libfast_lio__rosidl_typesupport_introspection_cpp.so
[9.604s] -- Up-to-date: /home/nvidia/luckrobot/mid360s_ws/install/fast_lio/lib/libfast_lio__rosidl_typesupport_cpp.so
[9.693s] Listing '/home/nvidia/luckrobot/mid360s_ws/install/fast_lio/local/lib/python3.10/dist-packages/fast_lio'...
[9.694s] Compiling '/home/nvidia/luckrobot/mid360s_ws/install/fast_lio/local/lib/python3.10/dist-packages/fast_lio/__init__.py'...
[9.694s] Listing '/home/nvidia/luckrobot/mid360s_ws/install/fast_lio/local/lib/python3.10/dist-packages/fast_lio/msg'...
[9.712s] -- Up-to-date: /home/nvidia/luckrobot/mid360s_ws/install/fast_lio/lib/libfast_lio__rosidl_generator_py.so
[9.712s] -- Up-to-date: /home/nvidia/luckrobot/mid360s_ws/install/fast_lio/share/fast_lio/cmake/export_fast_lio__rosidl_generator_cExport.cmake
[9.713s] -- Up-to-date: /home/nvidia/luckrobot/mid360s_ws/install/fast_lio/share/fast_lio/cmake/export_fast_lio__rosidl_generator_cExport-release.cmake
[9.713s] -- Up-to-date: /home/nvidia/luckrobot/mid360s_ws/install/fast_lio/share/fast_lio/cmake/export_fast_lio__rosidl_typesupport_fastrtps_cExport.cmake
[9.713s] -- Up-to-date: /home/nvidia/luckrobot/mid360s_ws/install/fast_lio/share/fast_lio/cmake/export_fast_lio__rosidl_typesupport_fastrtps_cExport-release.cmake
[9.713s] -- Up-to-date: /home/nvidia/luckrobot/mid360s_ws/install/fast_lio/share/fast_lio/cmake/export_fast_lio__rosidl_generator_cppExport.cmake
[9.713s] -- Up-to-date: /home/nvidia/luckrobot/mid360s_ws/install/fast_lio/share/fast_lio/cmake/export_fast_lio__rosidl_typesupport_fastrtps_cppExport.cmake
[9.714s] -- Up-to-date: /home/nvidia/luckrobot/mid360s_ws/install/fast_lio/share/fast_lio/cmake/export_fast_lio__rosidl_typesupport_fastrtps_cppExport-release.cmake
[9.714s] -- Up-to-date: /home/nvidia/luckrobot/mid360s_ws/install/fast_lio/share/fast_lio/cmake/fast_lio__rosidl_typesupport_introspection_cExport.cmake
[9.714s] -- Up-to-date: /home/nvidia/luckrobot/mid360s_ws/install/fast_lio/share/fast_lio/cmake/fast_lio__rosidl_typesupport_introspection_cExport-release.cmake
[9.714s] -- Up-to-date: /home/nvidia/luckrobot/mid360s_ws/install/fast_lio/share/fast_lio/cmake/fast_lio__rosidl_typesupport_cExport.cmake
[9.714s] -- Up-to-date: /home/nvidia/luckrobot/mid360s_ws/install/fast_lio/share/fast_lio/cmake/fast_lio__rosidl_typesupport_cExport-release.cmake
[9.714s] -- Up-to-date: /home/nvidia/luckrobot/mid360s_ws/install/fast_lio/share/fast_lio/cmake/fast_lio__rosidl_typesupport_introspection_cppExport.cmake
[9.714s] -- Up-to-date: /home/nvidia/luckrobot/mid360s_ws/install/fast_lio/share/fast_lio/cmake/fast_lio__rosidl_typesupport_introspection_cppExport-release.cmake
[9.715s] -- Up-to-date: /home/nvidia/luckrobot/mid360s_ws/install/fast_lio/share/fast_lio/cmake/fast_lio__rosidl_typesupport_cppExport.cmake
[9.715s] -- Up-to-date: /home/nvidia/luckrobot/mid360s_ws/install/fast_lio/share/fast_lio/cmake/fast_lio__rosidl_typesupport_cppExport-release.cmake
[9.715s] -- Up-to-date: /home/nvidia/luckrobot/mid360s_ws/install/fast_lio/share/fast_lio/cmake/export_fast_lio__rosidl_generator_pyExport.cmake
[9.715s] -- Up-to-date: /home/nvidia/luckrobot/mid360s_ws/install/fast_lio/share/fast_lio/cmake/export_fast_lio__rosidl_generator_pyExport-release.cmake
[9.721s] Invoked command in '/home/nvidia/luckrobot/mid360s_ws/build/fast_lio' returned '0': CMAKE_PREFIX_PATH=${CMAKE_PREFIX_PATH}:/home/nvidia/luckrobot/luckrobot_ws/install/luckrobot_launch1:/home/nvidia/luckrobot/luckrobot_ws/install/keyboard_control:/opt/ros/humble /usr/bin/cmake --install /home/nvidia/luckrobot/mid360s_ws/build/fast_lio
