[0.025s] Invoking command in '/home/nvidia/luckrobot/fastlio_localization/build/fast_lio': CMAKE_PREFIX_PATH=${CMAKE_PREFIX_PATH}:/home/nvidia/luckrobot/luckrobot_ws/install/luckrobot_launch1:/home/nvidia/luckrobot/luckrobot_ws/install/keyboard_control:/opt/ros/humble /usr/bin/cmake /home/nvidia/luckrobot/fastlio_localization/src/FAST_LIO_LOCALIZATION_HUMANOID/FAST_LIO -DCMAKE_BUILD_TYPE=Release -DCMAKE_INSTALL_PREFIX=/home/nvidia/luckrobot/fastlio_localization/install/fast_lio
[0.131s] -- The C compiler identification is GNU 11.4.0
[0.237s] -- The CXX compiler identification is GNU 11.4.0
[0.257s] -- Detecting C compiler ABI info
[0.406s] -- Detecting C compiler ABI info - done
[0.430s] -- Check for working C compiler: /usr/bin/cc - skipped
[0.432s] -- Detecting C compile features
[0.434s] -- Detecting C compile features - done
[0.445s] -- Detecting CXX compiler ABI info
[0.599s] -- Detecting CXX compiler ABI info - done
[0.625s] -- Check for working CXX compiler: /usr/bin/c++ - skipped
[0.626s] -- Detecting CXX compile features
[0.627s] -- Detecting CXX compile features - done
[0.630s] [0mCurrent CPU archtecture: aarch64[0m
[1.317s] -- Found PythonLibs: /usr/lib/aarch64-linux-gnu/libpython3.10.so (found version "3.10.12") 
[1.322s] -- Found ament_cmake: 1.3.13 (/opt/ros/humble/share/ament_cmake/cmake)
[1.633s] -- Found Python3: /usr/bin/python3 (found version "3.10.12") found components: Interpreter 
[1.831s] -- Found rclcpp: 16.0.18 (/opt/ros/humble/share/rclcpp/cmake)
[1.905s] -- Found rosidl_generator_c: 3.1.8 (/opt/ros/humble/share/rosidl_generator_c/cmake)
[1.915s] -- Found rosidl_adapter: 3.1.8 (/opt/ros/humble/share/rosidl_adapter/cmake)
[1.931s] -- Found rosidl_generator_cpp: 3.1.8 (/opt/ros/humble/share/rosidl_generator_cpp/cmake)
[1.953s] -- Using all available rosidl_typesupport_c: rosidl_typesupport_fastrtps_c;rosidl_typesupport_introspection_c
[1.984s] -- Using all available rosidl_typesupport_cpp: rosidl_typesupport_fastrtps_cpp;rosidl_typesupport_introspection_cpp
[2.067s] -- Found rmw_implementation_cmake: 6.1.2 (/opt/ros/humble/share/rmw_implementation_cmake/cmake)
[2.073s] -- Found rmw_fastrtps_cpp: 6.2.10 (/opt/ros/humble/share/rmw_fastrtps_cpp/cmake)
[2.227s] -- Found OpenSSL: /usr/lib/aarch64-linux-gnu/libcrypto.so (found version "3.0.2")  
[2.275s] -- Found FastRTPS: /opt/ros/humble/include  
[2.349s] -- Using RMW implementation 'rmw_fastrtps_cpp' as default
[2.366s] -- Looking for pthread.h
[2.504s] -- Looking for pthread.h - found
[2.505s] -- Performing Test CMAKE_HAVE_LIBC_PTHREAD
[2.651s] -- Performing Test CMAKE_HAVE_LIBC_PTHREAD - Success
[2.653s] -- Found Threads: TRUE  
[2.777s] -- Found rclcpp_components: 16.0.18 (/opt/ros/humble/share/rclcpp_components/cmake)
[2.828s] -- Found geometry_msgs: 4.9.1 (/opt/ros/humble/share/geometry_msgs/cmake)
[2.852s] -- Found nav_msgs: 4.9.1 (/opt/ros/humble/share/nav_msgs/cmake)
[2.884s] -- Found sensor_msgs: 4.9.1 (/opt/ros/humble/share/sensor_msgs/cmake)
[2.915s] -- Found std_srvs: 4.9.1 (/opt/ros/humble/share/std_srvs/cmake)
[2.932s] -- Found visualization_msgs: 4.9.1 (/opt/ros/humble/share/visualization_msgs/cmake)
[2.966s] -- Found pcl_ros: 2.4.5 (/opt/ros/humble/share/pcl_ros/cmake)
[3.043s] -- Checking for module 'eigen3'
[3.063s] --   Found eigen3, version 3.4.0
[3.119s] -- Found Eigen: /usr/include/eigen3 (Required is at least version "3.1") 
[3.120s] -- Eigen found (include: /usr/include/eigen3, version: 3.4.0)
[3.194s] -- Checking for module 'flann'
[3.217s] --   Found flann, version 1.9.1
[3.298s] -- Found FLANN: /usr/lib/aarch64-linux-gnu/libflann_cpp.so  
[3.298s] -- FLANN found (include: /usr/include, lib: /usr/lib/aarch64-linux-gnu/libflann_cpp.so)
[5.106s] -- Checking for module 'libusb-1.0'
[5.128s] --   Found libusb-1.0, version 1.0.25
[5.195s] -- Found libusb: /usr/lib/aarch64-linux-gnu/libusb-1.0.so  
[5.198s] -- OpenNI found (version: 1.5.4.0, include: /usr/include/ni, lib: /usr/lib/libOpenNI.so;libusb::libusb)
[5.304s] -- OpenNI2 found (version: 2.2.0.33, include: /usr/include/openni2, lib: /usr/lib/aarch64-linux-gnu/libOpenNI2.so;libusb::libusb)
[5.562s] -- Eigen found (include: /usr/include/eigen3, version: 3.4.0)
[5.572s] -- OpenNI found (version: 1.5.4.0, include: /usr/include/ni, lib: /usr/lib/libOpenNI.so;libusb::libusb)
[5.582s] -- OpenNI2 found (version: 2.2.0.33, include: /usr/include/openni2, lib: /usr/lib/aarch64-linux-gnu/libOpenNI2.so;libusb::libusb)
[5.825s] -- Found Qhull version 8.0.2
[6.070s] -- OpenNI found (version: 1.5.4.0, include: /usr/include/ni, lib: /usr/lib/libOpenNI.so;libusb::libusb)
[6.308s] -- Found PCL_COMMON: /usr/lib/aarch64-linux-gnu/libpcl_common.so  
[6.309s] -- Found PCL_KDTREE: /usr/lib/aarch64-linux-gnu/libpcl_kdtree.so  
[6.310s] -- Found PCL_OCTREE: /usr/lib/aarch64-linux-gnu/libpcl_octree.so  
[6.311s] -- Found PCL_SEARCH: /usr/lib/aarch64-linux-gnu/libpcl_search.so  
[6.313s] -- Found PCL_SAMPLE_CONSENSUS: /usr/lib/aarch64-linux-gnu/libpcl_sample_consensus.so  
[6.314s] -- Found PCL_FILTERS: /usr/lib/aarch64-linux-gnu/libpcl_filters.so  
[6.315s] -- Found PCL_2D: /usr/include/pcl-1.12  
[6.315s] -- Found PCL_GEOMETRY: /usr/include/pcl-1.12  
[6.317s] -- Found PCL_IO: /usr/lib/aarch64-linux-gnu/libpcl_io.so  
[6.318s] -- Found PCL_FEATURES: /usr/lib/aarch64-linux-gnu/libpcl_features.so  
[6.320s] -- Found PCL_ML: /usr/lib/aarch64-linux-gnu/libpcl_ml.so  
[6.321s] -- Found PCL_SEGMENTATION: /usr/lib/aarch64-linux-gnu/libpcl_segmentation.so  
[6.323s] -- Found PCL_VISUALIZATION: /usr/lib/aarch64-linux-gnu/libpcl_visualization.so  
[6.324s] -- Found PCL_SURFACE: /usr/lib/aarch64-linux-gnu/libpcl_surface.so  
[6.326s] -- Found PCL_REGISTRATION: /usr/lib/aarch64-linux-gnu/libpcl_registration.so  
[6.327s] -- Found PCL_KEYPOINTS: /usr/lib/aarch64-linux-gnu/libpcl_keypoints.so  
[6.329s] -- Found PCL_TRACKING: /usr/lib/aarch64-linux-gnu/libpcl_tracking.so  
[6.330s] -- Found PCL_RECOGNITION: /usr/lib/aarch64-linux-gnu/libpcl_recognition.so  
[6.332s] -- Found PCL_STEREO: /usr/lib/aarch64-linux-gnu/libpcl_stereo.so  
[6.333s] -- Found PCL_APPS: /usr/lib/aarch64-linux-gnu/libpcl_apps.so  
[6.335s] -- Found PCL_IN_HAND_SCANNER: /usr/include/pcl-1.12  
[6.335s] -- Found PCL_MODELER: /usr/include/pcl-1.12  
[6.336s] -- Found PCL_POINT_CLOUD_EDITOR: /usr/include/pcl-1.12  
[6.337s] -- Found PCL_OUTOFCORE: /usr/lib/aarch64-linux-gnu/libpcl_outofcore.so  
[6.339s] -- Found PCL_PEOPLE: /usr/lib/aarch64-linux-gnu/libpcl_people.so  
[6.392s] -- Found eigen3_cmake_module: 0.1.1 (/opt/ros/humble/share/eigen3_cmake_module/cmake)
[6.395s] -- Found Eigen3: TRUE (found version "3.4.0") 
[6.395s] -- Ensuring Eigen3 include directory is part of orocos-kdl CMake target
[6.524s] -- Found livox_ros_driver2: 1.0.0 (/home/nvidia/luckrobot/livox_ws/install/livox_ros_driver2/share/livox_ros_driver2/cmake)
[6.564s] -- Found rosidl_default_generators: 1.2.0 (/opt/ros/humble/share/rosidl_default_generators/cmake)
[6.585s] [33mCMake Warning (dev) at CMakeLists.txt:89 (find_package):
[6.585s]   Policy CMP0074 is not set: find_package uses <PackageName>_ROOT variables.
[6.585s]   Run "cmake --help-policy CMP0074" for policy details.  Use the cmake_policy
[6.585s]   command to set the policy and suppress this warning.
[6.585s] 
[6.586s]   CMake variable PCL_ROOT is set to:
[6.586s] 
[6.586s]     /usr
[6.586s] 
[6.586s]   For compatibility, CMake is ignoring the variable.
[6.586s] This warning is for project developers.  Use -Wno-dev to suppress it.
[6.586s] [0m
[6.598s] [0mEigen:/usr/include/eigen3[0m
[6.599s] -- PCL: /usr/include/pcl-1.12
[7.153s] -- Found ament_cmake_ros: 0.10.0 (/opt/ros/humble/share/ament_cmake_ros/cmake)
[7.811s] -- Using all available rosidl_typesupport_c: rosidl_typesupport_fastrtps_c;rosidl_typesupport_introspection_c
[8.047s] -- Using all available rosidl_typesupport_cpp: rosidl_typesupport_fastrtps_cpp;rosidl_typesupport_introspection_cpp
[8.094s] -- Found PythonInterp: /usr/bin/python3 (found suitable version "3.10.12", minimum required is "3.6") 
[8.098s] -- Found python_cmake_module: 0.10.0 (/opt/ros/humble/share/python_cmake_module/cmake)
[8.149s] -- Found PythonLibs: /usr/lib/aarch64-linux-gnu/libpython3.10.so (found suitable version "3.10.12", minimum required is "3.5") 
[8.149s] -- Using PYTHON_EXECUTABLE: /usr/bin/python3
[8.149s] -- Using PYTHON_INCLUDE_DIRS: /usr/include/python3.10
[8.150s] -- Using PYTHON_LIBRARIES: /usr/lib/aarch64-linux-gnu/libpython3.10.so
[8.196s] -- Found PythonExtra: .so  
[8.551s] -- Using numpy include directory: /usr/local/lib/python3.10/dist-packages/numpy/core/include
[8.602s] -- Configuring done
[8.744s] -- Generating done
[8.784s] -- Build files have been written to: /home/nvidia/luckrobot/fastlio_localization/build/fast_lio
[8.845s] Invoked command in '/home/nvidia/luckrobot/fastlio_localization/build/fast_lio' returned '0': CMAKE_PREFIX_PATH=${CMAKE_PREFIX_PATH}:/home/nvidia/luckrobot/luckrobot_ws/install/luckrobot_launch1:/home/nvidia/luckrobot/luckrobot_ws/install/keyboard_control:/opt/ros/humble /usr/bin/cmake /home/nvidia/luckrobot/fastlio_localization/src/FAST_LIO_LOCALIZATION_HUMANOID/FAST_LIO -DCMAKE_BUILD_TYPE=Release -DCMAKE_INSTALL_PREFIX=/home/nvidia/luckrobot/fastlio_localization/install/fast_lio
[8.848s] Invoking command in '/home/nvidia/luckrobot/fastlio_localization/build/fast_lio': CMAKE_PREFIX_PATH=${CMAKE_PREFIX_PATH}:/home/nvidia/luckrobot/luckrobot_ws/install/luckrobot_launch1:/home/nvidia/luckrobot/luckrobot_ws/install/keyboard_control:/opt/ros/humble /usr/bin/cmake --build /home/nvidia/luckrobot/fastlio_localization/build/fast_lio -- -j6 -l6
[8.931s] [  2%] [34m[1mGenerating C code for ROS interfaces[0m
[8.950s] [  5%] [34m[1mGenerating C++ code for ROS interfaces[0m
[8.968s] [  5%] Built target ament_cmake_python_copy_fast_lio
[9.486s] running egg_info
[9.488s] creating fast_lio.egg-info
[9.488s] writing fast_lio.egg-info/PKG-INFO
[9.489s] writing dependency_links to fast_lio.egg-info/dependency_links.txt
[9.489s] writing top-level names to fast_lio.egg-info/top_level.txt
[9.490s] writing manifest file 'fast_lio.egg-info/SOURCES.txt'
[9.495s] reading manifest file 'fast_lio.egg-info/SOURCES.txt'
[9.496s] writing manifest file 'fast_lio.egg-info/SOURCES.txt'
[9.591s] [  5%] Built target ament_cmake_python_build_fast_lio_egg
[9.599s] [  8%] [32mBuilding C object CMakeFiles/fast_lio__rosidl_generator_c.dir/rosidl_generator_c/fast_lio/msg/detail/pose6_d__functions.c.o[0m
[9.604s] [  8%] Built target fast_lio__cpp
[9.625s] [ 17%] [34m[1mGenerating C++ type support for eProsima Fast-RTPS[0m
[9.625s] [ 17%] [34m[1mGenerating C++ introspection for ROS interfaces[0m
[9.625s] [ 17%] [34m[1mGenerating C++ type support dispatch for ROS interfaces[0m
[9.829s] [ 20%] [32m[1mLinking C shared library libfast_lio__rosidl_generator_c.so[0m
[9.905s] [ 20%] Built target fast_lio__rosidl_generator_c
[9.932s] [ 22%] [34m[1mGenerating C introspection for ROS interfaces[0m
[9.959s] [ 25%] [34m[1mGenerating C type support for eProsima Fast-RTPS[0m
[9.959s] [ 28%] [34m[1mGenerating C type support dispatch for ROS interfaces[0m
[10.287s] [ 31%] [32mBuilding CXX object CMakeFiles/fast_lio__rosidl_typesupport_cpp.dir/rosidl_typesupport_cpp/fast_lio/msg/pose6_d__type_support.cpp.o[0m
[10.440s] [ 34%] [32mBuilding CXX object CMakeFiles/fast_lio__rosidl_typesupport_introspection_cpp.dir/rosidl_typesupport_introspection_cpp/fast_lio/msg/detail/pose6_d__type_support.cpp.o[0m
[10.651s] [ 37%] [32mBuilding CXX object CMakeFiles/fast_lio__rosidl_typesupport_c.dir/rosidl_typesupport_c/fast_lio/msg/pose6_d__type_support.cpp.o[0m
[10.654s] [ 40%] [32mBuilding CXX object CMakeFiles/fast_lio__rosidl_typesupport_fastrtps_cpp.dir/rosidl_typesupport_fastrtps_cpp/fast_lio/msg/detail/dds_fastrtps/pose6_d__type_support.cpp.o[0m
[10.752s] [ 42%] [32mBuilding CXX object CMakeFiles/fast_lio__rosidl_typesupport_fastrtps_c.dir/rosidl_typesupport_fastrtps_c/fast_lio/msg/detail/pose6_d__type_support_c.cpp.o[0m
[10.755s] [ 45%] [32m[1mLinking CXX shared library libfast_lio__rosidl_typesupport_c.so[0m
[10.796s] [ 48%] [32mBuilding C object CMakeFiles/fast_lio__rosidl_typesupport_introspection_c.dir/rosidl_typesupport_introspection_c/fast_lio/msg/detail/pose6_d__type_support.c.o[0m
[10.905s] [ 48%] Built target fast_lio__rosidl_typesupport_c
[10.976s] [ 51%] [32m[1mLinking CXX shared library libfast_lio__rosidl_typesupport_cpp.so[0m
[11.010s] [ 54%] [32m[1mLinking C shared library libfast_lio__rosidl_typesupport_introspection_c.so[0m
[11.097s] [ 54%] Built target fast_lio__rosidl_typesupport_cpp
[11.120s] [ 54%] Built target fast_lio__rosidl_typesupport_introspection_c
[11.159s] [ 57%] [32mBuilding CXX object CMakeFiles/fastlio_mapping.dir/src/laserMapping.cpp.o[0m
[11.205s] [ 60%] [32mBuilding CXX object CMakeFiles/fastlio_mapping.dir/include/ikd-Tree/ikd_Tree.cpp.o[0m
[11.219s] [ 62%] [32mBuilding CXX object CMakeFiles/fastlio_mapping.dir/src/preprocess.cpp.o[0m
[11.557s] [ 65%] [32m[1mLinking CXX shared library libfast_lio__rosidl_typesupport_fastrtps_c.so[0m
[11.656s] [ 68%] [32m[1mLinking CXX shared library libfast_lio__rosidl_typesupport_introspection_cpp.so[0m
[11.666s] [ 71%] [32m[1mLinking CXX shared library libfast_lio__rosidl_typesupport_fastrtps_cpp.so[0m
[11.810s] [ 71%] Built target fast_lio__rosidl_typesupport_fastrtps_c
[11.824s] [ 71%] Built target fast_lio__rosidl_typesupport_introspection_cpp
[11.880s] [ 71%] Built target fast_lio__rosidl_typesupport_fastrtps_cpp
[11.923s] [ 71%] Built target fast_lio
[11.966s] [ 74%] [34m[1mGenerating Python code for ROS interfaces[0m
[12.880s] [ 74%] Built target fast_lio__py
[12.925s] [ 77%] [32mBuilding C object CMakeFiles/fast_lio__rosidl_generator_py.dir/rosidl_generator_py/fast_lio/msg/_pose6_d_s.c.o[0m
[13.240s] [ 80%] [32m[1mLinking C shared library rosidl_generator_py/fast_lio/libfast_lio__rosidl_generator_py.so[0m
[13.321s] [ 80%] Built target fast_lio__rosidl_generator_py
[13.368s] [ 82%] [32mBuilding C object CMakeFiles/fast_lio__rosidl_typesupport_fastrtps_c__pyext.dir/rosidl_generator_py/fast_lio/_fast_lio_s.ep.rosidl_typesupport_fastrtps_c.c.o[0m
[13.440s] [ 85%] [32mBuilding C object CMakeFiles/fast_lio__rosidl_typesupport_introspection_c__pyext.dir/rosidl_generator_py/fast_lio/_fast_lio_s.ep.rosidl_typesupport_introspection_c.c.o[0m
[13.468s] [ 88%] [32mBuilding C object CMakeFiles/fast_lio__rosidl_typesupport_c__pyext.dir/rosidl_generator_py/fast_lio/_fast_lio_s.ep.rosidl_typesupport_c.c.o[0m
[13.645s] [ 91%] [32m[1mLinking C shared library rosidl_generator_py/fast_lio/fast_lio_s__rosidl_typesupport_fastrtps_c.cpython-310-aarch64-linux-gnu.so[0m
[13.680s] [ 94%] [32m[1mLinking C shared library rosidl_generator_py/fast_lio/fast_lio_s__rosidl_typesupport_introspection_c.cpython-310-aarch64-linux-gnu.so[0m
[13.754s] [ 94%] Built target fast_lio__rosidl_typesupport_fastrtps_c__pyext
[13.769s] [ 97%] [32m[1mLinking C shared library rosidl_generator_py/fast_lio/fast_lio_s__rosidl_typesupport_c.cpython-310-aarch64-linux-gnu.so[0m
[13.798s] [ 97%] Built target fast_lio__rosidl_typesupport_introspection_c__pyext
[13.835s] [ 97%] Built target fast_lio__rosidl_typesupport_c__pyext
[25.194s] In file included from [01m[K/usr/include/boost/smart_ptr/detail/sp_thread_sleep.hpp:22[m[K,
[25.194s]                  from [01m[K/usr/include/boost/smart_ptr/detail/yield_k.hpp:23[m[K,
[25.194s]                  from [01m[K/usr/include/boost/smart_ptr/detail/spinlock_gcc_atomic.hpp:14[m[K,
[25.194s]                  from [01m[K/usr/include/boost/smart_ptr/detail/spinlock.hpp:42[m[K,
[25.194s]                  from [01m[K/usr/include/boost/smart_ptr/detail/spinlock_pool.hpp:25[m[K,
[25.194s]                  from [01m[K/usr/include/boost/smart_ptr/shared_ptr.hpp:29[m[K,
[25.194s]                  from [01m[K/usr/include/boost/shared_ptr.hpp:17[m[K,
[25.194s]                  from [01m[K/usr/include/boost/date_time/microsec_time_clock.hpp:18[m[K,
[25.195s]                  from [01m[K/usr/include/boost/interprocess/detail/posix_time_types_wrk.hpp:31[m[K,
[25.195s]                  from [01m[K/usr/include/boost/interprocess/detail/os_thread_functions.hpp:36[m[K,
[25.195s]                  from [01m[K/usr/include/boost/interprocess/sync/file_lock.hpp:26[m[K,
[25.195s]                  from [01m[K/usr/include/pcl-1.12/pcl/io/pcd_io.h:46[m[K,
[25.195s]                  from [01m[K/opt/ros/humble/include/pcl_conversions/pcl_conversions/pcl_conversions.h:73[m[K,
[25.195s]                  from [01m[K/home/nvidia/luckrobot/fastlio_localization/src/FAST_LIO_LOCALIZATION_HUMANOID/FAST_LIO/src/IMU_Processing.hpp:18[m[K,
[25.195s]                  from [01m[K/home/nvidia/luckrobot/fastlio_localization/src/FAST_LIO_LOCALIZATION_HUMANOID/FAST_LIO/src/laserMapping.cpp:47[m[K:
[25.195s] [01m[K/usr/include/boost/bind.hpp:36:1:[m[K [01;36m[Knote: [m[K‘[01m[K#pragma message: The practice of declaring the Bind placeholders (_1, _2, ...) in the global namespace is deprecated. Please use <boost/bind/bind.hpp> + using namespace boost::placeholders, or define BOOST_BIND_GLOBAL_PLACEHOLDERS to retain the current behavior.[m[K’
[25.195s]    36 | [01;36m[KBOOST_PRAGMA_MESSAGE[m[K(
[25.196s]       | [01;36m[K^~~~~~~~~~~~~~~~~~~~[m[K
[37.497s] In file included from [01m[K/home/nvidia/luckrobot/fastlio_localization/src/FAST_LIO_LOCALIZATION_HUMANOID/FAST_LIO/include/IKFoM_toolkit/esekfom/../mtk/types/SOn.hpp:83[m[K,
[37.497s]                  from [01m[K/home/nvidia/luckrobot/fastlio_localization/src/FAST_LIO_LOCALIZATION_HUMANOID/FAST_LIO/include/IKFoM_toolkit/esekfom/esekfom.hpp:49[m[K,
[37.497s]                  from [01m[K/home/nvidia/luckrobot/fastlio_localization/src/FAST_LIO_LOCALIZATION_HUMANOID/FAST_LIO/include/use-ikfom.hpp:4[m[K,
[37.497s]                  from [01m[K/home/nvidia/luckrobot/fastlio_localization/src/FAST_LIO_LOCALIZATION_HUMANOID/FAST_LIO/src/IMU_Processing.hpp:22[m[K,
[37.497s]                  from [01m[K/home/nvidia/luckrobot/fastlio_localization/src/FAST_LIO_LOCALIZATION_HUMANOID/FAST_LIO/src/laserMapping.cpp:47[m[K:
[37.498s] /home/nvidia/luckrobot/fastlio_localization/src/FAST_LIO_LOCALIZATION_HUMANOID/FAST_LIO/include/IKFoM_toolkit/esekfom/../mtk/types/../src/mtkmath.hpp: In instantiation of ‘[01m[Kstd::pair<_FIter, _FIter> MTK::cos_sinc_sqrt(const scalar&) [with scalar = double][m[K’:
[37.498s] [01m[K/home/nvidia/luckrobot/fastlio_localization/src/FAST_LIO_LOCALIZATION_HUMANOID/FAST_LIO/include/IKFoM_toolkit/esekfom/../mtk/types/../src/mtkmath.hpp:252:52:[m[K   required from ‘[01m[Kscalar MTK::exp(MTK::vectview<scalar, dim>, MTK::vectview<const scalar, dim>, const scalar&) [with scalar = double; int n = 3][m[K’
[37.498s] [01m[K/home/nvidia/luckrobot/fastlio_localization/src/FAST_LIO_LOCALIZATION_HUMANOID/FAST_LIO/include/IKFoM_toolkit/esekfom/../mtk/types/S2.hpp:140:32:[m[K   required from ‘[01m[Kvoid MTK::S2<_scalar, den, num, S2_typ>::boxplus(MTK::vectview<const _scalar, 2>, MTK::S2<_scalar, den, num, S2_typ>::scalar) [with _scalar = double; int den = 98090; int num = 10000; int S2_typ = 1; MTK::S2<_scalar, den, num, S2_typ>::scalar = double][m[K’
[37.498s] [01m[K/home/nvidia/luckrobot/fastlio_localization/src/FAST_LIO_LOCALIZATION_HUMANOID/FAST_LIO/include/use-ikfom.hpp:12:1:[m[K   required from here
[37.498s] [01m[K/home/nvidia/luckrobot/fastlio_localization/src/FAST_LIO_LOCALIZATION_HUMANOID/FAST_LIO/include/IKFoM_toolkit/esekfom/../mtk/types/../src/mtkmath.hpp:143:27:[m[K [01;36m[Knote: [m[Kparameter passing for argument of type ‘[01m[Kstd::pair<double, double>[m[K’ when C++17 is enabled changed to match C++14 in GCC 10.1
[37.498s]   143 | std::pair<scalar, scalar> [01;36m[Kcos_sinc_sqrt[m[K(const scalar &x2){
[37.498s]       |                           [01;36m[K^~~~~~~~~~~~~[m[K
[157.281s] [100%] [32m[1mLinking CXX executable fastlio_mapping[0m
[159.980s] [100%] Built target fastlio_mapping
[160.007s] Invoked command in '/home/nvidia/luckrobot/fastlio_localization/build/fast_lio' returned '0': CMAKE_PREFIX_PATH=${CMAKE_PREFIX_PATH}:/home/nvidia/luckrobot/luckrobot_ws/install/luckrobot_launch1:/home/nvidia/luckrobot/luckrobot_ws/install/keyboard_control:/opt/ros/humble /usr/bin/cmake --build /home/nvidia/luckrobot/fastlio_localization/build/fast_lio -- -j6 -l6
[160.012s] Invoking command in '/home/nvidia/luckrobot/fastlio_localization/build/fast_lio': CMAKE_PREFIX_PATH=${CMAKE_PREFIX_PATH}:/home/nvidia/luckrobot/luckrobot_ws/install/luckrobot_launch1:/home/nvidia/luckrobot/luckrobot_ws/install/keyboard_control:/opt/ros/humble /usr/bin/cmake --install /home/nvidia/luckrobot/fastlio_localization/build/fast_lio
[160.031s] -- Install configuration: "Release"
[160.032s] -- Installing: /home/nvidia/luckrobot/fastlio_localization/install/fast_lio/share/ament_index/resource_index/rosidl_interfaces/fast_lio
[160.032s] -- Installing: /home/nvidia/luckrobot/fastlio_localization/install/fast_lio/include/fast_lio/fast_lio
[160.032s] -- Installing: /home/nvidia/luckrobot/fastlio_localization/install/fast_lio/include/fast_lio/fast_lio/msg
[160.033s] -- Installing: /home/nvidia/luckrobot/fastlio_localization/install/fast_lio/include/fast_lio/fast_lio/msg/pose6_d.h
[160.033s] -- Installing: /home/nvidia/luckrobot/fastlio_localization/install/fast_lio/include/fast_lio/fast_lio/msg/detail
[160.033s] -- Installing: /home/nvidia/luckrobot/fastlio_localization/install/fast_lio/include/fast_lio/fast_lio/msg/detail/pose6_d__type_support.h
[160.033s] -- Installing: /home/nvidia/luckrobot/fastlio_localization/install/fast_lio/include/fast_lio/fast_lio/msg/detail/pose6_d__struct.h
[160.034s] -- Installing: /home/nvidia/luckrobot/fastlio_localization/install/fast_lio/include/fast_lio/fast_lio/msg/detail/pose6_d__functions.c
[160.034s] -- Installing: /home/nvidia/luckrobot/fastlio_localization/install/fast_lio/include/fast_lio/fast_lio/msg/detail/pose6_d__functions.h
[160.034s] -- Installing: /home/nvidia/luckrobot/fastlio_localization/install/fast_lio/include/fast_lio/fast_lio/msg/rosidl_generator_c__visibility_control.h
[160.034s] -- Installing: /home/nvidia/luckrobot/fastlio_localization/install/fast_lio/share/fast_lio/environment/library_path.sh
[160.035s] -- Installing: /home/nvidia/luckrobot/fastlio_localization/install/fast_lio/share/fast_lio/environment/library_path.dsv
[160.035s] -- Installing: /home/nvidia/luckrobot/fastlio_localization/install/fast_lio/lib/libfast_lio__rosidl_generator_c.so
[160.036s] -- Set runtime path of "/home/nvidia/luckrobot/fastlio_localization/install/fast_lio/lib/libfast_lio__rosidl_generator_c.so" to ""
[160.036s] -- Up-to-date: /home/nvidia/luckrobot/fastlio_localization/install/fast_lio/include/fast_lio/fast_lio
[160.036s] -- Up-to-date: /home/nvidia/luckrobot/fastlio_localization/install/fast_lio/include/fast_lio/fast_lio/msg
[160.036s] -- Up-to-date: /home/nvidia/luckrobot/fastlio_localization/install/fast_lio/include/fast_lio/fast_lio/msg/detail
[160.036s] -- Installing: /home/nvidia/luckrobot/fastlio_localization/install/fast_lio/include/fast_lio/fast_lio/msg/detail/pose6_d__rosidl_typesupport_fastrtps_c.h
[160.037s] -- Installing: /home/nvidia/luckrobot/fastlio_localization/install/fast_lio/include/fast_lio/fast_lio/msg/rosidl_typesupport_fastrtps_c__visibility_control.h
[160.037s] -- Installing: /home/nvidia/luckrobot/fastlio_localization/install/fast_lio/lib/libfast_lio__rosidl_typesupport_fastrtps_c.so
[160.037s] -- Set runtime path of "/home/nvidia/luckrobot/fastlio_localization/install/fast_lio/lib/libfast_lio__rosidl_typesupport_fastrtps_c.so" to ""
[160.037s] -- Up-to-date: /home/nvidia/luckrobot/fastlio_localization/install/fast_lio/include/fast_lio/fast_lio
[160.038s] -- Up-to-date: /home/nvidia/luckrobot/fastlio_localization/install/fast_lio/include/fast_lio/fast_lio/msg
[160.038s] -- Up-to-date: /home/nvidia/luckrobot/fastlio_localization/install/fast_lio/include/fast_lio/fast_lio/msg/detail
[160.038s] -- Installing: /home/nvidia/luckrobot/fastlio_localization/install/fast_lio/include/fast_lio/fast_lio/msg/detail/pose6_d__struct.hpp
[160.038s] -- Installing: /home/nvidia/luckrobot/fastlio_localization/install/fast_lio/include/fast_lio/fast_lio/msg/detail/pose6_d__traits.hpp
[160.038s] -- Installing: /home/nvidia/luckrobot/fastlio_localization/install/fast_lio/include/fast_lio/fast_lio/msg/detail/pose6_d__type_support.hpp
[160.038s] -- Installing: /home/nvidia/luckrobot/fastlio_localization/install/fast_lio/include/fast_lio/fast_lio/msg/detail/pose6_d__builder.hpp
[160.038s] -- Installing: /home/nvidia/luckrobot/fastlio_localization/install/fast_lio/include/fast_lio/fast_lio/msg/pose6_d.hpp
[160.039s] -- Installing: /home/nvidia/luckrobot/fastlio_localization/install/fast_lio/include/fast_lio/fast_lio/msg/rosidl_generator_cpp__visibility_control.hpp
[160.039s] -- Up-to-date: /home/nvidia/luckrobot/fastlio_localization/install/fast_lio/include/fast_lio/fast_lio
[160.039s] -- Up-to-date: /home/nvidia/luckrobot/fastlio_localization/install/fast_lio/include/fast_lio/fast_lio/msg
[160.039s] -- Up-to-date: /home/nvidia/luckrobot/fastlio_localization/install/fast_lio/include/fast_lio/fast_lio/msg/detail
[160.039s] -- Installing: /home/nvidia/luckrobot/fastlio_localization/install/fast_lio/include/fast_lio/fast_lio/msg/detail/pose6_d__rosidl_typesupport_fastrtps_cpp.hpp
[160.040s] -- Installing: /home/nvidia/luckrobot/fastlio_localization/install/fast_lio/include/fast_lio/fast_lio/msg/detail/dds_fastrtps
[160.040s] -- Installing: /home/nvidia/luckrobot/fastlio_localization/install/fast_lio/include/fast_lio/fast_lio/msg/rosidl_typesupport_fastrtps_cpp__visibility_control.h
[160.040s] -- Installing: /home/nvidia/luckrobot/fastlio_localization/install/fast_lio/lib/libfast_lio__rosidl_typesupport_fastrtps_cpp.so
[160.041s] -- Set runtime path of "/home/nvidia/luckrobot/fastlio_localization/install/fast_lio/lib/libfast_lio__rosidl_typesupport_fastrtps_cpp.so" to ""
[160.041s] -- Up-to-date: /home/nvidia/luckrobot/fastlio_localization/install/fast_lio/include/fast_lio/fast_lio
[160.041s] -- Up-to-date: /home/nvidia/luckrobot/fastlio_localization/install/fast_lio/include/fast_lio/fast_lio/msg
[160.041s] -- Installing: /home/nvidia/luckrobot/fastlio_localization/install/fast_lio/include/fast_lio/fast_lio/msg/rosidl_typesupport_introspection_c__visibility_control.h
[160.042s] -- Up-to-date: /home/nvidia/luckrobot/fastlio_localization/install/fast_lio/include/fast_lio/fast_lio/msg/detail
[160.042s] -- Installing: /home/nvidia/luckrobot/fastlio_localization/install/fast_lio/include/fast_lio/fast_lio/msg/detail/pose6_d__type_support.c
[160.042s] -- Installing: /home/nvidia/luckrobot/fastlio_localization/install/fast_lio/include/fast_lio/fast_lio/msg/detail/pose6_d__rosidl_typesupport_introspection_c.h
[160.042s] -- Installing: /home/nvidia/luckrobot/fastlio_localization/install/fast_lio/lib/libfast_lio__rosidl_typesupport_introspection_c.so
[160.043s] -- Set runtime path of "/home/nvidia/luckrobot/fastlio_localization/install/fast_lio/lib/libfast_lio__rosidl_typesupport_introspection_c.so" to ""
[160.043s] -- Installing: /home/nvidia/luckrobot/fastlio_localization/install/fast_lio/lib/libfast_lio__rosidl_typesupport_c.so
[160.044s] -- Set runtime path of "/home/nvidia/luckrobot/fastlio_localization/install/fast_lio/lib/libfast_lio__rosidl_typesupport_c.so" to ""
[160.044s] -- Up-to-date: /home/nvidia/luckrobot/fastlio_localization/install/fast_lio/include/fast_lio/fast_lio
[160.044s] -- Up-to-date: /home/nvidia/luckrobot/fastlio_localization/install/fast_lio/include/fast_lio/fast_lio/msg
[160.045s] -- Up-to-date: /home/nvidia/luckrobot/fastlio_localization/install/fast_lio/include/fast_lio/fast_lio/msg/detail
[160.045s] -- Installing: /home/nvidia/luckrobot/fastlio_localization/install/fast_lio/include/fast_lio/fast_lio/msg/detail/pose6_d__rosidl_typesupport_introspection_cpp.hpp
[160.045s] -- Installing: /home/nvidia/luckrobot/fastlio_localization/install/fast_lio/include/fast_lio/fast_lio/msg/detail/pose6_d__type_support.cpp
[160.046s] -- Installing: /home/nvidia/luckrobot/fastlio_localization/install/fast_lio/lib/libfast_lio__rosidl_typesupport_introspection_cpp.so
[160.046s] -- Set runtime path of "/home/nvidia/luckrobot/fastlio_localization/install/fast_lio/lib/libfast_lio__rosidl_typesupport_introspection_cpp.so" to ""
[160.046s] -- Installing: /home/nvidia/luckrobot/fastlio_localization/install/fast_lio/lib/libfast_lio__rosidl_typesupport_cpp.so
[160.046s] -- Set runtime path of "/home/nvidia/luckrobot/fastlio_localization/install/fast_lio/lib/libfast_lio__rosidl_typesupport_cpp.so" to ""
[160.047s] -- Installing: /home/nvidia/luckrobot/fastlio_localization/install/fast_lio/share/fast_lio/environment/pythonpath.sh
[160.047s] -- Installing: /home/nvidia/luckrobot/fastlio_localization/install/fast_lio/share/fast_lio/environment/pythonpath.dsv
[160.047s] -- Installing: /home/nvidia/luckrobot/fastlio_localization/install/fast_lio/local/lib/python3.10/dist-packages/fast_lio-0.0.0-py3.10.egg-info
[160.048s] -- Installing: /home/nvidia/luckrobot/fastlio_localization/install/fast_lio/local/lib/python3.10/dist-packages/fast_lio-0.0.0-py3.10.egg-info/dependency_links.txt
[160.048s] -- Installing: /home/nvidia/luckrobot/fastlio_localization/install/fast_lio/local/lib/python3.10/dist-packages/fast_lio-0.0.0-py3.10.egg-info/PKG-INFO
[160.048s] -- Installing: /home/nvidia/luckrobot/fastlio_localization/install/fast_lio/local/lib/python3.10/dist-packages/fast_lio-0.0.0-py3.10.egg-info/top_level.txt
[160.049s] -- Installing: /home/nvidia/luckrobot/fastlio_localization/install/fast_lio/local/lib/python3.10/dist-packages/fast_lio-0.0.0-py3.10.egg-info/SOURCES.txt
[160.049s] -- Installing: /home/nvidia/luckrobot/fastlio_localization/install/fast_lio/local/lib/python3.10/dist-packages/fast_lio
[160.049s] -- Installing: /home/nvidia/luckrobot/fastlio_localization/install/fast_lio/local/lib/python3.10/dist-packages/fast_lio/_fast_lio_s.ep.rosidl_typesupport_introspection_c.c
[160.049s] -- Installing: /home/nvidia/luckrobot/fastlio_localization/install/fast_lio/local/lib/python3.10/dist-packages/fast_lio/__init__.py
[160.050s] -- Installing: /home/nvidia/luckrobot/fastlio_localization/install/fast_lio/local/lib/python3.10/dist-packages/fast_lio/fast_lio_s__rosidl_typesupport_fastrtps_c.cpython-310-aarch64-linux-gnu.so
[160.050s] -- Installing: /home/nvidia/luckrobot/fastlio_localization/install/fast_lio/local/lib/python3.10/dist-packages/fast_lio/msg
[160.050s] -- Installing: /home/nvidia/luckrobot/fastlio_localization/install/fast_lio/local/lib/python3.10/dist-packages/fast_lio/msg/__init__.py
[160.050s] -- Installing: /home/nvidia/luckrobot/fastlio_localization/install/fast_lio/local/lib/python3.10/dist-packages/fast_lio/msg/_pose6_d_s.c
[160.051s] -- Installing: /home/nvidia/luckrobot/fastlio_localization/install/fast_lio/local/lib/python3.10/dist-packages/fast_lio/msg/_pose6_d.py
[160.051s] -- Installing: /home/nvidia/luckrobot/fastlio_localization/install/fast_lio/local/lib/python3.10/dist-packages/fast_lio/_fast_lio_s.ep.rosidl_typesupport_fastrtps_c.c
[160.051s] -- Installing: /home/nvidia/luckrobot/fastlio_localization/install/fast_lio/local/lib/python3.10/dist-packages/fast_lio/libfast_lio__rosidl_generator_py.so
[160.051s] -- Installing: /home/nvidia/luckrobot/fastlio_localization/install/fast_lio/local/lib/python3.10/dist-packages/fast_lio/_fast_lio_s.ep.rosidl_typesupport_c.c
[160.052s] -- Installing: /home/nvidia/luckrobot/fastlio_localization/install/fast_lio/local/lib/python3.10/dist-packages/fast_lio/fast_lio_s__rosidl_typesupport_introspection_c.cpython-310-aarch64-linux-gnu.so
[160.052s] -- Installing: /home/nvidia/luckrobot/fastlio_localization/install/fast_lio/local/lib/python3.10/dist-packages/fast_lio/fast_lio_s__rosidl_typesupport_c.cpython-310-aarch64-linux-gnu.so
[160.126s] Listing '/home/nvidia/luckrobot/fastlio_localization/install/fast_lio/local/lib/python3.10/dist-packages/fast_lio'...
[160.126s] Compiling '/home/nvidia/luckrobot/fastlio_localization/install/fast_lio/local/lib/python3.10/dist-packages/fast_lio/__init__.py'...
[160.126s] Listing '/home/nvidia/luckrobot/fastlio_localization/install/fast_lio/local/lib/python3.10/dist-packages/fast_lio/msg'...
[160.127s] Compiling '/home/nvidia/luckrobot/fastlio_localization/install/fast_lio/local/lib/python3.10/dist-packages/fast_lio/msg/__init__.py'...
[160.127s] Compiling '/home/nvidia/luckrobot/fastlio_localization/install/fast_lio/local/lib/python3.10/dist-packages/fast_lio/msg/_pose6_d.py'...
[160.137s] -- Installing: /home/nvidia/luckrobot/fastlio_localization/install/fast_lio/local/lib/python3.10/dist-packages/fast_lio/fast_lio_s__rosidl_typesupport_fastrtps_c.cpython-310-aarch64-linux-gnu.so
[160.138s] -- Set runtime path of "/home/nvidia/luckrobot/fastlio_localization/install/fast_lio/local/lib/python3.10/dist-packages/fast_lio/fast_lio_s__rosidl_typesupport_fastrtps_c.cpython-310-aarch64-linux-gnu.so" to ""
[160.138s] -- Installing: /home/nvidia/luckrobot/fastlio_localization/install/fast_lio/local/lib/python3.10/dist-packages/fast_lio/fast_lio_s__rosidl_typesupport_introspection_c.cpython-310-aarch64-linux-gnu.so
[160.139s] -- Set runtime path of "/home/nvidia/luckrobot/fastlio_localization/install/fast_lio/local/lib/python3.10/dist-packages/fast_lio/fast_lio_s__rosidl_typesupport_introspection_c.cpython-310-aarch64-linux-gnu.so" to ""
[160.139s] -- Installing: /home/nvidia/luckrobot/fastlio_localization/install/fast_lio/local/lib/python3.10/dist-packages/fast_lio/fast_lio_s__rosidl_typesupport_c.cpython-310-aarch64-linux-gnu.so
[160.140s] -- Set runtime path of "/home/nvidia/luckrobot/fastlio_localization/install/fast_lio/local/lib/python3.10/dist-packages/fast_lio/fast_lio_s__rosidl_typesupport_c.cpython-310-aarch64-linux-gnu.so" to ""
[160.140s] -- Installing: /home/nvidia/luckrobot/fastlio_localization/install/fast_lio/lib/libfast_lio__rosidl_generator_py.so
[160.140s] -- Set runtime path of "/home/nvidia/luckrobot/fastlio_localization/install/fast_lio/lib/libfast_lio__rosidl_generator_py.so" to ""
[160.141s] -- Installing: /home/nvidia/luckrobot/fastlio_localization/install/fast_lio/share/fast_lio/msg/Pose6D.idl
[160.141s] -- Installing: /home/nvidia/luckrobot/fastlio_localization/install/fast_lio/share/fast_lio/msg/Pose6D.msg
[160.141s] -- Installing: /home/nvidia/luckrobot/fastlio_localization/install/fast_lio/lib/fast_lio/fastlio_mapping
[160.147s] -- Set runtime path of "/home/nvidia/luckrobot/fastlio_localization/install/fast_lio/lib/fast_lio/fastlio_mapping" to ""
[160.147s] -- Installing: /home/nvidia/luckrobot/fastlio_localization/install/fast_lio/share/fast_lio/config
[160.148s] -- Installing: /home/nvidia/luckrobot/fastlio_localization/install/fast_lio/share/fast_lio/config/mid360.yaml
[160.148s] -- Installing: /home/nvidia/luckrobot/fastlio_localization/install/fast_lio/share/fast_lio/config/avia.yaml
[160.149s] -- Installing: /home/nvidia/luckrobot/fastlio_localization/install/fast_lio/share/fast_lio/config/horizon.yaml
[160.150s] -- Installing: /home/nvidia/luckrobot/fastlio_localization/install/fast_lio/share/fast_lio/config/ouster64.yaml
[160.150s] -- Installing: /home/nvidia/luckrobot/fastlio_localization/install/fast_lio/share/fast_lio/config/velodyne.yaml
[160.150s] -- Installing: /home/nvidia/luckrobot/fastlio_localization/install/fast_lio/share/fast_lio/launch
[160.151s] -- Installing: /home/nvidia/luckrobot/fastlio_localization/install/fast_lio/share/fast_lio/launch/mapping.launch.py
[160.151s] -- Installing: /home/nvidia/luckrobot/fastlio_localization/install/fast_lio/share/fast_lio/launch/gdb_debug_example.launch
[160.152s] -- Installing: /home/nvidia/luckrobot/fastlio_localization/install/fast_lio/share/fast_lio/rviz
[160.152s] -- Installing: /home/nvidia/luckrobot/fastlio_localization/install/fast_lio/share/fast_lio/rviz/fastlio.rviz
[160.153s] -- Installing: /home/nvidia/luckrobot/fastlio_localization/install/fast_lio/share/ament_index/resource_index/package_run_dependencies/fast_lio
[160.153s] -- Installing: /home/nvidia/luckrobot/fastlio_localization/install/fast_lio/share/ament_index/resource_index/parent_prefix_path/fast_lio
[160.154s] -- Installing: /home/nvidia/luckrobot/fastlio_localization/install/fast_lio/share/fast_lio/environment/ament_prefix_path.sh
[160.154s] -- Installing: /home/nvidia/luckrobot/fastlio_localization/install/fast_lio/share/fast_lio/environment/ament_prefix_path.dsv
[160.154s] -- Installing: /home/nvidia/luckrobot/fastlio_localization/install/fast_lio/share/fast_lio/environment/path.sh
[160.155s] -- Installing: /home/nvidia/luckrobot/fastlio_localization/install/fast_lio/share/fast_lio/environment/path.dsv
[160.155s] -- Installing: /home/nvidia/luckrobot/fastlio_localization/install/fast_lio/share/fast_lio/local_setup.bash
[160.155s] -- Installing: /home/nvidia/luckrobot/fastlio_localization/install/fast_lio/share/fast_lio/local_setup.sh
[160.156s] -- Installing: /home/nvidia/luckrobot/fastlio_localization/install/fast_lio/share/fast_lio/local_setup.zsh
[160.156s] -- Installing: /home/nvidia/luckrobot/fastlio_localization/install/fast_lio/share/fast_lio/local_setup.dsv
[160.157s] -- Installing: /home/nvidia/luckrobot/fastlio_localization/install/fast_lio/share/fast_lio/package.dsv
[160.157s] -- Installing: /home/nvidia/luckrobot/fastlio_localization/install/fast_lio/share/ament_index/resource_index/packages/fast_lio
[160.158s] -- Installing: /home/nvidia/luckrobot/fastlio_localization/install/fast_lio/share/fast_lio/cmake/export_fast_lio__rosidl_generator_cExport.cmake
[160.159s] -- Installing: /home/nvidia/luckrobot/fastlio_localization/install/fast_lio/share/fast_lio/cmake/export_fast_lio__rosidl_generator_cExport-release.cmake
[160.159s] -- Installing: /home/nvidia/luckrobot/fastlio_localization/install/fast_lio/share/fast_lio/cmake/export_fast_lio__rosidl_typesupport_fastrtps_cExport.cmake
[160.160s] -- Installing: /home/nvidia/luckrobot/fastlio_localization/install/fast_lio/share/fast_lio/cmake/export_fast_lio__rosidl_typesupport_fastrtps_cExport-release.cmake
[160.160s] -- Installing: /home/nvidia/luckrobot/fastlio_localization/install/fast_lio/share/fast_lio/cmake/export_fast_lio__rosidl_generator_cppExport.cmake
[160.161s] -- Installing: /home/nvidia/luckrobot/fastlio_localization/install/fast_lio/share/fast_lio/cmake/export_fast_lio__rosidl_typesupport_fastrtps_cppExport.cmake
[160.161s] -- Installing: /home/nvidia/luckrobot/fastlio_localization/install/fast_lio/share/fast_lio/cmake/export_fast_lio__rosidl_typesupport_fastrtps_cppExport-release.cmake
[160.162s] -- Installing: /home/nvidia/luckrobot/fastlio_localization/install/fast_lio/share/fast_lio/cmake/fast_lio__rosidl_typesupport_introspection_cExport.cmake
[160.162s] -- Installing: /home/nvidia/luckrobot/fastlio_localization/install/fast_lio/share/fast_lio/cmake/fast_lio__rosidl_typesupport_introspection_cExport-release.cmake
[160.163s] -- Installing: /home/nvidia/luckrobot/fastlio_localization/install/fast_lio/share/fast_lio/cmake/fast_lio__rosidl_typesupport_cExport.cmake
[160.164s] -- Installing: /home/nvidia/luckrobot/fastlio_localization/install/fast_lio/share/fast_lio/cmake/fast_lio__rosidl_typesupport_cExport-release.cmake
[160.164s] -- Installing: /home/nvidia/luckrobot/fastlio_localization/install/fast_lio/share/fast_lio/cmake/fast_lio__rosidl_typesupport_introspection_cppExport.cmake
[160.165s] -- Installing: /home/nvidia/luckrobot/fastlio_localization/install/fast_lio/share/fast_lio/cmake/fast_lio__rosidl_typesupport_introspection_cppExport-release.cmake
[160.165s] -- Installing: /home/nvidia/luckrobot/fastlio_localization/install/fast_lio/share/fast_lio/cmake/fast_lio__rosidl_typesupport_cppExport.cmake
[160.166s] -- Installing: /home/nvidia/luckrobot/fastlio_localization/install/fast_lio/share/fast_lio/cmake/fast_lio__rosidl_typesupport_cppExport-release.cmake
[160.166s] -- Installing: /home/nvidia/luckrobot/fastlio_localization/install/fast_lio/share/fast_lio/cmake/export_fast_lio__rosidl_generator_pyExport.cmake
[160.167s] -- Installing: /home/nvidia/luckrobot/fastlio_localization/install/fast_lio/share/fast_lio/cmake/export_fast_lio__rosidl_generator_pyExport-release.cmake
[160.167s] -- Installing: /home/nvidia/luckrobot/fastlio_localization/install/fast_lio/share/fast_lio/cmake/rosidl_cmake-extras.cmake
[160.167s] -- Installing: /home/nvidia/luckrobot/fastlio_localization/install/fast_lio/share/fast_lio/cmake/ament_cmake_export_include_directories-extras.cmake
[160.168s] -- Installing: /home/nvidia/luckrobot/fastlio_localization/install/fast_lio/share/fast_lio/cmake/ament_cmake_export_libraries-extras.cmake
[160.168s] -- Installing: /home/nvidia/luckrobot/fastlio_localization/install/fast_lio/share/fast_lio/cmake/ament_cmake_export_targets-extras.cmake
[160.169s] -- Installing: /home/nvidia/luckrobot/fastlio_localization/install/fast_lio/share/fast_lio/cmake/rosidl_cmake_export_typesupport_targets-extras.cmake
[160.169s] -- Installing: /home/nvidia/luckrobot/fastlio_localization/install/fast_lio/share/fast_lio/cmake/ament_cmake_export_dependencies-extras.cmake
[160.170s] -- Installing: /home/nvidia/luckrobot/fastlio_localization/install/fast_lio/share/fast_lio/cmake/rosidl_cmake_export_typesupport_libraries-extras.cmake
[160.170s] -- Installing: /home/nvidia/luckrobot/fastlio_localization/install/fast_lio/share/fast_lio/cmake/fast_lioConfig.cmake
[160.170s] -- Installing: /home/nvidia/luckrobot/fastlio_localization/install/fast_lio/share/fast_lio/cmake/fast_lioConfig-version.cmake
[160.171s] -- Installing: /home/nvidia/luckrobot/fastlio_localization/install/fast_lio/share/fast_lio/package.xml
[160.179s] Invoked command in '/home/nvidia/luckrobot/fastlio_localization/build/fast_lio' returned '0': CMAKE_PREFIX_PATH=${CMAKE_PREFIX_PATH}:/home/nvidia/luckrobot/luckrobot_ws/install/luckrobot_launch1:/home/nvidia/luckrobot/luckrobot_ws/install/keyboard_control:/opt/ros/humble /usr/bin/cmake --install /home/nvidia/luckrobot/fastlio_localization/build/fast_lio
