[0.027s] Invoking command in '/home/nvidia/luckrobot/luckrobot_ws/build/wheel_controller': CMAKE_PREFIX_PATH=${CMAKE_PREFIX_PATH}:/home/nvidia/luckrobot/luckrobot_ws/install/luckrobot_launch1:/home/nvidia/luckrobot/luckrobot_ws/install/keyboard_control:/opt/ros/humble /usr/bin/cmake --build /home/nvidia/luckrobot/luckrobot_ws/build/wheel_controller -- -j6 -l6
[0.121s] [35m[1mConsolidate compiler generated dependencies of target state_publisher_node[0m
[0.151s] [ 25%] Built target wheel_controller_node
[0.152s] [ 50%] Built target lead_screw_motor_node
[0.157s] [ 75%] Built target danger_command_node
[0.168s] [ 87%] [32mBuilding CXX object CMakeFiles/state_publisher_node.dir/src/state_publisher_node.cpp.o[0m
[5.958s] [01m[K/home/nvidia/luckrobot/luckrobot_ws/src/wheel_controller/src/state_publisher_node.cpp:[m[K In lambda function:
[5.958s] [01m[K/home/nvidia/luckrobot/luckrobot_ws/src/wheel_controller/src/state_publisher_node.cpp:48:32:[m[K [01;31m[Kerror: [m[Kno match for ‘[01m[Koperator+=[m[K’ (operand types are ‘[01m[Kstd::atomic<float>[m[K’ and ‘[01m[Kfloat[m[K’)
[5.958s]    48 |                 [01;31m[Ktarget_pos_mm_ += delta[m[K;
[5.959s]       |                 [01;31m[K~~~~~~~~~~~~~~~^~~~~~~~[m[K
[5.989s] [01m[K/home/nvidia/luckrobot/luckrobot_ws/src/wheel_controller/src/state_publisher_node.cpp:[m[K In member function ‘[01m[Kvoid RobotStatePublisher::smooth_control()[m[K’:
[5.990s] [01m[K/home/nvidia/luckrobot/luckrobot_ws/src/wheel_controller/src/state_publisher_node.cpp:81:29:[m[K [01;31m[Kerror: [m[Kno match for ‘[01m[Koperator+=[m[K’ (operand types are ‘[01m[Kstd::atomic<float>[m[K’ and ‘[01m[Kfloat[m[K’)
[5.990s]    81 |             [01;31m[Kcurrent_pos_mm_ += step[m[K;
[5.990s]       |             [01;31m[K~~~~~~~~~~~~~~~~^~~~~~~[m[K
[5.990s] [01m[K/home/nvidia/luckrobot/luckrobot_ws/src/wheel_controller/src/state_publisher_node.cpp:83:29:[m[K [01;31m[Kerror: [m[Kno match for ‘[01m[Koperator-=[m[K’ (operand types are ‘[01m[Kstd::atomic<float>[m[K’ and ‘[01m[Kfloat[m[K’)
[5.991s]    83 |             [01;31m[Kcurrent_pos_mm_ -= step[m[K;
[5.991s]       |             [01;31m[K~~~~~~~~~~~~~~~~^~~~~~~[m[K
[14.163s] gmake[2]: *** [CMakeFiles/state_publisher_node.dir/build.make:76：CMakeFiles/state_publisher_node.dir/src/state_publisher_node.cpp.o] 错误 1
[14.163s] gmake[1]: *** [CMakeFiles/Makefile2:221：CMakeFiles/state_publisher_node.dir/all] 错误 2
[14.164s] gmake: *** [Makefile:146：all] 错误 2
[14.170s] Invoked command in '/home/nvidia/luckrobot/luckrobot_ws/build/wheel_controller' returned '2': CMAKE_PREFIX_PATH=${CMAKE_PREFIX_PATH}:/home/nvidia/luckrobot/luckrobot_ws/install/luckrobot_launch1:/home/nvidia/luckrobot/luckrobot_ws/install/keyboard_control:/opt/ros/humble /usr/bin/cmake --build /home/nvidia/luckrobot/luckrobot_ws/build/wheel_controller -- -j6 -l6
