[0.036s] Invoking command in '/home/nvidia/luckrobot/fastlio_localization/build/fast_lio': CMAKE_PREFIX_PATH=${CMAKE_PREFIX_PATH}:/home/nvidia/luckrobot/luckrobot_ws/install/luckrobot_launch1:/home/nvidia/luckrobot/luckrobot_ws/install/keyboard_control:/opt/ros/humble /usr/bin/cmake /home/nvidia/luckrobot/fastlio_localization/src/FAST_LIO_LOCALIZATION_HUMANOID/FAST_LIO -DCMAKE_INSTALL_PREFIX=/home/nvidia/luckrobot/fastlio_localization/install/fast_lio
[0.069s] [0mCurrent CPU archtecture: aarch64[0m
[0.078s] -- Found PythonLibs: /usr/lib/aarch64-linux-gnu/libpython3.10.so (found version "3.10.12") 
[0.079s] -- Found ament_cmake: 1.3.13 (/opt/ros/humble/share/ament_cmake/cmake)
[0.393s] -- Found rclcpp: 16.0.18 (/opt/ros/humble/share/rclcpp/cmake)
[0.464s] -- Found rosidl_generator_c: 3.1.8 (/opt/ros/humble/share/rosidl_generator_c/cmake)
[0.469s] -- Found rosidl_adapter: 3.1.8 (/opt/ros/humble/share/rosidl_adapter/cmake)
[0.482s] -- Found rosidl_generator_cpp: 3.1.8 (/opt/ros/humble/share/rosidl_generator_cpp/cmake)
[0.502s] -- Using all available rosidl_typesupport_c: rosidl_typesupport_fastrtps_c;rosidl_typesupport_introspection_c
[0.526s] -- Using all available rosidl_typesupport_cpp: rosidl_typesupport_fastrtps_cpp;rosidl_typesupport_introspection_cpp
[0.592s] -- Found rmw_implementation_cmake: 6.1.2 (/opt/ros/humble/share/rmw_implementation_cmake/cmake)
[0.596s] -- Found rmw_fastrtps_cpp: 6.2.10 (/opt/ros/humble/share/rmw_fastrtps_cpp/cmake)
[0.796s] -- Using RMW implementation 'rmw_fastrtps_cpp' as default
[0.890s] -- Found rclcpp_components: 16.0.18 (/opt/ros/humble/share/rclcpp_components/cmake)
[0.930s] -- Found geometry_msgs: 4.9.1 (/opt/ros/humble/share/geometry_msgs/cmake)
[0.952s] -- Found nav_msgs: 4.9.1 (/opt/ros/humble/share/nav_msgs/cmake)
[0.982s] -- Found sensor_msgs: 4.9.1 (/opt/ros/humble/share/sensor_msgs/cmake)
[1.012s] -- Found std_srvs: 4.9.1 (/opt/ros/humble/share/std_srvs/cmake)
[1.031s] -- Found visualization_msgs: 4.9.1 (/opt/ros/humble/share/visualization_msgs/cmake)
[1.069s] -- Found pcl_ros: 2.4.5 (/opt/ros/humble/share/pcl_ros/cmake)
[1.144s] -- Eigen found (include: /usr/include/eigen3, version: 3.4.0)
[1.204s] -- FLANN found (include: /usr/include, lib: /usr/lib/aarch64-linux-gnu/libflann_cpp.so)
[1.862s] -- OpenNI found (version: 1.5.4.0, include: /usr/include/ni, lib: /usr/lib/libOpenNI.so;libusb::libusb)
[1.873s] -- OpenNI2 found (version: 2.2.0.33, include: /usr/include/openni2, lib: /usr/lib/aarch64-linux-gnu/libOpenNI2.so;libusb::libusb)
[2.138s] -- Eigen found (include: /usr/include/eigen3, version: 3.4.0)
[2.149s] -- OpenNI found (version: 1.5.4.0, include: /usr/include/ni, lib: /usr/lib/libOpenNI.so;libusb::libusb)
[2.161s] -- OpenNI2 found (version: 2.2.0.33, include: /usr/include/openni2, lib: /usr/lib/aarch64-linux-gnu/libOpenNI2.so;libusb::libusb)
[2.406s] -- Found Qhull version 8.0.2
[2.666s] -- OpenNI found (version: 1.5.4.0, include: /usr/include/ni, lib: /usr/lib/libOpenNI.so;libusb::libusb)
[2.950s] -- Found eigen3_cmake_module: 0.1.1 (/opt/ros/humble/share/eigen3_cmake_module/cmake)
[2.952s] -- Ensuring Eigen3 include directory is part of orocos-kdl CMake target
[3.053s] -- Found livox_ros_driver2: 1.0.0 (/home/nvidia/luckrobot/livox_ws/install/livox_ros_driver2/share/livox_ros_driver2/cmake)
[3.086s] -- Found rosidl_default_generators: 1.2.0 (/opt/ros/humble/share/rosidl_default_generators/cmake)
[3.104s] [33mCMake Warning (dev) at CMakeLists.txt:89 (find_package):
[3.104s]   Policy CMP0074 is not set: find_package uses <PackageName>_ROOT variables.
[3.104s]   Run "cmake --help-policy CMP0074" for policy details.  Use the cmake_policy
[3.104s]   command to set the policy and suppress this warning.
[3.104s] 
[3.104s]   CMake variable PCL_ROOT is set to:
[3.105s] 
[3.105s]     /usr
[3.105s] 
[3.105s]   For compatibility, CMake is ignoring the variable.
[3.105s] This warning is for project developers.  Use -Wno-dev to suppress it.
[3.105s] [0m
[3.116s] [0mEigen:/usr/include/eigen3[0m
[3.117s] -- PCL: /usr/include/pcl-1.12
[3.695s] -- Found ament_cmake_ros: 0.10.0 (/opt/ros/humble/share/ament_cmake_ros/cmake)
[4.438s] -- Using all available rosidl_typesupport_c: rosidl_typesupport_fastrtps_c;rosidl_typesupport_introspection_c
[4.740s] -- Using all available rosidl_typesupport_cpp: rosidl_typesupport_fastrtps_cpp;rosidl_typesupport_introspection_cpp
[4.799s] -- Found python_cmake_module: 0.10.0 (/opt/ros/humble/share/python_cmake_module/cmake)
[4.849s] -- Found PythonLibs: /usr/lib/aarch64-linux-gnu/libpython3.10.so (found suitable version "3.10.12", minimum required is "3.5") 
[4.850s] -- Using PYTHON_EXECUTABLE: /usr/bin/python3
[4.850s] -- Using PYTHON_INCLUDE_DIRS: /usr/include/python3.10
[4.850s] -- Using PYTHON_LIBRARIES: /usr/lib/aarch64-linux-gnu/libpython3.10.so
[5.160s] -- Using numpy include directory: /usr/local/lib/python3.10/dist-packages/numpy/core/include
[5.246s] -- Configuring done
[5.403s] -- Generating done
[5.445s] -- Build files have been written to: /home/nvidia/luckrobot/fastlio_localization/build/fast_lio
[5.495s] Invoked command in '/home/nvidia/luckrobot/fastlio_localization/build/fast_lio' returned '0': CMAKE_PREFIX_PATH=${CMAKE_PREFIX_PATH}:/home/nvidia/luckrobot/luckrobot_ws/install/luckrobot_launch1:/home/nvidia/luckrobot/luckrobot_ws/install/keyboard_control:/opt/ros/humble /usr/bin/cmake /home/nvidia/luckrobot/fastlio_localization/src/FAST_LIO_LOCALIZATION_HUMANOID/FAST_LIO -DCMAKE_INSTALL_PREFIX=/home/nvidia/luckrobot/fastlio_localization/install/fast_lio
[5.498s] Invoking command in '/home/nvidia/luckrobot/fastlio_localization/build/fast_lio': CMAKE_PREFIX_PATH=${CMAKE_PREFIX_PATH}:/home/nvidia/luckrobot/luckrobot_ws/install/luckrobot_launch1:/home/nvidia/luckrobot/luckrobot_ws/install/keyboard_control:/opt/ros/humble /usr/bin/cmake --build /home/nvidia/luckrobot/fastlio_localization/build/fast_lio -- -j6 -l6
[5.601s] [35m[1mConsolidate compiler generated dependencies of target fast_lio__rosidl_generator_c[0m
[5.620s] [  2%] Built target fast_lio__cpp
[5.643s] [ 11%] Built target fast_lio__rosidl_generator_c
[5.649s] [35m[1mConsolidate compiler generated dependencies of target fast_lio__rosidl_typesupport_introspection_cpp[0m
[5.650s] [35m[1mConsolidate compiler generated dependencies of target fast_lio__rosidl_typesupport_cpp[0m
[5.650s] [35m[1mConsolidate compiler generated dependencies of target fast_lio__rosidl_typesupport_fastrtps_cpp[0m
[5.663s] [ 11%] Built target ament_cmake_python_copy_fast_lio
[5.686s] [35m[1mConsolidate compiler generated dependencies of target fast_lio__rosidl_typesupport_introspection_c[0m
[5.688s] [ 20%] Built target fast_lio__rosidl_typesupport_introspection_cpp
[5.700s] [35m[1mConsolidate compiler generated dependencies of target fast_lio__rosidl_typesupport_fastrtps_c[0m
[5.708s] [35m[1mConsolidate compiler generated dependencies of target fast_lio__rosidl_typesupport_c[0m
[5.722s] [ 28%] Built target fast_lio__rosidl_typesupport_cpp
[5.723s] [ 37%] Built target fast_lio__rosidl_typesupport_fastrtps_cpp
[5.747s] [ 45%] Built target fast_lio__rosidl_typesupport_fastrtps_c
[5.759s] [ 54%] Built target fast_lio__rosidl_typesupport_introspection_c
[5.772s] [ 62%] Built target fast_lio__rosidl_typesupport_c
[5.823s] [35m[1mConsolidate compiler generated dependencies of target fastlio_mapping[0m
[5.859s] [ 62%] Built target fast_lio
[5.935s] [ 74%] Built target fastlio_mapping
[5.955s] [ 77%] Built target fast_lio__py
[5.983s] [35m[1mConsolidate compiler generated dependencies of target fast_lio__rosidl_generator_py[0m
[6.017s] [ 82%] Built target fast_lio__rosidl_generator_py
[6.045s] [35m[1mConsolidate compiler generated dependencies of target fast_lio__rosidl_typesupport_fastrtps_c__pyext[0m
[6.056s] [35m[1mConsolidate compiler generated dependencies of target fast_lio__rosidl_typesupport_c__pyext[0m
[6.064s] [35m[1mConsolidate compiler generated dependencies of target fast_lio__rosidl_typesupport_introspection_c__pyext[0m
[6.102s] [ 88%] Built target fast_lio__rosidl_typesupport_c__pyext
[6.119s] [ 94%] Built target fast_lio__rosidl_typesupport_fastrtps_c__pyext
[6.135s] [100%] Built target fast_lio__rosidl_typesupport_introspection_c__pyext
[6.426s] running egg_info
[6.429s] writing fast_lio.egg-info/PKG-INFO
[6.431s] writing dependency_links to fast_lio.egg-info/dependency_links.txt
[6.431s] writing top-level names to fast_lio.egg-info/top_level.txt
[6.438s] reading manifest file 'fast_lio.egg-info/SOURCES.txt'
[6.439s] writing manifest file 'fast_lio.egg-info/SOURCES.txt'
[6.525s] [100%] Built target ament_cmake_python_build_fast_lio_egg
[6.553s] Invoked command in '/home/nvidia/luckrobot/fastlio_localization/build/fast_lio' returned '0': CMAKE_PREFIX_PATH=${CMAKE_PREFIX_PATH}:/home/nvidia/luckrobot/luckrobot_ws/install/luckrobot_launch1:/home/nvidia/luckrobot/luckrobot_ws/install/keyboard_control:/opt/ros/humble /usr/bin/cmake --build /home/nvidia/luckrobot/fastlio_localization/build/fast_lio -- -j6 -l6
[6.559s] Invoking command in '/home/nvidia/luckrobot/fastlio_localization/build/fast_lio': CMAKE_PREFIX_PATH=${CMAKE_PREFIX_PATH}:/home/nvidia/luckrobot/luckrobot_ws/install/luckrobot_launch1:/home/nvidia/luckrobot/luckrobot_ws/install/keyboard_control:/opt/ros/humble /usr/bin/cmake --install /home/nvidia/luckrobot/fastlio_localization/build/fast_lio
[6.579s] -- Install configuration: "Release"
[6.579s] -- Up-to-date: /home/nvidia/luckrobot/fastlio_localization/install/fast_lio/share/ament_index/resource_index/rosidl_interfaces/fast_lio
[6.580s] -- Up-to-date: /home/nvidia/luckrobot/fastlio_localization/install/fast_lio/include/fast_lio/fast_lio
[6.580s] -- Up-to-date: /home/nvidia/luckrobot/fastlio_localization/install/fast_lio/include/fast_lio/fast_lio/msg
[6.580s] -- Up-to-date: /home/nvidia/luckrobot/fastlio_localization/install/fast_lio/include/fast_lio/fast_lio/msg/pose6_d.h
[6.580s] -- Up-to-date: /home/nvidia/luckrobot/fastlio_localization/install/fast_lio/include/fast_lio/fast_lio/msg/detail
[6.581s] -- Up-to-date: /home/nvidia/luckrobot/fastlio_localization/install/fast_lio/include/fast_lio/fast_lio/msg/detail/pose6_d__type_support.h
[6.581s] -- Up-to-date: /home/nvidia/luckrobot/fastlio_localization/install/fast_lio/include/fast_lio/fast_lio/msg/detail/pose6_d__struct.h
[6.581s] -- Up-to-date: /home/nvidia/luckrobot/fastlio_localization/install/fast_lio/include/fast_lio/fast_lio/msg/detail/pose6_d__functions.c
[6.581s] -- Up-to-date: /home/nvidia/luckrobot/fastlio_localization/install/fast_lio/include/fast_lio/fast_lio/msg/detail/pose6_d__functions.h
[6.581s] -- Up-to-date: /home/nvidia/luckrobot/fastlio_localization/install/fast_lio/include/fast_lio/fast_lio/msg/rosidl_generator_c__visibility_control.h
[6.581s] -- Up-to-date: /home/nvidia/luckrobot/fastlio_localization/install/fast_lio/share/fast_lio/environment/library_path.sh
[6.582s] -- Installing: /home/nvidia/luckrobot/fastlio_localization/install/fast_lio/share/fast_lio/environment/library_path.dsv
[6.582s] -- Up-to-date: /home/nvidia/luckrobot/fastlio_localization/install/fast_lio/lib/libfast_lio__rosidl_generator_c.so
[6.583s] -- Up-to-date: /home/nvidia/luckrobot/fastlio_localization/install/fast_lio/include/fast_lio/fast_lio
[6.583s] -- Up-to-date: /home/nvidia/luckrobot/fastlio_localization/install/fast_lio/include/fast_lio/fast_lio/msg
[6.583s] -- Up-to-date: /home/nvidia/luckrobot/fastlio_localization/install/fast_lio/include/fast_lio/fast_lio/msg/detail
[6.583s] -- Up-to-date: /home/nvidia/luckrobot/fastlio_localization/install/fast_lio/include/fast_lio/fast_lio/msg/detail/pose6_d__rosidl_typesupport_fastrtps_c.h
[6.584s] -- Up-to-date: /home/nvidia/luckrobot/fastlio_localization/install/fast_lio/include/fast_lio/fast_lio/msg/rosidl_typesupport_fastrtps_c__visibility_control.h
[6.584s] -- Up-to-date: /home/nvidia/luckrobot/fastlio_localization/install/fast_lio/lib/libfast_lio__rosidl_typesupport_fastrtps_c.so
[6.585s] -- Up-to-date: /home/nvidia/luckrobot/fastlio_localization/install/fast_lio/include/fast_lio/fast_lio
[6.585s] -- Up-to-date: /home/nvidia/luckrobot/fastlio_localization/install/fast_lio/include/fast_lio/fast_lio/msg
[6.585s] -- Up-to-date: /home/nvidia/luckrobot/fastlio_localization/install/fast_lio/include/fast_lio/fast_lio/msg/detail
[6.586s] -- Up-to-date: /home/nvidia/luckrobot/fastlio_localization/install/fast_lio/include/fast_lio/fast_lio/msg/detail/pose6_d__struct.hpp
[6.586s] -- Up-to-date: /home/nvidia/luckrobot/fastlio_localization/install/fast_lio/include/fast_lio/fast_lio/msg/detail/pose6_d__traits.hpp
[6.587s] -- Up-to-date: /home/nvidia/luckrobot/fastlio_localization/install/fast_lio/include/fast_lio/fast_lio/msg/detail/pose6_d__type_support.hpp
[6.587s] -- Up-to-date: /home/nvidia/luckrobot/fastlio_localization/install/fast_lio/include/fast_lio/fast_lio/msg/detail/pose6_d__builder.hpp
[6.587s] -- Up-to-date: /home/nvidia/luckrobot/fastlio_localization/install/fast_lio/include/fast_lio/fast_lio/msg/pose6_d.hpp
[6.587s] -- Up-to-date: /home/nvidia/luckrobot/fastlio_localization/install/fast_lio/include/fast_lio/fast_lio/msg/rosidl_generator_cpp__visibility_control.hpp
[6.588s] -- Up-to-date: /home/nvidia/luckrobot/fastlio_localization/install/fast_lio/include/fast_lio/fast_lio
[6.588s] -- Up-to-date: /home/nvidia/luckrobot/fastlio_localization/install/fast_lio/include/fast_lio/fast_lio/msg
[6.588s] -- Up-to-date: /home/nvidia/luckrobot/fastlio_localization/install/fast_lio/include/fast_lio/fast_lio/msg/detail
[6.588s] -- Up-to-date: /home/nvidia/luckrobot/fastlio_localization/install/fast_lio/include/fast_lio/fast_lio/msg/detail/pose6_d__rosidl_typesupport_fastrtps_cpp.hpp
[6.589s] -- Up-to-date: /home/nvidia/luckrobot/fastlio_localization/install/fast_lio/include/fast_lio/fast_lio/msg/detail/dds_fastrtps
[6.589s] -- Up-to-date: /home/nvidia/luckrobot/fastlio_localization/install/fast_lio/include/fast_lio/fast_lio/msg/rosidl_typesupport_fastrtps_cpp__visibility_control.h
[6.589s] -- Up-to-date: /home/nvidia/luckrobot/fastlio_localization/install/fast_lio/lib/libfast_lio__rosidl_typesupport_fastrtps_cpp.so
[6.589s] -- Up-to-date: /home/nvidia/luckrobot/fastlio_localization/install/fast_lio/include/fast_lio/fast_lio
[6.589s] -- Up-to-date: /home/nvidia/luckrobot/fastlio_localization/install/fast_lio/include/fast_lio/fast_lio/msg
[6.590s] -- Up-to-date: /home/nvidia/luckrobot/fastlio_localization/install/fast_lio/include/fast_lio/fast_lio/msg/rosidl_typesupport_introspection_c__visibility_control.h
[6.590s] -- Up-to-date: /home/nvidia/luckrobot/fastlio_localization/install/fast_lio/include/fast_lio/fast_lio/msg/detail
[6.590s] -- Up-to-date: /home/nvidia/luckrobot/fastlio_localization/install/fast_lio/include/fast_lio/fast_lio/msg/detail/pose6_d__type_support.c
[6.590s] -- Up-to-date: /home/nvidia/luckrobot/fastlio_localization/install/fast_lio/include/fast_lio/fast_lio/msg/detail/pose6_d__rosidl_typesupport_introspection_c.h
[6.591s] -- Up-to-date: /home/nvidia/luckrobot/fastlio_localization/install/fast_lio/lib/libfast_lio__rosidl_typesupport_introspection_c.so
[6.592s] -- Up-to-date: /home/nvidia/luckrobot/fastlio_localization/install/fast_lio/lib/libfast_lio__rosidl_typesupport_c.so
[6.593s] -- Up-to-date: /home/nvidia/luckrobot/fastlio_localization/install/fast_lio/include/fast_lio/fast_lio
[6.593s] -- Up-to-date: /home/nvidia/luckrobot/fastlio_localization/install/fast_lio/include/fast_lio/fast_lio/msg
[6.593s] -- Up-to-date: /home/nvidia/luckrobot/fastlio_localization/install/fast_lio/include/fast_lio/fast_lio/msg/detail
[6.594s] -- Up-to-date: /home/nvidia/luckrobot/fastlio_localization/install/fast_lio/include/fast_lio/fast_lio/msg/detail/pose6_d__rosidl_typesupport_introspection_cpp.hpp
[6.594s] -- Up-to-date: /home/nvidia/luckrobot/fastlio_localization/install/fast_lio/include/fast_lio/fast_lio/msg/detail/pose6_d__type_support.cpp
[6.594s] -- Up-to-date: /home/nvidia/luckrobot/fastlio_localization/install/fast_lio/lib/libfast_lio__rosidl_typesupport_introspection_cpp.so
[6.595s] -- Up-to-date: /home/nvidia/luckrobot/fastlio_localization/install/fast_lio/lib/libfast_lio__rosidl_typesupport_cpp.so
[6.595s] -- Up-to-date: /home/nvidia/luckrobot/fastlio_localization/install/fast_lio/share/fast_lio/environment/pythonpath.sh
[6.595s] -- Installing: /home/nvidia/luckrobot/fastlio_localization/install/fast_lio/share/fast_lio/environment/pythonpath.dsv
[6.596s] -- Up-to-date: /home/nvidia/luckrobot/fastlio_localization/install/fast_lio/local/lib/python3.10/dist-packages/fast_lio-0.0.0-py3.10.egg-info
[6.596s] -- Installing: /home/nvidia/luckrobot/fastlio_localization/install/fast_lio/local/lib/python3.10/dist-packages/fast_lio-0.0.0-py3.10.egg-info/dependency_links.txt
[6.597s] -- Installing: /home/nvidia/luckrobot/fastlio_localization/install/fast_lio/local/lib/python3.10/dist-packages/fast_lio-0.0.0-py3.10.egg-info/PKG-INFO
[6.597s] -- Installing: /home/nvidia/luckrobot/fastlio_localization/install/fast_lio/local/lib/python3.10/dist-packages/fast_lio-0.0.0-py3.10.egg-info/top_level.txt
[6.597s] -- Installing: /home/nvidia/luckrobot/fastlio_localization/install/fast_lio/local/lib/python3.10/dist-packages/fast_lio-0.0.0-py3.10.egg-info/SOURCES.txt
[6.598s] -- Up-to-date: /home/nvidia/luckrobot/fastlio_localization/install/fast_lio/local/lib/python3.10/dist-packages/fast_lio
[6.599s] -- Up-to-date: /home/nvidia/luckrobot/fastlio_localization/install/fast_lio/local/lib/python3.10/dist-packages/fast_lio/_fast_lio_s.ep.rosidl_typesupport_introspection_c.c
[6.599s] -- Installing: /home/nvidia/luckrobot/fastlio_localization/install/fast_lio/local/lib/python3.10/dist-packages/fast_lio/__init__.py
[6.599s] -- Up-to-date: /home/nvidia/luckrobot/fastlio_localization/install/fast_lio/local/lib/python3.10/dist-packages/fast_lio/fast_lio_s__rosidl_typesupport_fastrtps_c.cpython-310-aarch64-linux-gnu.so
[6.600s] -- Up-to-date: /home/nvidia/luckrobot/fastlio_localization/install/fast_lio/local/lib/python3.10/dist-packages/fast_lio/msg
[6.600s] -- Up-to-date: /home/nvidia/luckrobot/fastlio_localization/install/fast_lio/local/lib/python3.10/dist-packages/fast_lio/msg/__init__.py
[6.601s] -- Up-to-date: /home/nvidia/luckrobot/fastlio_localization/install/fast_lio/local/lib/python3.10/dist-packages/fast_lio/msg/_pose6_d_s.c
[6.601s] -- Up-to-date: /home/nvidia/luckrobot/fastlio_localization/install/fast_lio/local/lib/python3.10/dist-packages/fast_lio/msg/_pose6_d.py
[6.601s] -- Up-to-date: /home/nvidia/luckrobot/fastlio_localization/install/fast_lio/local/lib/python3.10/dist-packages/fast_lio/_fast_lio_s.ep.rosidl_typesupport_fastrtps_c.c
[6.601s] -- Up-to-date: /home/nvidia/luckrobot/fastlio_localization/install/fast_lio/local/lib/python3.10/dist-packages/fast_lio/libfast_lio__rosidl_generator_py.so
[6.601s] -- Up-to-date: /home/nvidia/luckrobot/fastlio_localization/install/fast_lio/local/lib/python3.10/dist-packages/fast_lio/_fast_lio_s.ep.rosidl_typesupport_c.c
[6.601s] -- Up-to-date: /home/nvidia/luckrobot/fastlio_localization/install/fast_lio/local/lib/python3.10/dist-packages/fast_lio/fast_lio_s__rosidl_typesupport_introspection_c.cpython-310-aarch64-linux-gnu.so
[6.601s] -- Up-to-date: /home/nvidia/luckrobot/fastlio_localization/install/fast_lio/local/lib/python3.10/dist-packages/fast_lio/fast_lio_s__rosidl_typesupport_c.cpython-310-aarch64-linux-gnu.so
[6.678s] Listing '/home/nvidia/luckrobot/fastlio_localization/install/fast_lio/local/lib/python3.10/dist-packages/fast_lio'...
[6.678s] Compiling '/home/nvidia/luckrobot/fastlio_localization/install/fast_lio/local/lib/python3.10/dist-packages/fast_lio/__init__.py'...
[6.678s] Listing '/home/nvidia/luckrobot/fastlio_localization/install/fast_lio/local/lib/python3.10/dist-packages/fast_lio/msg'...
[6.693s] -- Up-to-date: /home/nvidia/luckrobot/fastlio_localization/install/fast_lio/local/lib/python3.10/dist-packages/fast_lio/fast_lio_s__rosidl_typesupport_fastrtps_c.cpython-310-aarch64-linux-gnu.so
[6.696s] -- Up-to-date: /home/nvidia/luckrobot/fastlio_localization/install/fast_lio/local/lib/python3.10/dist-packages/fast_lio/fast_lio_s__rosidl_typesupport_introspection_c.cpython-310-aarch64-linux-gnu.so
[6.701s] -- Up-to-date: /home/nvidia/luckrobot/fastlio_localization/install/fast_lio/local/lib/python3.10/dist-packages/fast_lio/fast_lio_s__rosidl_typesupport_c.cpython-310-aarch64-linux-gnu.so
[6.702s] -- Up-to-date: /home/nvidia/luckrobot/fastlio_localization/install/fast_lio/lib/libfast_lio__rosidl_generator_py.so
[6.703s] -- Up-to-date: /home/nvidia/luckrobot/fastlio_localization/install/fast_lio/share/fast_lio/msg/Pose6D.idl
[6.703s] -- Up-to-date: /home/nvidia/luckrobot/fastlio_localization/install/fast_lio/share/fast_lio/msg/Pose6D.msg
[6.704s] -- Up-to-date: /home/nvidia/luckrobot/fastlio_localization/install/fast_lio/lib/fast_lio/fastlio_mapping
[6.704s] -- Up-to-date: /home/nvidia/luckrobot/fastlio_localization/install/fast_lio/share/fast_lio/config
[6.704s] -- Installing: /home/nvidia/luckrobot/fastlio_localization/install/fast_lio/share/fast_lio/config/mid360.yaml
[6.705s] -- Up-to-date: /home/nvidia/luckrobot/fastlio_localization/install/fast_lio/share/fast_lio/config/avia.yaml
[6.705s] -- Up-to-date: /home/nvidia/luckrobot/fastlio_localization/install/fast_lio/share/fast_lio/config/horizon.yaml
[6.705s] -- Up-to-date: /home/nvidia/luckrobot/fastlio_localization/install/fast_lio/share/fast_lio/config/ouster64.yaml
[6.705s] -- Up-to-date: /home/nvidia/luckrobot/fastlio_localization/install/fast_lio/share/fast_lio/config/velodyne.yaml
[6.706s] -- Up-to-date: /home/nvidia/luckrobot/fastlio_localization/install/fast_lio/share/fast_lio/launch
[6.707s] -- Up-to-date: /home/nvidia/luckrobot/fastlio_localization/install/fast_lio/share/fast_lio/launch/mapping.launch.py
[6.707s] -- Up-to-date: /home/nvidia/luckrobot/fastlio_localization/install/fast_lio/share/fast_lio/launch/gdb_debug_example.launch
[6.707s] -- Up-to-date: /home/nvidia/luckrobot/fastlio_localization/install/fast_lio/share/fast_lio/rviz
[6.707s] -- Up-to-date: /home/nvidia/luckrobot/fastlio_localization/install/fast_lio/share/fast_lio/rviz/fastlio.rviz
[6.707s] -- Up-to-date: /home/nvidia/luckrobot/fastlio_localization/install/fast_lio/share/ament_index/resource_index/package_run_dependencies/fast_lio
[6.708s] -- Installing: /home/nvidia/luckrobot/fastlio_localization/install/fast_lio/share/ament_index/resource_index/parent_prefix_path/fast_lio
[6.708s] -- Up-to-date: /home/nvidia/luckrobot/fastlio_localization/install/fast_lio/share/fast_lio/environment/ament_prefix_path.sh
[6.708s] -- Installing: /home/nvidia/luckrobot/fastlio_localization/install/fast_lio/share/fast_lio/environment/ament_prefix_path.dsv
[6.708s] -- Up-to-date: /home/nvidia/luckrobot/fastlio_localization/install/fast_lio/share/fast_lio/environment/path.sh
[6.709s] -- Installing: /home/nvidia/luckrobot/fastlio_localization/install/fast_lio/share/fast_lio/environment/path.dsv
[6.709s] -- Up-to-date: /home/nvidia/luckrobot/fastlio_localization/install/fast_lio/share/fast_lio/local_setup.bash
[6.709s] -- Up-to-date: /home/nvidia/luckrobot/fastlio_localization/install/fast_lio/share/fast_lio/local_setup.sh
[6.709s] -- Up-to-date: /home/nvidia/luckrobot/fastlio_localization/install/fast_lio/share/fast_lio/local_setup.zsh
[6.709s] -- Installing: /home/nvidia/luckrobot/fastlio_localization/install/fast_lio/share/fast_lio/local_setup.dsv
[6.709s] -- Installing: /home/nvidia/luckrobot/fastlio_localization/install/fast_lio/share/fast_lio/package.dsv
[6.710s] -- Up-to-date: /home/nvidia/luckrobot/fastlio_localization/install/fast_lio/share/ament_index/resource_index/packages/fast_lio
[6.710s] -- Up-to-date: /home/nvidia/luckrobot/fastlio_localization/install/fast_lio/share/fast_lio/cmake/export_fast_lio__rosidl_generator_cExport.cmake
[6.710s] -- Up-to-date: /home/nvidia/luckrobot/fastlio_localization/install/fast_lio/share/fast_lio/cmake/export_fast_lio__rosidl_generator_cExport-release.cmake
[6.711s] -- Up-to-date: /home/nvidia/luckrobot/fastlio_localization/install/fast_lio/share/fast_lio/cmake/export_fast_lio__rosidl_typesupport_fastrtps_cExport.cmake
[6.711s] -- Up-to-date: /home/nvidia/luckrobot/fastlio_localization/install/fast_lio/share/fast_lio/cmake/export_fast_lio__rosidl_typesupport_fastrtps_cExport-release.cmake
[6.711s] -- Up-to-date: /home/nvidia/luckrobot/fastlio_localization/install/fast_lio/share/fast_lio/cmake/export_fast_lio__rosidl_generator_cppExport.cmake
[6.711s] -- Up-to-date: /home/nvidia/luckrobot/fastlio_localization/install/fast_lio/share/fast_lio/cmake/export_fast_lio__rosidl_typesupport_fastrtps_cppExport.cmake
[6.712s] -- Up-to-date: /home/nvidia/luckrobot/fastlio_localization/install/fast_lio/share/fast_lio/cmake/export_fast_lio__rosidl_typesupport_fastrtps_cppExport-release.cmake
[6.722s] -- Up-to-date: /home/nvidia/luckrobot/fastlio_localization/install/fast_lio/share/fast_lio/cmake/fast_lio__rosidl_typesupport_introspection_cExport.cmake
[6.723s] -- Up-to-date: /home/nvidia/luckrobot/fastlio_localization/install/fast_lio/share/fast_lio/cmake/fast_lio__rosidl_typesupport_introspection_cExport-release.cmake
[6.723s] -- Up-to-date: /home/nvidia/luckrobot/fastlio_localization/install/fast_lio/share/fast_lio/cmake/fast_lio__rosidl_typesupport_cExport.cmake
[6.724s] -- Up-to-date: /home/nvidia/luckrobot/fastlio_localization/install/fast_lio/share/fast_lio/cmake/fast_lio__rosidl_typesupport_cExport-release.cmake
[6.724s] -- Up-to-date: /home/nvidia/luckrobot/fastlio_localization/install/fast_lio/share/fast_lio/cmake/fast_lio__rosidl_typesupport_introspection_cppExport.cmake
[6.724s] -- Up-to-date: /home/nvidia/luckrobot/fastlio_localization/install/fast_lio/share/fast_lio/cmake/fast_lio__rosidl_typesupport_introspection_cppExport-release.cmake
[6.725s] -- Up-to-date: /home/nvidia/luckrobot/fastlio_localization/install/fast_lio/share/fast_lio/cmake/fast_lio__rosidl_typesupport_cppExport.cmake
[6.726s] -- Up-to-date: /home/nvidia/luckrobot/fastlio_localization/install/fast_lio/share/fast_lio/cmake/fast_lio__rosidl_typesupport_cppExport-release.cmake
[6.726s] -- Up-to-date: /home/nvidia/luckrobot/fastlio_localization/install/fast_lio/share/fast_lio/cmake/export_fast_lio__rosidl_generator_pyExport.cmake
[6.727s] -- Up-to-date: /home/nvidia/luckrobot/fastlio_localization/install/fast_lio/share/fast_lio/cmake/export_fast_lio__rosidl_generator_pyExport-release.cmake
[6.727s] -- Up-to-date: /home/nvidia/luckrobot/fastlio_localization/install/fast_lio/share/fast_lio/cmake/rosidl_cmake-extras.cmake
[6.727s] -- Up-to-date: /home/nvidia/luckrobot/fastlio_localization/install/fast_lio/share/fast_lio/cmake/ament_cmake_export_include_directories-extras.cmake
[6.728s] -- Up-to-date: /home/nvidia/luckrobot/fastlio_localization/install/fast_lio/share/fast_lio/cmake/ament_cmake_export_libraries-extras.cmake
[6.728s] -- Up-to-date: /home/nvidia/luckrobot/fastlio_localization/install/fast_lio/share/fast_lio/cmake/ament_cmake_export_targets-extras.cmake
[6.731s] -- Up-to-date: /home/nvidia/luckrobot/fastlio_localization/install/fast_lio/share/fast_lio/cmake/rosidl_cmake_export_typesupport_targets-extras.cmake
[6.732s] -- Up-to-date: /home/nvidia/luckrobot/fastlio_localization/install/fast_lio/share/fast_lio/cmake/ament_cmake_export_dependencies-extras.cmake
[6.732s] -- Up-to-date: /home/nvidia/luckrobot/fastlio_localization/install/fast_lio/share/fast_lio/cmake/rosidl_cmake_export_typesupport_libraries-extras.cmake
[6.733s] -- Up-to-date: /home/nvidia/luckrobot/fastlio_localization/install/fast_lio/share/fast_lio/cmake/fast_lioConfig.cmake
[6.733s] -- Up-to-date: /home/nvidia/luckrobot/fastlio_localization/install/fast_lio/share/fast_lio/cmake/fast_lioConfig-version.cmake
[6.735s] -- Up-to-date: /home/nvidia/luckrobot/fastlio_localization/install/fast_lio/share/fast_lio/package.xml
[6.735s] Invoked command in '/home/nvidia/luckrobot/fastlio_localization/build/fast_lio' returned '0': CMAKE_PREFIX_PATH=${CMAKE_PREFIX_PATH}:/home/nvidia/luckrobot/luckrobot_ws/install/luckrobot_launch1:/home/nvidia/luckrobot/luckrobot_ws/install/keyboard_control:/opt/ros/humble /usr/bin/cmake --install /home/nvidia/luckrobot/fastlio_localization/build/fast_lio
