[33mCMake Warning (dev) at CMakeLists.txt:37 (find_package):
  Policy CMP0074 is not set: find_package uses <PackageName>_ROOT variables.
  Run "cmake --help-policy CMP0074" for policy details.  Use the cmake_policy
  command to set the policy and suppress this warning.

  CMake variable PCL_ROOT is set to:

    /usr

  For compatibility, CMake is ignoring the variable.
This warning is for project developers.  Use -Wno-dev to suppress it.
[0m
[0mCMake Deprecation Warning at /home/nvidia/open3d141/lib/cmake/Open3D/Open3DConfig.cmake:18 (cmake_policy):
  The OLD behavior for policy CMP0072 will be removed from a future version
  of CMake.

  The cmake-policies(7) manual explains that the OLD behaviors of all
  policies are deprecated and that a policy should be set to OLD only under
  specific short-term circumstances.  Projects should be ported to the NEW
  behavior and not rely on setting a policy to OLD.
Call Stack (most recent call first):
  CMakeLists.txt:45 (find_package)

[0m
In file included from [01m[K/home/nvidia/open3d141/include/open3d/Open3D.h:31[m[K,
                 from [01m[K/home/nvidia/luckrobot/fastlio_localization/src/FAST_LIO_LOCALIZATION_HUMANOID/open3d_loc/include/open3d_registration/open3d_registration.h:5[m[K,
                 from [01m[K/home/nvidia/luckrobot/fastlio_localization/src/FAST_LIO_LOCALIZATION_HUMANOID/open3d_loc/src/open3d_registration/open3d_registration.cpp:1[m[K:
[01m[K/home/nvidia/open3d141/include/open3d/camera/PinholeCameraIntrinsic.h:[m[K In member function ‘[01m[Kstd::pair<double, double> open3d::camera::PinholeCameraIntrinsic::GetFocalLength() const[m[K’:
[01m[K/home/nvidia/open3d141/include/open3d/camera/PinholeCameraIntrinsic.h:93:54:[m[K [01;36m[Knote: [m[Kparameter passing for argument of type ‘[01m[Kstd::pair<double, double>[m[K’ when C++17 is enabled changed to match C++14 in GCC 10.1
   93 |     std::pair<double, double> GetFocalLength() const [01;36m[K{[m[K
      |                                                      [01;36m[K^[m[K
In file included from [01m[K/home/nvidia/open3d141/include/open3d/Open3D.h:31[m[K,
                 from [01m[K/home/nvidia/luckrobot/fastlio_localization/src/FAST_LIO_LOCALIZATION_HUMANOID/open3d_loc/include/open3d_conversions/open3d_conversions.h:19[m[K,
                 from [01m[K/home/nvidia/luckrobot/fastlio_localization/src/FAST_LIO_LOCALIZATION_HUMANOID/open3d_loc/src/open3d_conversions/open3d_conversions.cpp:1[m[K:
[01m[K/home/nvidia/open3d141/include/open3d/camera/PinholeCameraIntrinsic.h:[m[K In member function ‘[01m[Kstd::pair<double, double> open3d::camera::PinholeCameraIntrinsic::GetFocalLength() const[m[K’:
[01m[K/home/nvidia/open3d141/include/open3d/camera/PinholeCameraIntrinsic.h:93:54:[m[K [01;36m[Knote: [m[Kparameter passing for argument of type ‘[01m[Kstd::pair<double, double>[m[K’ when C++17 is enabled changed to match C++14 in GCC 10.1
   93 |     std::pair<double, double> GetFocalLength() const [01;36m[K{[m[K
      |                                                      [01;36m[K^[m[K
[01m[K/home/nvidia/luckrobot/fastlio_localization/src/FAST_LIO_LOCALIZATION_HUMANOID/open3d_loc/src/open3d_registration/open3d_registration.cpp:[m[K In lambda function:
[01m[K/home/nvidia/luckrobot/fastlio_localization/src/FAST_LIO_LOCALIZATION_HUMANOID/open3d_loc/src/open3d_registration/open3d_registration.cpp:114:18:[m[K [01;35m[Kwarning: [m[Kunused variable ‘[01m[Kpreprocess_cost[m[K’ [[01;35m[K-Wunused-variable[m[K]
  114 |             auto [01;35m[Kpreprocess_cost[m[K = std::chrono::duration_cast<std::chrono::milliseconds>(preprocess_e - preprocess_s).count();
      |                  [01;35m[K^~~~~~~~~~~~~~~[m[K
[01m[K/home/nvidia/luckrobot/fastlio_localization/src/FAST_LIO_LOCALIZATION_HUMANOID/open3d_loc/src/open3d_registration/open3d_registration.cpp:[m[K In function ‘[01m[KEigen::Matrix4d pcd_tools::RegistrationMultiScaleIcp(std::shared_ptr<open3d::geometry::PointCloud>, std::shared_ptr<open3d::geometry::PointCloud>, double, int, std::vector<double>)[m[K’:
[01m[K/home/nvidia/luckrobot/fastlio_localization/src/FAST_LIO_LOCALIZATION_HUMANOID/open3d_loc/src/open3d_registration/open3d_registration.cpp:127:14:[m[K [01;35m[Kwarning: [m[Kunused variable ‘[01m[Kpreprocess_all_cost[m[K’ [[01;35m[K-Wunused-variable[m[K]
  127 |         auto [01;35m[Kpreprocess_all_cost[m[K = std::chrono::duration_cast<std::chrono::milliseconds>(preprocess_all_e - preprocess_all_s).count();
      |              [01;35m[K^~~~~~~~~~~~~~~~~~~[m[K
[01m[K/home/nvidia/luckrobot/fastlio_localization/src/FAST_LIO_LOCALIZATION_HUMANOID/open3d_loc/src/open3d_registration/open3d_registration.cpp:147:14:[m[K [01;35m[Kwarning: [m[Kunused variable ‘[01m[Kicp_cost[m[K’ [[01;35m[K-Wunused-variable[m[K]
  147 |         auto [01;35m[Kicp_cost[m[K = std::chrono::duration_cast<std::chrono::milliseconds>(icp_e - icp_s).count();
      |              [01;35m[K^~~~~~~~[m[K
[01m[K/home/nvidia/luckrobot/fastlio_localization/src/FAST_LIO_LOCALIZATION_HUMANOID/open3d_loc/src/open3d_registration/open3d_registration.cpp:[m[K In member function ‘[01m[Kbool pcd_tools::Open3dRegistration::RegistrationPipeline()[m[K’:
[01m[K/home/nvidia/luckrobot/fastlio_localization/src/FAST_LIO_LOCALIZATION_HUMANOID/open3d_loc/src/open3d_registration/open3d_registration.cpp:340:60:[m[K [01;35m[Kwarning: [m[Kvariable ‘[01m[Kfpfh_time_s[m[K’ set but not used [[01;35m[K-Wunused-but-set-variable[m[K]
  340 |             std::chrono::high_resolution_clock::time_point [01;35m[Kfpfh_time_s[m[K = std::chrono::high_resolution_clock::now();
      |                                                            [01;35m[K^~~~~~~~~~~[m[K
[01m[K/home/nvidia/luckrobot/fastlio_localization/src/FAST_LIO_LOCALIZATION_HUMANOID/open3d_loc/src/open3d_registration/open3d_registration.cpp:349:60:[m[K [01;35m[Kwarning: [m[Kvariable ‘[01m[Kfpfh_time_e[m[K’ set but not used [[01;35m[K-Wunused-but-set-variable[m[K]
  349 |             std::chrono::high_resolution_clock::time_point [01;35m[Kfpfh_time_e[m[K = std::chrono::high_resolution_clock::now();
      |                                                            [01;35m[K^~~~~~~~~~~[m[K
[01m[K/home/nvidia/luckrobot/fastlio_localization/src/FAST_LIO_LOCALIZATION_HUMANOID/open3d_loc/src/open3d_registration/open3d_registration.cpp:354:60:[m[K [01;35m[Kwarning: [m[Kvariable ‘[01m[Kicp_time_s[m[K’ set but not used [[01;35m[K-Wunused-but-set-variable[m[K]
  354 |             std::chrono::high_resolution_clock::time_point [01;35m[Kicp_time_s[m[K = std::chrono::high_resolution_clock::now();
      |                                                            [01;35m[K^~~~~~~~~~[m[K
[01m[K/home/nvidia/luckrobot/fastlio_localization/src/FAST_LIO_LOCALIZATION_HUMANOID/open3d_loc/src/open3d_registration/open3d_registration.cpp:358:60:[m[K [01;35m[Kwarning: [m[Kvariable ‘[01m[Kicp_time_e[m[K’ set but not used [[01;35m[K-Wunused-but-set-variable[m[K]
  358 |             std::chrono::high_resolution_clock::time_point [01;35m[Kicp_time_e[m[K = std::chrono::high_resolution_clock::now();
      |                                                            [01;35m[K^~~~~~~~~~[m[K
[01m[K/home/nvidia/luckrobot/fastlio_localization/src/FAST_LIO_LOCALIZATION_HUMANOID/open3d_loc/src/open3d_registration/open3d_registration.cpp:335:56:[m[K [01;35m[Kwarning: [m[Kvariable ‘[01m[Kstart_time[m[K’ set but not used [[01;35m[K-Wunused-but-set-variable[m[K]
  335 |         std::chrono::high_resolution_clock::time_point [01;35m[Kstart_time[m[K = std::chrono::high_resolution_clock::now();
      |                                                        [01;35m[K^~~~~~~~~~[m[K
[01m[K/home/nvidia/luckrobot/fastlio_localization/src/FAST_LIO_LOCALIZATION_HUMANOID/open3d_loc/src/open3d_registration/open3d_registration.cpp:364:56:[m[K [01;35m[Kwarning: [m[Kvariable ‘[01m[Ktotal_time[m[K’ set but not used [[01;35m[K-Wunused-but-set-variable[m[K]
  364 |         std::chrono::high_resolution_clock::time_point [01;35m[Ktotal_time[m[K = std::chrono::high_resolution_clock::now();
      |                                                        [01;35m[K^~~~~~~~~~[m[K
[01m[K/home/nvidia/luckrobot/fastlio_localization/src/FAST_LIO_LOCALIZATION_HUMANOID/open3d_loc/src/open3d_conversions/open3d_conversions.cpp:[m[K In function ‘[01m[Kvoid open3d_conversions::open3dToRos(const open3d::t::geometry::PointCloud&, sensor_msgs::msg::PointCloud2&, std::string, int, ...)[m[K’:
[01m[K/home/nvidia/luckrobot/fastlio_localization/src/FAST_LIO_LOCALIZATION_HUMANOID/open3d_loc/src/open3d_conversions/open3d_conversions.cpp:160:30:[m[K [01;35m[Kwarning: [m[Kcomparison of integer expressions of different signedness: ‘[01m[Ksize_t[m[K’ {aka ‘[01m[Klong unsigned int[m[K’} and ‘[01m[K__gnu_cxx::__alloc_traits<std::allocator<long int>, long int>::value_type[m[K’ {aka ‘[01m[Klong int[m[K’} [[01;35m[K-Wsign-compare[m[K]
  160 |         for (size_t i = 0; i < o3d_TensorList_points.GetShape()[0]; i++, ++ros_pc2_x, ++ros_pc2_y, ++ros_pc2_z)
[01m[K/home/nvidia/luckrobot/fastlio_localization/src/FAST_LIO_LOCALIZATION_HUMANOID/open3d_loc/src/open3d_conversions/open3d_conversions.cpp:174:30:[m[K [01;35m[Kwarning: [m[Kcomparison of integer expressions of different signedness: ‘[01m[Ksize_t[m[K’ {aka ‘[01m[Klong unsigned int[m[K’} and ‘[01m[K__gnu_cxx::__alloc_traits<std::allocator<long int>, long int>::value_type[m[K’ {aka ‘[01m[Klong int[m[K’} [[01;35m[K-Wsign-compare[m[K]
  174 |         for (size_t i = 0; i < o3d_TensorList_points.GetShape()[0]; i++, ++ros_pc2_r, ++ros_pc2_g, ++ros_pc2_b)
[01m[K/home/nvidia/luckrobot/fastlio_localization/src/FAST_LIO_LOCALIZATION_HUMANOID/open3d_loc/src/open3d_conversions/open3d_conversions.cpp:190:32:[m[K [01;35m[Kwarning: [m[Kcomparison of integer expressions of different signedness: ‘[01m[Ksize_t[m[K’ {aka ‘[01m[Klong unsigned int[m[K’} and ‘[01m[K__gnu_cxx::__alloc_traits<std::allocator<long int>, long int>::value_type[m[K’ {aka ‘[01m[Klong int[m[K’} [[01;35m[K-Wsign-compare[m[K]
  190 |           for (size_t i = 0; i < o3d_TensorList_points.GetShape()[0];
[01m[K/home/nvidia/luckrobot/fastlio_localization/src/FAST_LIO_LOCALIZATION_HUMANOID/open3d_loc/src/open3d_conversions/open3d_conversions.cpp:204:32:[m[K [01;35m[Kwarning: [m[Kcomparison of integer expressions of different signedness: ‘[01m[Ksize_t[m[K’ {aka ‘[01m[Klong unsigned int[m[K’} and ‘[01m[K__gnu_cxx::__alloc_traits<std::allocator<long int>, long int>::value_type[m[K’ {aka ‘[01m[Klong int[m[K’} [[01;35m[K-Wsign-compare[m[K]
  204 |           for (size_t i = 0; i < o3d_TensorList_points.GetShape()[0];
[01m[K/home/nvidia/luckrobot/fastlio_localization/src/FAST_LIO_LOCALIZATION_HUMANOID/open3d_loc/src/open3d_conversions/open3d_conversions.cpp:184:37:[m[K [01;35m[Kwarning: [m[Kunused variable ‘[01m[Ko3d_TensorList_fields[m[K’ [[01;35m[K-Wunused-variable[m[K]
  184 |         const open3d::core::Tensor &[01;35m[Ko3d_TensorList_fields[m[K = pointcloud.GetPointAttr(*field_name);
      |                                     [01;35m[K^~~~~~~~~~~~~~~~~~~~~[m[K
[01m[K/home/nvidia/luckrobot/fastlio_localization/src/FAST_LIO_LOCALIZATION_HUMANOID/open3d_loc/src/open3d_conversions/open3d_conversions.cpp:[m[K In function ‘[01m[Kvoid open3d_conversions::rosToOpen3d(const std::shared_ptr<const sensor_msgs::msg::PointCloud2_<std::allocator<void> > >&, open3d::t::geometry::PointCloud&, bool)[m[K’:
[01m[K/home/nvidia/luckrobot/fastlio_localization/src/FAST_LIO_LOCALIZATION_HUMANOID/open3d_loc/src/open3d_conversions/open3d_conversions.cpp:229:41:[m[K [01;35m[Kwarning: [m[Kcomparison of integer expressions of different signedness: ‘[01m[Kint[m[K’ and ‘[01m[Kstd::vector<sensor_msgs::msg::PointField_<std::allocator<void> >, std::allocator<sensor_msgs::msg::PointField_<std::allocator<void> > > >::size_type[m[K’ {aka ‘[01m[Klong unsigned int[m[K’} [[01;35m[K-Wsign-compare[m[K]
  229 |     for (int num_fields = 0; [01;35m[Knum_fields < ros_pc2->fields.size()[m[K; num_fields++)
      |                              [01;35m[K~~~~~~~~~~~^~~~~~~~~~~~~~~~~~~~~~~~[m[K
[01m[K/home/nvidia/luckrobot/fastlio_localization/src/FAST_LIO_LOCALIZATION_HUMANOID/open3d_loc/src/open3d_conversions/open3d_conversions.cpp:225:25:[m[K [01;35m[Kwarning: [m[Kvariable ‘[01m[Kdtype_lf[m[K’ set but not used [[01;35m[K-Wunused-but-set-variable[m[K]
  225 |     open3d::core::Dtype [01;35m[Kdtype_lf[m[K = open3d::core::Dtype::Float64;
      |                         [01;35m[K^~~~~~~~[m[K
In file included from [01m[K/home/nvidia/open3d141/include/open3d/Open3D.h:31[m[K,
                 from [01m[K/home/nvidia/luckrobot/fastlio_localization/src/FAST_LIO_LOCALIZATION_HUMANOID/open3d_loc/src/global_localization.cpp:22[m[K:
[01m[K/home/nvidia/open3d141/include/open3d/camera/PinholeCameraIntrinsic.h:[m[K In member function ‘[01m[Kstd::pair<double, double> open3d::camera::PinholeCameraIntrinsic::GetFocalLength() const[m[K’:
[01m[K/home/nvidia/open3d141/include/open3d/camera/PinholeCameraIntrinsic.h:93:54:[m[K [01;36m[Knote: [m[Kparameter passing for argument of type ‘[01m[Kstd::pair<double, double>[m[K’ when C++17 is enabled changed to match C++14 in GCC 10.1
   93 |     std::pair<double, double> GetFocalLength() const [01;36m[K{[m[K
      |                                                      [01;36m[K^[m[K
[01m[K/home/nvidia/luckrobot/fastlio_localization/src/FAST_LIO_LOCALIZATION_HUMANOID/open3d_loc/src/global_localization.cpp:[m[K In member function ‘[01m[Kvoid GloabalLocalization::CallbackBaselink2Odom(nav_msgs::msg::Odometry_<std::allocator<void> >::SharedPtr)[m[K’:
[01m[K/home/nvidia/luckrobot/fastlio_localization/src/FAST_LIO_LOCALIZATION_HUMANOID/open3d_loc/src/global_localization.cpp:467:10:[m[K [01;35m[Kwarning: [m[Kvariable ‘[01m[Kodom_cbk_s[m[K’ set but not used [[01;35m[K-Wunused-but-set-variable[m[K]
  467 |     auto [01;35m[Kodom_cbk_s[m[K = std::chrono::high_resolution_clock::now();
      |          [01;35m[K^~~~~~~~~~[m[K
[01m[K/home/nvidia/luckrobot/fastlio_localization/src/FAST_LIO_LOCALIZATION_HUMANOID/open3d_loc/src/global_localization.cpp:[m[K In member function ‘[01m[Kvoid GloabalLocalization::CallbackScan(sensor_msgs::msg::PointCloud2_<std::allocator<void> >::SharedPtr)[m[K’:
[01m[K/home/nvidia/luckrobot/fastlio_localization/src/FAST_LIO_LOCALIZATION_HUMANOID/open3d_loc/src/global_localization.cpp:597:10:[m[K [01;35m[Kwarning: [m[Kvariable ‘[01m[Kcbk_s[m[K’ set but not used [[01;35m[K-Wunused-but-set-variable[m[K]
  597 |     auto [01;35m[Kcbk_s[m[K = std::chrono::high_resolution_clock::now();
      |          [01;35m[K^~~~~[m[K
[01m[K/home/nvidia/luckrobot/fastlio_localization/src/FAST_LIO_LOCALIZATION_HUMANOID/open3d_loc/src/global_localization.cpp:627:10:[m[K [01;35m[Kwarning: [m[Kvariable ‘[01m[Kcbk_e[m[K’ set but not used [[01;35m[K-Wunused-but-set-variable[m[K]
  627 |     auto [01;35m[Kcbk_e[m[K = std::chrono::high_resolution_clock::now();
      |          [01;35m[K^~~~~[m[K
[01m[K/home/nvidia/luckrobot/fastlio_localization/src/FAST_LIO_LOCALIZATION_HUMANOID/open3d_loc/src/global_localization.cpp:[m[K In member function ‘[01m[Kvoid GloabalLocalization::LocalizationInitialize()[m[K’:
[01m[K/home/nvidia/luckrobot/fastlio_localization/src/FAST_LIO_LOCALIZATION_HUMANOID/open3d_loc/src/global_localization.cpp:689:18:[m[K [01;35m[Kwarning: [m[Kvariable ‘[01m[Kreg0_s[m[K’ set but not used [[01;35m[K-Wunused-but-set-variable[m[K]
  689 |             auto [01;35m[Kreg0_s[m[K = std::chrono::high_resolution_clock::now();
      |                  [01;35m[K^~~~~~[m[K
[01m[K/home/nvidia/luckrobot/fastlio_localization/src/FAST_LIO_LOCALIZATION_HUMANOID/open3d_loc/src/global_localization.cpp:[m[K In member function ‘[01m[Kvoid GloabalLocalization::Localization()[m[K’:
[01m[K/home/nvidia/luckrobot/fastlio_localization/src/FAST_LIO_LOCALIZATION_HUMANOID/open3d_loc/src/global_localization.cpp:922:18:[m[K [01;35m[Kwarning: [m[Kvariable ‘[01m[Kreg0_s[m[K’ set but not used [[01;35m[K-Wunused-but-set-variable[m[K]
  922 |             auto [01;35m[Kreg0_s[m[K = std::chrono::high_resolution_clock::now();
      |                  [01;35m[K^~~~~~[m[K
[01m[K/home/nvidia/luckrobot/fastlio_localization/src/FAST_LIO_LOCALIZATION_HUMANOID/open3d_loc/src/global_localization.cpp:811:12:[m[K [01;35m[Kwarning: [m[Kunused variable ‘[01m[Kfitness[m[K’ [[01;35m[K-Wunused-variable[m[K]
  811 |     double [01;35m[Kfitness[m[K = 0;
      |            [01;35m[K^~~~~~~[m[K
