-- The C compiler identification is GNU 11.4.0
-- The CXX compiler identification is GNU 11.4.0
-- Detecting C compiler ABI info
-- Detecting C compiler ABI info - done
-- Check for working C compiler: /usr/bin/cc - skipped
-- Detecting C compile features
-- Detecting C compile features - done
-- Detecting CXX compiler ABI info
-- Detecting CXX compiler ABI info - done
-- Check for working CXX compiler: /usr/bin/c++ - skipped
-- Detecting CXX compile features
-- Detecting CXX compile features - done
-- Found ament_cmake: 1.3.13 (/opt/ros/humble/share/ament_cmake/cmake)
-- Found Python3: /usr/bin/python3 (found version "3.10.12") found components: Interpreter 
-- Found rclcpp: 16.0.18 (/opt/ros/humble/share/rclcpp/cmake)
-- Found rosidl_generator_c: 3.1.8 (/opt/ros/humble/share/rosidl_generator_c/cmake)
-- Found rosidl_adapter: 3.1.8 (/opt/ros/humble/share/rosidl_adapter/cmake)
-- Found rosidl_generator_cpp: 3.1.8 (/opt/ros/humble/share/rosidl_generator_cpp/cmake)
-- Using all available rosidl_typesupport_c: rosidl_typesupport_fastrtps_c;rosidl_typesupport_introspection_c
-- Using all available rosidl_typesupport_cpp: rosidl_typesupport_fastrtps_cpp;rosidl_typesupport_introspection_cpp
-- Found rmw_implementation_cmake: 6.1.2 (/opt/ros/humble/share/rmw_implementation_cmake/cmake)
-- Found rmw_fastrtps_cpp: 6.2.10 (/opt/ros/humble/share/rmw_fastrtps_cpp/cmake)
-- Found OpenSSL: /usr/lib/aarch64-linux-gnu/libcrypto.so (found version "3.0.2")  
-- Found FastRTPS: /opt/ros/humble/include  
-- Using RMW implementation 'rmw_fastrtps_cpp' as default
-- Looking for pthread.h
-- Looking for pthread.h - found
-- Performing Test CMAKE_HAVE_LIBC_PTHREAD
-- Performing Test CMAKE_HAVE_LIBC_PTHREAD - Success
-- Found Threads: TRUE  
-- Found rclpy: 3.3.20 (/opt/ros/humble/share/rclpy/cmake)
-- Found geometry_msgs: 4.9.1 (/opt/ros/humble/share/geometry_msgs/cmake)
-- Found nav_msgs: 4.9.1 (/opt/ros/humble/share/nav_msgs/cmake)
-- Found sensor_msgs: 4.9.1 (/opt/ros/humble/share/sensor_msgs/cmake)
-- Found tf2: 0.25.19 (/opt/ros/humble/share/tf2/cmake)
-- Found tf2_ros: 0.25.19 (/opt/ros/humble/share/tf2_ros/cmake)
-- Found tf2_geometry_msgs: 0.25.19 (/opt/ros/humble/share/tf2_geometry_msgs/cmake)
-- Found eigen3_cmake_module: 0.1.1 (/opt/ros/humble/share/eigen3_cmake_module/cmake)
-- Found Eigen3: TRUE (found version "3.4.0") 
-- Ensuring Eigen3 include directory is part of orocos-kdl CMake target
-- Found tf2_eigen: 0.25.19 (/opt/ros/humble/share/tf2_eigen/cmake)
-- Found tf2_sensor_msgs: 0.25.19 (/opt/ros/humble/share/tf2_sensor_msgs/cmake)
-- Found pcl_ros: 2.4.5 (/opt/ros/humble/share/pcl_ros/cmake)
-- Checking for module 'eigen3'
--   Found eigen3, version 3.4.0
-- Found Eigen: /usr/include/eigen3 (Required is at least version "3.1") 
-- Eigen found (include: /usr/include/eigen3, version: 3.4.0)
-- Checking for module 'flann'
--   Found flann, version 1.9.1
-- Found FLANN: /usr/lib/aarch64-linux-gnu/libflann_cpp.so  
-- FLANN found (include: /usr/include, lib: /usr/lib/aarch64-linux-gnu/libflann_cpp.so)
-- Checking for module 'libusb-1.0'
--   Found libusb-1.0, version 1.0.25
-- Found libusb: /usr/lib/aarch64-linux-gnu/libusb-1.0.so  
-- OpenNI found (version: 1.5.4.0, include: /usr/include/ni, lib: /usr/lib/libOpenNI.so;libusb::libusb)
-- OpenNI2 found (version: 2.2.0.33, include: /usr/include/openni2, lib: /usr/lib/aarch64-linux-gnu/libOpenNI2.so;libusb::libusb)
-- Eigen found (include: /usr/include/eigen3, version: 3.4.0)
-- OpenNI found (version: 1.5.4.0, include: /usr/include/ni, lib: /usr/lib/libOpenNI.so;libusb::libusb)
-- OpenNI2 found (version: 2.2.0.33, include: /usr/include/openni2, lib: /usr/lib/aarch64-linux-gnu/libOpenNI2.so;libusb::libusb)
-- Found Qhull version 8.0.2
-- OpenNI found (version: 1.5.4.0, include: /usr/include/ni, lib: /usr/lib/libOpenNI.so;libusb::libusb)
-- Found PCL_COMMON: /usr/lib/aarch64-linux-gnu/libpcl_common.so  
-- Found PCL_KDTREE: /usr/lib/aarch64-linux-gnu/libpcl_kdtree.so  
-- Found PCL_OCTREE: /usr/lib/aarch64-linux-gnu/libpcl_octree.so  
-- Found PCL_SEARCH: /usr/lib/aarch64-linux-gnu/libpcl_search.so  
-- Found PCL_SAMPLE_CONSENSUS: /usr/lib/aarch64-linux-gnu/libpcl_sample_consensus.so  
-- Found PCL_FILTERS: /usr/lib/aarch64-linux-gnu/libpcl_filters.so  
-- Found PCL_2D: /usr/include/pcl-1.12  
-- Found PCL_GEOMETRY: /usr/include/pcl-1.12  
-- Found PCL_IO: /usr/lib/aarch64-linux-gnu/libpcl_io.so  
-- Found PCL_FEATURES: /usr/lib/aarch64-linux-gnu/libpcl_features.so  
-- Found PCL_ML: /usr/lib/aarch64-linux-gnu/libpcl_ml.so  
-- Found PCL_SEGMENTATION: /usr/lib/aarch64-linux-gnu/libpcl_segmentation.so  
-- Found PCL_VISUALIZATION: /usr/lib/aarch64-linux-gnu/libpcl_visualization.so  
-- Found PCL_SURFACE: /usr/lib/aarch64-linux-gnu/libpcl_surface.so  
-- Found PCL_REGISTRATION: /usr/lib/aarch64-linux-gnu/libpcl_registration.so  
-- Found PCL_KEYPOINTS: /usr/lib/aarch64-linux-gnu/libpcl_keypoints.so  
-- Found PCL_TRACKING: /usr/lib/aarch64-linux-gnu/libpcl_tracking.so  
-- Found PCL_RECOGNITION: /usr/lib/aarch64-linux-gnu/libpcl_recognition.so  
-- Found PCL_STEREO: /usr/lib/aarch64-linux-gnu/libpcl_stereo.so  
-- Found PCL_APPS: /usr/lib/aarch64-linux-gnu/libpcl_apps.so  
-- Found PCL_IN_HAND_SCANNER: /usr/include/pcl-1.12  
-- Found PCL_MODELER: /usr/include/pcl-1.12  
-- Found PCL_POINT_CLOUD_EDITOR: /usr/include/pcl-1.12  
-- Found PCL_OUTOFCORE: /usr/lib/aarch64-linux-gnu/libpcl_outofcore.so  
-- Found PCL_PEOPLE: /usr/lib/aarch64-linux-gnu/libpcl_people.so  
-- Found cv_bridge: 3.2.1 (/opt/ros/humble/share/cv_bridge/cmake)
-- Found CUDA: /usr/local/cuda-12.6 (found suitable exact version "12.6") 
-- Found image_transport: 3.1.12 (/opt/ros/humble/share/image_transport/cmake)
-- Found urdf: 2.6.1 (/opt/ros/humble/share/urdf/cmake)
-- Found PkgConfig: /usr/bin/pkg-config (found version "0.29.2") 
-- Checking for module 'yaml-cpp'
--   Found yaml-cpp, version 0.7.0
[33mCMake Warning (dev) at CMakeLists.txt:37 (find_package):
  Policy CMP0074 is not set: find_package uses <PackageName>_ROOT variables.
  Run "cmake --help-policy CMP0074" for policy details.  Use the cmake_policy
  command to set the policy and suppress this warning.

  CMake variable PCL_ROOT is set to:

    /usr

  For compatibility, CMake is ignoring the variable.
This warning is for project developers.  Use -Wno-dev to suppress it.
[0m
-- Found OpenCV: /usr/local (found version "4.10.0") 
-- Found Boost: /usr/lib/aarch64-linux-gnu/cmake/Boost-1.74.0/BoostConfig.cmake (found version "1.74.0") found components: filesystem system 
[0mCMake Deprecation Warning at /home/nvidia/open3d141/lib/cmake/Open3D/Open3DConfig.cmake:18 (cmake_policy):
  The OLD behavior for policy CMP0072 will be removed from a future version
  of CMake.

  The cmake-policies(7) manual explains that the OLD behaviors of all
  policies are deprecated and that a policy should be set to OLD only under
  specific short-term circumstances.  Projects should be ported to the NEW
  behavior and not rely on setting a policy to OLD.
Call Stack (most recent call first):
  CMakeLists.txt:45 (find_package)

[0m
-- Found OpenMP_C: -fopenmp (found version "4.5") 
-- Found OpenMP_CXX: -fopenmp (found version "4.5") 
-- Found OpenMP: TRUE (found version "4.5")  
-- Found X11: /usr/include   
-- Found OpenGL: /usr/lib/aarch64-linux-gnu/libOpenGL.so   
-- Found Open3D: /home/nvidia/open3d141/lib/cmake/Open3D/Open3DConfig.cmake (found version "0.14.1") 
-- Found ament_lint_auto: 0.12.15 (/opt/ros/humble/share/ament_lint_auto/cmake)
-- Added test 'copyright' to check source files copyright and LICENSE
-- Added test 'cppcheck' to perform static code analysis on C / C++ code
-- Configured cppcheck include dirs: /home/nvidia/luckrobot/fastlio_localization/src/FAST_LIO_LOCALIZATION_HUMANOID/open3d_loc/include
-- Configured cppcheck exclude dirs and/or files: 
-- Added test 'cpplint' to check C / C++ code against the Google style
-- Configured cpplint exclude dirs and/or files: 
-- Added test 'flake8' to check Python code syntax and style conventions
-- Added test 'lint_cmake' to check CMake code style
-- Added test 'pep257' to check Python code against some of the docstring style conventions in PEP 257
-- Added test 'uncrustify' to check C / C++ code style
-- Configured uncrustify additional arguments: 
-- Added test 'xmllint' to check XML markup files
-- Configuring done
-- Generating done
-- Build files have been written to: /home/nvidia/luckrobot/fastlio_localization/build/open3d_loc
[ 16%] [32mBuilding CXX object CMakeFiles/open3d_registration.dir/src/open3d_registration/open3d_registration.cpp.o[0m
[ 33%] [32mBuilding CXX object CMakeFiles/open3d_conversions.dir/src/open3d_conversions/open3d_conversions.cpp.o[0m
In file included from [01m[K/home/nvidia/open3d141/include/open3d/Open3D.h:31[m[K,
                 from [01m[K/home/nvidia/luckrobot/fastlio_localization/src/FAST_LIO_LOCALIZATION_HUMANOID/open3d_loc/include/open3d_registration/open3d_registration.h:5[m[K,
                 from [01m[K/home/nvidia/luckrobot/fastlio_localization/src/FAST_LIO_LOCALIZATION_HUMANOID/open3d_loc/src/open3d_registration/open3d_registration.cpp:1[m[K:
[01m[K/home/nvidia/open3d141/include/open3d/camera/PinholeCameraIntrinsic.h:[m[K In member function ‘[01m[Kstd::pair<double, double> open3d::camera::PinholeCameraIntrinsic::GetFocalLength() const[m[K’:
[01m[K/home/nvidia/open3d141/include/open3d/camera/PinholeCameraIntrinsic.h:93:54:[m[K [01;36m[Knote: [m[Kparameter passing for argument of type ‘[01m[Kstd::pair<double, double>[m[K’ when C++17 is enabled changed to match C++14 in GCC 10.1
   93 |     std::pair<double, double> GetFocalLength() const [01;36m[K{[m[K
      |                                                      [01;36m[K^[m[K
In file included from [01m[K/home/nvidia/open3d141/include/open3d/Open3D.h:31[m[K,
                 from [01m[K/home/nvidia/luckrobot/fastlio_localization/src/FAST_LIO_LOCALIZATION_HUMANOID/open3d_loc/include/open3d_conversions/open3d_conversions.h:19[m[K,
                 from [01m[K/home/nvidia/luckrobot/fastlio_localization/src/FAST_LIO_LOCALIZATION_HUMANOID/open3d_loc/src/open3d_conversions/open3d_conversions.cpp:1[m[K:
[01m[K/home/nvidia/open3d141/include/open3d/camera/PinholeCameraIntrinsic.h:[m[K In member function ‘[01m[Kstd::pair<double, double> open3d::camera::PinholeCameraIntrinsic::GetFocalLength() const[m[K’:
[01m[K/home/nvidia/open3d141/include/open3d/camera/PinholeCameraIntrinsic.h:93:54:[m[K [01;36m[Knote: [m[Kparameter passing for argument of type ‘[01m[Kstd::pair<double, double>[m[K’ when C++17 is enabled changed to match C++14 in GCC 10.1
   93 |     std::pair<double, double> GetFocalLength() const [01;36m[K{[m[K
      |                                                      [01;36m[K^[m[K
[01m[K/home/nvidia/luckrobot/fastlio_localization/src/FAST_LIO_LOCALIZATION_HUMANOID/open3d_loc/src/open3d_registration/open3d_registration.cpp:[m[K In lambda function:
[01m[K/home/nvidia/luckrobot/fastlio_localization/src/FAST_LIO_LOCALIZATION_HUMANOID/open3d_loc/src/open3d_registration/open3d_registration.cpp:114:18:[m[K [01;35m[Kwarning: [m[Kunused variable ‘[01m[Kpreprocess_cost[m[K’ [[01;35m[K-Wunused-variable[m[K]
  114 |             auto [01;35m[Kpreprocess_cost[m[K = std::chrono::duration_cast<std::chrono::milliseconds>(preprocess_e - preprocess_s).count();
      |                  [01;35m[K^~~~~~~~~~~~~~~[m[K
[01m[K/home/nvidia/luckrobot/fastlio_localization/src/FAST_LIO_LOCALIZATION_HUMANOID/open3d_loc/src/open3d_registration/open3d_registration.cpp:[m[K In function ‘[01m[KEigen::Matrix4d pcd_tools::RegistrationMultiScaleIcp(std::shared_ptr<open3d::geometry::PointCloud>, std::shared_ptr<open3d::geometry::PointCloud>, double, int, std::vector<double>)[m[K’:
[01m[K/home/nvidia/luckrobot/fastlio_localization/src/FAST_LIO_LOCALIZATION_HUMANOID/open3d_loc/src/open3d_registration/open3d_registration.cpp:127:14:[m[K [01;35m[Kwarning: [m[Kunused variable ‘[01m[Kpreprocess_all_cost[m[K’ [[01;35m[K-Wunused-variable[m[K]
  127 |         auto [01;35m[Kpreprocess_all_cost[m[K = std::chrono::duration_cast<std::chrono::milliseconds>(preprocess_all_e - preprocess_all_s).count();
      |              [01;35m[K^~~~~~~~~~~~~~~~~~~[m[K
[01m[K/home/nvidia/luckrobot/fastlio_localization/src/FAST_LIO_LOCALIZATION_HUMANOID/open3d_loc/src/open3d_registration/open3d_registration.cpp:147:14:[m[K [01;35m[Kwarning: [m[Kunused variable ‘[01m[Kicp_cost[m[K’ [[01;35m[K-Wunused-variable[m[K]
  147 |         auto [01;35m[Kicp_cost[m[K = std::chrono::duration_cast<std::chrono::milliseconds>(icp_e - icp_s).count();
      |              [01;35m[K^~~~~~~~[m[K
[01m[K/home/nvidia/luckrobot/fastlio_localization/src/FAST_LIO_LOCALIZATION_HUMANOID/open3d_loc/src/open3d_registration/open3d_registration.cpp:[m[K In member function ‘[01m[Kbool pcd_tools::Open3dRegistration::RegistrationPipeline()[m[K’:
[01m[K/home/nvidia/luckrobot/fastlio_localization/src/FAST_LIO_LOCALIZATION_HUMANOID/open3d_loc/src/open3d_registration/open3d_registration.cpp:340:60:[m[K [01;35m[Kwarning: [m[Kvariable ‘[01m[Kfpfh_time_s[m[K’ set but not used [[01;35m[K-Wunused-but-set-variable[m[K]
  340 |             std::chrono::high_resolution_clock::time_point [01;35m[Kfpfh_time_s[m[K = std::chrono::high_resolution_clock::now();
      |                                                            [01;35m[K^~~~~~~~~~~[m[K
[01m[K/home/nvidia/luckrobot/fastlio_localization/src/FAST_LIO_LOCALIZATION_HUMANOID/open3d_loc/src/open3d_registration/open3d_registration.cpp:349:60:[m[K [01;35m[Kwarning: [m[Kvariable ‘[01m[Kfpfh_time_e[m[K’ set but not used [[01;35m[K-Wunused-but-set-variable[m[K]
  349 |             std::chrono::high_resolution_clock::time_point [01;35m[Kfpfh_time_e[m[K = std::chrono::high_resolution_clock::now();
      |                                                            [01;35m[K^~~~~~~~~~~[m[K
[01m[K/home/nvidia/luckrobot/fastlio_localization/src/FAST_LIO_LOCALIZATION_HUMANOID/open3d_loc/src/open3d_registration/open3d_registration.cpp:354:60:[m[K [01;35m[Kwarning: [m[Kvariable ‘[01m[Kicp_time_s[m[K’ set but not used [[01;35m[K-Wunused-but-set-variable[m[K]
  354 |             std::chrono::high_resolution_clock::time_point [01;35m[Kicp_time_s[m[K = std::chrono::high_resolution_clock::now();
      |                                                            [01;35m[K^~~~~~~~~~[m[K
[01m[K/home/nvidia/luckrobot/fastlio_localization/src/FAST_LIO_LOCALIZATION_HUMANOID/open3d_loc/src/open3d_registration/open3d_registration.cpp:358:60:[m[K [01;35m[Kwarning: [m[Kvariable ‘[01m[Kicp_time_e[m[K’ set but not used [[01;35m[K-Wunused-but-set-variable[m[K]
  358 |             std::chrono::high_resolution_clock::time_point [01;35m[Kicp_time_e[m[K = std::chrono::high_resolution_clock::now();
      |                                                            [01;35m[K^~~~~~~~~~[m[K
[01m[K/home/nvidia/luckrobot/fastlio_localization/src/FAST_LIO_LOCALIZATION_HUMANOID/open3d_loc/src/open3d_registration/open3d_registration.cpp:335:56:[m[K [01;35m[Kwarning: [m[Kvariable ‘[01m[Kstart_time[m[K’ set but not used [[01;35m[K-Wunused-but-set-variable[m[K]
  335 |         std::chrono::high_resolution_clock::time_point [01;35m[Kstart_time[m[K = std::chrono::high_resolution_clock::now();
      |                                                        [01;35m[K^~~~~~~~~~[m[K
[01m[K/home/nvidia/luckrobot/fastlio_localization/src/FAST_LIO_LOCALIZATION_HUMANOID/open3d_loc/src/open3d_registration/open3d_registration.cpp:364:56:[m[K [01;35m[Kwarning: [m[Kvariable ‘[01m[Ktotal_time[m[K’ set but not used [[01;35m[K-Wunused-but-set-variable[m[K]
  364 |         std::chrono::high_resolution_clock::time_point [01;35m[Ktotal_time[m[K = std::chrono::high_resolution_clock::now();
      |                                                        [01;35m[K^~~~~~~~~~[m[K
[01m[K/home/nvidia/luckrobot/fastlio_localization/src/FAST_LIO_LOCALIZATION_HUMANOID/open3d_loc/src/open3d_conversions/open3d_conversions.cpp:[m[K In function ‘[01m[Kvoid open3d_conversions::open3dToRos(const open3d::t::geometry::PointCloud&, sensor_msgs::msg::PointCloud2&, std::string, int, ...)[m[K’:
[01m[K/home/nvidia/luckrobot/fastlio_localization/src/FAST_LIO_LOCALIZATION_HUMANOID/open3d_loc/src/open3d_conversions/open3d_conversions.cpp:160:30:[m[K [01;35m[Kwarning: [m[Kcomparison of integer expressions of different signedness: ‘[01m[Ksize_t[m[K’ {aka ‘[01m[Klong unsigned int[m[K’} and ‘[01m[K__gnu_cxx::__alloc_traits<std::allocator<long int>, long int>::value_type[m[K’ {aka ‘[01m[Klong int[m[K’} [[01;35m[K-Wsign-compare[m[K]
  160 |         for (size_t i = 0; i < o3d_TensorList_points.GetShape()[0]; i++, ++ros_pc2_x, ++ros_pc2_y, ++ros_pc2_z)
[01m[K/home/nvidia/luckrobot/fastlio_localization/src/FAST_LIO_LOCALIZATION_HUMANOID/open3d_loc/src/open3d_conversions/open3d_conversions.cpp:174:30:[m[K [01;35m[Kwarning: [m[Kcomparison of integer expressions of different signedness: ‘[01m[Ksize_t[m[K’ {aka ‘[01m[Klong unsigned int[m[K’} and ‘[01m[K__gnu_cxx::__alloc_traits<std::allocator<long int>, long int>::value_type[m[K’ {aka ‘[01m[Klong int[m[K’} [[01;35m[K-Wsign-compare[m[K]
  174 |         for (size_t i = 0; i < o3d_TensorList_points.GetShape()[0]; i++, ++ros_pc2_r, ++ros_pc2_g, ++ros_pc2_b)
[01m[K/home/nvidia/luckrobot/fastlio_localization/src/FAST_LIO_LOCALIZATION_HUMANOID/open3d_loc/src/open3d_conversions/open3d_conversions.cpp:190:32:[m[K [01;35m[Kwarning: [m[Kcomparison of integer expressions of different signedness: ‘[01m[Ksize_t[m[K’ {aka ‘[01m[Klong unsigned int[m[K’} and ‘[01m[K__gnu_cxx::__alloc_traits<std::allocator<long int>, long int>::value_type[m[K’ {aka ‘[01m[Klong int[m[K’} [[01;35m[K-Wsign-compare[m[K]
  190 |           for (size_t i = 0; i < o3d_TensorList_points.GetShape()[0];
[01m[K/home/nvidia/luckrobot/fastlio_localization/src/FAST_LIO_LOCALIZATION_HUMANOID/open3d_loc/src/open3d_conversions/open3d_conversions.cpp:204:32:[m[K [01;35m[Kwarning: [m[Kcomparison of integer expressions of different signedness: ‘[01m[Ksize_t[m[K’ {aka ‘[01m[Klong unsigned int[m[K’} and ‘[01m[K__gnu_cxx::__alloc_traits<std::allocator<long int>, long int>::value_type[m[K’ {aka ‘[01m[Klong int[m[K’} [[01;35m[K-Wsign-compare[m[K]
  204 |           for (size_t i = 0; i < o3d_TensorList_points.GetShape()[0];
[01m[K/home/nvidia/luckrobot/fastlio_localization/src/FAST_LIO_LOCALIZATION_HUMANOID/open3d_loc/src/open3d_conversions/open3d_conversions.cpp:184:37:[m[K [01;35m[Kwarning: [m[Kunused variable ‘[01m[Ko3d_TensorList_fields[m[K’ [[01;35m[K-Wunused-variable[m[K]
  184 |         const open3d::core::Tensor &[01;35m[Ko3d_TensorList_fields[m[K = pointcloud.GetPointAttr(*field_name);
      |                                     [01;35m[K^~~~~~~~~~~~~~~~~~~~~[m[K
[01m[K/home/nvidia/luckrobot/fastlio_localization/src/FAST_LIO_LOCALIZATION_HUMANOID/open3d_loc/src/open3d_conversions/open3d_conversions.cpp:[m[K In function ‘[01m[Kvoid open3d_conversions::rosToOpen3d(const std::shared_ptr<const sensor_msgs::msg::PointCloud2_<std::allocator<void> > >&, open3d::t::geometry::PointCloud&, bool)[m[K’:
[01m[K/home/nvidia/luckrobot/fastlio_localization/src/FAST_LIO_LOCALIZATION_HUMANOID/open3d_loc/src/open3d_conversions/open3d_conversions.cpp:229:41:[m[K [01;35m[Kwarning: [m[Kcomparison of integer expressions of different signedness: ‘[01m[Kint[m[K’ and ‘[01m[Kstd::vector<sensor_msgs::msg::PointField_<std::allocator<void> >, std::allocator<sensor_msgs::msg::PointField_<std::allocator<void> > > >::size_type[m[K’ {aka ‘[01m[Klong unsigned int[m[K’} [[01;35m[K-Wsign-compare[m[K]
  229 |     for (int num_fields = 0; [01;35m[Knum_fields < ros_pc2->fields.size()[m[K; num_fields++)
      |                              [01;35m[K~~~~~~~~~~~^~~~~~~~~~~~~~~~~~~~~~~~[m[K
[01m[K/home/nvidia/luckrobot/fastlio_localization/src/FAST_LIO_LOCALIZATION_HUMANOID/open3d_loc/src/open3d_conversions/open3d_conversions.cpp:225:25:[m[K [01;35m[Kwarning: [m[Kvariable ‘[01m[Kdtype_lf[m[K’ set but not used [[01;35m[K-Wunused-but-set-variable[m[K]
  225 |     open3d::core::Dtype [01;35m[Kdtype_lf[m[K = open3d::core::Dtype::Float64;
      |                         [01;35m[K^~~~~~~~[m[K
[ 50%] [32m[1mLinking CXX static library libopen3d_registration.a[0m
[ 50%] Built target open3d_registration
[ 66%] [32m[1mLinking CXX static library libopen3d_conversions.a[0m
[ 66%] Built target open3d_conversions
[ 83%] [32mBuilding CXX object CMakeFiles/global_localization_node.dir/src/global_localization.cpp.o[0m
In file included from [01m[K/home/nvidia/open3d141/include/open3d/Open3D.h:31[m[K,
                 from [01m[K/home/nvidia/luckrobot/fastlio_localization/src/FAST_LIO_LOCALIZATION_HUMANOID/open3d_loc/src/global_localization.cpp:22[m[K:
[01m[K/home/nvidia/open3d141/include/open3d/camera/PinholeCameraIntrinsic.h:[m[K In member function ‘[01m[Kstd::pair<double, double> open3d::camera::PinholeCameraIntrinsic::GetFocalLength() const[m[K’:
[01m[K/home/nvidia/open3d141/include/open3d/camera/PinholeCameraIntrinsic.h:93:54:[m[K [01;36m[Knote: [m[Kparameter passing for argument of type ‘[01m[Kstd::pair<double, double>[m[K’ when C++17 is enabled changed to match C++14 in GCC 10.1
   93 |     std::pair<double, double> GetFocalLength() const [01;36m[K{[m[K
      |                                                      [01;36m[K^[m[K
[01m[K/home/nvidia/luckrobot/fastlio_localization/src/FAST_LIO_LOCALIZATION_HUMANOID/open3d_loc/src/global_localization.cpp:[m[K In member function ‘[01m[Kvoid GloabalLocalization::CallbackBaselink2Odom(nav_msgs::msg::Odometry_<std::allocator<void> >::SharedPtr)[m[K’:
[01m[K/home/nvidia/luckrobot/fastlio_localization/src/FAST_LIO_LOCALIZATION_HUMANOID/open3d_loc/src/global_localization.cpp:467:10:[m[K [01;35m[Kwarning: [m[Kvariable ‘[01m[Kodom_cbk_s[m[K’ set but not used [[01;35m[K-Wunused-but-set-variable[m[K]
  467 |     auto [01;35m[Kodom_cbk_s[m[K = std::chrono::high_resolution_clock::now();
      |          [01;35m[K^~~~~~~~~~[m[K
[01m[K/home/nvidia/luckrobot/fastlio_localization/src/FAST_LIO_LOCALIZATION_HUMANOID/open3d_loc/src/global_localization.cpp:[m[K In member function ‘[01m[Kvoid GloabalLocalization::CallbackScan(sensor_msgs::msg::PointCloud2_<std::allocator<void> >::SharedPtr)[m[K’:
[01m[K/home/nvidia/luckrobot/fastlio_localization/src/FAST_LIO_LOCALIZATION_HUMANOID/open3d_loc/src/global_localization.cpp:597:10:[m[K [01;35m[Kwarning: [m[Kvariable ‘[01m[Kcbk_s[m[K’ set but not used [[01;35m[K-Wunused-but-set-variable[m[K]
  597 |     auto [01;35m[Kcbk_s[m[K = std::chrono::high_resolution_clock::now();
      |          [01;35m[K^~~~~[m[K
[01m[K/home/nvidia/luckrobot/fastlio_localization/src/FAST_LIO_LOCALIZATION_HUMANOID/open3d_loc/src/global_localization.cpp:627:10:[m[K [01;35m[Kwarning: [m[Kvariable ‘[01m[Kcbk_e[m[K’ set but not used [[01;35m[K-Wunused-but-set-variable[m[K]
  627 |     auto [01;35m[Kcbk_e[m[K = std::chrono::high_resolution_clock::now();
      |          [01;35m[K^~~~~[m[K
[01m[K/home/nvidia/luckrobot/fastlio_localization/src/FAST_LIO_LOCALIZATION_HUMANOID/open3d_loc/src/global_localization.cpp:[m[K In member function ‘[01m[Kvoid GloabalLocalization::LocalizationInitialize()[m[K’:
[01m[K/home/nvidia/luckrobot/fastlio_localization/src/FAST_LIO_LOCALIZATION_HUMANOID/open3d_loc/src/global_localization.cpp:689:18:[m[K [01;35m[Kwarning: [m[Kvariable ‘[01m[Kreg0_s[m[K’ set but not used [[01;35m[K-Wunused-but-set-variable[m[K]
  689 |             auto [01;35m[Kreg0_s[m[K = std::chrono::high_resolution_clock::now();
      |                  [01;35m[K^~~~~~[m[K
[01m[K/home/nvidia/luckrobot/fastlio_localization/src/FAST_LIO_LOCALIZATION_HUMANOID/open3d_loc/src/global_localization.cpp:[m[K In member function ‘[01m[Kvoid GloabalLocalization::Localization()[m[K’:
[01m[K/home/nvidia/luckrobot/fastlio_localization/src/FAST_LIO_LOCALIZATION_HUMANOID/open3d_loc/src/global_localization.cpp:922:18:[m[K [01;35m[Kwarning: [m[Kvariable ‘[01m[Kreg0_s[m[K’ set but not used [[01;35m[K-Wunused-but-set-variable[m[K]
  922 |             auto [01;35m[Kreg0_s[m[K = std::chrono::high_resolution_clock::now();
      |                  [01;35m[K^~~~~~[m[K
[01m[K/home/nvidia/luckrobot/fastlio_localization/src/FAST_LIO_LOCALIZATION_HUMANOID/open3d_loc/src/global_localization.cpp:811:12:[m[K [01;35m[Kwarning: [m[Kunused variable ‘[01m[Kfitness[m[K’ [[01;35m[K-Wunused-variable[m[K]
  811 |     double [01;35m[Kfitness[m[K = 0;
      |            [01;35m[K^~~~~~~[m[K
[100%] [32m[1mLinking CXX executable global_localization_node[0m
[100%] Built target global_localization_node
-- Install configuration: "Release"
-- Installing: /home/nvidia/luckrobot/fastlio_localization/install/open3d_loc/lib/libopen3d_registration.a
-- Installing: /home/nvidia/luckrobot/fastlio_localization/install/open3d_loc/lib/libopen3d_conversions.a
-- Installing: /home/nvidia/luckrobot/fastlio_localization/install/open3d_loc/lib/open3d_loc/global_localization_node
-- Set runtime path of "/home/nvidia/luckrobot/fastlio_localization/install/open3d_loc/lib/open3d_loc/global_localization_node" to ""
-- Installing: /home/nvidia/luckrobot/fastlio_localization/install/open3d_loc/share/open3d_loc//launch
-- Installing: /home/nvidia/luckrobot/fastlio_localization/install/open3d_loc/share/open3d_loc//launch/localization_3d_g1.launch.py
-- Installing: /home/nvidia/luckrobot/fastlio_localization/install/open3d_loc/share/open3d_loc//launch/open3d_loc_g1.launch.py
-- Installing: /home/nvidia/luckrobot/fastlio_localization/install/open3d_loc/share/open3d_loc//config
-- Installing: /home/nvidia/luckrobot/fastlio_localization/install/open3d_loc/share/open3d_loc//config/loc_param_g1.yaml
-- Installing: /home/nvidia/luckrobot/fastlio_localization/install/open3d_loc/share/open3d_loc//rviz_cfg
-- Installing: /home/nvidia/luckrobot/fastlio_localization/install/open3d_loc/share/open3d_loc//rviz_cfg/fastlio.rviz
-- Installing: /home/nvidia/luckrobot/fastlio_localization/install/open3d_loc/share/open3d_loc//rviz_cfg/.gitignore
-- Installing: /home/nvidia/luckrobot/fastlio_localization/install/open3d_loc/include/open3d_loc
-- Installing: /home/nvidia/luckrobot/fastlio_localization/install/open3d_loc/include/open3d_loc/open3d_conversions
-- Installing: /home/nvidia/luckrobot/fastlio_localization/install/open3d_loc/include/open3d_loc/open3d_conversions/open3d_conversions.h
-- Installing: /home/nvidia/luckrobot/fastlio_localization/install/open3d_loc/include/open3d_loc/open3d_conversions/DpgtConversions.h
-- Installing: /home/nvidia/luckrobot/fastlio_localization/install/open3d_loc/include/open3d_loc/open3d_conversions/RosConversions.h
-- Installing: /home/nvidia/luckrobot/fastlio_localization/install/open3d_loc/include/open3d_loc/open3d_registration
-- Installing: /home/nvidia/luckrobot/fastlio_localization/install/open3d_loc/include/open3d_loc/open3d_registration/open3d_registration.h
-- Installing: /home/nvidia/luckrobot/fastlio_localization/install/open3d_loc/share/ament_index/resource_index/package_run_dependencies/open3d_loc
-- Installing: /home/nvidia/luckrobot/fastlio_localization/install/open3d_loc/share/ament_index/resource_index/parent_prefix_path/open3d_loc
-- Installing: /home/nvidia/luckrobot/fastlio_localization/install/open3d_loc/share/open3d_loc/environment/ament_prefix_path.sh
-- Installing: /home/nvidia/luckrobot/fastlio_localization/install/open3d_loc/share/open3d_loc/environment/ament_prefix_path.dsv
-- Installing: /home/nvidia/luckrobot/fastlio_localization/install/open3d_loc/share/open3d_loc/environment/path.sh
-- Installing: /home/nvidia/luckrobot/fastlio_localization/install/open3d_loc/share/open3d_loc/environment/path.dsv
-- Installing: /home/nvidia/luckrobot/fastlio_localization/install/open3d_loc/share/open3d_loc/local_setup.bash
-- Installing: /home/nvidia/luckrobot/fastlio_localization/install/open3d_loc/share/open3d_loc/local_setup.sh
-- Installing: /home/nvidia/luckrobot/fastlio_localization/install/open3d_loc/share/open3d_loc/local_setup.zsh
-- Installing: /home/nvidia/luckrobot/fastlio_localization/install/open3d_loc/share/open3d_loc/local_setup.dsv
-- Installing: /home/nvidia/luckrobot/fastlio_localization/install/open3d_loc/share/open3d_loc/package.dsv
-- Installing: /home/nvidia/luckrobot/fastlio_localization/install/open3d_loc/share/ament_index/resource_index/packages/open3d_loc
-- Installing: /home/nvidia/luckrobot/fastlio_localization/install/open3d_loc/share/open3d_loc/cmake/open3d_locConfig.cmake
-- Installing: /home/nvidia/luckrobot/fastlio_localization/install/open3d_loc/share/open3d_loc/cmake/open3d_locConfig-version.cmake
-- Installing: /home/nvidia/luckrobot/fastlio_localization/install/open3d_loc/share/open3d_loc/package.xml
