[0.020s] Invoking command in '/home/nvidia/luckrobot/fastlio_localization/build/open3d_loc': CMAKE_PREFIX_PATH=${CMAKE_PREFIX_PATH}:/home/nvidia/luckrobot/luckrobot_ws/install/luckrobot_launch1:/home/nvidia/luckrobot/luckrobot_ws/install/keyboard_control:/opt/ros/humble /usr/bin/cmake /home/nvidia/luckrobot/fastlio_localization/src/FAST_LIO_LOCALIZATION_HUMANOID/open3d_loc -DCMAKE_BUILD_TYPE=Release -DCMAKE_INSTALL_PREFIX=/home/nvidia/luckrobot/fastlio_localization/install/open3d_loc
[0.117s] -- The C compiler identification is GNU 11.4.0
[0.239s] -- The CXX compiler identification is GNU 11.4.0
[0.260s] -- Detecting C compiler ABI info
[0.390s] -- Detecting C compiler ABI info - done
[0.415s] -- Check for working C compiler: /usr/bin/cc - skipped
[0.419s] -- Detecting C compile features
[0.420s] -- Detecting C compile features - done
[0.431s] -- Detecting CXX compiler ABI info
[0.589s] -- Detecting CXX compiler ABI info - done
[0.615s] -- Check for working CXX compiler: /usr/bin/c++ - skipped
[0.616s] -- Detecting CXX compile features
[0.617s] -- Detecting CXX compile features - done
[0.634s] -- Found ament_cmake: 1.3.13 (/opt/ros/humble/share/ament_cmake/cmake)
[0.985s] -- Found Python3: /usr/bin/python3 (found version "3.10.12") found components: Interpreter 
[1.192s] -- Found rclcpp: 16.0.18 (/opt/ros/humble/share/rclcpp/cmake)
[1.290s] -- Found rosidl_generator_c: 3.1.8 (/opt/ros/humble/share/rosidl_generator_c/cmake)
[1.301s] -- Found rosidl_adapter: 3.1.8 (/opt/ros/humble/share/rosidl_adapter/cmake)
[1.318s] -- Found rosidl_generator_cpp: 3.1.8 (/opt/ros/humble/share/rosidl_generator_cpp/cmake)
[1.342s] -- Using all available rosidl_typesupport_c: rosidl_typesupport_fastrtps_c;rosidl_typesupport_introspection_c
[1.375s] -- Using all available rosidl_typesupport_cpp: rosidl_typesupport_fastrtps_cpp;rosidl_typesupport_introspection_cpp
[1.465s] -- Found rmw_implementation_cmake: 6.1.2 (/opt/ros/humble/share/rmw_implementation_cmake/cmake)
[1.471s] -- Found rmw_fastrtps_cpp: 6.2.10 (/opt/ros/humble/share/rmw_fastrtps_cpp/cmake)
[1.631s] -- Found OpenSSL: /usr/lib/aarch64-linux-gnu/libcrypto.so (found version "3.0.2")  
[1.686s] -- Found FastRTPS: /opt/ros/humble/include  
[1.758s] -- Using RMW implementation 'rmw_fastrtps_cpp' as default
[1.779s] -- Looking for pthread.h
[1.915s] -- Looking for pthread.h - found
[1.916s] -- Performing Test CMAKE_HAVE_LIBC_PTHREAD
[2.071s] -- Performing Test CMAKE_HAVE_LIBC_PTHREAD - Success
[2.074s] -- Found Threads: TRUE  
[2.201s] -- Found rclpy: 3.3.20 (/opt/ros/humble/share/rclpy/cmake)
[2.205s] -- Found geometry_msgs: 4.9.1 (/opt/ros/humble/share/geometry_msgs/cmake)
[2.229s] -- Found nav_msgs: 4.9.1 (/opt/ros/humble/share/nav_msgs/cmake)
[2.259s] -- Found sensor_msgs: 4.9.1 (/opt/ros/humble/share/sensor_msgs/cmake)
[2.291s] -- Found tf2: 0.25.19 (/opt/ros/humble/share/tf2/cmake)
[2.310s] -- Found tf2_ros: 0.25.19 (/opt/ros/humble/share/tf2_ros/cmake)
[2.471s] -- Found tf2_geometry_msgs: 0.25.19 (/opt/ros/humble/share/tf2_geometry_msgs/cmake)
[2.500s] -- Found eigen3_cmake_module: 0.1.1 (/opt/ros/humble/share/eigen3_cmake_module/cmake)
[2.502s] -- Found Eigen3: TRUE (found version "3.4.0") 
[2.502s] -- Ensuring Eigen3 include directory is part of orocos-kdl CMake target
[2.508s] -- Found tf2_eigen: 0.25.19 (/opt/ros/humble/share/tf2_eigen/cmake)
[2.515s] -- Found tf2_sensor_msgs: 0.25.19 (/opt/ros/humble/share/tf2_sensor_msgs/cmake)
[2.525s] -- Found pcl_ros: 2.4.5 (/opt/ros/humble/share/pcl_ros/cmake)
[2.594s] -- Checking for module 'eigen3'
[2.615s] --   Found eigen3, version 3.4.0
[2.681s] -- Found Eigen: /usr/include/eigen3 (Required is at least version "3.1") 
[2.681s] -- Eigen found (include: /usr/include/eigen3, version: 3.4.0)
[2.763s] -- Checking for module 'flann'
[2.783s] --   Found flann, version 1.9.1
[2.846s] -- Found FLANN: /usr/lib/aarch64-linux-gnu/libflann_cpp.so  
[2.847s] -- FLANN found (include: /usr/include, lib: /usr/lib/aarch64-linux-gnu/libflann_cpp.so)
[4.709s] -- Checking for module 'libusb-1.0'
[4.746s] --   Found libusb-1.0, version 1.0.25
[4.829s] -- Found libusb: /usr/lib/aarch64-linux-gnu/libusb-1.0.so  
[4.831s] -- OpenNI found (version: 1.5.4.0, include: /usr/include/ni, lib: /usr/lib/libOpenNI.so;libusb::libusb)
[4.953s] -- OpenNI2 found (version: 2.2.0.33, include: /usr/include/openni2, lib: /usr/lib/aarch64-linux-gnu/libOpenNI2.so;libusb::libusb)
[5.222s] -- Eigen found (include: /usr/include/eigen3, version: 3.4.0)
[5.233s] -- OpenNI found (version: 1.5.4.0, include: /usr/include/ni, lib: /usr/lib/libOpenNI.so;libusb::libusb)
[5.243s] -- OpenNI2 found (version: 2.2.0.33, include: /usr/include/openni2, lib: /usr/lib/aarch64-linux-gnu/libOpenNI2.so;libusb::libusb)
[5.491s] -- Found Qhull version 8.0.2
[5.740s] -- OpenNI found (version: 1.5.4.0, include: /usr/include/ni, lib: /usr/lib/libOpenNI.so;libusb::libusb)
[5.982s] -- Found PCL_COMMON: /usr/lib/aarch64-linux-gnu/libpcl_common.so  
[5.983s] -- Found PCL_KDTREE: /usr/lib/aarch64-linux-gnu/libpcl_kdtree.so  
[5.984s] -- Found PCL_OCTREE: /usr/lib/aarch64-linux-gnu/libpcl_octree.so  
[5.986s] -- Found PCL_SEARCH: /usr/lib/aarch64-linux-gnu/libpcl_search.so  
[5.987s] -- Found PCL_SAMPLE_CONSENSUS: /usr/lib/aarch64-linux-gnu/libpcl_sample_consensus.so  
[5.988s] -- Found PCL_FILTERS: /usr/lib/aarch64-linux-gnu/libpcl_filters.so  
[5.989s] -- Found PCL_2D: /usr/include/pcl-1.12  
[5.990s] -- Found PCL_GEOMETRY: /usr/include/pcl-1.12  
[5.991s] -- Found PCL_IO: /usr/lib/aarch64-linux-gnu/libpcl_io.so  
[5.992s] -- Found PCL_FEATURES: /usr/lib/aarch64-linux-gnu/libpcl_features.so  
[5.997s] -- Found PCL_ML: /usr/lib/aarch64-linux-gnu/libpcl_ml.so  
[5.999s] -- Found PCL_SEGMENTATION: /usr/lib/aarch64-linux-gnu/libpcl_segmentation.so  
[6.000s] -- Found PCL_VISUALIZATION: /usr/lib/aarch64-linux-gnu/libpcl_visualization.so  
[6.002s] -- Found PCL_SURFACE: /usr/lib/aarch64-linux-gnu/libpcl_surface.so  
[6.003s] -- Found PCL_REGISTRATION: /usr/lib/aarch64-linux-gnu/libpcl_registration.so  
[6.005s] -- Found PCL_KEYPOINTS: /usr/lib/aarch64-linux-gnu/libpcl_keypoints.so  
[6.006s] -- Found PCL_TRACKING: /usr/lib/aarch64-linux-gnu/libpcl_tracking.so  
[6.008s] -- Found PCL_RECOGNITION: /usr/lib/aarch64-linux-gnu/libpcl_recognition.so  
[6.010s] -- Found PCL_STEREO: /usr/lib/aarch64-linux-gnu/libpcl_stereo.so  
[6.011s] -- Found PCL_APPS: /usr/lib/aarch64-linux-gnu/libpcl_apps.so  
[6.012s] -- Found PCL_IN_HAND_SCANNER: /usr/include/pcl-1.12  
[6.013s] -- Found PCL_MODELER: /usr/include/pcl-1.12  
[6.014s] -- Found PCL_POINT_CLOUD_EDITOR: /usr/include/pcl-1.12  
[6.015s] -- Found PCL_OUTOFCORE: /usr/lib/aarch64-linux-gnu/libpcl_outofcore.so  
[6.016s] -- Found PCL_PEOPLE: /usr/lib/aarch64-linux-gnu/libpcl_people.so  
[6.037s] -- Found cv_bridge: 3.2.1 (/opt/ros/humble/share/cv_bridge/cmake)
[6.099s] -- Found CUDA: /usr/local/cuda-12.6 (found suitable exact version "12.6") 
[6.125s] -- Found image_transport: 3.1.12 (/opt/ros/humble/share/image_transport/cmake)
[6.164s] -- Found urdf: 2.6.1 (/opt/ros/humble/share/urdf/cmake)
[6.190s] -- Found PkgConfig: /usr/bin/pkg-config (found version "0.29.2") 
[6.192s] -- Checking for module 'yaml-cpp'
[6.216s] --   Found yaml-cpp, version 0.7.0
[6.275s] [33mCMake Warning (dev) at CMakeLists.txt:37 (find_package):
[6.276s]   Policy CMP0074 is not set: find_package uses <PackageName>_ROOT variables.
[6.276s]   Run "cmake --help-policy CMP0074" for policy details.  Use the cmake_policy
[6.276s]   command to set the policy and suppress this warning.
[6.276s] 
[6.277s]   CMake variable PCL_ROOT is set to:
[6.277s] 
[6.277s]     /usr
[6.277s] 
[6.277s]   For compatibility, CMake is ignoring the variable.
[6.278s] This warning is for project developers.  Use -Wno-dev to suppress it.
[6.278s] [0m
[6.302s] -- Found OpenCV: /usr/local (found version "4.10.0") 
[6.312s] -- Found Boost: /usr/lib/aarch64-linux-gnu/cmake/Boost-1.74.0/BoostConfig.cmake (found version "1.74.0") found components: filesystem system 
[6.320s] [0mCMake Deprecation Warning at /home/nvidia/open3d141/lib/cmake/Open3D/Open3DConfig.cmake:18 (cmake_policy):
[6.320s]   The OLD behavior for policy CMP0072 will be removed from a future version
[6.320s]   of CMake.
[6.320s] 
[6.320s]   The cmake-policies(7) manual explains that the OLD behaviors of all
[6.320s]   policies are deprecated and that a policy should be set to OLD only under
[6.320s]   specific short-term circumstances.  Projects should be ported to the NEW
[6.320s]   behavior and not rely on setting a policy to OLD.
[6.321s] Call Stack (most recent call first):
[6.321s]   CMakeLists.txt:45 (find_package)
[6.321s] 
[6.321s] [0m
[6.771s] -- Found OpenMP_C: -fopenmp (found version "4.5") 
[6.954s] -- Found OpenMP_CXX: -fopenmp (found version "4.5") 
[6.955s] -- Found OpenMP: TRUE (found version "4.5")  
[7.024s] -- Found X11: /usr/include   
[7.030s] -- Found OpenGL: /usr/lib/aarch64-linux-gnu/libOpenGL.so   
[7.034s] -- Found Open3D: /home/nvidia/open3d141/lib/cmake/Open3D/Open3DConfig.cmake (found version "0.14.1") 
[7.071s] -- Found ament_lint_auto: 0.12.15 (/opt/ros/humble/share/ament_lint_auto/cmake)
[7.274s] -- Added test 'copyright' to check source files copyright and LICENSE
[7.279s] -- Added test 'cppcheck' to perform static code analysis on C / C++ code
[7.280s] -- Configured cppcheck include dirs: /home/nvidia/luckrobot/fastlio_localization/src/FAST_LIO_LOCALIZATION_HUMANOID/open3d_loc/include
[7.280s] -- Configured cppcheck exclude dirs and/or files: 
[7.284s] -- Added test 'cpplint' to check C / C++ code against the Google style
[7.284s] -- Configured cpplint exclude dirs and/or files: 
[7.286s] -- Added test 'flake8' to check Python code syntax and style conventions
[7.288s] -- Added test 'lint_cmake' to check CMake code style
[7.290s] -- Added test 'pep257' to check Python code against some of the docstring style conventions in PEP 257
[7.294s] -- Added test 'uncrustify' to check C / C++ code style
[7.294s] -- Configured uncrustify additional arguments: 
[7.295s] -- Added test 'xmllint' to check XML markup files
[7.299s] -- Configuring done
[7.414s] -- Generating done
[7.444s] -- Build files have been written to: /home/nvidia/luckrobot/fastlio_localization/build/open3d_loc
[7.501s] Invoked command in '/home/nvidia/luckrobot/fastlio_localization/build/open3d_loc' returned '0': CMAKE_PREFIX_PATH=${CMAKE_PREFIX_PATH}:/home/nvidia/luckrobot/luckrobot_ws/install/luckrobot_launch1:/home/nvidia/luckrobot/luckrobot_ws/install/keyboard_control:/opt/ros/humble /usr/bin/cmake /home/nvidia/luckrobot/fastlio_localization/src/FAST_LIO_LOCALIZATION_HUMANOID/open3d_loc -DCMAKE_BUILD_TYPE=Release -DCMAKE_INSTALL_PREFIX=/home/nvidia/luckrobot/fastlio_localization/install/open3d_loc
[7.507s] Invoking command in '/home/nvidia/luckrobot/fastlio_localization/build/open3d_loc': CMAKE_PREFIX_PATH=${CMAKE_PREFIX_PATH}:/home/nvidia/luckrobot/luckrobot_ws/install/luckrobot_launch1:/home/nvidia/luckrobot/luckrobot_ws/install/keyboard_control:/opt/ros/humble /usr/bin/cmake --build /home/nvidia/luckrobot/fastlio_localization/build/open3d_loc -- -j6 -l6
[7.620s] [ 16%] [32mBuilding CXX object CMakeFiles/open3d_registration.dir/src/open3d_registration/open3d_registration.cpp.o[0m
[7.622s] [ 33%] [32mBuilding CXX object CMakeFiles/open3d_conversions.dir/src/open3d_conversions/open3d_conversions.cpp.o[0m
[10.365s] In file included from [01m[K/home/nvidia/open3d141/include/open3d/Open3D.h:31[m[K,
[10.365s]                  from [01m[K/home/nvidia/luckrobot/fastlio_localization/src/FAST_LIO_LOCALIZATION_HUMANOID/open3d_loc/include/open3d_registration/open3d_registration.h:5[m[K,
[10.365s]                  from [01m[K/home/nvidia/luckrobot/fastlio_localization/src/FAST_LIO_LOCALIZATION_HUMANOID/open3d_loc/src/open3d_registration/open3d_registration.cpp:1[m[K:
[10.366s] [01m[K/home/nvidia/open3d141/include/open3d/camera/PinholeCameraIntrinsic.h:[m[K In member function ‘[01m[Kstd::pair<double, double> open3d::camera::PinholeCameraIntrinsic::GetFocalLength() const[m[K’:
[10.366s] [01m[K/home/nvidia/open3d141/include/open3d/camera/PinholeCameraIntrinsic.h:93:54:[m[K [01;36m[Knote: [m[Kparameter passing for argument of type ‘[01m[Kstd::pair<double, double>[m[K’ when C++17 is enabled changed to match C++14 in GCC 10.1
[10.366s]    93 |     std::pair<double, double> GetFocalLength() const [01;36m[K{[m[K
[10.366s]       |                                                      [01;36m[K^[m[K
[11.124s] In file included from [01m[K/home/nvidia/open3d141/include/open3d/Open3D.h:31[m[K,
[11.124s]                  from [01m[K/home/nvidia/luckrobot/fastlio_localization/src/FAST_LIO_LOCALIZATION_HUMANOID/open3d_loc/include/open3d_conversions/open3d_conversions.h:19[m[K,
[11.124s]                  from [01m[K/home/nvidia/luckrobot/fastlio_localization/src/FAST_LIO_LOCALIZATION_HUMANOID/open3d_loc/src/open3d_conversions/open3d_conversions.cpp:1[m[K:
[11.124s] [01m[K/home/nvidia/open3d141/include/open3d/camera/PinholeCameraIntrinsic.h:[m[K In member function ‘[01m[Kstd::pair<double, double> open3d::camera::PinholeCameraIntrinsic::GetFocalLength() const[m[K’:
[11.125s] [01m[K/home/nvidia/open3d141/include/open3d/camera/PinholeCameraIntrinsic.h:93:54:[m[K [01;36m[Knote: [m[Kparameter passing for argument of type ‘[01m[Kstd::pair<double, double>[m[K’ when C++17 is enabled changed to match C++14 in GCC 10.1
[11.125s]    93 |     std::pair<double, double> GetFocalLength() const [01;36m[K{[m[K
[11.125s]       |                                                      [01;36m[K^[m[K
[14.534s] [01m[K/home/nvidia/luckrobot/fastlio_localization/src/FAST_LIO_LOCALIZATION_HUMANOID/open3d_loc/src/open3d_registration/open3d_registration.cpp:[m[K In lambda function:
[14.534s] [01m[K/home/nvidia/luckrobot/fastlio_localization/src/FAST_LIO_LOCALIZATION_HUMANOID/open3d_loc/src/open3d_registration/open3d_registration.cpp:114:18:[m[K [01;35m[Kwarning: [m[Kunused variable ‘[01m[Kpreprocess_cost[m[K’ [[01;35m[K-Wunused-variable[m[K]
[14.534s]   114 |             auto [01;35m[Kpreprocess_cost[m[K = std::chrono::duration_cast<std::chrono::milliseconds>(preprocess_e - preprocess_s).count();
[14.535s]       |                  [01;35m[K^~~~~~~~~~~~~~~[m[K
[14.571s] [01m[K/home/nvidia/luckrobot/fastlio_localization/src/FAST_LIO_LOCALIZATION_HUMANOID/open3d_loc/src/open3d_registration/open3d_registration.cpp:[m[K In function ‘[01m[KEigen::Matrix4d pcd_tools::RegistrationMultiScaleIcp(std::shared_ptr<open3d::geometry::PointCloud>, std::shared_ptr<open3d::geometry::PointCloud>, double, int, std::vector<double>)[m[K’:
[14.572s] [01m[K/home/nvidia/luckrobot/fastlio_localization/src/FAST_LIO_LOCALIZATION_HUMANOID/open3d_loc/src/open3d_registration/open3d_registration.cpp:127:14:[m[K [01;35m[Kwarning: [m[Kunused variable ‘[01m[Kpreprocess_all_cost[m[K’ [[01;35m[K-Wunused-variable[m[K]
[14.572s]   127 |         auto [01;35m[Kpreprocess_all_cost[m[K = std::chrono::duration_cast<std::chrono::milliseconds>(preprocess_all_e - preprocess_all_s).count();
[14.572s]       |              [01;35m[K^~~~~~~~~~~~~~~~~~~[m[K
[14.572s] [01m[K/home/nvidia/luckrobot/fastlio_localization/src/FAST_LIO_LOCALIZATION_HUMANOID/open3d_loc/src/open3d_registration/open3d_registration.cpp:147:14:[m[K [01;35m[Kwarning: [m[Kunused variable ‘[01m[Kicp_cost[m[K’ [[01;35m[K-Wunused-variable[m[K]
[14.572s]   147 |         auto [01;35m[Kicp_cost[m[K = std::chrono::duration_cast<std::chrono::milliseconds>(icp_e - icp_s).count();
[14.572s]       |              [01;35m[K^~~~~~~~[m[K
[15.332s] [01m[K/home/nvidia/luckrobot/fastlio_localization/src/FAST_LIO_LOCALIZATION_HUMANOID/open3d_loc/src/open3d_registration/open3d_registration.cpp:[m[K In member function ‘[01m[Kbool pcd_tools::Open3dRegistration::RegistrationPipeline()[m[K’:
[15.332s] [01m[K/home/nvidia/luckrobot/fastlio_localization/src/FAST_LIO_LOCALIZATION_HUMANOID/open3d_loc/src/open3d_registration/open3d_registration.cpp:340:60:[m[K [01;35m[Kwarning: [m[Kvariable ‘[01m[Kfpfh_time_s[m[K’ set but not used [[01;35m[K-Wunused-but-set-variable[m[K]
[15.332s]   340 |             std::chrono::high_resolution_clock::time_point [01;35m[Kfpfh_time_s[m[K = std::chrono::high_resolution_clock::now();
[15.332s]       |                                                            [01;35m[K^~~~~~~~~~~[m[K
[15.332s] [01m[K/home/nvidia/luckrobot/fastlio_localization/src/FAST_LIO_LOCALIZATION_HUMANOID/open3d_loc/src/open3d_registration/open3d_registration.cpp:349:60:[m[K [01;35m[Kwarning: [m[Kvariable ‘[01m[Kfpfh_time_e[m[K’ set but not used [[01;35m[K-Wunused-but-set-variable[m[K]
[15.333s]   349 |             std::chrono::high_resolution_clock::time_point [01;35m[Kfpfh_time_e[m[K = std::chrono::high_resolution_clock::now();
[15.333s]       |                                                            [01;35m[K^~~~~~~~~~~[m[K
[15.379s] [01m[K/home/nvidia/luckrobot/fastlio_localization/src/FAST_LIO_LOCALIZATION_HUMANOID/open3d_loc/src/open3d_registration/open3d_registration.cpp:354:60:[m[K [01;35m[Kwarning: [m[Kvariable ‘[01m[Kicp_time_s[m[K’ set but not used [[01;35m[K-Wunused-but-set-variable[m[K]
[15.379s]   354 |             std::chrono::high_resolution_clock::time_point [01;35m[Kicp_time_s[m[K = std::chrono::high_resolution_clock::now();
[15.379s]       |                                                            [01;35m[K^~~~~~~~~~[m[K
[15.379s] [01m[K/home/nvidia/luckrobot/fastlio_localization/src/FAST_LIO_LOCALIZATION_HUMANOID/open3d_loc/src/open3d_registration/open3d_registration.cpp:358:60:[m[K [01;35m[Kwarning: [m[Kvariable ‘[01m[Kicp_time_e[m[K’ set but not used [[01;35m[K-Wunused-but-set-variable[m[K]
[15.379s]   358 |             std::chrono::high_resolution_clock::time_point [01;35m[Kicp_time_e[m[K = std::chrono::high_resolution_clock::now();
[15.379s]       |                                                            [01;35m[K^~~~~~~~~~[m[K
[15.380s] [01m[K/home/nvidia/luckrobot/fastlio_localization/src/FAST_LIO_LOCALIZATION_HUMANOID/open3d_loc/src/open3d_registration/open3d_registration.cpp:335:56:[m[K [01;35m[Kwarning: [m[Kvariable ‘[01m[Kstart_time[m[K’ set but not used [[01;35m[K-Wunused-but-set-variable[m[K]
[15.380s]   335 |         std::chrono::high_resolution_clock::time_point [01;35m[Kstart_time[m[K = std::chrono::high_resolution_clock::now();
[15.380s]       |                                                        [01;35m[K^~~~~~~~~~[m[K
[15.380s] [01m[K/home/nvidia/luckrobot/fastlio_localization/src/FAST_LIO_LOCALIZATION_HUMANOID/open3d_loc/src/open3d_registration/open3d_registration.cpp:364:56:[m[K [01;35m[Kwarning: [m[Kvariable ‘[01m[Ktotal_time[m[K’ set but not used [[01;35m[K-Wunused-but-set-variable[m[K]
[15.380s]   364 |         std::chrono::high_resolution_clock::time_point [01;35m[Ktotal_time[m[K = std::chrono::high_resolution_clock::now();
[15.380s]       |                                                        [01;35m[K^~~~~~~~~~[m[K
[20.912s] [01m[K/home/nvidia/luckrobot/fastlio_localization/src/FAST_LIO_LOCALIZATION_HUMANOID/open3d_loc/src/open3d_conversions/open3d_conversions.cpp:[m[K In function ‘[01m[Kvoid open3d_conversions::open3dToRos(const open3d::t::geometry::PointCloud&, sensor_msgs::msg::PointCloud2&, std::string, int, ...)[m[K’:
[20.913s] [01m[K/home/nvidia/luckrobot/fastlio_localization/src/FAST_LIO_LOCALIZATION_HUMANOID/open3d_loc/src/open3d_conversions/open3d_conversions.cpp:160:30:[m[K [01;35m[Kwarning: [m[Kcomparison of integer expressions of different signedness: ‘[01m[Ksize_t[m[K’ {aka ‘[01m[Klong unsigned int[m[K’} and ‘[01m[K__gnu_cxx::__alloc_traits<std::allocator<long int>, long int>::value_type[m[K’ {aka ‘[01m[Klong int[m[K’} [[01;35m[K-Wsign-compare[m[K]
[20.913s]   160 |         for (size_t i = 0; i < o3d_TensorList_points.GetShape()[0]; i++, ++ros_pc2_x, ++ros_pc2_y, ++ros_pc2_z)
[20.913s] [01m[K/home/nvidia/luckrobot/fastlio_localization/src/FAST_LIO_LOCALIZATION_HUMANOID/open3d_loc/src/open3d_conversions/open3d_conversions.cpp:174:30:[m[K [01;35m[Kwarning: [m[Kcomparison of integer expressions of different signedness: ‘[01m[Ksize_t[m[K’ {aka ‘[01m[Klong unsigned int[m[K’} and ‘[01m[K__gnu_cxx::__alloc_traits<std::allocator<long int>, long int>::value_type[m[K’ {aka ‘[01m[Klong int[m[K’} [[01;35m[K-Wsign-compare[m[K]
[20.914s]   174 |         for (size_t i = 0; i < o3d_TensorList_points.GetShape()[0]; i++, ++ros_pc2_r, ++ros_pc2_g, ++ros_pc2_b)
[20.915s] [01m[K/home/nvidia/luckrobot/fastlio_localization/src/FAST_LIO_LOCALIZATION_HUMANOID/open3d_loc/src/open3d_conversions/open3d_conversions.cpp:190:32:[m[K [01;35m[Kwarning: [m[Kcomparison of integer expressions of different signedness: ‘[01m[Ksize_t[m[K’ {aka ‘[01m[Klong unsigned int[m[K’} and ‘[01m[K__gnu_cxx::__alloc_traits<std::allocator<long int>, long int>::value_type[m[K’ {aka ‘[01m[Klong int[m[K’} [[01;35m[K-Wsign-compare[m[K]
[20.915s]   190 |           for (size_t i = 0; i < o3d_TensorList_points.GetShape()[0];
[20.916s] [01m[K/home/nvidia/luckrobot/fastlio_localization/src/FAST_LIO_LOCALIZATION_HUMANOID/open3d_loc/src/open3d_conversions/open3d_conversions.cpp:204:32:[m[K [01;35m[Kwarning: [m[Kcomparison of integer expressions of different signedness: ‘[01m[Ksize_t[m[K’ {aka ‘[01m[Klong unsigned int[m[K’} and ‘[01m[K__gnu_cxx::__alloc_traits<std::allocator<long int>, long int>::value_type[m[K’ {aka ‘[01m[Klong int[m[K’} [[01;35m[K-Wsign-compare[m[K]
[20.916s]   204 |           for (size_t i = 0; i < o3d_TensorList_points.GetShape()[0];
[20.916s] [01m[K/home/nvidia/luckrobot/fastlio_localization/src/FAST_LIO_LOCALIZATION_HUMANOID/open3d_loc/src/open3d_conversions/open3d_conversions.cpp:184:37:[m[K [01;35m[Kwarning: [m[Kunused variable ‘[01m[Ko3d_TensorList_fields[m[K’ [[01;35m[K-Wunused-variable[m[K]
[20.917s]   184 |         const open3d::core::Tensor &[01;35m[Ko3d_TensorList_fields[m[K = pointcloud.GetPointAttr(*field_name);
[20.917s]       |                                     [01;35m[K^~~~~~~~~~~~~~~~~~~~~[m[K
[20.919s] [01m[K/home/nvidia/luckrobot/fastlio_localization/src/FAST_LIO_LOCALIZATION_HUMANOID/open3d_loc/src/open3d_conversions/open3d_conversions.cpp:[m[K In function ‘[01m[Kvoid open3d_conversions::rosToOpen3d(const std::shared_ptr<const sensor_msgs::msg::PointCloud2_<std::allocator<void> > >&, open3d::t::geometry::PointCloud&, bool)[m[K’:
[20.919s] [01m[K/home/nvidia/luckrobot/fastlio_localization/src/FAST_LIO_LOCALIZATION_HUMANOID/open3d_loc/src/open3d_conversions/open3d_conversions.cpp:229:41:[m[K [01;35m[Kwarning: [m[Kcomparison of integer expressions of different signedness: ‘[01m[Kint[m[K’ and ‘[01m[Kstd::vector<sensor_msgs::msg::PointField_<std::allocator<void> >, std::allocator<sensor_msgs::msg::PointField_<std::allocator<void> > > >::size_type[m[K’ {aka ‘[01m[Klong unsigned int[m[K’} [[01;35m[K-Wsign-compare[m[K]
[20.919s]   229 |     for (int num_fields = 0; [01;35m[Knum_fields < ros_pc2->fields.size()[m[K; num_fields++)
[20.919s]       |                              [01;35m[K~~~~~~~~~~~^~~~~~~~~~~~~~~~~~~~~~~~[m[K
[20.924s] [01m[K/home/nvidia/luckrobot/fastlio_localization/src/FAST_LIO_LOCALIZATION_HUMANOID/open3d_loc/src/open3d_conversions/open3d_conversions.cpp:225:25:[m[K [01;35m[Kwarning: [m[Kvariable ‘[01m[Kdtype_lf[m[K’ set but not used [[01;35m[K-Wunused-but-set-variable[m[K]
[20.924s]   225 |     open3d::core::Dtype [01;35m[Kdtype_lf[m[K = open3d::core::Dtype::Float64;
[20.924s]       |                         [01;35m[K^~~~~~~~[m[K
[21.139s] [ 50%] [32m[1mLinking CXX static library libopen3d_registration.a[0m
[21.209s] [ 50%] Built target open3d_registration
[35.389s] [ 66%] [32m[1mLinking CXX static library libopen3d_conversions.a[0m
[35.468s] [ 66%] Built target open3d_conversions
[35.519s] [ 83%] [32mBuilding CXX object CMakeFiles/global_localization_node.dir/src/global_localization.cpp.o[0m
[43.912s] In file included from [01m[K/home/nvidia/open3d141/include/open3d/Open3D.h:31[m[K,
[43.912s]                  from [01m[K/home/nvidia/luckrobot/fastlio_localization/src/FAST_LIO_LOCALIZATION_HUMANOID/open3d_loc/src/global_localization.cpp:22[m[K:
[43.912s] [01m[K/home/nvidia/open3d141/include/open3d/camera/PinholeCameraIntrinsic.h:[m[K In member function ‘[01m[Kstd::pair<double, double> open3d::camera::PinholeCameraIntrinsic::GetFocalLength() const[m[K’:
[43.913s] [01m[K/home/nvidia/open3d141/include/open3d/camera/PinholeCameraIntrinsic.h:93:54:[m[K [01;36m[Knote: [m[Kparameter passing for argument of type ‘[01m[Kstd::pair<double, double>[m[K’ when C++17 is enabled changed to match C++14 in GCC 10.1
[43.913s]    93 |     std::pair<double, double> GetFocalLength() const [01;36m[K{[m[K
[43.913s]       |                                                      [01;36m[K^[m[K
[48.466s] [01m[K/home/nvidia/luckrobot/fastlio_localization/src/FAST_LIO_LOCALIZATION_HUMANOID/open3d_loc/src/global_localization.cpp:[m[K In member function ‘[01m[Kvoid GloabalLocalization::CallbackBaselink2Odom(nav_msgs::msg::Odometry_<std::allocator<void> >::SharedPtr)[m[K’:
[48.466s] [01m[K/home/nvidia/luckrobot/fastlio_localization/src/FAST_LIO_LOCALIZATION_HUMANOID/open3d_loc/src/global_localization.cpp:467:10:[m[K [01;35m[Kwarning: [m[Kvariable ‘[01m[Kodom_cbk_s[m[K’ set but not used [[01;35m[K-Wunused-but-set-variable[m[K]
[48.466s]   467 |     auto [01;35m[Kodom_cbk_s[m[K = std::chrono::high_resolution_clock::now();
[48.466s]       |          [01;35m[K^~~~~~~~~~[m[K
[48.482s] [01m[K/home/nvidia/luckrobot/fastlio_localization/src/FAST_LIO_LOCALIZATION_HUMANOID/open3d_loc/src/global_localization.cpp:[m[K In member function ‘[01m[Kvoid GloabalLocalization::CallbackScan(sensor_msgs::msg::PointCloud2_<std::allocator<void> >::SharedPtr)[m[K’:
[48.482s] [01m[K/home/nvidia/luckrobot/fastlio_localization/src/FAST_LIO_LOCALIZATION_HUMANOID/open3d_loc/src/global_localization.cpp:597:10:[m[K [01;35m[Kwarning: [m[Kvariable ‘[01m[Kcbk_s[m[K’ set but not used [[01;35m[K-Wunused-but-set-variable[m[K]
[48.482s]   597 |     auto [01;35m[Kcbk_s[m[K = std::chrono::high_resolution_clock::now();
[48.482s]       |          [01;35m[K^~~~~[m[K
[48.482s] [01m[K/home/nvidia/luckrobot/fastlio_localization/src/FAST_LIO_LOCALIZATION_HUMANOID/open3d_loc/src/global_localization.cpp:627:10:[m[K [01;35m[Kwarning: [m[Kvariable ‘[01m[Kcbk_e[m[K’ set but not used [[01;35m[K-Wunused-but-set-variable[m[K]
[48.483s]   627 |     auto [01;35m[Kcbk_e[m[K = std::chrono::high_resolution_clock::now();
[48.483s]       |          [01;35m[K^~~~~[m[K
[48.500s] [01m[K/home/nvidia/luckrobot/fastlio_localization/src/FAST_LIO_LOCALIZATION_HUMANOID/open3d_loc/src/global_localization.cpp:[m[K In member function ‘[01m[Kvoid GloabalLocalization::LocalizationInitialize()[m[K’:
[48.500s] [01m[K/home/nvidia/luckrobot/fastlio_localization/src/FAST_LIO_LOCALIZATION_HUMANOID/open3d_loc/src/global_localization.cpp:689:18:[m[K [01;35m[Kwarning: [m[Kvariable ‘[01m[Kreg0_s[m[K’ set but not used [[01;35m[K-Wunused-but-set-variable[m[K]
[48.500s]   689 |             auto [01;35m[Kreg0_s[m[K = std::chrono::high_resolution_clock::now();
[48.501s]       |                  [01;35m[K^~~~~~[m[K
[48.553s] [01m[K/home/nvidia/luckrobot/fastlio_localization/src/FAST_LIO_LOCALIZATION_HUMANOID/open3d_loc/src/global_localization.cpp:[m[K In member function ‘[01m[Kvoid GloabalLocalization::Localization()[m[K’:
[48.553s] [01m[K/home/nvidia/luckrobot/fastlio_localization/src/FAST_LIO_LOCALIZATION_HUMANOID/open3d_loc/src/global_localization.cpp:922:18:[m[K [01;35m[Kwarning: [m[Kvariable ‘[01m[Kreg0_s[m[K’ set but not used [[01;35m[K-Wunused-but-set-variable[m[K]
[48.553s]   922 |             auto [01;35m[Kreg0_s[m[K = std::chrono::high_resolution_clock::now();
[48.553s]       |                  [01;35m[K^~~~~~[m[K
[48.554s] [01m[K/home/nvidia/luckrobot/fastlio_localization/src/FAST_LIO_LOCALIZATION_HUMANOID/open3d_loc/src/global_localization.cpp:811:12:[m[K [01;35m[Kwarning: [m[Kunused variable ‘[01m[Kfitness[m[K’ [[01;35m[K-Wunused-variable[m[K]
[48.554s]   811 |     double [01;35m[Kfitness[m[K = 0;
[48.554s]       |            [01;35m[K^~~~~~~[m[K
[99.918s] [100%] [32m[1mLinking CXX executable global_localization_node[0m
[110.158s] [100%] Built target global_localization_node
[110.182s] Invoked command in '/home/nvidia/luckrobot/fastlio_localization/build/open3d_loc' returned '0': CMAKE_PREFIX_PATH=${CMAKE_PREFIX_PATH}:/home/nvidia/luckrobot/luckrobot_ws/install/luckrobot_launch1:/home/nvidia/luckrobot/luckrobot_ws/install/keyboard_control:/opt/ros/humble /usr/bin/cmake --build /home/nvidia/luckrobot/fastlio_localization/build/open3d_loc -- -j6 -l6
[110.204s] Invoking command in '/home/nvidia/luckrobot/fastlio_localization/build/open3d_loc': CMAKE_PREFIX_PATH=${CMAKE_PREFIX_PATH}:/home/nvidia/luckrobot/luckrobot_ws/install/luckrobot_launch1:/home/nvidia/luckrobot/luckrobot_ws/install/keyboard_control:/opt/ros/humble /usr/bin/cmake --install /home/nvidia/luckrobot/fastlio_localization/build/open3d_loc
[110.223s] -- Install configuration: "Release"
[110.224s] -- Installing: /home/nvidia/luckrobot/fastlio_localization/install/open3d_loc/lib/libopen3d_registration.a
[110.224s] -- Installing: /home/nvidia/luckrobot/fastlio_localization/install/open3d_loc/lib/libopen3d_conversions.a
[110.225s] -- Installing: /home/nvidia/luckrobot/fastlio_localization/install/open3d_loc/lib/open3d_loc/global_localization_node
[110.516s] -- Set runtime path of "/home/nvidia/luckrobot/fastlio_localization/install/open3d_loc/lib/open3d_loc/global_localization_node" to ""
[110.517s] -- Installing: /home/nvidia/luckrobot/fastlio_localization/install/open3d_loc/share/open3d_loc//launch
[110.517s] -- Installing: /home/nvidia/luckrobot/fastlio_localization/install/open3d_loc/share/open3d_loc//launch/localization_3d_g1.launch.py
[110.518s] -- Installing: /home/nvidia/luckrobot/fastlio_localization/install/open3d_loc/share/open3d_loc//launch/open3d_loc_g1.launch.py
[110.518s] -- Installing: /home/nvidia/luckrobot/fastlio_localization/install/open3d_loc/share/open3d_loc//config
[110.518s] -- Installing: /home/nvidia/luckrobot/fastlio_localization/install/open3d_loc/share/open3d_loc//config/loc_param_g1.yaml
[110.518s] -- Installing: /home/nvidia/luckrobot/fastlio_localization/install/open3d_loc/share/open3d_loc//rviz_cfg
[110.519s] -- Installing: /home/nvidia/luckrobot/fastlio_localization/install/open3d_loc/share/open3d_loc//rviz_cfg/fastlio.rviz
[110.519s] -- Installing: /home/nvidia/luckrobot/fastlio_localization/install/open3d_loc/share/open3d_loc//rviz_cfg/.gitignore
[110.519s] -- Installing: /home/nvidia/luckrobot/fastlio_localization/install/open3d_loc/include/open3d_loc
[110.519s] -- Installing: /home/nvidia/luckrobot/fastlio_localization/install/open3d_loc/include/open3d_loc/open3d_conversions
[110.520s] -- Installing: /home/nvidia/luckrobot/fastlio_localization/install/open3d_loc/include/open3d_loc/open3d_conversions/open3d_conversions.h
[110.520s] -- Installing: /home/nvidia/luckrobot/fastlio_localization/install/open3d_loc/include/open3d_loc/open3d_conversions/DpgtConversions.h
[110.520s] -- Installing: /home/nvidia/luckrobot/fastlio_localization/install/open3d_loc/include/open3d_loc/open3d_conversions/RosConversions.h
[110.520s] -- Installing: /home/nvidia/luckrobot/fastlio_localization/install/open3d_loc/include/open3d_loc/open3d_registration
[110.520s] -- Installing: /home/nvidia/luckrobot/fastlio_localization/install/open3d_loc/include/open3d_loc/open3d_registration/open3d_registration.h
[110.521s] -- Installing: /home/nvidia/luckrobot/fastlio_localization/install/open3d_loc/share/ament_index/resource_index/package_run_dependencies/open3d_loc
[110.521s] -- Installing: /home/nvidia/luckrobot/fastlio_localization/install/open3d_loc/share/ament_index/resource_index/parent_prefix_path/open3d_loc
[110.522s] -- Installing: /home/nvidia/luckrobot/fastlio_localization/install/open3d_loc/share/open3d_loc/environment/ament_prefix_path.sh
[110.522s] -- Installing: /home/nvidia/luckrobot/fastlio_localization/install/open3d_loc/share/open3d_loc/environment/ament_prefix_path.dsv
[110.522s] -- Installing: /home/nvidia/luckrobot/fastlio_localization/install/open3d_loc/share/open3d_loc/environment/path.sh
[110.522s] -- Installing: /home/nvidia/luckrobot/fastlio_localization/install/open3d_loc/share/open3d_loc/environment/path.dsv
[110.522s] -- Installing: /home/nvidia/luckrobot/fastlio_localization/install/open3d_loc/share/open3d_loc/local_setup.bash
[110.523s] -- Installing: /home/nvidia/luckrobot/fastlio_localization/install/open3d_loc/share/open3d_loc/local_setup.sh
[110.523s] -- Installing: /home/nvidia/luckrobot/fastlio_localization/install/open3d_loc/share/open3d_loc/local_setup.zsh
[110.523s] -- Installing: /home/nvidia/luckrobot/fastlio_localization/install/open3d_loc/share/open3d_loc/local_setup.dsv
[110.523s] -- Installing: /home/nvidia/luckrobot/fastlio_localization/install/open3d_loc/share/open3d_loc/package.dsv
[110.524s] -- Installing: /home/nvidia/luckrobot/fastlio_localization/install/open3d_loc/share/ament_index/resource_index/packages/open3d_loc
[110.524s] -- Installing: /home/nvidia/luckrobot/fastlio_localization/install/open3d_loc/share/open3d_loc/cmake/open3d_locConfig.cmake
[110.524s] -- Installing: /home/nvidia/luckrobot/fastlio_localization/install/open3d_loc/share/open3d_loc/cmake/open3d_locConfig-version.cmake
[110.524s] -- Installing: /home/nvidia/luckrobot/fastlio_localization/install/open3d_loc/share/open3d_loc/package.xml
[110.529s] Invoked command in '/home/nvidia/luckrobot/fastlio_localization/build/open3d_loc' returned '0': CMAKE_PREFIX_PATH=${CMAKE_PREFIX_PATH}:/home/nvidia/luckrobot/luckrobot_ws/install/luckrobot_launch1:/home/nvidia/luckrobot/luckrobot_ws/install/keyboard_control:/opt/ros/humble /usr/bin/cmake --install /home/nvidia/luckrobot/fastlio_localization/build/open3d_loc
