[0.026s] Invoking command in '/home/nvidia/luckrobot/orbbecsdk_ws/build/orbbec_camera': AMENT_PREFIX_PATH=/home/nvidia/luckrobot/orbbecsdk_ws/install/orbbec_camera_msgs:${AMENT_PREFIX_PATH} CMAKE_PREFIX_PATH=/home/nvidia/luckrobot/orbbecsdk_ws/install/orbbec_camera_msgs:/home/nvidia/luckrobot/luckrobot_ws/install/wheel_controller:/home/nvidia/luckrobot/luckrobot_ws/install/orbbec_description:/home/nvidia/luckrobot/luckrobot_ws/install/orbbec_camera:/home/nvidia/luckrobot/luckrobot_ws/install/orbbec_camera_msgs:/home/nvidia/luckrobot/luckrobot_ws/install/livox_ros_driver2:/home/nvidia/luckrobot/luckrobot_ws/install/luckrobot_launch1:/home/nvidia/luckrobot/luckrobot_ws/install/keyboard_control:/opt/ros/humble LD_LIBRARY_PATH=/home/nvidia/luckrobot/orbbecsdk_ws/install/orbbec_camera_msgs/lib:/home/nvidia/luckrobot/luckrobot_ws/install/orbbec_camera/lib:/home/nvidia/luckrobot/luckrobot_ws/install/orbbec_camera_msgs/lib:/home/nvidia/luckrobot/luckrobot_ws/install/livox_ros_driver2/lib:/opt/ros/humble/opt/rviz_ogre_vendor/lib:/opt/ros/humble/lib/aarch64-linux-gnu:/opt/ros/humble/lib:/usr/local/lib:/usr/local/cuda-12.6/lib64 PYTHONPATH=/home/nvidia/luckrobot/orbbecsdk_ws/install/orbbec_camera_msgs/local/lib/python3.10/dist-packages:${PYTHONPATH} /usr/bin/cmake /home/nvidia/luckrobot/orbbecsdk_ws/src/OrbbecSDK_ROS2/orbbec_camera -DCMAKE_BUILD_TYPE=Release -DCMAKE_INSTALL_PREFIX=/home/nvidia/luckrobot/orbbecsdk_ws/install/orbbec_camera
[0.136s] -- The C compiler identification is GNU 11.4.0
[0.251s] -- The CXX compiler identification is GNU 11.4.0
[0.272s] -- Detecting C compiler ABI info
[0.421s] -- Detecting C compiler ABI info - done
[0.446s] -- Check for working C compiler: /usr/bin/cc - skipped
[0.448s] -- Detecting C compile features
[0.448s] -- Detecting C compile features - done
[0.459s] -- Detecting CXX compiler ABI info
[0.623s] -- Detecting CXX compiler ABI info - done
[0.648s] -- Check for working CXX compiler: /usr/bin/c++ - skipped
[0.649s] -- Detecting CXX compile features
[0.650s] -- Detecting CXX compile features - done
[0.661s] -- Found ament_cmake: 1.3.13 (/opt/ros/humble/share/ament_cmake/cmake)
[2.258s] -- Found Python3: /usr/bin/python3 (found version "3.10.12") found components: Interpreter 
[2.510s] -- Found ament_index_cpp: 1.4.1 (/opt/ros/humble/share/ament_index_cpp/cmake)
[2.541s] -- Found builtin_interfaces: 1.2.2 (/opt/ros/humble/share/builtin_interfaces/cmake)
[2.620s] -- Found rosidl_generator_c: 3.1.8 (/opt/ros/humble/share/rosidl_generator_c/cmake)
[2.631s] -- Found rosidl_adapter: 3.1.8 (/opt/ros/humble/share/rosidl_adapter/cmake)
[2.651s] -- Found rosidl_generator_cpp: 3.1.8 (/opt/ros/humble/share/rosidl_generator_cpp/cmake)
[2.677s] -- Using all available rosidl_typesupport_c: rosidl_typesupport_fastrtps_c;rosidl_typesupport_introspection_c
[2.713s] -- Using all available rosidl_typesupport_cpp: rosidl_typesupport_fastrtps_cpp;rosidl_typesupport_introspection_cpp
[2.749s] -- Found cv_bridge: 3.2.1 (/opt/ros/humble/share/cv_bridge/cmake)
[2.808s] -- Looking for pthread.h
[2.962s] -- Looking for pthread.h - found
[2.963s] -- Performing Test CMAKE_HAVE_LIBC_PTHREAD
[3.120s] -- Performing Test CMAKE_HAVE_LIBC_PTHREAD - Success
[3.123s] -- Found Threads: TRUE  
[3.157s] -- Found CUDA: /usr/local/cuda-12.6 (found suitable exact version "12.6") 
[3.316s] -- Found camera_info_manager: 3.1.12 (/opt/ros/humble/share/camera_info_manager/cmake)
[3.412s] -- Found rmw_implementation_cmake: 6.1.2 (/opt/ros/humble/share/rmw_implementation_cmake/cmake)
[3.418s] -- Found rmw_fastrtps_cpp: 6.2.10 (/opt/ros/humble/share/rmw_fastrtps_cpp/cmake)
[3.601s] -- Found OpenSSL: /usr/lib/aarch64-linux-gnu/libcrypto.so (found version "3.0.2")  
[3.664s] -- Found FastRTPS: /opt/ros/humble/include  
[3.749s] -- Using RMW implementation 'rmw_fastrtps_cpp' as default
[3.881s] -- Found image_transport: 3.1.12 (/opt/ros/humble/share/image_transport/cmake)
[3.957s] -- Found image_publisher: 3.0.9 (/opt/ros/humble/share/image_publisher/cmake)
[4.018s] -- Found OpenCV: /usr/local (found version "4.10.0") 
[4.019s] -- Found orbbec_camera_msgs: 2.7.6 (/home/nvidia/luckrobot/orbbecsdk_ws/install/orbbec_camera_msgs/share/orbbec_camera_msgs/cmake)
[4.058s] -- Found std_srvs: 4.9.1 (/opt/ros/humble/share/std_srvs/cmake)
[4.086s] -- Found tf2: 0.25.19 (/opt/ros/humble/share/tf2/cmake)
[4.098s] -- Found tf2_msgs: 0.25.19 (/opt/ros/humble/share/tf2_msgs/cmake)
[4.200s] -- Found tf2_ros: 0.25.19 (/opt/ros/humble/share/tf2_ros/cmake)
[4.243s] -- Found tf2_sensor_msgs: 0.25.19 (/opt/ros/humble/share/tf2_sensor_msgs/cmake)
[4.264s] -- Found diagnostic_updater: 4.0.6 (/opt/ros/humble/share/diagnostic_updater/cmake)
[4.319s] -- Found PkgConfig: /usr/bin/pkg-config (found version "0.29.2") 
[4.339s] -- ORRBEC Machine : aarch64
[4.339s] 
[4.339s] -- ORRBEC Machine Bits : 64
[4.340s] 
[4.790s] -- Found ament_lint_auto: 0.12.15 (/opt/ros/humble/share/ament_lint_auto/cmake)
[4.959s] -- Configuring done
[5.491s] -- Generating done
[5.620s] -- Build files have been written to: /home/nvidia/luckrobot/orbbecsdk_ws/build/orbbec_camera
[5.661s] Invoked command in '/home/nvidia/luckrobot/orbbecsdk_ws/build/orbbec_camera' returned '0': AMENT_PREFIX_PATH=/home/nvidia/luckrobot/orbbecsdk_ws/install/orbbec_camera_msgs:${AMENT_PREFIX_PATH} CMAKE_PREFIX_PATH=/home/nvidia/luckrobot/orbbecsdk_ws/install/orbbec_camera_msgs:/home/nvidia/luckrobot/luckrobot_ws/install/wheel_controller:/home/nvidia/luckrobot/luckrobot_ws/install/orbbec_description:/home/nvidia/luckrobot/luckrobot_ws/install/orbbec_camera:/home/nvidia/luckrobot/luckrobot_ws/install/orbbec_camera_msgs:/home/nvidia/luckrobot/luckrobot_ws/install/livox_ros_driver2:/home/nvidia/luckrobot/luckrobot_ws/install/luckrobot_launch1:/home/nvidia/luckrobot/luckrobot_ws/install/keyboard_control:/opt/ros/humble LD_LIBRARY_PATH=/home/nvidia/luckrobot/orbbecsdk_ws/install/orbbec_camera_msgs/lib:/home/nvidia/luckrobot/luckrobot_ws/install/orbbec_camera/lib:/home/nvidia/luckrobot/luckrobot_ws/install/orbbec_camera_msgs/lib:/home/nvidia/luckrobot/luckrobot_ws/install/livox_ros_driver2/lib:/opt/ros/humble/opt/rviz_ogre_vendor/lib:/opt/ros/humble/lib/aarch64-linux-gnu:/opt/ros/humble/lib:/usr/local/lib:/usr/local/cuda-12.6/lib64 PYTHONPATH=/home/nvidia/luckrobot/orbbecsdk_ws/install/orbbec_camera_msgs/local/lib/python3.10/dist-packages:${PYTHONPATH} /usr/bin/cmake /home/nvidia/luckrobot/orbbecsdk_ws/src/OrbbecSDK_ROS2/orbbec_camera -DCMAKE_BUILD_TYPE=Release -DCMAKE_INSTALL_PREFIX=/home/nvidia/luckrobot/orbbecsdk_ws/install/orbbec_camera
[5.666s] Invoking command in '/home/nvidia/luckrobot/orbbecsdk_ws/build/orbbec_camera': AMENT_PREFIX_PATH=/home/nvidia/luckrobot/orbbecsdk_ws/install/orbbec_camera_msgs:${AMENT_PREFIX_PATH} CMAKE_PREFIX_PATH=/home/nvidia/luckrobot/orbbecsdk_ws/install/orbbec_camera_msgs:/home/nvidia/luckrobot/luckrobot_ws/install/wheel_controller:/home/nvidia/luckrobot/luckrobot_ws/install/orbbec_description:/home/nvidia/luckrobot/luckrobot_ws/install/orbbec_camera:/home/nvidia/luckrobot/luckrobot_ws/install/orbbec_camera_msgs:/home/nvidia/luckrobot/luckrobot_ws/install/livox_ros_driver2:/home/nvidia/luckrobot/luckrobot_ws/install/luckrobot_launch1:/home/nvidia/luckrobot/luckrobot_ws/install/keyboard_control:/opt/ros/humble LD_LIBRARY_PATH=/home/nvidia/luckrobot/orbbecsdk_ws/install/orbbec_camera_msgs/lib:/home/nvidia/luckrobot/luckrobot_ws/install/orbbec_camera/lib:/home/nvidia/luckrobot/luckrobot_ws/install/orbbec_camera_msgs/lib:/home/nvidia/luckrobot/luckrobot_ws/install/livox_ros_driver2/lib:/opt/ros/humble/opt/rviz_ogre_vendor/lib:/opt/ros/humble/lib/aarch64-linux-gnu:/opt/ros/humble/lib:/usr/local/lib:/usr/local/cuda-12.6/lib64 PYTHONPATH=/home/nvidia/luckrobot/orbbecsdk_ws/install/orbbec_camera_msgs/local/lib/python3.10/dist-packages:${PYTHONPATH} /usr/bin/cmake --build /home/nvidia/luckrobot/orbbecsdk_ws/build/orbbec_camera -- -j6 -l6
[5.780s] [ 11%] [32mBuilding CXX object CMakeFiles/start_benchmark.dir/tools/start_benchmark.cpp.o[0m
[5.780s] [ 13%] [32mBuilding CXX object CMakeFiles/orbbec_camera_node.dir/rclcpp_components/node_main_orbbec_camera_node.cpp.o[0m
[5.781s] [ 13%] [32mBuilding CXX object CMakeFiles/frame_latency.dir/tools/frame_latency.cpp.o[0m
[5.781s] [ 11%] [32mBuilding CXX object CMakeFiles/start_benchmark_node.dir/rclcpp_components/node_main_start_benchmark_node.cpp.o[0m
[5.781s] [ 11%] [32mBuilding CXX object CMakeFiles/orbbec_camera.dir/src/d2c_viewer.cpp.o[0m
[5.781s] [ 11%] [32mBuilding CXX object CMakeFiles/frame_latency_node.dir/rclcpp_components/node_main_frame_latency_node.cpp.o[0m
[14.863s] [ 15%] [32m[1mLinking CXX executable start_benchmark_node[0m
[15.120s] [ 15%] Built target start_benchmark_node
[15.167s] [ 17%] [32mBuilding CXX object CMakeFiles/multi_save_rgbir.dir/tools/multi_save_rgbir.cpp.o[0m
[15.389s] [ 20%] [32m[1mLinking CXX executable frame_latency_node[0m
[15.490s] [ 22%] [32m[1mLinking CXX executable orbbec_camera_node[0m
[15.661s] [ 22%] Built target frame_latency_node
[15.710s] [ 24%] [32mBuilding CXX object CMakeFiles/multi_save_rgbir_node.dir/rclcpp_components/node_main_multi_save_rgbir_node.cpp.o[0m
[15.779s] [ 24%] Built target orbbec_camera_node
[15.801s] [ 26%] [32mBuilding CXX object CMakeFiles/orbbec_camera.dir/src/dynamic_params.cpp.o[0m
[25.246s] [ 28%] [32m[1mLinking CXX executable multi_save_rgbir_node[0m
[25.519s] [ 28%] Built target multi_save_rgbir_node
[25.540s] [ 31%] [32mBuilding CXX object CMakeFiles/orbbec_camera.dir/src/image_publisher.cpp.o[0m
[28.030s] [ 33%] [32mBuilding CXX object CMakeFiles/orbbec_camera.dir/src/ob_camera_node_driver.cpp.o[0m
[40.837s] [ 35%] [32mBuilding CXX object CMakeFiles/orbbec_camera.dir/src/ob_camera_node.cpp.o[0m
[55.512s] [ 37%] [32mBuilding CXX object CMakeFiles/orbbec_camera.dir/src/ob_lidar_node.cpp.o[0m
[78.995s] [ 40%] [32m[1mLinking CXX shared library libstart_benchmark.so[0m
[80.031s] [ 40%] Built target start_benchmark
[80.053s] [ 42%] [32mBuilding CXX object CMakeFiles/orbbec_camera.dir/src/ros_param_backend.cpp.o[0m
[84.759s] [ 44%] [32mBuilding CXX object CMakeFiles/orbbec_camera.dir/src/ros_service.cpp.o[0m
[88.685s] [ 46%] [32mBuilding CXX object CMakeFiles/orbbec_camera.dir/src/synced_imu_publisher.cpp.o[0m
[94.345s] [ 48%] [32mBuilding CXX object CMakeFiles/multi_save_rgbir.dir/src/utils.cpp.o[0m
[109.137s] [ 51%] [32mBuilding CXX object CMakeFiles/orbbec_camera.dir/src/utils.cpp.o[0m
[113.413s] [ 53%] [32mBuilding CXX object CMakeFiles/orbbec_camera.dir/src/jpeg_decoder.cpp.o[0m
[117.152s] [ 55%] [32m[1mLinking CXX shared library libframe_latency.so[0m
[118.432s] [ 55%] Built target frame_latency
[124.202s] [ 57%] [32m[1mLinking CXX shared library libmulti_save_rgbir.so[0m
[125.135s] [ 57%] Built target multi_save_rgbir
[175.942s] [ 60%] [32m[1mLinking CXX shared library liborbbec_camera.so[0m
[177.155s] [ 60%] Built target orbbec_camera
[177.210s] [ 73%] [32mBuilding CXX object CMakeFiles/list_camera_profile_mode_node.dir/tools/list_camera_profile.cpp.o[0m
[177.210s] [ 73%] [32mBuilding CXX object CMakeFiles/set_device_ip.dir/tools/set_device_ip.cpp.o[0m
[177.211s] [ 73%] [32mBuilding CXX object CMakeFiles/list_devices_node.dir/tools/list_devices_node.cpp.o[0m
[177.211s] [ 73%] [32mBuilding CXX object CMakeFiles/list_depth_work_mode_node.dir/tools/list_depth_work_mode.cpp.o[0m
[177.211s] [ 73%] [32mBuilding CXX object CMakeFiles/topic_statistics_node.dir/tools/topic_statistics.cpp.o[0m
[177.212s] [ 73%] [32mBuilding CXX object CMakeFiles/ob_benchmark_node.dir/tools/ob_benchmark.cpp.o[0m
[203.160s] [ 75%] [32m[1mLinking CXX executable list_depth_work_mode_node[0m
[203.366s] [ 77%] [32m[1mLinking CXX executable set_device_ip[0m
[203.630s] [ 77%] Built target list_depth_work_mode_node
[203.699s] [ 80%] [32mBuilding CXX object CMakeFiles/435le_example_node.dir/examples/435le_new_interface/camera_example_node.cpp.o[0m
[203.909s] [ 80%] Built target set_device_ip
[203.965s] [ 82%] [32mBuilding CXX object CMakeFiles/service_benchmark_node.dir/scripts/service_benchmark_node.cpp.o[0m
[205.762s] [ 84%] [32m[1mLinking CXX executable list_devices_node[0m
[206.042s] [ 86%] [32m[1mLinking CXX executable list_camera_profile_mode_node[0m
[207.676s] [ 86%] Built target list_devices_node
[207.694s] [ 86%] Built target list_camera_profile_mode_node
[207.737s] [ 88%] [32mBuilding CXX object CMakeFiles/image_sync_example_node.dir/examples/multi_camera_time_sync/image_sync_example_node.cpp.o[0m
[213.065s] [ 91%] [32m[1mLinking CXX executable ob_benchmark_node[0m
[213.586s] [ 91%] Built target ob_benchmark_node
[215.536s] [ 93%] [32m[1mLinking CXX executable topic_statistics_node[0m
[216.219s] [ 93%] Built target topic_statistics_node
[243.820s] [ 95%] [32m[1mLinking CXX executable 435le_example_node[0m
[244.499s] [ 95%] Built target 435le_example_node
[250.327s] [ 97%] [32m[1mLinking CXX executable image_sync_example_node[0m
[250.761s] /usr/bin/ld: warning: libopencv_imgproc.so.4.5d, needed by /opt/ros/humble/lib/libcv_bridge.so, may conflict with libopencv_imgproc.so.410
[250.762s] /usr/bin/ld: warning: libopencv_core.so.4.5d, needed by /opt/ros/humble/lib/libcv_bridge.so, may conflict with libopencv_core.so.410
[251.716s] [ 97%] Built target image_sync_example_node
[260.694s] [100%] [32m[1mLinking CXX executable service_benchmark_node[0m
[261.500s] [100%] Built target service_benchmark_node
[261.545s] Invoked command in '/home/nvidia/luckrobot/orbbecsdk_ws/build/orbbec_camera' returned '0': AMENT_PREFIX_PATH=/home/nvidia/luckrobot/orbbecsdk_ws/install/orbbec_camera_msgs:${AMENT_PREFIX_PATH} CMAKE_PREFIX_PATH=/home/nvidia/luckrobot/orbbecsdk_ws/install/orbbec_camera_msgs:/home/nvidia/luckrobot/luckrobot_ws/install/wheel_controller:/home/nvidia/luckrobot/luckrobot_ws/install/orbbec_description:/home/nvidia/luckrobot/luckrobot_ws/install/orbbec_camera:/home/nvidia/luckrobot/luckrobot_ws/install/orbbec_camera_msgs:/home/nvidia/luckrobot/luckrobot_ws/install/livox_ros_driver2:/home/nvidia/luckrobot/luckrobot_ws/install/luckrobot_launch1:/home/nvidia/luckrobot/luckrobot_ws/install/keyboard_control:/opt/ros/humble LD_LIBRARY_PATH=/home/nvidia/luckrobot/orbbecsdk_ws/install/orbbec_camera_msgs/lib:/home/nvidia/luckrobot/luckrobot_ws/install/orbbec_camera/lib:/home/nvidia/luckrobot/luckrobot_ws/install/orbbec_camera_msgs/lib:/home/nvidia/luckrobot/luckrobot_ws/install/livox_ros_driver2/lib:/opt/ros/humble/opt/rviz_ogre_vendor/lib:/opt/ros/humble/lib/aarch64-linux-gnu:/opt/ros/humble/lib:/usr/local/lib:/usr/local/cuda-12.6/lib64 PYTHONPATH=/home/nvidia/luckrobot/orbbecsdk_ws/install/orbbec_camera_msgs/local/lib/python3.10/dist-packages:${PYTHONPATH} /usr/bin/cmake --build /home/nvidia/luckrobot/orbbecsdk_ws/build/orbbec_camera -- -j6 -l6
[261.556s] Invoking command in '/home/nvidia/luckrobot/orbbecsdk_ws/build/orbbec_camera': AMENT_PREFIX_PATH=/home/nvidia/luckrobot/orbbecsdk_ws/install/orbbec_camera_msgs:${AMENT_PREFIX_PATH} CMAKE_PREFIX_PATH=/home/nvidia/luckrobot/orbbecsdk_ws/install/orbbec_camera_msgs:/home/nvidia/luckrobot/luckrobot_ws/install/wheel_controller:/home/nvidia/luckrobot/luckrobot_ws/install/orbbec_description:/home/nvidia/luckrobot/luckrobot_ws/install/orbbec_camera:/home/nvidia/luckrobot/luckrobot_ws/install/orbbec_camera_msgs:/home/nvidia/luckrobot/luckrobot_ws/install/livox_ros_driver2:/home/nvidia/luckrobot/luckrobot_ws/install/luckrobot_launch1:/home/nvidia/luckrobot/luckrobot_ws/install/keyboard_control:/opt/ros/humble LD_LIBRARY_PATH=/home/nvidia/luckrobot/orbbecsdk_ws/install/orbbec_camera_msgs/lib:/home/nvidia/luckrobot/luckrobot_ws/install/orbbec_camera/lib:/home/nvidia/luckrobot/luckrobot_ws/install/orbbec_camera_msgs/lib:/home/nvidia/luckrobot/luckrobot_ws/install/livox_ros_driver2/lib:/opt/ros/humble/opt/rviz_ogre_vendor/lib:/opt/ros/humble/lib/aarch64-linux-gnu:/opt/ros/humble/lib:/usr/local/lib:/usr/local/cuda-12.6/lib64 PYTHONPATH=/home/nvidia/luckrobot/orbbecsdk_ws/install/orbbec_camera_msgs/local/lib/python3.10/dist-packages:${PYTHONPATH} /usr/bin/cmake --install /home/nvidia/luckrobot/orbbecsdk_ws/build/orbbec_camera
[261.585s] -- Install configuration: "Release"
[261.586s] -- Installing: /home/nvidia/luckrobot/orbbecsdk_ws/install/orbbec_camera/lib/orbbec_camera/orbbec_camera_node
[261.588s] -- Set runtime path of "/home/nvidia/luckrobot/orbbecsdk_ws/install/orbbec_camera/lib/orbbec_camera/orbbec_camera_node" to ":/home/nvidia/luckrobot/orbbecsdk_ws/src/OrbbecSDK_ROS2/orbbec_camera/SDK/lib/arm64"
[261.588s] -- Installing: /home/nvidia/luckrobot/orbbecsdk_ws/install/orbbec_camera/lib/orbbec_camera/common_benchmark_node.py
[261.589s] -- Installing: /home/nvidia/luckrobot/orbbecsdk_ws/install/orbbec_camera/lib/orbbec_camera/service_benchmark_node.py
[261.589s] -- Installing: /home/nvidia/luckrobot/orbbecsdk_ws/install/orbbec_camera/lib/orbbec_camera/frame_latency_node
[261.590s] -- Set runtime path of "/home/nvidia/luckrobot/orbbecsdk_ws/install/orbbec_camera/lib/orbbec_camera/frame_latency_node" to ":/home/nvidia/luckrobot/orbbecsdk_ws/src/OrbbecSDK_ROS2/orbbec_camera/SDK/lib/arm64"
[261.591s] -- Installing: /home/nvidia/luckrobot/orbbecsdk_ws/install/orbbec_camera/lib/orbbec_camera/start_benchmark_node
[261.592s] -- Set runtime path of "/home/nvidia/luckrobot/orbbecsdk_ws/install/orbbec_camera/lib/orbbec_camera/start_benchmark_node" to ":/home/nvidia/luckrobot/orbbecsdk_ws/src/OrbbecSDK_ROS2/orbbec_camera/SDK/lib/arm64"
[261.592s] -- Installing: /home/nvidia/luckrobot/orbbecsdk_ws/install/orbbec_camera/lib/orbbec_camera/multi_save_rgbir_node
[261.593s] -- Set runtime path of "/home/nvidia/luckrobot/orbbecsdk_ws/install/orbbec_camera/lib/orbbec_camera/multi_save_rgbir_node" to ":/home/nvidia/luckrobot/orbbecsdk_ws/src/OrbbecSDK_ROS2/orbbec_camera/SDK/lib/arm64"
[261.593s] -- Installing: /home/nvidia/luckrobot/orbbecsdk_ws/install/orbbec_camera/lib/liborbbec_camera.so
[261.607s] -- Set runtime path of "/home/nvidia/luckrobot/orbbecsdk_ws/install/orbbec_camera/lib/liborbbec_camera.so" to ":/home/nvidia/luckrobot/orbbecsdk_ws/src/OrbbecSDK_ROS2/orbbec_camera/SDK/lib/arm64"
[261.607s] -- Installing: /home/nvidia/luckrobot/orbbecsdk_ws/install/orbbec_camera/lib/libframe_latency.so
[261.620s] -- Set runtime path of "/home/nvidia/luckrobot/orbbecsdk_ws/install/orbbec_camera/lib/libframe_latency.so" to ":/home/nvidia/luckrobot/orbbecsdk_ws/src/OrbbecSDK_ROS2/orbbec_camera/SDK/lib/arm64"
[261.620s] -- Installing: /home/nvidia/luckrobot/orbbecsdk_ws/install/orbbec_camera/lib/libstart_benchmark.so
[261.623s] -- Set runtime path of "/home/nvidia/luckrobot/orbbecsdk_ws/install/orbbec_camera/lib/libstart_benchmark.so" to ":/home/nvidia/luckrobot/orbbecsdk_ws/src/OrbbecSDK_ROS2/orbbec_camera/SDK/lib/arm64"
[261.624s] -- Installing: /home/nvidia/luckrobot/orbbecsdk_ws/install/orbbec_camera/lib/libmulti_save_rgbir.so
[261.630s] -- Set runtime path of "/home/nvidia/luckrobot/orbbecsdk_ws/install/orbbec_camera/lib/libmulti_save_rgbir.so" to ":/home/nvidia/luckrobot/orbbecsdk_ws/src/OrbbecSDK_ROS2/orbbec_camera/SDK/lib/arm64"
[261.631s] -- Installing: /home/nvidia/luckrobot/orbbecsdk_ws/install/orbbec_camera/include
[261.631s] -- Installing: /home/nvidia/luckrobot/orbbecsdk_ws/install/orbbec_camera/include/orbbec_camera
[261.631s] -- Installing: /home/nvidia/luckrobot/orbbecsdk_ws/install/orbbec_camera/include/orbbec_camera/constants.h
[261.631s] -- Installing: /home/nvidia/luckrobot/orbbecsdk_ws/install/orbbec_camera/include/orbbec_camera/ob_camera_node_driver.h
[261.632s] -- Installing: /home/nvidia/luckrobot/orbbecsdk_ws/install/orbbec_camera/include/orbbec_camera/jpeg_decoder.h
[261.632s] -- Installing: /home/nvidia/luckrobot/orbbecsdk_ws/install/orbbec_camera/include/orbbec_camera/dynamic_params.h
[261.633s] -- Installing: /home/nvidia/luckrobot/orbbecsdk_ws/install/orbbec_camera/include/orbbec_camera/jetson_nv_decoder.h
[261.633s] -- Installing: /home/nvidia/luckrobot/orbbecsdk_ws/install/orbbec_camera/include/orbbec_camera/synced_imu_publisher.h
[261.633s] -- Installing: /home/nvidia/luckrobot/orbbecsdk_ws/install/orbbec_camera/include/orbbec_camera/fps_delay_status.hpp
[261.633s] -- Installing: /home/nvidia/luckrobot/orbbecsdk_ws/install/orbbec_camera/include/orbbec_camera/fps_counter.hpp
[261.633s] -- Installing: /home/nvidia/luckrobot/orbbecsdk_ws/install/orbbec_camera/include/orbbec_camera/utils.h
[261.634s] -- Installing: /home/nvidia/luckrobot/orbbecsdk_ws/install/orbbec_camera/include/orbbec_camera/rk_mpp_decoder.h
[261.634s] -- Installing: /home/nvidia/luckrobot/orbbecsdk_ws/install/orbbec_camera/include/orbbec_camera/ros_param_backend.h
[261.634s] -- Installing: /home/nvidia/luckrobot/orbbecsdk_ws/install/orbbec_camera/include/orbbec_camera/d2c_viewer.h
[261.634s] -- Installing: /home/nvidia/luckrobot/orbbecsdk_ws/install/orbbec_camera/include/orbbec_camera/image_publisher.h
[261.635s] -- Installing: /home/nvidia/luckrobot/orbbecsdk_ws/install/orbbec_camera/include/orbbec_camera/ob_lidar_node.h
[261.635s] -- Installing: /home/nvidia/luckrobot/orbbecsdk_ws/install/orbbec_camera/include/orbbec_camera/ob_camera_node.h
[261.635s] -- Installing: /home/nvidia/luckrobot/orbbecsdk_ws/install/orbbec_camera/include/magic_enum
[261.635s] -- Installing: /home/nvidia/luckrobot/orbbecsdk_ws/install/orbbec_camera/include/magic_enum/magic_enum.hpp
[261.635s] -- Installing: /home/nvidia/luckrobot/orbbecsdk_ws/install/orbbec_camera/share/orbbec_camera//launch
[261.636s] -- Installing: /home/nvidia/luckrobot/orbbecsdk_ws/install/orbbec_camera/share/orbbec_camera//launch/dabai_max_pro.launch.py
[261.636s] -- Installing: /home/nvidia/luckrobot/orbbecsdk_ws/install/orbbec_camera/share/orbbec_camera//launch/gemini345.launch.py
[261.636s] -- Installing: /home/nvidia/luckrobot/orbbecsdk_ws/install/orbbec_camera/share/orbbec_camera//launch/femto.launch.py
[261.637s] -- Installing: /home/nvidia/luckrobot/orbbecsdk_ws/install/orbbec_camera/share/orbbec_camera//launch/multi_camera_synced.launch.py
[261.637s] -- Installing: /home/nvidia/luckrobot/orbbecsdk_ws/install/orbbec_camera/share/orbbec_camera//launch/orbbec_camera.launch.py
[261.637s] -- Installing: /home/nvidia/luckrobot/orbbecsdk_ws/install/orbbec_camera/share/orbbec_camera//launch/femto_bolt.launch.py
[261.638s] -- Installing: /home/nvidia/luckrobot/orbbecsdk_ws/install/orbbec_camera/share/orbbec_camera//launch/gemini_330_series_low_cpu.launch.py
[261.638s] -- Installing: /home/nvidia/luckrobot/orbbecsdk_ws/install/orbbec_camera/share/orbbec_camera//launch/gemini2L.launch.py
[261.639s] -- Installing: /home/nvidia/luckrobot/orbbecsdk_ws/install/orbbec_camera/share/orbbec_camera//launch/lidar.launch.py
[261.640s] -- Installing: /home/nvidia/luckrobot/orbbecsdk_ws/install/orbbec_camera/share/orbbec_camera//launch/gemini435_le.launch.py
[261.640s] -- Installing: /home/nvidia/luckrobot/orbbecsdk_ws/install/orbbec_camera/share/orbbec_camera//launch/orbbec_multicamera.launch.py
[261.640s] -- Installing: /home/nvidia/luckrobot/orbbecsdk_ws/install/orbbec_camera/share/orbbec_camera//launch/gemini2.launch.py
[261.640s] -- Installing: /home/nvidia/luckrobot/orbbecsdk_ws/install/orbbec_camera/share/orbbec_camera//launch/dabai_a.launch.py
[261.641s] -- Installing: /home/nvidia/luckrobot/orbbecsdk_ws/install/orbbec_camera/share/orbbec_camera//launch/gemini305.launch.py
[261.642s] -- Installing: /home/nvidia/luckrobot/orbbecsdk_ws/install/orbbec_camera/share/orbbec_camera//launch/multi_camera.launch.py
[261.642s] -- Installing: /home/nvidia/luckrobot/orbbecsdk_ws/install/orbbec_camera/share/orbbec_camera//launch/gemini345_lg.launch.py
[261.643s] -- Installing: /home/nvidia/luckrobot/orbbecsdk_ws/install/orbbec_camera/share/orbbec_camera//launch/gemini210.launch.py
[261.643s] -- Installing: /home/nvidia/luckrobot/orbbecsdk_ws/install/orbbec_camera/share/orbbec_camera//launch/gemini_330_series.launch.py
[261.644s] -- Installing: /home/nvidia/luckrobot/orbbecsdk_ws/install/orbbec_camera/share/orbbec_camera//launch/dabai_dcw2.launch.py
[261.644s] -- Installing: /home/nvidia/luckrobot/orbbecsdk_ws/install/orbbec_camera/share/orbbec_camera//launch/astra.launch.py
[261.645s] -- Installing: /home/nvidia/luckrobot/orbbecsdk_ws/install/orbbec_camera/share/orbbec_camera//launch/gemini_intra_process_demo_launch.py
[261.645s] -- Installing: /home/nvidia/luckrobot/orbbecsdk_ws/install/orbbec_camera/share/orbbec_camera//launch/femto_mega.launch.py
[261.648s] -- Installing: /home/nvidia/luckrobot/orbbecsdk_ws/install/orbbec_camera/share/orbbec_camera//launch/multi_lidar.launch.py
[261.648s] -- Installing: /home/nvidia/luckrobot/orbbecsdk_ws/install/orbbec_camera/share/orbbec_camera//launch/utils_yaml.py
[261.648s] -- Installing: /home/nvidia/luckrobot/orbbecsdk_ws/install/orbbec_camera/share/orbbec_camera//launch/astra2.launch.py
[261.649s] -- Installing: /home/nvidia/luckrobot/orbbecsdk_ws/install/orbbec_camera/share/orbbec_camera//launch/dabai_al.launch.py
[261.649s] -- Installing: /home/nvidia/luckrobot/orbbecsdk_ws/install/orbbec_camera/share/orbbec_camera//config
[261.649s] -- Installing: /home/nvidia/luckrobot/orbbecsdk_ws/install/orbbec_camera/share/orbbec_camera//config/depthfilter
[261.649s] -- Installing: /home/nvidia/luckrobot/orbbecsdk_ws/install/orbbec_camera/share/orbbec_camera//config/depthfilter/Gemini2_v1.7.json
[261.650s] -- Installing: /home/nvidia/luckrobot/orbbecsdk_ws/install/orbbec_camera/share/orbbec_camera//config/depthfilter/Openni_device.json
[261.651s] -- Installing: /home/nvidia/luckrobot/orbbecsdk_ws/install/orbbec_camera/share/orbbec_camera//config/femto_mega.yaml
[261.651s] -- Installing: /home/nvidia/luckrobot/orbbecsdk_ws/install/orbbec_camera/share/orbbec_camera//config/astra2.yaml
[261.651s] -- Installing: /home/nvidia/luckrobot/orbbecsdk_ws/install/orbbec_camera/share/orbbec_camera//config/gemini330_series.yaml
[261.652s] -- Installing: /home/nvidia/luckrobot/orbbecsdk_ws/install/orbbec_camera/share/orbbec_camera//config/common.yaml
[261.652s] -- Installing: /home/nvidia/luckrobot/orbbecsdk_ws/install/orbbec_camera/share/orbbec_camera//config/tools
[261.652s] -- Installing: /home/nvidia/luckrobot/orbbecsdk_ws/install/orbbec_camera/share/orbbec_camera//config/tools/startbenchmark
[261.652s] -- Installing: /home/nvidia/luckrobot/orbbecsdk_ws/install/orbbec_camera/share/orbbec_camera//config/tools/startbenchmark/start_benchmark_params.json
[261.653s] -- Installing: /home/nvidia/luckrobot/orbbecsdk_ws/install/orbbec_camera/share/orbbec_camera//config/tools/multisavergbir
[261.653s] -- Installing: /home/nvidia/luckrobot/orbbecsdk_ws/install/orbbec_camera/share/orbbec_camera//config/tools/multisavergbir/multi_save_rgbir_params.json
[261.653s] -- Installing: /home/nvidia/luckrobot/orbbecsdk_ws/install/orbbec_camera/share/orbbec_camera//config/OrbbecSDKConfig_v2.0.xml
[261.655s] -- Installing: /home/nvidia/luckrobot/orbbecsdk_ws/install/orbbec_camera/share/orbbec_camera//config/gemini2L.yaml
[261.655s] -- Installing: /home/nvidia/luckrobot/orbbecsdk_ws/install/orbbec_camera/share/orbbec_camera//config/gemini2.yaml
[261.656s] -- Installing: /home/nvidia/luckrobot/orbbecsdk_ws/install/orbbec_camera/share/orbbec_camera//config/camera_secondary_params.yaml
[261.656s] -- Installing: /home/nvidia/luckrobot/orbbecsdk_ws/install/orbbec_camera/share/orbbec_camera//config/gemini330Lg_series.yaml
[261.657s] -- Installing: /home/nvidia/luckrobot/orbbecsdk_ws/install/orbbec_camera/share/orbbec_camera//config/camera_params.yaml
[261.658s] -- Installing: /home/nvidia/luckrobot/orbbecsdk_ws/install/orbbec_camera/share/orbbec_camera//config/femto.yaml
[261.658s] -- Installing: /home/nvidia/luckrobot/orbbecsdk_ws/install/orbbec_camera/share/orbbec_camera//config/femto_bolt.yaml
[261.658s] -- Installing: /home/nvidia/luckrobot/orbbecsdk_ws/install/orbbec_camera/share/orbbec_camera//config/.gitkeep
[261.659s] -- Installing: /home/nvidia/luckrobot/orbbecsdk_ws/install/orbbec_camera/share/orbbec_camera//config/gemini305_dual_color.yaml
[261.659s] -- Installing: /home/nvidia/luckrobot/orbbecsdk_ws/install/orbbec_camera/share/orbbec_camera//examples
[261.660s] -- Installing: /home/nvidia/luckrobot/orbbecsdk_ws/install/orbbec_camera/share/orbbec_camera//examples/net_camera
[261.661s] -- Installing: /home/nvidia/luckrobot/orbbecsdk_ws/install/orbbec_camera/share/orbbec_camera//examples/net_camera/multi_net_camera.launch.py
[261.661s] -- Installing: /home/nvidia/luckrobot/orbbecsdk_ws/install/orbbec_camera/share/orbbec_camera//examples/multi_camera_time_sync
[261.661s] -- Installing: /home/nvidia/luckrobot/orbbecsdk_ws/install/orbbec_camera/share/orbbec_camera//examples/multi_camera_time_sync/image_sync_example_node.cpp
[261.662s] -- Installing: /home/nvidia/luckrobot/orbbecsdk_ws/install/orbbec_camera/share/orbbec_camera//examples/benchmark
[261.662s] -- Installing: /home/nvidia/luckrobot/orbbecsdk_ws/install/orbbec_camera/share/orbbec_camera//examples/benchmark/ob_benchmark_1.launch.py
[261.664s] -- Installing: /home/nvidia/luckrobot/orbbecsdk_ws/install/orbbec_camera/share/orbbec_camera//examples/benchmark/gemini_330_series_benchmark.launch.py
[261.665s] -- Installing: /home/nvidia/luckrobot/orbbecsdk_ws/install/orbbec_camera/share/orbbec_camera//examples/benchmark/ob_benchmark_0.launch.py
[261.665s] -- Installing: /home/nvidia/luckrobot/orbbecsdk_ws/install/orbbec_camera/share/orbbec_camera//examples/gmsl_camera
[261.665s] -- Installing: /home/nvidia/luckrobot/orbbecsdk_ws/install/orbbec_camera/share/orbbec_camera//examples/gmsl_camera/multi_gmsl_camera.launch.py
[261.666s] -- Installing: /home/nvidia/luckrobot/orbbecsdk_ws/install/orbbec_camera/share/orbbec_camera//examples/gmsl_camera/multi_gmsl_camera_synced.launch.py
[261.666s] -- Installing: /home/nvidia/luckrobot/orbbecsdk_ws/install/orbbec_camera/share/orbbec_camera//examples/gmsl_camera/gemini_330_gmsl.launch.py
[261.666s] -- Installing: /home/nvidia/luckrobot/orbbecsdk_ws/install/orbbec_camera/share/orbbec_camera//examples/multi_camera_synced_verification_tool
[261.667s] -- Installing: /home/nvidia/luckrobot/orbbecsdk_ws/install/orbbec_camera/share/orbbec_camera//examples/multi_camera_synced_verification_tool/multicamera_sync
[261.667s] -- Installing: /home/nvidia/luckrobot/orbbecsdk_ws/install/orbbec_camera/share/orbbec_camera//examples/multi_camera_synced_verification_tool/multicamera_sync/Python
[261.667s] -- Installing: /home/nvidia/luckrobot/orbbecsdk_ws/install/orbbec_camera/share/orbbec_camera//examples/multi_camera_synced_verification_tool/multicamera_sync/Python/Config.ini
[261.668s] -- Installing: /home/nvidia/luckrobot/orbbecsdk_ws/install/orbbec_camera/share/orbbec_camera//examples/multi_camera_synced_verification_tool/multicamera_sync/Python/README.md
[261.668s] -- Installing: /home/nvidia/luckrobot/orbbecsdk_ws/install/orbbec_camera/share/orbbec_camera//examples/multi_camera_synced_verification_tool/multicamera_sync/Python/SyncFramesMain.py
[261.669s] -- Installing: /home/nvidia/luckrobot/orbbecsdk_ws/install/orbbec_camera/share/orbbec_camera//examples/multi_camera_synced_verification_tool/multicamera_sync/Python/script
[261.669s] -- Installing: /home/nvidia/luckrobot/orbbecsdk_ws/install/orbbec_camera/share/orbbec_camera//examples/multi_camera_synced_verification_tool/multicamera_sync/Python/script/config_frameMatch.py
[261.670s] -- Installing: /home/nvidia/luckrobot/orbbecsdk_ws/install/orbbec_camera/share/orbbec_camera//examples/multi_camera_synced_verification_tool/multicamera_sync/Python/script/config_frameMatch_g330.py
[261.670s] -- Installing: /home/nvidia/luckrobot/orbbecsdk_ws/install/orbbec_camera/share/orbbec_camera//examples/multi_camera_synced_verification_tool/multicamera_sync/Python/script/config_frameMatch-systemTimestamp.py
[261.671s] -- Installing: /home/nvidia/luckrobot/orbbecsdk_ws/install/orbbec_camera/share/orbbec_camera//examples/multi_camera_synced_verification_tool/multicamera_sync/Python/script/config_frameMatch-Astra2_new.py
[261.671s] -- Installing: /home/nvidia/luckrobot/orbbecsdk_ws/install/orbbec_camera/share/orbbec_camera//examples/multi_camera_synced_verification_tool/multicamera_sync/Python/script/config_frameMatch_Gemini2VL.py
[261.672s] -- Installing: /home/nvidia/luckrobot/orbbecsdk_ws/install/orbbec_camera/share/orbbec_camera//examples/multi_camera_synced_verification_tool/multicamera_sync/output
[261.672s] -- Installing: /home/nvidia/luckrobot/orbbecsdk_ws/install/orbbec_camera/share/orbbec_camera//examples/multi_camera_synced_verification_tool/multicamera_sync/output/20250218102900
[261.673s] -- Installing: /home/nvidia/luckrobot/orbbecsdk_ws/install/orbbec_camera/share/orbbec_camera//examples/multi_camera_synced_verification_tool/multicamera_sync/output/20250218102900/results-2025-02-25_163648
[261.674s] -- Installing: /home/nvidia/luckrobot/orbbecsdk_ws/install/orbbec_camera/share/orbbec_camera//examples/multi_camera_synced_verification_tool/multicamera_sync/output/20250218102900/results-2025-02-25_163648/matchFrames
[261.674s] -- Installing: /home/nvidia/luckrobot/orbbecsdk_ws/install/orbbec_camera/share/orbbec_camera//examples/multi_camera_synced_verification_tool/multicamera_sync/output/20250218102900/results-2025-02-25_163648/matchFrames/9_ir_left_SNCP1E5420006D_Index0_1739874543394_[1].jpg
[261.675s] -- Installing: /home/nvidia/luckrobot/orbbecsdk_ws/install/orbbec_camera/share/orbbec_camera//examples/multi_camera_synced_verification_tool/multicamera_sync/output/20250218102900/results-2025-02-25_163648/matchFrames/6_ir_left_SNCP1E5420006D_Index0_1739874543561_[1].jpg
[261.676s] -- Installing: /home/nvidia/luckrobot/orbbecsdk_ws/install/orbbec_camera/share/orbbec_camera//examples/multi_camera_synced_verification_tool/multicamera_sync/output/20250218102900/results-2025-02-25_163648/matchFrames/1_ir_left_SNCP1L44P00051_Index1_1739874543494_[0].jpg
[261.678s] -- Installing: /home/nvidia/luckrobot/orbbecsdk_ws/install/orbbec_camera/share/orbbec_camera//examples/multi_camera_synced_verification_tool/multicamera_sync/output/20250218102900/results-2025-02-25_163648/matchFrames/0_color_SNCP1E5420006D_Index0_1739874543527_[0].jpg
[261.679s] -- Installing: /home/nvidia/luckrobot/orbbecsdk_ws/install/orbbec_camera/share/orbbec_camera//examples/multi_camera_synced_verification_tool/multicamera_sync/output/20250218102900/results-2025-02-25_163648/matchFrames/5_color_SNCP1E5420006D_Index0_1739874543327_[0].jpg
[261.679s] -- Installing: /home/nvidia/luckrobot/orbbecsdk_ws/install/orbbec_camera/share/orbbec_camera//examples/multi_camera_synced_verification_tool/multicamera_sync/output/20250218102900/results-2025-02-25_163648/matchFrames/8_color_SNCP1L44P00051_Index1_1739874543293_[0].jpg
[261.681s] -- Installing: /home/nvidia/luckrobot/orbbecsdk_ws/install/orbbec_camera/share/orbbec_camera//examples/multi_camera_synced_verification_tool/multicamera_sync/output/20250218102900/results-2025-02-25_163648/matchFrames/1_color_SNCP1E5420006D_Index0_1739874543494_[0].jpg
[261.681s] -- Installing: /home/nvidia/luckrobot/orbbecsdk_ws/install/orbbec_camera/share/orbbec_camera//examples/multi_camera_synced_verification_tool/multicamera_sync/output/20250218102900/results-2025-02-25_163648/matchFrames/5_color_SNCP1L44P00051_Index1_1739874543327_[0].jpg
[261.682s] -- Installing: /home/nvidia/luckrobot/orbbecsdk_ws/install/orbbec_camera/share/orbbec_camera//examples/multi_camera_synced_verification_tool/multicamera_sync/output/20250218102900/results-2025-02-25_163648/matchFrames/3_color_SNCP1E5420006D_Index0_1739874543260_[0].jpg
[261.685s] -- Installing: /home/nvidia/luckrobot/orbbecsdk_ws/install/orbbec_camera/share/orbbec_camera//examples/multi_camera_synced_verification_tool/multicamera_sync/output/20250218102900/results-2025-02-25_163648/matchFrames/8_ir_left_SNCP1L44P00051_Index1_1739874543294_[1].jpg
[261.686s] -- Installing: /home/nvidia/luckrobot/orbbecsdk_ws/install/orbbec_camera/share/orbbec_camera//examples/multi_camera_synced_verification_tool/multicamera_sync/output/20250218102900/results-2025-02-25_163648/matchFrames/7_ir_left_SNCP1E5420006D_Index0_1739874543427_[0].jpg
[261.687s] -- Installing: /home/nvidia/luckrobot/orbbecsdk_ws/install/orbbec_camera/share/orbbec_camera//examples/multi_camera_synced_verification_tool/multicamera_sync/output/20250218102900/results-2025-02-25_163648/matchFrames/7_ir_left_SNCP1L44P00051_Index1_1739874543427_[0].jpg
[261.687s] -- Installing: /home/nvidia/luckrobot/orbbecsdk_ws/install/orbbec_camera/share/orbbec_camera//examples/multi_camera_synced_verification_tool/multicamera_sync/output/20250218102900/results-2025-02-25_163648/matchFrames/2_ir_left_SNCP1L44P00051_Index1_1739874543460_[0].jpg
[261.687s] -- Installing: /home/nvidia/luckrobot/orbbecsdk_ws/install/orbbec_camera/share/orbbec_camera//examples/multi_camera_synced_verification_tool/multicamera_sync/output/20250218102900/results-2025-02-25_163648/matchFrames/2_color_SNCP1E5420006D_Index0_1739874543461_[1].jpg
[261.687s] -- Installing: /home/nvidia/luckrobot/orbbecsdk_ws/install/orbbec_camera/share/orbbec_camera//examples/multi_camera_synced_verification_tool/multicamera_sync/output/20250218102900/results-2025-02-25_163648/matchFrames/6_ir_left_SNCP1L44P00051_Index1_1739874543560_[0].jpg
[261.688s] -- Installing: /home/nvidia/luckrobot/orbbecsdk_ws/install/orbbec_camera/share/orbbec_camera//examples/multi_camera_synced_verification_tool/multicamera_sync/output/20250218102900/results-2025-02-25_163648/matchFrames/7_color_SNCP1E5420006D_Index0_1739874543427_[0].jpg
[261.689s] -- Installing: /home/nvidia/luckrobot/orbbecsdk_ws/install/orbbec_camera/share/orbbec_camera//examples/multi_camera_synced_verification_tool/multicamera_sync/output/20250218102900/results-2025-02-25_163648/matchFrames/9_color_SNCP1L44P00051_Index1_1739874543393_[0].jpg
[261.690s] -- Installing: /home/nvidia/luckrobot/orbbecsdk_ws/install/orbbec_camera/share/orbbec_camera//examples/multi_camera_synced_verification_tool/multicamera_sync/output/20250218102900/results-2025-02-25_163648/matchFrames/10_color_SNCP1E5420006D_Index0_1739874543227_[0].jpg
[261.691s] -- Installing: /home/nvidia/luckrobot/orbbecsdk_ws/install/orbbec_camera/share/orbbec_camera//examples/multi_camera_synced_verification_tool/multicamera_sync/output/20250218102900/results-2025-02-25_163648/matchFrames/3_ir_left_SNCP1E5420006D_Index0_1739874543260_[0].jpg
[261.693s] -- Installing: /home/nvidia/luckrobot/orbbecsdk_ws/install/orbbec_camera/share/orbbec_camera//examples/multi_camera_synced_verification_tool/multicamera_sync/output/20250218102900/results-2025-02-25_163648/matchFrames/9_ir_left_SNCP1L44P00051_Index1_1739874543394_[1].jpg
[261.693s] -- Installing: /home/nvidia/luckrobot/orbbecsdk_ws/install/orbbec_camera/share/orbbec_camera//examples/multi_camera_synced_verification_tool/multicamera_sync/output/20250218102900/results-2025-02-25_163648/matchFrames/0_ir_left_SNCP1L44P00051_Index1_1739874543527_[0].jpg
[261.694s] -- Installing: /home/nvidia/luckrobot/orbbecsdk_ws/install/orbbec_camera/share/orbbec_camera//examples/multi_camera_synced_verification_tool/multicamera_sync/output/20250218102900/results-2025-02-25_163648/matchFrames/6_color_SNCP1E5420006D_Index0_1739874543561_[1].jpg
[261.696s] -- Installing: /home/nvidia/luckrobot/orbbecsdk_ws/install/orbbec_camera/share/orbbec_camera//examples/multi_camera_synced_verification_tool/multicamera_sync/output/20250218102900/results-2025-02-25_163648/matchFrames/3_ir_left_SNCP1L44P00051_Index1_1739874543260_[0].jpg
[261.698s] -- Installing: /home/nvidia/luckrobot/orbbecsdk_ws/install/orbbec_camera/share/orbbec_camera//examples/multi_camera_synced_verification_tool/multicamera_sync/output/20250218102900/results-2025-02-25_163648/matchFrames/1_color_SNCP1L44P00051_Index1_1739874543494_[0].jpg
[261.700s] -- Installing: /home/nvidia/luckrobot/orbbecsdk_ws/install/orbbec_camera/share/orbbec_camera//examples/multi_camera_synced_verification_tool/multicamera_sync/output/20250218102900/results-2025-02-25_163648/matchFrames/4_color_SNCP1E5420006D_Index0_1739874543360_[0].jpg
[261.701s] -- Installing: /home/nvidia/luckrobot/orbbecsdk_ws/install/orbbec_camera/share/orbbec_camera//examples/multi_camera_synced_verification_tool/multicamera_sync/output/20250218102900/results-2025-02-25_163648/matchFrames/10_ir_left_SNCP1E5420006D_Index0_1739874543227_[0].jpg
[261.702s] -- Installing: /home/nvidia/luckrobot/orbbecsdk_ws/install/orbbec_camera/share/orbbec_camera//examples/multi_camera_synced_verification_tool/multicamera_sync/output/20250218102900/results-2025-02-25_163648/matchFrames/0_color_SNCP1L44P00051_Index1_1739874543527_[0].jpg
[261.704s] -- Installing: /home/nvidia/luckrobot/orbbecsdk_ws/install/orbbec_camera/share/orbbec_camera//examples/multi_camera_synced_verification_tool/multicamera_sync/output/20250218102900/results-2025-02-25_163648/matchFrames/7_color_SNCP1L44P00051_Index1_1739874543427_[0].jpg
[261.706s] -- Installing: /home/nvidia/luckrobot/orbbecsdk_ws/install/orbbec_camera/share/orbbec_camera//examples/multi_camera_synced_verification_tool/multicamera_sync/output/20250218102900/results-2025-02-25_163648/matchFrames/2_color_SNCP1L44P00051_Index1_1739874543460_[0].jpg
[261.706s] -- Installing: /home/nvidia/luckrobot/orbbecsdk_ws/install/orbbec_camera/share/orbbec_camera//examples/multi_camera_synced_verification_tool/multicamera_sync/output/20250218102900/results-2025-02-25_163648/matchFrames/0_ir_left_SNCP1E5420006D_Index0_1739874543527_[0].jpg
[261.708s] -- Installing: /home/nvidia/luckrobot/orbbecsdk_ws/install/orbbec_camera/share/orbbec_camera//examples/multi_camera_synced_verification_tool/multicamera_sync/output/20250218102900/results-2025-02-25_163648/matchFrames/4_color_SNCP1L44P00051_Index1_1739874543360_[0].jpg
[261.712s] -- Installing: /home/nvidia/luckrobot/orbbecsdk_ws/install/orbbec_camera/share/orbbec_camera//examples/multi_camera_synced_verification_tool/multicamera_sync/output/20250218102900/results-2025-02-25_163648/matchFrames/5_ir_left_SNCP1L44P00051_Index1_1739874543327_[0].jpg
[261.712s] -- Installing: /home/nvidia/luckrobot/orbbecsdk_ws/install/orbbec_camera/share/orbbec_camera//examples/multi_camera_synced_verification_tool/multicamera_sync/output/20250218102900/results-2025-02-25_163648/matchFrames/2_ir_left_SNCP1E5420006D_Index0_1739874543461_[1].jpg
[261.712s] -- Installing: /home/nvidia/luckrobot/orbbecsdk_ws/install/orbbec_camera/share/orbbec_camera//examples/multi_camera_synced_verification_tool/multicamera_sync/output/20250218102900/results-2025-02-25_163648/matchFrames/1_ir_left_SNCP1E5420006D_Index0_1739874543494_[0].jpg
[261.714s] -- Installing: /home/nvidia/luckrobot/orbbecsdk_ws/install/orbbec_camera/share/orbbec_camera//examples/multi_camera_synced_verification_tool/multicamera_sync/output/20250218102900/results-2025-02-25_163648/matchFrames/4_ir_left_SNCP1L44P00051_Index1_1739874543360_[0].jpg
[261.714s] -- Installing: /home/nvidia/luckrobot/orbbecsdk_ws/install/orbbec_camera/share/orbbec_camera//examples/multi_camera_synced_verification_tool/multicamera_sync/output/20250218102900/results-2025-02-25_163648/matchFrames/3_color_SNCP1L44P00051_Index1_1739874543260_[0].jpg
[261.714s] -- Installing: /home/nvidia/luckrobot/orbbecsdk_ws/install/orbbec_camera/share/orbbec_camera//examples/multi_camera_synced_verification_tool/multicamera_sync/output/20250218102900/results-2025-02-25_163648/matchFrames/5_ir_left_SNCP1E5420006D_Index0_1739874543327_[0].jpg
[261.715s] -- Installing: /home/nvidia/luckrobot/orbbecsdk_ws/install/orbbec_camera/share/orbbec_camera//examples/multi_camera_synced_verification_tool/multicamera_sync/output/20250218102900/results-2025-02-25_163648/matchFrames/8_ir_left_SNCP1E5420006D_Index0_1739874543294_[1].jpg
[261.716s] -- Installing: /home/nvidia/luckrobot/orbbecsdk_ws/install/orbbec_camera/share/orbbec_camera//examples/multi_camera_synced_verification_tool/multicamera_sync/output/20250218102900/results-2025-02-25_163648/matchFrames/10_ir_left_SNCP1L44P00051_Index1_1739874543227_[0].jpg
[261.717s] -- Installing: /home/nvidia/luckrobot/orbbecsdk_ws/install/orbbec_camera/share/orbbec_camera//examples/multi_camera_synced_verification_tool/multicamera_sync/output/20250218102900/results-2025-02-25_163648/matchFrames/8_color_SNCP1E5420006D_Index0_1739874543294_[1].jpg
[261.718s] -- Installing: /home/nvidia/luckrobot/orbbecsdk_ws/install/orbbec_camera/share/orbbec_camera//examples/multi_camera_synced_verification_tool/multicamera_sync/output/20250218102900/results-2025-02-25_163648/matchFrames/10_color_SNCP1L44P00051_Index1_1739874543227_[0].jpg
[261.720s] -- Installing: /home/nvidia/luckrobot/orbbecsdk_ws/install/orbbec_camera/share/orbbec_camera//examples/multi_camera_synced_verification_tool/multicamera_sync/output/20250218102900/results-2025-02-25_163648/matchFrames/6_color_SNCP1L44P00051_Index1_1739874543560_[0].jpg
[261.722s] -- Installing: /home/nvidia/luckrobot/orbbecsdk_ws/install/orbbec_camera/share/orbbec_camera//examples/multi_camera_synced_verification_tool/multicamera_sync/output/20250218102900/results-2025-02-25_163648/matchFrames/4_ir_left_SNCP1E5420006D_Index0_1739874543361_[1].jpg
[261.724s] -- Installing: /home/nvidia/luckrobot/orbbecsdk_ws/install/orbbec_camera/share/orbbec_camera//examples/multi_camera_synced_verification_tool/multicamera_sync/output/20250218102900/results-2025-02-25_163648/matchFrames/9_color_SNCP1E5420006D_Index0_1739874543394_[1].jpg
[261.724s] -- Installing: /home/nvidia/luckrobot/orbbecsdk_ws/install/orbbec_camera/share/orbbec_camera//examples/multi_camera_synced_verification_tool/multicamera_sync/output/20250218102900/results-2025-02-25_163648/frameMatchLog.txt
[261.724s] -- Installing: /home/nvidia/luckrobot/orbbecsdk_ws/install/orbbec_camera/share/orbbec_camera//examples/multi_camera_synced_verification_tool/multicamera_sync/output/20250218102900/TotalModeFrames
[261.725s] -- Installing: /home/nvidia/luckrobot/orbbecsdk_ws/install/orbbec_camera/share/orbbec_camera//examples/multi_camera_synced_verification_tool/multicamera_sync/output/20250218102900/TotalModeFrames/SNCP1L44P00051_Index1
[261.726s] -- Installing: /home/nvidia/luckrobot/orbbecsdk_ws/install/orbbec_camera/share/orbbec_camera//examples/multi_camera_synced_verification_tool/multicamera_sync/output/20250218102900/TotalModeFrames/SNCP1L44P00051_Index1/ir#left_SNCP1L44P00051_Index1_g1739874543294_f2_s1739874543319_e5000_d16_.jpg
[261.728s] -- Installing: /home/nvidia/luckrobot/orbbecsdk_ws/install/orbbec_camera/share/orbbec_camera//examples/multi_camera_synced_verification_tool/multicamera_sync/output/20250218102900/TotalModeFrames/SNCP1L44P00051_Index1/color_SNCP1L44P00051_Index1_g1739874543427_f6_s1739874543485_e50_d16_.jpg
[261.730s] -- Installing: /home/nvidia/luckrobot/orbbecsdk_ws/install/orbbec_camera/share/orbbec_camera//examples/multi_camera_synced_verification_tool/multicamera_sync/output/20250218102900/TotalModeFrames/SNCP1L44P00051_Index1/ir#left_SNCP1L44P00051_Index1_g1739874543560_f11_s1739874543687_e5000_d16_.jpg
[261.731s] -- Installing: /home/nvidia/luckrobot/orbbecsdk_ws/install/orbbec_camera/share/orbbec_camera//examples/multi_camera_synced_verification_tool/multicamera_sync/output/20250218102900/TotalModeFrames/SNCP1L44P00051_Index1/color_SNCP1L44P00051_Index1_g1739874543494_f8_s1739874543540_e50_d16_.jpg
[261.732s] -- Installing: /home/nvidia/luckrobot/orbbecsdk_ws/install/orbbec_camera/share/orbbec_camera//examples/multi_camera_synced_verification_tool/multicamera_sync/output/20250218102900/TotalModeFrames/SNCP1L44P00051_Index1/color_SNCP1L44P00051_Index1_g1739874543527_f9_s1739874543616_e50_d16_.jpg
[261.733s] -- Installing: /home/nvidia/luckrobot/orbbecsdk_ws/install/orbbec_camera/share/orbbec_camera//examples/multi_camera_synced_verification_tool/multicamera_sync/output/20250218102900/TotalModeFrames/SNCP1L44P00051_Index1/color_SNCP1L44P00051_Index1_g1739874543393_f5_s1739874543470_e50_d16_.jpg
[261.734s] -- Installing: /home/nvidia/luckrobot/orbbecsdk_ws/install/orbbec_camera/share/orbbec_camera//examples/multi_camera_synced_verification_tool/multicamera_sync/output/20250218102900/TotalModeFrames/SNCP1L44P00051_Index1/ir#left_SNCP1L44P00051_Index1_g1739874543394_f5_s1739874543661_e5000_d16_.jpg
[261.735s] -- Installing: /home/nvidia/luckrobot/orbbecsdk_ws/install/orbbec_camera/share/orbbec_camera//examples/multi_camera_synced_verification_tool/multicamera_sync/output/20250218102900/TotalModeFrames/SNCP1L44P00051_Index1/color_SNCP1L44P00051_Index1_g1739874543293_f2_s1739874543446_e50_d16_.jpg
[261.736s] -- Installing: /home/nvidia/luckrobot/orbbecsdk_ws/install/orbbec_camera/share/orbbec_camera//examples/multi_camera_synced_verification_tool/multicamera_sync/output/20250218102900/TotalModeFrames/SNCP1L44P00051_Index1/color_SNCP1L44P00051_Index1_g1739874543360_f4_s1739874543468_e50_d16_.jpg
[261.738s] -- Installing: /home/nvidia/luckrobot/orbbecsdk_ws/install/orbbec_camera/share/orbbec_camera//examples/multi_camera_synced_verification_tool/multicamera_sync/output/20250218102900/TotalModeFrames/SNCP1L44P00051_Index1/color_SNCP1L44P00051_Index1_g1739874543560_f10_s1739874543618_e50_d16_.jpg
[261.739s] -- Installing: /home/nvidia/luckrobot/orbbecsdk_ws/install/orbbec_camera/share/orbbec_camera//examples/multi_camera_synced_verification_tool/multicamera_sync/output/20250218102900/TotalModeFrames/SNCP1L44P00051_Index1/color_SNCP1L44P00051_Index1_g1739874543227_f0_s1739874543304_e50_d16_.jpg
[261.741s] -- Installing: /home/nvidia/luckrobot/orbbecsdk_ws/install/orbbec_camera/share/orbbec_camera//examples/multi_camera_synced_verification_tool/multicamera_sync/output/20250218102900/TotalModeFrames/SNCP1L44P00051_Index1/ir#left_SNCP1L44P00051_Index1_g1739874543327_f3_s1739874543460_e5000_d16_.jpg
[261.741s] -- Installing: /home/nvidia/luckrobot/orbbecsdk_ws/install/orbbec_camera/share/orbbec_camera//examples/multi_camera_synced_verification_tool/multicamera_sync/output/20250218102900/TotalModeFrames/SNCP1L44P00051_Index1/ir#left_SNCP1L44P00051_Index1_g1739874543260_f1_s1739874543294_e5000_d16_.jpg
[261.742s] -- Installing: /home/nvidia/luckrobot/orbbecsdk_ws/install/orbbec_camera/share/orbbec_camera//examples/multi_camera_synced_verification_tool/multicamera_sync/output/20250218102900/TotalModeFrames/SNCP1L44P00051_Index1/ir#left_SNCP1L44P00051_Index1_g1739874543460_f7_s1739874543685_e5000_d16_.jpg
[261.744s] -- Installing: /home/nvidia/luckrobot/orbbecsdk_ws/install/orbbec_camera/share/orbbec_camera//examples/multi_camera_synced_verification_tool/multicamera_sync/output/20250218102900/TotalModeFrames/SNCP1L44P00051_Index1/ir#left_SNCP1L44P00051_Index1_g1739874543360_f4_s1739874543460_e5000_d16_.jpg
[261.745s] -- Installing: /home/nvidia/luckrobot/orbbecsdk_ws/install/orbbec_camera/share/orbbec_camera//examples/multi_camera_synced_verification_tool/multicamera_sync/output/20250218102900/TotalModeFrames/SNCP1L44P00051_Index1/ir#left_SNCP1L44P00051_Index1_g1739874543494_f8_s1739874543687_e5000_d16_.jpg
[261.747s] -- Installing: /home/nvidia/luckrobot/orbbecsdk_ws/install/orbbec_camera/share/orbbec_camera//examples/multi_camera_synced_verification_tool/multicamera_sync/output/20250218102900/TotalModeFrames/SNCP1L44P00051_Index1/color_SNCP1L44P00051_Index1_g1739874543460_f7_s1739874543505_e50_d16_.jpg
[261.747s] -- Installing: /home/nvidia/luckrobot/orbbecsdk_ws/install/orbbec_camera/share/orbbec_camera//examples/multi_camera_synced_verification_tool/multicamera_sync/output/20250218102900/TotalModeFrames/SNCP1L44P00051_Index1/ir#left_SNCP1L44P00051_Index1_g1739874543427_f6_s1739874543684_e5000_d16_.jpg
[261.748s] -- Installing: /home/nvidia/luckrobot/orbbecsdk_ws/install/orbbec_camera/share/orbbec_camera//examples/multi_camera_synced_verification_tool/multicamera_sync/output/20250218102900/TotalModeFrames/SNCP1L44P00051_Index1/ir#left_SNCP1L44P00051_Index1_g1739874543227_f0_s1739874543250_e5000_d16_.jpg
[261.750s] -- Installing: /home/nvidia/luckrobot/orbbecsdk_ws/install/orbbec_camera/share/orbbec_camera//examples/multi_camera_synced_verification_tool/multicamera_sync/output/20250218102900/TotalModeFrames/SNCP1L44P00051_Index1/ir#left_SNCP1L44P00051_Index1_g1739874543527_f10_s1739874543687_e5000_d16_.jpg
[261.751s] -- Installing: /home/nvidia/luckrobot/orbbecsdk_ws/install/orbbec_camera/share/orbbec_camera//examples/multi_camera_synced_verification_tool/multicamera_sync/output/20250218102900/TotalModeFrames/SNCP1L44P00051_Index1/color_SNCP1L44P00051_Index1_g1739874543327_f3_s1739874543458_e50_d16_.jpg
[261.753s] -- Installing: /home/nvidia/luckrobot/orbbecsdk_ws/install/orbbec_camera/share/orbbec_camera//examples/multi_camera_synced_verification_tool/multicamera_sync/output/20250218102900/TotalModeFrames/SNCP1L44P00051_Index1/color_SNCP1L44P00051_Index1_g1739874543260_f1_s1739874543345_e50_d16_.jpg
[261.754s] -- Installing: /home/nvidia/luckrobot/orbbecsdk_ws/install/orbbec_camera/share/orbbec_camera//examples/multi_camera_synced_verification_tool/multicamera_sync/output/20250218102900/TotalModeFrames/SNCP1E5420006D_Index0
[261.754s] -- Installing: /home/nvidia/luckrobot/orbbecsdk_ws/install/orbbec_camera/share/orbbec_camera//examples/multi_camera_synced_verification_tool/multicamera_sync/output/20250218102900/TotalModeFrames/SNCP1E5420006D_Index0/color_SNCP1E5420006D_Index0_g1739874543227_f0_s1739874543327_e50_d16_.jpg
[261.755s] -- Installing: /home/nvidia/luckrobot/orbbecsdk_ws/install/orbbec_camera/share/orbbec_camera//examples/multi_camera_synced_verification_tool/multicamera_sync/output/20250218102900/TotalModeFrames/SNCP1E5420006D_Index0/ir#left_SNCP1E5420006D_Index0_g1739874543527_f9_s1739874543627_e5000_d16_.jpg
[261.757s] -- Installing: /home/nvidia/luckrobot/orbbecsdk_ws/install/orbbec_camera/share/orbbec_camera//examples/multi_camera_synced_verification_tool/multicamera_sync/output/20250218102900/TotalModeFrames/SNCP1E5420006D_Index0/ir#left_SNCP1E5420006D_Index0_g1739874543494_f8_s1739874543528_e5000_d16_.jpg
[261.758s] -- Installing: /home/nvidia/luckrobot/orbbecsdk_ws/install/orbbec_camera/share/orbbec_camera//examples/multi_camera_synced_verification_tool/multicamera_sync/output/20250218102900/TotalModeFrames/SNCP1E5420006D_Index0/ir#left_SNCP1E5420006D_Index0_g1739874543361_f4_s1739874543405_e5000_d16_.jpg
[261.758s] -- Installing: /home/nvidia/luckrobot/orbbecsdk_ws/install/orbbec_camera/share/orbbec_camera//examples/multi_camera_synced_verification_tool/multicamera_sync/output/20250218102900/TotalModeFrames/SNCP1E5420006D_Index0/ir#left_SNCP1E5420006D_Index0_g1739874543294_f2_s1739874543329_e5000_d16_.jpg
[261.759s] -- Installing: /home/nvidia/luckrobot/orbbecsdk_ws/install/orbbec_camera/share/orbbec_camera//examples/multi_camera_synced_verification_tool/multicamera_sync/output/20250218102900/TotalModeFrames/SNCP1E5420006D_Index0/ir#left_SNCP1E5420006D_Index0_g1739874543227_f0_s1739874543250_e5000_d16_.jpg
[261.761s] -- Installing: /home/nvidia/luckrobot/orbbecsdk_ws/install/orbbec_camera/share/orbbec_camera//examples/multi_camera_synced_verification_tool/multicamera_sync/output/20250218102900/TotalModeFrames/SNCP1E5420006D_Index0/color_SNCP1E5420006D_Index0_g1739874543260_f1_s1739874543351_e50_d16_.jpg
[261.763s] -- Installing: /home/nvidia/luckrobot/orbbecsdk_ws/install/orbbec_camera/share/orbbec_camera//examples/multi_camera_synced_verification_tool/multicamera_sync/output/20250218102900/TotalModeFrames/SNCP1E5420006D_Index0/ir#left_SNCP1E5420006D_Index0_g1739874543260_f1_s1739874543310_e5000_d16_.jpg
[261.764s] -- Installing: /home/nvidia/luckrobot/orbbecsdk_ws/install/orbbec_camera/share/orbbec_camera//examples/multi_camera_synced_verification_tool/multicamera_sync/output/20250218102900/TotalModeFrames/SNCP1E5420006D_Index0/color_SNCP1E5420006D_Index0_g1739874543360_f4_s1739874543442_e50_d16_.jpg
[261.766s] -- Installing: /home/nvidia/luckrobot/orbbecsdk_ws/install/orbbec_camera/share/orbbec_camera//examples/multi_camera_synced_verification_tool/multicamera_sync/output/20250218102900/TotalModeFrames/SNCP1E5420006D_Index0/ir#left_SNCP1E5420006D_Index0_g1739874543327_f3_s1739874543393_e5000_d16_.jpg
[261.766s] -- Installing: /home/nvidia/luckrobot/orbbecsdk_ws/install/orbbec_camera/share/orbbec_camera//examples/multi_camera_synced_verification_tool/multicamera_sync/output/20250218102900/TotalModeFrames/SNCP1E5420006D_Index0/color_SNCP1E5420006D_Index0_g1739874543561_f10_s1739874543648_e50_d16_.jpg
[261.768s] -- Installing: /home/nvidia/luckrobot/orbbecsdk_ws/install/orbbec_camera/share/orbbec_camera//examples/multi_camera_synced_verification_tool/multicamera_sync/output/20250218102900/TotalModeFrames/SNCP1E5420006D_Index0/color_SNCP1E5420006D_Index0_g1739874543294_f2_s1739874543359_e50_d16_.jpg
[261.769s] -- Installing: /home/nvidia/luckrobot/orbbecsdk_ws/install/orbbec_camera/share/orbbec_camera//examples/multi_camera_synced_verification_tool/multicamera_sync/output/20250218102900/TotalModeFrames/SNCP1E5420006D_Index0/ir#left_SNCP1E5420006D_Index0_g1739874543461_f7_s1739874543493_e5000_d16_.jpg
[261.770s] -- Installing: /home/nvidia/luckrobot/orbbecsdk_ws/install/orbbec_camera/share/orbbec_camera//examples/multi_camera_synced_verification_tool/multicamera_sync/output/20250218102900/TotalModeFrames/SNCP1E5420006D_Index0/color_SNCP1E5420006D_Index0_g1739874543494_f8_s1739874543548_e50_d16_.jpg
[261.772s] -- Installing: /home/nvidia/luckrobot/orbbecsdk_ws/install/orbbec_camera/share/orbbec_camera//examples/multi_camera_synced_verification_tool/multicamera_sync/output/20250218102900/TotalModeFrames/SNCP1E5420006D_Index0/color_SNCP1E5420006D_Index0_g1739874543327_f3_s1739874543441_e50_d16_.jpg
[261.773s] -- Installing: /home/nvidia/luckrobot/orbbecsdk_ws/install/orbbec_camera/share/orbbec_camera//examples/multi_camera_synced_verification_tool/multicamera_sync/output/20250218102900/TotalModeFrames/SNCP1E5420006D_Index0/color_SNCP1E5420006D_Index0_g1739874543394_f5_s1739874543506_e50_d16_.jpg
[261.785s] -- Installing: /home/nvidia/luckrobot/orbbecsdk_ws/install/orbbec_camera/share/orbbec_camera//examples/multi_camera_synced_verification_tool/multicamera_sync/output/20250218102900/TotalModeFrames/SNCP1E5420006D_Index0/ir#left_SNCP1E5420006D_Index0_g1739874543561_f10_s1739874543628_e5000_d16_.jpg
[261.786s] -- Installing: /home/nvidia/luckrobot/orbbecsdk_ws/install/orbbec_camera/share/orbbec_camera//examples/multi_camera_synced_verification_tool/multicamera_sync/output/20250218102900/TotalModeFrames/SNCP1E5420006D_Index0/ir#left_SNCP1E5420006D_Index0_g1739874543427_f6_s1739874543474_e5000_d16_.jpg
[261.786s] -- Installing: /home/nvidia/luckrobot/orbbecsdk_ws/install/orbbec_camera/share/orbbec_camera//examples/multi_camera_synced_verification_tool/multicamera_sync/output/20250218102900/TotalModeFrames/SNCP1E5420006D_Index0/ir#left_SNCP1E5420006D_Index0_g1739874543394_f5_s1739874543473_e5000_d16_.jpg
[261.787s] -- Installing: /home/nvidia/luckrobot/orbbecsdk_ws/install/orbbec_camera/share/orbbec_camera//examples/multi_camera_synced_verification_tool/multicamera_sync/output/20250218102900/TotalModeFrames/SNCP1E5420006D_Index0/color_SNCP1E5420006D_Index0_g1739874543461_f7_s1739874543520_e50_d16_.jpg
[261.792s] -- Installing: /home/nvidia/luckrobot/orbbecsdk_ws/install/orbbec_camera/share/orbbec_camera//examples/multi_camera_synced_verification_tool/multicamera_sync/output/20250218102900/TotalModeFrames/SNCP1E5420006D_Index0/color_SNCP1E5420006D_Index0_g1739874543527_f9_s1739874543603_e50_d16_.jpg
[261.794s] -- Installing: /home/nvidia/luckrobot/orbbecsdk_ws/install/orbbec_camera/share/orbbec_camera//examples/multi_camera_synced_verification_tool/multicamera_sync/output/20250218102900/TotalModeFrames/SNCP1E5420006D_Index0/color_SNCP1E5420006D_Index0_g1739874543427_f6_s1739874543518_e50_d16_.jpg
[261.795s] -- Installing: /home/nvidia/luckrobot/orbbecsdk_ws/install/orbbec_camera/share/orbbec_camera//examples/multi_camera_synced_verification_tool/multicamera_sync/output/20250218102900/DevicesInfo.txt
[261.796s] -- Installing: /home/nvidia/luckrobot/orbbecsdk_ws/install/orbbec_camera/share/orbbec_camera//examples/multi_camera_synced_verification_tool/multicamera_sync/output/20250218102900/StreamProfileInfo.txt
[261.796s] -- Installing: /home/nvidia/luckrobot/orbbecsdk_ws/install/orbbec_camera/share/orbbec_camera//examples/multi_camera_synced_verification_tool/gemini_330_series_synced_verify.launch.py
[261.796s] -- Installing: /home/nvidia/luckrobot/orbbecsdk_ws/install/orbbec_camera/share/orbbec_camera//examples/multi_camera_synced_verification_tool/gemini_synced_verify.launch.py
[261.796s] -- Installing: /home/nvidia/luckrobot/orbbecsdk_ws/install/orbbec_camera/share/orbbec_camera//examples/multi_camera_synced_verification_tool/multi_camera_synced_verify.launch.py
[261.796s] -- Installing: /home/nvidia/luckrobot/orbbecsdk_ws/install/orbbec_camera/share/orbbec_camera//examples/README.MD
[261.796s] -- Installing: /home/nvidia/luckrobot/orbbecsdk_ws/install/orbbec_camera/share/orbbec_camera//examples/lower_cpu_usage
[261.797s] -- Installing: /home/nvidia/luckrobot/orbbecsdk_ws/install/orbbec_camera/share/orbbec_camera//examples/lower_cpu_usage/multi_camera_lower_cpu_usage.launch.py
[261.797s] -- Installing: /home/nvidia/luckrobot/orbbecsdk_ws/install/orbbec_camera/share/orbbec_camera//examples/lower_cpu_usage/gemini_330_series_lower_cpu_usage.launch.py
[261.797s] -- Installing: /home/nvidia/luckrobot/orbbecsdk_ws/install/orbbec_camera/share/orbbec_camera//examples/435le_new_interface
[261.797s] -- Installing: /home/nvidia/luckrobot/orbbecsdk_ws/install/orbbec_camera/share/orbbec_camera//examples/435le_new_interface/README.MD
[261.797s] -- Installing: /home/nvidia/luckrobot/orbbecsdk_ws/install/orbbec_camera/share/orbbec_camera//examples/435le_new_interface/camera_example_node.cpp
[261.797s] -- Up-to-date: /home/nvidia/luckrobot/orbbecsdk_ws/install/orbbec_camera/include
[261.797s] -- Installing: /home/nvidia/luckrobot/orbbecsdk_ws/install/orbbec_camera/include/libobsensor
[261.798s] -- Installing: /home/nvidia/luckrobot/orbbecsdk_ws/install/orbbec_camera/include/libobsensor/ObSensor.h
[261.798s] -- Installing: /home/nvidia/luckrobot/orbbecsdk_ws/install/orbbec_camera/include/libobsensor/h
[261.798s] -- Installing: /home/nvidia/luckrobot/orbbecsdk_ws/install/orbbec_camera/include/libobsensor/h/Pipeline.h
[261.798s] -- Installing: /home/nvidia/luckrobot/orbbecsdk_ws/install/orbbec_camera/include/libobsensor/h/Frame.h
[261.798s] -- Installing: /home/nvidia/luckrobot/orbbecsdk_ws/install/orbbec_camera/include/libobsensor/h/StreamProfile.h
[261.798s] -- Installing: /home/nvidia/luckrobot/orbbecsdk_ws/install/orbbec_camera/include/libobsensor/h/Sensor.h
[261.798s] -- Installing: /home/nvidia/luckrobot/orbbecsdk_ws/install/orbbec_camera/include/libobsensor/h/Export.h
[261.799s] -- Installing: /home/nvidia/luckrobot/orbbecsdk_ws/install/orbbec_camera/include/libobsensor/h/Utils.h
[261.799s] -- Installing: /home/nvidia/luckrobot/orbbecsdk_ws/install/orbbec_camera/include/libobsensor/h/MultipleDevices.h
[261.799s] -- Installing: /home/nvidia/luckrobot/orbbecsdk_ws/install/orbbec_camera/include/libobsensor/h/Advanced.h
[261.799s] -- Installing: /home/nvidia/luckrobot/orbbecsdk_ws/install/orbbec_camera/include/libobsensor/h/RecordPlayback.h
[261.800s] -- Installing: /home/nvidia/luckrobot/orbbecsdk_ws/install/orbbec_camera/include/libobsensor/h/Context.h
[261.800s] -- Installing: /home/nvidia/luckrobot/orbbecsdk_ws/install/orbbec_camera/include/libobsensor/h/TypeHelper.h
[261.801s] -- Installing: /home/nvidia/luckrobot/orbbecsdk_ws/install/orbbec_camera/include/libobsensor/h/Filter.h
[261.801s] -- Installing: /home/nvidia/luckrobot/orbbecsdk_ws/install/orbbec_camera/include/libobsensor/h/Error.h
[261.803s] -- Installing: /home/nvidia/luckrobot/orbbecsdk_ws/install/orbbec_camera/include/libobsensor/h/Version.h
[261.803s] -- Installing: /home/nvidia/luckrobot/orbbecsdk_ws/install/orbbec_camera/include/libobsensor/h/ObTypes.h
[261.804s] -- Installing: /home/nvidia/luckrobot/orbbecsdk_ws/install/orbbec_camera/include/libobsensor/h/Property.h
[261.804s] -- Installing: /home/nvidia/luckrobot/orbbecsdk_ws/install/orbbec_camera/include/libobsensor/h/Device.h
[261.805s] -- Installing: /home/nvidia/luckrobot/orbbecsdk_ws/install/orbbec_camera/include/libobsensor/hpp
[261.805s] -- Installing: /home/nvidia/luckrobot/orbbecsdk_ws/install/orbbec_camera/include/libobsensor/hpp/Utils.hpp
[261.806s] -- Installing: /home/nvidia/luckrobot/orbbecsdk_ws/install/orbbec_camera/include/libobsensor/hpp/StreamProfile.hpp
[261.807s] -- Installing: /home/nvidia/luckrobot/orbbecsdk_ws/install/orbbec_camera/include/libobsensor/hpp/Frame.hpp
[261.811s] -- Installing: /home/nvidia/luckrobot/orbbecsdk_ws/install/orbbec_camera/include/libobsensor/hpp/Types.hpp
[261.812s] -- Installing: /home/nvidia/luckrobot/orbbecsdk_ws/install/orbbec_camera/include/libobsensor/hpp/RecordPlayback.hpp
[261.812s] -- Installing: /home/nvidia/luckrobot/orbbecsdk_ws/install/orbbec_camera/include/libobsensor/hpp/Error.hpp
[261.812s] -- Installing: /home/nvidia/luckrobot/orbbecsdk_ws/install/orbbec_camera/include/libobsensor/hpp/Context.hpp
[261.813s] -- Installing: /home/nvidia/luckrobot/orbbecsdk_ws/install/orbbec_camera/include/libobsensor/hpp/Sensor.hpp
[261.813s] -- Installing: /home/nvidia/luckrobot/orbbecsdk_ws/install/orbbec_camera/include/libobsensor/hpp/Filter.hpp
[261.814s] -- Installing: /home/nvidia/luckrobot/orbbecsdk_ws/install/orbbec_camera/include/libobsensor/hpp/Version.hpp
[261.814s] -- Installing: /home/nvidia/luckrobot/orbbecsdk_ws/install/orbbec_camera/include/libobsensor/hpp/Device.hpp
[261.815s] -- Installing: /home/nvidia/luckrobot/orbbecsdk_ws/install/orbbec_camera/include/libobsensor/hpp/TypeHelper.hpp
[261.815s] -- Installing: /home/nvidia/luckrobot/orbbecsdk_ws/install/orbbec_camera/include/libobsensor/hpp/Pipeline.hpp
[261.815s] -- Installing: /home/nvidia/luckrobot/orbbecsdk_ws/install/orbbec_camera/include/libobsensor/ObSensor.hpp
[261.816s] -- Up-to-date: /home/nvidia/luckrobot/orbbecsdk_ws/install/orbbec_camera/lib/
[261.817s] -- Installing: /home/nvidia/luckrobot/orbbecsdk_ws/install/orbbec_camera/lib//extensions
[261.817s] -- Installing: /home/nvidia/luckrobot/orbbecsdk_ws/install/orbbec_camera/lib//extensions/filters
[261.818s] -- Installing: /home/nvidia/luckrobot/orbbecsdk_ws/install/orbbec_camera/lib//extensions/filters/libob_priv_filter.so
[261.821s] -- Installing: /home/nvidia/luckrobot/orbbecsdk_ws/install/orbbec_camera/lib//extensions/filters/libFilterProcessor.so
[261.822s] -- Installing: /home/nvidia/luckrobot/orbbecsdk_ws/install/orbbec_camera/lib//extensions/firmwareupdater
[261.823s] -- Installing: /home/nvidia/luckrobot/orbbecsdk_ws/install/orbbec_camera/lib//extensions/firmwareupdater/libfirmwareupdater.so
[261.825s] -- Installing: /home/nvidia/luckrobot/orbbecsdk_ws/install/orbbec_camera/lib//extensions/frameprocessor
[261.826s] -- Installing: /home/nvidia/luckrobot/orbbecsdk_ws/install/orbbec_camera/lib//extensions/frameprocessor/libob_frame_processor.so
[261.828s] -- Installing: /home/nvidia/luckrobot/orbbecsdk_ws/install/orbbec_camera/lib//extensions/depthengine
[261.829s] -- Installing: /home/nvidia/luckrobot/orbbecsdk_ws/install/orbbec_camera/lib//extensions/depthengine/libdepthengine.so
[261.829s] -- Installing: /home/nvidia/luckrobot/orbbecsdk_ws/install/orbbec_camera/lib//extensions/depthengine/libdepthengine.so.2.0
[261.832s] -- Installing: /home/nvidia/luckrobot/orbbecsdk_ws/install/orbbec_camera/lib//libOrbbecSDK.so.2
[261.832s] -- Installing: /home/nvidia/luckrobot/orbbecsdk_ws/install/orbbec_camera/lib//libOrbbecSDK.so
[261.832s] -- Installing: /home/nvidia/luckrobot/orbbecsdk_ws/install/orbbec_camera/lib//libOrbbecSDK.so.2.7.6
[261.871s] -- Installing: /home/nvidia/luckrobot/orbbecsdk_ws/install/orbbec_camera/lib/extensions/libdepthengine.so
[261.871s] -- Installing: /home/nvidia/luckrobot/orbbecsdk_ws/install/orbbec_camera/lib/extensions/libdepthengine.so.2.0
[261.872s] -- Installing: /home/nvidia/luckrobot/orbbecsdk_ws/install/orbbec_camera/lib/extensions/libFilterProcessor.so
[261.875s] -- Installing: /home/nvidia/luckrobot/orbbecsdk_ws/install/orbbec_camera/lib/extensions/libob_priv_filter.so
[261.875s] -- Installing: /home/nvidia/luckrobot/orbbecsdk_ws/install/orbbec_camera/lib/extensions/libfirmwareupdater.so
[261.877s] -- Installing: /home/nvidia/luckrobot/orbbecsdk_ws/install/orbbec_camera/lib/extensions/libob_frame_processor.so
[261.877s] -- Installing: /home/nvidia/luckrobot/orbbecsdk_ws/install/orbbec_camera/share/orbbec_camera/udev/99-obsensor-libusb.rules
[261.878s] -- Installing: /home/nvidia/luckrobot/orbbecsdk_ws/install/orbbec_camera/lib/orbbec_camera/list_devices_node
[261.880s] -- Set runtime path of "/home/nvidia/luckrobot/orbbecsdk_ws/install/orbbec_camera/lib/orbbec_camera/list_devices_node" to ":/home/nvidia/luckrobot/orbbecsdk_ws/src/OrbbecSDK_ROS2/orbbec_camera/SDK/lib/arm64"
[261.880s] -- Installing: /home/nvidia/luckrobot/orbbecsdk_ws/install/orbbec_camera/lib/orbbec_camera/list_depth_work_mode_node
[261.880s] -- Set runtime path of "/home/nvidia/luckrobot/orbbecsdk_ws/install/orbbec_camera/lib/orbbec_camera/list_depth_work_mode_node" to ":/home/nvidia/luckrobot/orbbecsdk_ws/src/OrbbecSDK_ROS2/orbbec_camera/SDK/lib/arm64"
[261.880s] -- Installing: /home/nvidia/luckrobot/orbbecsdk_ws/install/orbbec_camera/lib/orbbec_camera/list_camera_profile_mode_node
[261.881s] -- Set runtime path of "/home/nvidia/luckrobot/orbbecsdk_ws/install/orbbec_camera/lib/orbbec_camera/list_camera_profile_mode_node" to ":/home/nvidia/luckrobot/orbbecsdk_ws/src/OrbbecSDK_ROS2/orbbec_camera/SDK/lib/arm64"
[261.881s] -- Installing: /home/nvidia/luckrobot/orbbecsdk_ws/install/orbbec_camera/lib/orbbec_camera/topic_statistics_node
[261.887s] -- Set runtime path of "/home/nvidia/luckrobot/orbbecsdk_ws/install/orbbec_camera/lib/orbbec_camera/topic_statistics_node" to ":/home/nvidia/luckrobot/orbbecsdk_ws/src/OrbbecSDK_ROS2/orbbec_camera/SDK/lib/arm64"
[261.887s] -- Installing: /home/nvidia/luckrobot/orbbecsdk_ws/install/orbbec_camera/lib/orbbec_camera/service_benchmark_node
[261.887s] -- Set runtime path of "/home/nvidia/luckrobot/orbbecsdk_ws/install/orbbec_camera/lib/orbbec_camera/service_benchmark_node" to ":/home/nvidia/luckrobot/orbbecsdk_ws/src/OrbbecSDK_ROS2/orbbec_camera/SDK/lib/arm64"
[261.887s] -- Installing: /home/nvidia/luckrobot/orbbecsdk_ws/install/orbbec_camera/lib/orbbec_camera/ob_benchmark_node
[261.888s] -- Set runtime path of "/home/nvidia/luckrobot/orbbecsdk_ws/install/orbbec_camera/lib/orbbec_camera/ob_benchmark_node" to ":/home/nvidia/luckrobot/orbbecsdk_ws/src/OrbbecSDK_ROS2/orbbec_camera/SDK/lib/arm64"
[261.888s] -- Installing: /home/nvidia/luckrobot/orbbecsdk_ws/install/orbbec_camera/lib/orbbec_camera/435le_example_node
[261.891s] -- Set runtime path of "/home/nvidia/luckrobot/orbbecsdk_ws/install/orbbec_camera/lib/orbbec_camera/435le_example_node" to ":/home/nvidia/luckrobot/orbbecsdk_ws/src/OrbbecSDK_ROS2/orbbec_camera/SDK/lib/arm64"
[261.891s] -- Installing: /home/nvidia/luckrobot/orbbecsdk_ws/install/orbbec_camera/lib/orbbec_camera/set_device_ip
[261.891s] -- Set runtime path of "/home/nvidia/luckrobot/orbbecsdk_ws/install/orbbec_camera/lib/orbbec_camera/set_device_ip" to ":/home/nvidia/luckrobot/orbbecsdk_ws/src/OrbbecSDK_ROS2/orbbec_camera/SDK/lib/arm64"
[261.892s] -- Installing: /home/nvidia/luckrobot/orbbecsdk_ws/install/orbbec_camera/lib/orbbec_camera/image_sync_example_node
[261.894s] -- Set runtime path of "/home/nvidia/luckrobot/orbbecsdk_ws/install/orbbec_camera/lib/orbbec_camera/image_sync_example_node" to ":/home/nvidia/luckrobot/orbbecsdk_ws/src/OrbbecSDK_ROS2/orbbec_camera/SDK/lib/arm64"
[261.895s] -- Installing: /home/nvidia/luckrobot/orbbecsdk_ws/install/orbbec_camera/share/orbbec_camera/environment/library_path.sh
[261.896s] -- Installing: /home/nvidia/luckrobot/orbbecsdk_ws/install/orbbec_camera/share/orbbec_camera/environment/library_path.dsv
[261.897s] -- Installing: /home/nvidia/luckrobot/orbbecsdk_ws/install/orbbec_camera/share/ament_index/resource_index/package_run_dependencies/orbbec_camera
[261.897s] -- Installing: /home/nvidia/luckrobot/orbbecsdk_ws/install/orbbec_camera/share/ament_index/resource_index/parent_prefix_path/orbbec_camera
[261.898s] -- Installing: /home/nvidia/luckrobot/orbbecsdk_ws/install/orbbec_camera/share/orbbec_camera/environment/ament_prefix_path.sh
[261.899s] -- Installing: /home/nvidia/luckrobot/orbbecsdk_ws/install/orbbec_camera/share/orbbec_camera/environment/ament_prefix_path.dsv
[261.899s] -- Installing: /home/nvidia/luckrobot/orbbecsdk_ws/install/orbbec_camera/share/orbbec_camera/environment/path.sh
[261.901s] -- Installing: /home/nvidia/luckrobot/orbbecsdk_ws/install/orbbec_camera/share/orbbec_camera/environment/path.dsv
[261.902s] -- Installing: /home/nvidia/luckrobot/orbbecsdk_ws/install/orbbec_camera/share/orbbec_camera/local_setup.bash
[261.902s] -- Installing: /home/nvidia/luckrobot/orbbecsdk_ws/install/orbbec_camera/share/orbbec_camera/local_setup.sh
[261.902s] -- Installing: /home/nvidia/luckrobot/orbbecsdk_ws/install/orbbec_camera/share/orbbec_camera/local_setup.zsh
[261.903s] -- Installing: /home/nvidia/luckrobot/orbbecsdk_ws/install/orbbec_camera/share/orbbec_camera/local_setup.dsv
[261.908s] -- Installing: /home/nvidia/luckrobot/orbbecsdk_ws/install/orbbec_camera/share/orbbec_camera/package.dsv
[261.908s] -- Installing: /home/nvidia/luckrobot/orbbecsdk_ws/install/orbbec_camera/share/ament_index/resource_index/packages/orbbec_camera
[261.909s] -- Installing: /home/nvidia/luckrobot/orbbecsdk_ws/install/orbbec_camera/share/ament_index/resource_index/rclcpp_components/orbbec_camera
[261.909s] -- Installing: /home/nvidia/luckrobot/orbbecsdk_ws/install/orbbec_camera/share/orbbec_camera/cmake/ament_cmake_export_include_directories-extras.cmake
[261.909s] -- Installing: /home/nvidia/luckrobot/orbbecsdk_ws/install/orbbec_camera/share/orbbec_camera/cmake/ament_cmake_export_libraries-extras.cmake
[261.909s] -- Installing: /home/nvidia/luckrobot/orbbecsdk_ws/install/orbbec_camera/share/orbbec_camera/cmake/ament_cmake_export_dependencies-extras.cmake
[261.909s] -- Installing: /home/nvidia/luckrobot/orbbecsdk_ws/install/orbbec_camera/share/orbbec_camera/cmake/orbbec_cameraConfig.cmake
[261.910s] -- Installing: /home/nvidia/luckrobot/orbbecsdk_ws/install/orbbec_camera/share/orbbec_camera/cmake/orbbec_cameraConfig-version.cmake
[261.910s] -- Installing: /home/nvidia/luckrobot/orbbecsdk_ws/install/orbbec_camera/share/orbbec_camera/package.xml
[261.918s] Invoked command in '/home/nvidia/luckrobot/orbbecsdk_ws/build/orbbec_camera' returned '0': AMENT_PREFIX_PATH=/home/nvidia/luckrobot/orbbecsdk_ws/install/orbbec_camera_msgs:${AMENT_PREFIX_PATH} CMAKE_PREFIX_PATH=/home/nvidia/luckrobot/orbbecsdk_ws/install/orbbec_camera_msgs:/home/nvidia/luckrobot/luckrobot_ws/install/wheel_controller:/home/nvidia/luckrobot/luckrobot_ws/install/orbbec_description:/home/nvidia/luckrobot/luckrobot_ws/install/orbbec_camera:/home/nvidia/luckrobot/luckrobot_ws/install/orbbec_camera_msgs:/home/nvidia/luckrobot/luckrobot_ws/install/livox_ros_driver2:/home/nvidia/luckrobot/luckrobot_ws/install/luckrobot_launch1:/home/nvidia/luckrobot/luckrobot_ws/install/keyboard_control:/opt/ros/humble LD_LIBRARY_PATH=/home/nvidia/luckrobot/orbbecsdk_ws/install/orbbec_camera_msgs/lib:/home/nvidia/luckrobot/luckrobot_ws/install/orbbec_camera/lib:/home/nvidia/luckrobot/luckrobot_ws/install/orbbec_camera_msgs/lib:/home/nvidia/luckrobot/luckrobot_ws/install/livox_ros_driver2/lib:/opt/ros/humble/opt/rviz_ogre_vendor/lib:/opt/ros/humble/lib/aarch64-linux-gnu:/opt/ros/humble/lib:/usr/local/lib:/usr/local/cuda-12.6/lib64 PYTHONPATH=/home/nvidia/luckrobot/orbbecsdk_ws/install/orbbec_camera_msgs/local/lib/python3.10/dist-packages:${PYTHONPATH} /usr/bin/cmake --install /home/nvidia/luckrobot/orbbecsdk_ws/build/orbbec_camera
