[0.022s] Invoking command in '/home/nvidia/luckrobot/livox_ws/build/livox_ros_driver2': CMAKE_PREFIX_PATH=${CMAKE_PREFIX_PATH}:/home/nvidia/luckrobot/luckrobot_ws/install/luckrobot_launch1:/home/nvidia/luckrobot/luckrobot_ws/install/keyboard_control:/opt/ros/humble /usr/bin/cmake /home/nvidia/luckrobot/livox_ws/src/livox_ros_driver2 -DROS_EDITION=ROS2 -DHUMBLE_ROS=humble -DCMAKE_INSTALL_PREFIX=/home/nvidia/luckrobot/livox_ws/install/livox_ros_driver2
[0.207s] -- The C compiler identification is GNU 11.4.0
[0.367s] -- The CXX compiler identification is GNU 11.4.0
[0.387s] -- Detecting C compiler ABI info
[0.539s] -- Detecting C compiler ABI info - done
[0.564s] -- Check for working C compiler: /usr/bin/cc - skipped
[0.567s] -- Detecting C compile features
[0.569s] -- Detecting C compile features - done
[0.581s] -- Detecting CXX compiler ABI info
[0.751s] -- Detecting CXX compiler ABI info - done
[0.776s] -- Check for working CXX compiler: /usr/bin/c++ - skipped
[0.777s] -- Detecting CXX compile features
[0.779s] -- Detecting CXX compile features - done
[0.785s] -- livox_ros_driver2 version: 1.2.5
[0.790s] -- Found ament_cmake_auto: 1.3.13 (/opt/ros/humble/share/ament_cmake_auto/cmake)
[2.380s] -- Found Python3: /usr/bin/python3 (found version "3.10.12") found components: Interpreter 
[2.805s] -- Using all available rosidl_typesupport_c: rosidl_typesupport_fastrtps_c;rosidl_typesupport_introspection_c
[2.834s] -- Found rosidl_adapter: 3.1.8 (/opt/ros/humble/share/rosidl_adapter/cmake)
[2.943s] -- Using all available rosidl_typesupport_cpp: rosidl_typesupport_fastrtps_cpp;rosidl_typesupport_introspection_cpp
[3.157s] -- Found rmw_implementation_cmake: 6.1.2 (/opt/ros/humble/share/rmw_implementation_cmake/cmake)
[3.165s] -- Found rmw_fastrtps_cpp: 6.2.10 (/opt/ros/humble/share/rmw_fastrtps_cpp/cmake)
[3.351s] -- Found OpenSSL: /usr/lib/aarch64-linux-gnu/libcrypto.so (found version "3.0.2")  
[3.422s] -- Found FastRTPS: /opt/ros/humble/include  
[3.506s] -- Using RMW implementation 'rmw_fastrtps_cpp' as default
[3.529s] -- Looking for pthread.h
[3.682s] -- Looking for pthread.h - found
[3.683s] -- Performing Test CMAKE_HAVE_LIBC_PTHREAD
[3.844s] -- Performing Test CMAKE_HAVE_LIBC_PTHREAD - Success
[3.847s] -- Found Threads: TRUE  
[4.222s] -- Checking for module 'eigen3'
[4.243s] --   Found eigen3, version 3.4.0
[4.309s] -- Found Eigen: /usr/include/eigen3 (Required is at least version "3.1") 
[4.310s] -- Eigen found (include: /usr/include/eigen3, version: 3.4.0)
[4.405s] -- Checking for module 'flann'
[4.430s] --   Found flann, version 1.9.1
[4.515s] -- Found FLANN: /usr/lib/aarch64-linux-gnu/libflann_cpp.so  
[4.516s] -- FLANN found (include: /usr/include, lib: /usr/lib/aarch64-linux-gnu/libflann_cpp.so)
[6.642s] -- Checking for module 'libusb-1.0'
[6.674s] --   Found libusb-1.0, version 1.0.25
[6.750s] -- Found libusb: /usr/lib/aarch64-linux-gnu/libusb-1.0.so  
[6.757s] -- OpenNI found (version: 1.5.4.0, include: /usr/include/ni, lib: /usr/lib/libOpenNI.so;libusb::libusb)
[6.878s] -- OpenNI2 found (version: 2.2.0.33, include: /usr/include/openni2, lib: /usr/lib/aarch64-linux-gnu/libOpenNI2.so;libusb::libusb)
[7.184s] -- Eigen found (include: /usr/include/eigen3, version: 3.4.0)
[7.196s] -- OpenNI found (version: 1.5.4.0, include: /usr/include/ni, lib: /usr/lib/libOpenNI.so;libusb::libusb)
[7.207s] -- OpenNI2 found (version: 2.2.0.33, include: /usr/include/openni2, lib: /usr/lib/aarch64-linux-gnu/libOpenNI2.so;libusb::libusb)
[7.487s] -- Found Qhull version 8.0.2
[7.770s] -- OpenNI found (version: 1.5.4.0, include: /usr/include/ni, lib: /usr/lib/libOpenNI.so;libusb::libusb)
[8.048s] -- Found PCL_COMMON: /usr/lib/aarch64-linux-gnu/libpcl_common.so  
[8.053s] -- Found PCL_KDTREE: /usr/lib/aarch64-linux-gnu/libpcl_kdtree.so  
[8.054s] -- Found PCL_OCTREE: /usr/lib/aarch64-linux-gnu/libpcl_octree.so  
[8.056s] -- Found PCL_SEARCH: /usr/lib/aarch64-linux-gnu/libpcl_search.so  
[8.058s] -- Found PCL_SAMPLE_CONSENSUS: /usr/lib/aarch64-linux-gnu/libpcl_sample_consensus.so  
[8.060s] -- Found PCL_FILTERS: /usr/lib/aarch64-linux-gnu/libpcl_filters.so  
[8.061s] -- Found PCL_2D: /usr/include/pcl-1.12  
[8.061s] -- Found PCL_GEOMETRY: /usr/include/pcl-1.12  
[8.063s] -- Found PCL_IO: /usr/lib/aarch64-linux-gnu/libpcl_io.so  
[8.065s] -- Found PCL_FEATURES: /usr/lib/aarch64-linux-gnu/libpcl_features.so  
[8.067s] -- Found PCL_ML: /usr/lib/aarch64-linux-gnu/libpcl_ml.so  
[8.069s] -- Found PCL_SEGMENTATION: /usr/lib/aarch64-linux-gnu/libpcl_segmentation.so  
[8.071s] -- Found PCL_VISUALIZATION: /usr/lib/aarch64-linux-gnu/libpcl_visualization.so  
[8.073s] -- Found PCL_SURFACE: /usr/lib/aarch64-linux-gnu/libpcl_surface.so  
[8.075s] -- Found PCL_REGISTRATION: /usr/lib/aarch64-linux-gnu/libpcl_registration.so  
[8.077s] -- Found PCL_KEYPOINTS: /usr/lib/aarch64-linux-gnu/libpcl_keypoints.so  
[8.079s] -- Found PCL_TRACKING: /usr/lib/aarch64-linux-gnu/libpcl_tracking.so  
[8.081s] -- Found PCL_RECOGNITION: /usr/lib/aarch64-linux-gnu/libpcl_recognition.so  
[8.083s] -- Found PCL_STEREO: /usr/lib/aarch64-linux-gnu/libpcl_stereo.so  
[8.085s] -- Found PCL_APPS: /usr/lib/aarch64-linux-gnu/libpcl_apps.so  
[8.086s] -- Found PCL_IN_HAND_SCANNER: /usr/include/pcl-1.12  
[8.087s] -- Found PCL_MODELER: /usr/include/pcl-1.12  
[8.088s] -- Found PCL_POINT_CLOUD_EDITOR: /usr/include/pcl-1.12  
[8.090s] -- Found PCL_OUTOFCORE: /usr/lib/aarch64-linux-gnu/libpcl_outofcore.so  
[8.092s] -- Found PCL_PEOPLE: /usr/lib/aarch64-linux-gnu/libpcl_people.so  
[8.179s] -- Found PkgConfig: /usr/bin/pkg-config (found version "0.29.2") 
[8.181s] -- Checking for module 'apr-1'
[8.186s] --   No package 'apr-1' found
[8.748s] -- Found ament_cmake_ros: 0.10.0 (/opt/ros/humble/share/ament_cmake_ros/cmake)
[9.355s] -- Using all available rosidl_typesupport_c: rosidl_typesupport_fastrtps_c;rosidl_typesupport_introspection_c
[10.155s] -- Using all available rosidl_typesupport_cpp: rosidl_typesupport_fastrtps_cpp;rosidl_typesupport_introspection_cpp
[10.220s] -- Found PythonInterp: /usr/bin/python3 (found suitable version "3.10.12", minimum required is "3.6") 
[10.228s] -- Found python_cmake_module: 0.10.0 (/opt/ros/humble/share/python_cmake_module/cmake)
[10.303s] -- Found PythonLibs: /usr/lib/aarch64-linux-gnu/libpython3.10.so (found suitable version "3.10.12", minimum required is "3.5") 
[10.303s] -- Using PYTHON_EXECUTABLE: /usr/bin/python3
[10.303s] -- Using PYTHON_INCLUDE_DIRS: /usr/include/python3.10
[10.304s] -- Using PYTHON_LIBRARIES: /usr/lib/aarch64-linux-gnu/libpython3.10.so
[10.358s] -- Found PythonExtra: .so  
[10.772s] -- Using numpy include directory: /usr/local/lib/python3.10/dist-packages/numpy/core/include
[10.862s] -- Found ament_lint_auto: 0.12.15 (/opt/ros/humble/share/ament_lint_auto/cmake)
[10.953s] -- Added test 'copyright' to check source files copyright and LICENSE
[10.966s] -- Added test 'cppcheck' to perform static code analysis on C / C++ code
[10.968s] -- Configured cppcheck include dirs: /home/nvidia/luckrobot/livox_ws/src/livox_ros_driver2/3rdparty;/home/nvidia/luckrobot/livox_ws/src/livox_ros_driver2/src
[10.968s] -- Configured cppcheck exclude dirs and/or files: 
[10.978s] -- Added test 'cpplint' to check C / C++ code against the Google style
[10.979s] -- Configured cpplint exclude dirs and/or files: 
[10.981s] -- Added test 'flake8' to check Python code syntax and style conventions
[10.985s] -- Added test 'lint_cmake' to check CMake code style
[10.987s] -- Added test 'pep257' to check Python code against some of the docstring style conventions in PEP 257
[10.997s] -- Added test 'uncrustify' to check C / C++ code style
[10.997s] -- Configured uncrustify additional arguments: 
[11.000s] -- Added test 'xmllint' to check XML markup files
[11.006s] -- Configuring done
[11.184s] -- Generating done
[11.233s] -- Build files have been written to: /home/nvidia/luckrobot/livox_ws/build/livox_ros_driver2
[11.288s] Invoked command in '/home/nvidia/luckrobot/livox_ws/build/livox_ros_driver2' returned '0': CMAKE_PREFIX_PATH=${CMAKE_PREFIX_PATH}:/home/nvidia/luckrobot/luckrobot_ws/install/luckrobot_launch1:/home/nvidia/luckrobot/luckrobot_ws/install/keyboard_control:/opt/ros/humble /usr/bin/cmake /home/nvidia/luckrobot/livox_ws/src/livox_ros_driver2 -DROS_EDITION=ROS2 -DHUMBLE_ROS=humble -DCMAKE_INSTALL_PREFIX=/home/nvidia/luckrobot/livox_ws/install/livox_ros_driver2
[11.294s] Invoking command in '/home/nvidia/luckrobot/livox_ws/build/livox_ros_driver2': CMAKE_PREFIX_PATH=${CMAKE_PREFIX_PATH}:/home/nvidia/luckrobot/luckrobot_ws/install/luckrobot_launch1:/home/nvidia/luckrobot/luckrobot_ws/install/keyboard_control:/opt/ros/humble /usr/bin/cmake --build /home/nvidia/luckrobot/livox_ws/build/livox_ros_driver2 -- -j6 -l6
[11.389s] [  1%] [34m[1mGenerating C code for ROS interfaces[0m
[11.412s] [  5%] [32mBuilding CXX object CMakeFiles/livox_ros_driver2_node.dir/rclcpp_components/node_main_livox_ros_driver2_node.cpp.o[0m
[11.412s] [  5%] [34m[1mGenerating C++ code for ROS interfaces[0m
[11.432s] [  5%] Built target ament_cmake_python_copy_livox_ros_driver2
[12.265s] running egg_info
[12.268s] creating livox_ros_driver2.egg-info
[12.306s] writing livox_ros_driver2.egg-info/PKG-INFO
[12.306s] writing dependency_links to livox_ros_driver2.egg-info/dependency_links.txt
[12.307s] writing top-level names to livox_ros_driver2.egg-info/top_level.txt
[12.307s] writing manifest file 'livox_ros_driver2.egg-info/SOURCES.txt'
[12.428s] reading manifest file 'livox_ros_driver2.egg-info/SOURCES.txt'
[12.430s] writing manifest file 'livox_ros_driver2.egg-info/SOURCES.txt'
[12.463s] [  8%] [32mBuilding C object CMakeFiles/livox_interfaces2__rosidl_generator_c.dir/rosidl_generator_c/livox_ros_driver2/msg/detail/custom_point__functions.c.o[0m
[12.463s] [  8%] [32mBuilding C object CMakeFiles/livox_interfaces2__rosidl_generator_c.dir/rosidl_generator_c/livox_ros_driver2/msg/detail/custom_msg__functions.c.o[0m
[12.470s] [  8%] Built target livox_interfaces2__cpp
[12.495s] [ 12%] [34m[1mGenerating C++ type support dispatch for ROS interfaces[0m
[12.495s] [ 12%] [34m[1mGenerating C++ type support for eProsima Fast-RTPS[0m
[12.588s] [ 15%] [32m[1mLinking C shared library liblivox_ros_driver2__rosidl_generator_c.so[0m
[12.588s] [ 15%] [34m[1mGenerating C++ introspection for ROS interfaces[0m
[12.602s] [ 15%] Built target ament_cmake_python_build_livox_ros_driver2_egg
[12.669s] [ 15%] Built target livox_interfaces2__rosidl_generator_c
[12.692s] [ 19%] [34m[1mGenerating C introspection for ROS interfaces[0m
[12.692s] [ 19%] [34m[1mGenerating C type support for eProsima Fast-RTPS[0m
[13.431s] [ 21%] [32mBuilding CXX object CMakeFiles/livox_interfaces2__rosidl_typesupport_cpp.dir/rosidl_typesupport_cpp/livox_ros_driver2/msg/custom_point__type_support.cpp.o[0m
[13.530s] [ 22%] [32mBuilding CXX object CMakeFiles/livox_interfaces2__rosidl_typesupport_fastrtps_cpp.dir/rosidl_typesupport_fastrtps_cpp/livox_ros_driver2/msg/detail/dds_fastrtps/custom_point__type_support.cpp.o[0m
[13.587s] [ 24%] [32mBuilding CXX object CMakeFiles/livox_interfaces2__rosidl_typesupport_introspection_cpp.dir/rosidl_typesupport_introspection_cpp/livox_ros_driver2/msg/detail/custom_point__type_support.cpp.o[0m
[13.704s] [ 26%] [32mBuilding C object CMakeFiles/livox_interfaces2__rosidl_typesupport_introspection_c.dir/rosidl_typesupport_introspection_c/livox_ros_driver2/msg/detail/custom_point__type_support.c.o[0m
[13.739s] [ 28%] [32mBuilding CXX object CMakeFiles/livox_interfaces2__rosidl_typesupport_fastrtps_c.dir/rosidl_typesupport_fastrtps_c/livox_ros_driver2/msg/detail/custom_point__type_support_c.cpp.o[0m
[13.792s] [ 29%] [32mBuilding C object CMakeFiles/livox_interfaces2__rosidl_typesupport_introspection_c.dir/rosidl_typesupport_introspection_c/livox_ros_driver2/msg/detail/custom_msg__type_support.c.o[0m
[13.896s] [ 31%] [32m[1mLinking C shared library liblivox_ros_driver2__rosidl_typesupport_introspection_c.so[0m
[13.971s] [ 31%] Built target livox_interfaces2__rosidl_typesupport_introspection_c
[13.992s] [ 33%] [32mBuilding CXX object CMakeFiles/livox_interfaces2__rosidl_typesupport_introspection_cpp.dir/rosidl_typesupport_introspection_cpp/livox_ros_driver2/msg/detail/custom_msg__type_support.cpp.o[0m
[14.084s] [ 35%] [32mBuilding CXX object CMakeFiles/livox_interfaces2__rosidl_typesupport_cpp.dir/rosidl_typesupport_cpp/livox_ros_driver2/msg/custom_msg__type_support.cpp.o[0m
[14.528s] [ 36%] [32mBuilding CXX object CMakeFiles/livox_interfaces2__rosidl_typesupport_fastrtps_cpp.dir/rosidl_typesupport_fastrtps_cpp/livox_ros_driver2/msg/detail/dds_fastrtps/custom_msg__type_support.cpp.o[0m
[14.556s] [ 38%] [32mBuilding CXX object CMakeFiles/livox_interfaces2__rosidl_typesupport_fastrtps_c.dir/rosidl_typesupport_fastrtps_c/livox_ros_driver2/msg/detail/custom_msg__type_support_c.cpp.o[0m
[14.586s] [ 40%] [34m[1mGenerating C type support dispatch for ROS interfaces[0m
[14.720s] [ 42%] [32m[1mLinking CXX shared library liblivox_ros_driver2__rosidl_typesupport_cpp.so[0m
[14.805s] [ 42%] Built target livox_interfaces2__rosidl_typesupport_cpp
[14.857s] [ 43%] [32mBuilding CXX object CMakeFiles/livox_ros_driver2.dir/src/livox_ros_driver2.cpp.o[0m
[15.086s] [ 45%] [32m[1mLinking CXX shared library liblivox_ros_driver2__rosidl_typesupport_introspection_cpp.so[0m
[15.261s] [ 45%] Built target livox_interfaces2__rosidl_typesupport_introspection_cpp
[15.284s] [ 47%] [32mBuilding CXX object CMakeFiles/livox_ros_driver2.dir/src/lddc.cpp.o[0m
[15.415s] [ 49%] [32m[1mLinking CXX shared library liblivox_ros_driver2__rosidl_typesupport_fastrtps_c.so[0m
[15.570s] [ 50%] [32mBuilding CXX object CMakeFiles/livox_interfaces2__rosidl_typesupport_c.dir/rosidl_typesupport_c/livox_ros_driver2/msg/custom_point__type_support.cpp.o[0m
[15.606s] [ 50%] Built target livox_interfaces2__rosidl_typesupport_fastrtps_c
[15.626s] [ 52%] [32mBuilding CXX object CMakeFiles/livox_ros_driver2.dir/src/driver_node.cpp.o[0m
[15.633s] [ 54%] [32m[1mLinking CXX shared library liblivox_ros_driver2__rosidl_typesupport_fastrtps_cpp.so[0m
[15.644s] [ 56%] [32mBuilding CXX object CMakeFiles/livox_interfaces2__rosidl_typesupport_c.dir/rosidl_typesupport_c/livox_ros_driver2/msg/custom_msg__type_support.cpp.o[0m
[15.716s] [ 57%] [32m[1mLinking CXX shared library liblivox_ros_driver2__rosidl_typesupport_c.so[0m
[15.801s] [ 57%] Built target livox_interfaces2__rosidl_typesupport_fastrtps_cpp
[15.813s] [ 57%] Built target livox_interfaces2__rosidl_typesupport_c
[15.820s] [ 59%] [32mBuilding CXX object CMakeFiles/livox_ros_driver2.dir/src/lds.cpp.o[0m
[15.859s] [ 59%] Built target livox_interfaces2
[15.880s] [ 61%] [32mBuilding CXX object CMakeFiles/livox_ros_driver2.dir/src/lds_lidar.cpp.o[0m
[17.649s] [ 63%] [32mBuilding CXX object CMakeFiles/livox_ros_driver2.dir/src/comm/comm.cpp.o[0m
[18.135s] [ 64%] [32mBuilding CXX object CMakeFiles/livox_ros_driver2.dir/src/comm/ldq.cpp.o[0m
[19.124s] [ 66%] [32mBuilding CXX object CMakeFiles/livox_ros_driver2.dir/src/comm/semaphore.cpp.o[0m
[19.641s] [ 68%] [32mBuilding CXX object CMakeFiles/livox_ros_driver2.dir/src/comm/lidar_imu_data_queue.cpp.o[0m
[19.646s] [ 70%] [32m[1mLinking CXX executable livox_ros_driver2_node[0m
[19.933s] [ 70%] Built target livox_ros_driver2_node
[19.981s] [ 71%] [34m[1mGenerating Python code for ROS interfaces[0m
[20.027s] [ 73%] [32mBuilding CXX object CMakeFiles/livox_ros_driver2.dir/src/comm/cache_index.cpp.o[0m
[20.479s] [ 75%] [32mBuilding CXX object CMakeFiles/livox_ros_driver2.dir/src/comm/pub_handler.cpp.o[0m
[21.678s] [ 75%] Built target livox_interfaces2__py
[21.700s] [ 77%] [32mBuilding CXX object CMakeFiles/livox_ros_driver2.dir/src/parse_cfg_file/parse_cfg_file.cpp.o[0m
[21.789s] [ 78%] [32mBuilding CXX object CMakeFiles/livox_ros_driver2.dir/src/parse_cfg_file/parse_livox_lidar_cfg.cpp.o[0m
[23.635s] [ 80%] [32mBuilding CXX object CMakeFiles/livox_ros_driver2.dir/src/call_back/lidar_common_callback.cpp.o[0m
[23.725s] [ 82%] [32mBuilding CXX object CMakeFiles/livox_ros_driver2.dir/src/call_back/livox_lidar_callback.cpp.o[0m
[24.013s] [ 84%] [32mBuilding C object CMakeFiles/livox_interfaces2__rosidl_generator_py.dir/rosidl_generator_py/livox_ros_driver2/msg/_custom_point_s.c.o[0m
[24.289s] [ 85%] [32mBuilding C object CMakeFiles/livox_interfaces2__rosidl_generator_py.dir/rosidl_generator_py/livox_ros_driver2/msg/_custom_msg_s.c.o[0m
[24.559s] [ 87%] [32m[1mLinking C shared library rosidl_generator_py/livox_ros_driver2/liblivox_interfaces2__rosidl_generator_py.so[0m
[24.654s] [ 87%] Built target livox_interfaces2__rosidl_generator_py
[24.704s] [ 89%] [32mBuilding C object CMakeFiles/livox_ros_driver2__rosidl_typesupport_fastrtps_c__pyext.dir/rosidl_generator_py/livox_ros_driver2/_livox_ros_driver2_s.ep.rosidl_typesupport_fastrtps_c.c.o[0m
[24.949s] [ 91%] [32m[1mLinking C shared library rosidl_generator_py/livox_ros_driver2/livox_ros_driver2_s__rosidl_typesupport_fastrtps_c.cpython-310-aarch64-linux-gnu.so[0m
[25.040s] [ 91%] Built target livox_ros_driver2__rosidl_typesupport_fastrtps_c__pyext
[25.090s] [ 92%] [32mBuilding C object CMakeFiles/livox_ros_driver2__rosidl_typesupport_introspection_c__pyext.dir/rosidl_generator_py/livox_ros_driver2/_livox_ros_driver2_s.ep.rosidl_typesupport_introspection_c.c.o[0m
[25.242s] [ 94%] [32mBuilding C object CMakeFiles/livox_ros_driver2__rosidl_typesupport_c__pyext.dir/rosidl_generator_py/livox_ros_driver2/_livox_ros_driver2_s.ep.rosidl_typesupport_c.c.o[0m
[25.331s] [ 96%] [32m[1mLinking C shared library rosidl_generator_py/livox_ros_driver2/livox_ros_driver2_s__rosidl_typesupport_introspection_c.cpython-310-aarch64-linux-gnu.so[0m
[25.430s] [ 96%] Built target livox_ros_driver2__rosidl_typesupport_introspection_c__pyext
[25.480s] [ 98%] [32m[1mLinking C shared library rosidl_generator_py/livox_ros_driver2/livox_ros_driver2_s__rosidl_typesupport_c.cpython-310-aarch64-linux-gnu.so[0m
[25.569s] [ 98%] Built target livox_ros_driver2__rosidl_typesupport_c__pyext
[36.205s] [100%] [32m[1mLinking CXX shared library liblivox_ros_driver2.so[0m
[38.074s] [100%] Built target livox_ros_driver2
[38.105s] Invoked command in '/home/nvidia/luckrobot/livox_ws/build/livox_ros_driver2' returned '0': CMAKE_PREFIX_PATH=${CMAKE_PREFIX_PATH}:/home/nvidia/luckrobot/luckrobot_ws/install/luckrobot_launch1:/home/nvidia/luckrobot/luckrobot_ws/install/keyboard_control:/opt/ros/humble /usr/bin/cmake --build /home/nvidia/luckrobot/livox_ws/build/livox_ros_driver2 -- -j6 -l6
[38.130s] Invoking command in '/home/nvidia/luckrobot/livox_ws/build/livox_ros_driver2': CMAKE_PREFIX_PATH=${CMAKE_PREFIX_PATH}:/home/nvidia/luckrobot/luckrobot_ws/install/luckrobot_launch1:/home/nvidia/luckrobot/luckrobot_ws/install/keyboard_control:/opt/ros/humble /usr/bin/cmake --install /home/nvidia/luckrobot/livox_ws/build/livox_ros_driver2
[38.149s] -- Install configuration: ""
[38.149s] -- Installing: /home/nvidia/luckrobot/livox_ws/install/livox_ros_driver2/share/ament_index/resource_index/rosidl_interfaces/livox_ros_driver2
[38.150s] -- Installing: /home/nvidia/luckrobot/livox_ws/install/livox_ros_driver2/include/livox_ros_driver2/livox_ros_driver2
[38.150s] -- Installing: /home/nvidia/luckrobot/livox_ws/install/livox_ros_driver2/include/livox_ros_driver2/livox_ros_driver2/msg
[38.150s] -- Installing: /home/nvidia/luckrobot/livox_ws/install/livox_ros_driver2/include/livox_ros_driver2/livox_ros_driver2/msg/custom_msg.h
[38.150s] -- Installing: /home/nvidia/luckrobot/livox_ws/install/livox_ros_driver2/include/livox_ros_driver2/livox_ros_driver2/msg/custom_point.h
[38.151s] -- Installing: /home/nvidia/luckrobot/livox_ws/install/livox_ros_driver2/include/livox_ros_driver2/livox_ros_driver2/msg/detail
[38.151s] -- Installing: /home/nvidia/luckrobot/livox_ws/install/livox_ros_driver2/include/livox_ros_driver2/livox_ros_driver2/msg/detail/custom_point__functions.c
[38.151s] -- Installing: /home/nvidia/luckrobot/livox_ws/install/livox_ros_driver2/include/livox_ros_driver2/livox_ros_driver2/msg/detail/custom_msg__functions.h
[38.151s] -- Installing: /home/nvidia/luckrobot/livox_ws/install/livox_ros_driver2/include/livox_ros_driver2/livox_ros_driver2/msg/detail/custom_msg__struct.h
[38.151s] -- Installing: /home/nvidia/luckrobot/livox_ws/install/livox_ros_driver2/include/livox_ros_driver2/livox_ros_driver2/msg/detail/custom_point__struct.h
[38.152s] -- Installing: /home/nvidia/luckrobot/livox_ws/install/livox_ros_driver2/include/livox_ros_driver2/livox_ros_driver2/msg/detail/custom_msg__functions.c
[38.152s] -- Installing: /home/nvidia/luckrobot/livox_ws/install/livox_ros_driver2/include/livox_ros_driver2/livox_ros_driver2/msg/detail/custom_point__type_support.h
[38.152s] -- Installing: /home/nvidia/luckrobot/livox_ws/install/livox_ros_driver2/include/livox_ros_driver2/livox_ros_driver2/msg/detail/custom_point__functions.h
[38.152s] -- Installing: /home/nvidia/luckrobot/livox_ws/install/livox_ros_driver2/include/livox_ros_driver2/livox_ros_driver2/msg/detail/custom_msg__type_support.h
[38.153s] -- Installing: /home/nvidia/luckrobot/livox_ws/install/livox_ros_driver2/include/livox_ros_driver2/livox_ros_driver2/msg/rosidl_generator_c__visibility_control.h
[38.153s] -- Installing: /home/nvidia/luckrobot/livox_ws/install/livox_ros_driver2/share/livox_ros_driver2/environment/library_path.sh
[38.153s] -- Installing: /home/nvidia/luckrobot/livox_ws/install/livox_ros_driver2/share/livox_ros_driver2/environment/library_path.dsv
[38.154s] -- Installing: /home/nvidia/luckrobot/livox_ws/install/livox_ros_driver2/lib/liblivox_ros_driver2__rosidl_generator_c.so
[38.155s] -- Set runtime path of "/home/nvidia/luckrobot/livox_ws/install/livox_ros_driver2/lib/liblivox_ros_driver2__rosidl_generator_c.so" to ""
[38.155s] -- Up-to-date: /home/nvidia/luckrobot/livox_ws/install/livox_ros_driver2/include/livox_ros_driver2/livox_ros_driver2
[38.155s] -- Up-to-date: /home/nvidia/luckrobot/livox_ws/install/livox_ros_driver2/include/livox_ros_driver2/livox_ros_driver2/msg
[38.156s] -- Up-to-date: /home/nvidia/luckrobot/livox_ws/install/livox_ros_driver2/include/livox_ros_driver2/livox_ros_driver2/msg/detail
[38.156s] -- Installing: /home/nvidia/luckrobot/livox_ws/install/livox_ros_driver2/include/livox_ros_driver2/livox_ros_driver2/msg/detail/custom_msg__rosidl_typesupport_fastrtps_c.h
[38.156s] -- Installing: /home/nvidia/luckrobot/livox_ws/install/livox_ros_driver2/include/livox_ros_driver2/livox_ros_driver2/msg/detail/custom_point__rosidl_typesupport_fastrtps_c.h
[38.156s] -- Installing: /home/nvidia/luckrobot/livox_ws/install/livox_ros_driver2/include/livox_ros_driver2/livox_ros_driver2/msg/rosidl_typesupport_fastrtps_c__visibility_control.h
[38.156s] -- Installing: /home/nvidia/luckrobot/livox_ws/install/livox_ros_driver2/lib/liblivox_ros_driver2__rosidl_typesupport_fastrtps_c.so
[38.157s] -- Set runtime path of "/home/nvidia/luckrobot/livox_ws/install/livox_ros_driver2/lib/liblivox_ros_driver2__rosidl_typesupport_fastrtps_c.so" to ""
[38.157s] -- Up-to-date: /home/nvidia/luckrobot/livox_ws/install/livox_ros_driver2/include/livox_ros_driver2/livox_ros_driver2
[38.157s] -- Up-to-date: /home/nvidia/luckrobot/livox_ws/install/livox_ros_driver2/include/livox_ros_driver2/livox_ros_driver2/msg
[38.157s] -- Installing: /home/nvidia/luckrobot/livox_ws/install/livox_ros_driver2/include/livox_ros_driver2/livox_ros_driver2/msg/rosidl_typesupport_introspection_c__visibility_control.h
[38.158s] -- Up-to-date: /home/nvidia/luckrobot/livox_ws/install/livox_ros_driver2/include/livox_ros_driver2/livox_ros_driver2/msg/detail
[38.158s] -- Installing: /home/nvidia/luckrobot/livox_ws/install/livox_ros_driver2/include/livox_ros_driver2/livox_ros_driver2/msg/detail/custom_point__rosidl_typesupport_introspection_c.h
[38.158s] -- Installing: /home/nvidia/luckrobot/livox_ws/install/livox_ros_driver2/include/livox_ros_driver2/livox_ros_driver2/msg/detail/custom_point__type_support.c
[38.158s] -- Installing: /home/nvidia/luckrobot/livox_ws/install/livox_ros_driver2/include/livox_ros_driver2/livox_ros_driver2/msg/detail/custom_msg__type_support.c
[38.158s] -- Installing: /home/nvidia/luckrobot/livox_ws/install/livox_ros_driver2/include/livox_ros_driver2/livox_ros_driver2/msg/detail/custom_msg__rosidl_typesupport_introspection_c.h
[38.158s] -- Installing: /home/nvidia/luckrobot/livox_ws/install/livox_ros_driver2/lib/liblivox_ros_driver2__rosidl_typesupport_introspection_c.so
[38.159s] -- Set runtime path of "/home/nvidia/luckrobot/livox_ws/install/livox_ros_driver2/lib/liblivox_ros_driver2__rosidl_typesupport_introspection_c.so" to ""
[38.159s] -- Installing: /home/nvidia/luckrobot/livox_ws/install/livox_ros_driver2/lib/liblivox_ros_driver2__rosidl_typesupport_c.so
[38.160s] -- Set runtime path of "/home/nvidia/luckrobot/livox_ws/install/livox_ros_driver2/lib/liblivox_ros_driver2__rosidl_typesupport_c.so" to ""
[38.160s] -- Up-to-date: /home/nvidia/luckrobot/livox_ws/install/livox_ros_driver2/include/livox_ros_driver2/livox_ros_driver2
[38.160s] -- Up-to-date: /home/nvidia/luckrobot/livox_ws/install/livox_ros_driver2/include/livox_ros_driver2/livox_ros_driver2/msg
[38.160s] -- Installing: /home/nvidia/luckrobot/livox_ws/install/livox_ros_driver2/include/livox_ros_driver2/livox_ros_driver2/msg/custom_point.hpp
[38.160s] -- Up-to-date: /home/nvidia/luckrobot/livox_ws/install/livox_ros_driver2/include/livox_ros_driver2/livox_ros_driver2/msg/detail
[38.160s] -- Installing: /home/nvidia/luckrobot/livox_ws/install/livox_ros_driver2/include/livox_ros_driver2/livox_ros_driver2/msg/detail/custom_msg__type_support.hpp
[38.161s] -- Installing: /home/nvidia/luckrobot/livox_ws/install/livox_ros_driver2/include/livox_ros_driver2/livox_ros_driver2/msg/detail/custom_msg__traits.hpp
[38.161s] -- Installing: /home/nvidia/luckrobot/livox_ws/install/livox_ros_driver2/include/livox_ros_driver2/livox_ros_driver2/msg/detail/custom_point__type_support.hpp
[38.161s] -- Installing: /home/nvidia/luckrobot/livox_ws/install/livox_ros_driver2/include/livox_ros_driver2/livox_ros_driver2/msg/detail/custom_msg__builder.hpp
[38.161s] -- Installing: /home/nvidia/luckrobot/livox_ws/install/livox_ros_driver2/include/livox_ros_driver2/livox_ros_driver2/msg/detail/custom_msg__struct.hpp
[38.161s] -- Installing: /home/nvidia/luckrobot/livox_ws/install/livox_ros_driver2/include/livox_ros_driver2/livox_ros_driver2/msg/detail/custom_point__builder.hpp
[38.162s] -- Installing: /home/nvidia/luckrobot/livox_ws/install/livox_ros_driver2/include/livox_ros_driver2/livox_ros_driver2/msg/detail/custom_point__struct.hpp
[38.162s] -- Installing: /home/nvidia/luckrobot/livox_ws/install/livox_ros_driver2/include/livox_ros_driver2/livox_ros_driver2/msg/detail/custom_point__traits.hpp
[38.162s] -- Installing: /home/nvidia/luckrobot/livox_ws/install/livox_ros_driver2/include/livox_ros_driver2/livox_ros_driver2/msg/custom_msg.hpp
[38.162s] -- Installing: /home/nvidia/luckrobot/livox_ws/install/livox_ros_driver2/include/livox_ros_driver2/livox_ros_driver2/msg/rosidl_generator_cpp__visibility_control.hpp
[38.163s] -- Up-to-date: /home/nvidia/luckrobot/livox_ws/install/livox_ros_driver2/include/livox_ros_driver2/livox_ros_driver2
[38.163s] -- Up-to-date: /home/nvidia/luckrobot/livox_ws/install/livox_ros_driver2/include/livox_ros_driver2/livox_ros_driver2/msg
[38.163s] -- Up-to-date: /home/nvidia/luckrobot/livox_ws/install/livox_ros_driver2/include/livox_ros_driver2/livox_ros_driver2/msg/detail
[38.163s] -- Installing: /home/nvidia/luckrobot/livox_ws/install/livox_ros_driver2/include/livox_ros_driver2/livox_ros_driver2/msg/detail/custom_msg__rosidl_typesupport_fastrtps_cpp.hpp
[38.163s] -- Installing: /home/nvidia/luckrobot/livox_ws/install/livox_ros_driver2/include/livox_ros_driver2/livox_ros_driver2/msg/detail/custom_point__rosidl_typesupport_fastrtps_cpp.hpp
[38.163s] -- Installing: /home/nvidia/luckrobot/livox_ws/install/livox_ros_driver2/include/livox_ros_driver2/livox_ros_driver2/msg/detail/dds_fastrtps
[38.164s] -- Installing: /home/nvidia/luckrobot/livox_ws/install/livox_ros_driver2/include/livox_ros_driver2/livox_ros_driver2/msg/rosidl_typesupport_fastrtps_cpp__visibility_control.h
[38.164s] -- Installing: /home/nvidia/luckrobot/livox_ws/install/livox_ros_driver2/lib/liblivox_ros_driver2__rosidl_typesupport_fastrtps_cpp.so
[38.164s] -- Set runtime path of "/home/nvidia/luckrobot/livox_ws/install/livox_ros_driver2/lib/liblivox_ros_driver2__rosidl_typesupport_fastrtps_cpp.so" to ""
[38.165s] -- Up-to-date: /home/nvidia/luckrobot/livox_ws/install/livox_ros_driver2/include/livox_ros_driver2/livox_ros_driver2
[38.165s] -- Up-to-date: /home/nvidia/luckrobot/livox_ws/install/livox_ros_driver2/include/livox_ros_driver2/livox_ros_driver2/msg
[38.165s] -- Up-to-date: /home/nvidia/luckrobot/livox_ws/install/livox_ros_driver2/include/livox_ros_driver2/livox_ros_driver2/msg/detail
[38.165s] -- Installing: /home/nvidia/luckrobot/livox_ws/install/livox_ros_driver2/include/livox_ros_driver2/livox_ros_driver2/msg/detail/custom_point__type_support.cpp
[38.165s] -- Installing: /home/nvidia/luckrobot/livox_ws/install/livox_ros_driver2/include/livox_ros_driver2/livox_ros_driver2/msg/detail/custom_msg__rosidl_typesupport_introspection_cpp.hpp
[38.165s] -- Installing: /home/nvidia/luckrobot/livox_ws/install/livox_ros_driver2/include/livox_ros_driver2/livox_ros_driver2/msg/detail/custom_point__rosidl_typesupport_introspection_cpp.hpp
[38.166s] -- Installing: /home/nvidia/luckrobot/livox_ws/install/livox_ros_driver2/include/livox_ros_driver2/livox_ros_driver2/msg/detail/custom_msg__type_support.cpp
[38.166s] -- Installing: /home/nvidia/luckrobot/livox_ws/install/livox_ros_driver2/lib/liblivox_ros_driver2__rosidl_typesupport_introspection_cpp.so
[38.167s] -- Set runtime path of "/home/nvidia/luckrobot/livox_ws/install/livox_ros_driver2/lib/liblivox_ros_driver2__rosidl_typesupport_introspection_cpp.so" to ""
[38.167s] -- Installing: /home/nvidia/luckrobot/livox_ws/install/livox_ros_driver2/lib/liblivox_ros_driver2__rosidl_typesupport_cpp.so
[38.167s] -- Set runtime path of "/home/nvidia/luckrobot/livox_ws/install/livox_ros_driver2/lib/liblivox_ros_driver2__rosidl_typesupport_cpp.so" to ""
[38.167s] -- Installing: /home/nvidia/luckrobot/livox_ws/install/livox_ros_driver2/share/livox_ros_driver2/environment/pythonpath.sh
[38.168s] -- Installing: /home/nvidia/luckrobot/livox_ws/install/livox_ros_driver2/share/livox_ros_driver2/environment/pythonpath.dsv
[38.168s] -- Installing: /home/nvidia/luckrobot/livox_ws/install/livox_ros_driver2/local/lib/python3.10/dist-packages/livox_ros_driver2-1.0.0-py3.10.egg-info
[38.168s] -- Installing: /home/nvidia/luckrobot/livox_ws/install/livox_ros_driver2/local/lib/python3.10/dist-packages/livox_ros_driver2-1.0.0-py3.10.egg-info/dependency_links.txt
[38.169s] -- Installing: /home/nvidia/luckrobot/livox_ws/install/livox_ros_driver2/local/lib/python3.10/dist-packages/livox_ros_driver2-1.0.0-py3.10.egg-info/PKG-INFO
[38.169s] -- Installing: /home/nvidia/luckrobot/livox_ws/install/livox_ros_driver2/local/lib/python3.10/dist-packages/livox_ros_driver2-1.0.0-py3.10.egg-info/top_level.txt
[38.169s] -- Installing: /home/nvidia/luckrobot/livox_ws/install/livox_ros_driver2/local/lib/python3.10/dist-packages/livox_ros_driver2-1.0.0-py3.10.egg-info/SOURCES.txt
[38.169s] -- Installing: /home/nvidia/luckrobot/livox_ws/install/livox_ros_driver2/local/lib/python3.10/dist-packages/livox_ros_driver2
[38.169s] -- Installing: /home/nvidia/luckrobot/livox_ws/install/livox_ros_driver2/local/lib/python3.10/dist-packages/livox_ros_driver2/_livox_ros_driver2_s.ep.rosidl_typesupport_c.c
[38.170s] -- Installing: /home/nvidia/luckrobot/livox_ws/install/livox_ros_driver2/local/lib/python3.10/dist-packages/livox_ros_driver2/_livox_ros_driver2_s.ep.rosidl_typesupport_introspection_c.c
[38.170s] -- Installing: /home/nvidia/luckrobot/livox_ws/install/livox_ros_driver2/local/lib/python3.10/dist-packages/livox_ros_driver2/__init__.py
[38.170s] -- Installing: /home/nvidia/luckrobot/livox_ws/install/livox_ros_driver2/local/lib/python3.10/dist-packages/livox_ros_driver2/livox_ros_driver2_s__rosidl_typesupport_c.cpython-310-aarch64-linux-gnu.so
[38.171s] -- Installing: /home/nvidia/luckrobot/livox_ws/install/livox_ros_driver2/local/lib/python3.10/dist-packages/livox_ros_driver2/msg
[38.171s] -- Installing: /home/nvidia/luckrobot/livox_ws/install/livox_ros_driver2/local/lib/python3.10/dist-packages/livox_ros_driver2/msg/__init__.py
[38.171s] -- Installing: /home/nvidia/luckrobot/livox_ws/install/livox_ros_driver2/local/lib/python3.10/dist-packages/livox_ros_driver2/msg/_custom_msg.py
[38.171s] -- Installing: /home/nvidia/luckrobot/livox_ws/install/livox_ros_driver2/local/lib/python3.10/dist-packages/livox_ros_driver2/msg/_custom_msg_s.c
[38.172s] -- Installing: /home/nvidia/luckrobot/livox_ws/install/livox_ros_driver2/local/lib/python3.10/dist-packages/livox_ros_driver2/msg/_custom_point_s.c
[38.172s] -- Installing: /home/nvidia/luckrobot/livox_ws/install/livox_ros_driver2/local/lib/python3.10/dist-packages/livox_ros_driver2/msg/_custom_point.py
[38.172s] -- Installing: /home/nvidia/luckrobot/livox_ws/install/livox_ros_driver2/local/lib/python3.10/dist-packages/livox_ros_driver2/livox_ros_driver2_s__rosidl_typesupport_fastrtps_c.cpython-310-aarch64-linux-gnu.so
[38.172s] -- Installing: /home/nvidia/luckrobot/livox_ws/install/livox_ros_driver2/local/lib/python3.10/dist-packages/livox_ros_driver2/livox_ros_driver2_s__rosidl_typesupport_introspection_c.cpython-310-aarch64-linux-gnu.so
[38.173s] -- Installing: /home/nvidia/luckrobot/livox_ws/install/livox_ros_driver2/local/lib/python3.10/dist-packages/livox_ros_driver2/liblivox_interfaces2__rosidl_generator_py.so
[38.173s] -- Installing: /home/nvidia/luckrobot/livox_ws/install/livox_ros_driver2/local/lib/python3.10/dist-packages/livox_ros_driver2/_livox_ros_driver2_s.ep.rosidl_typesupport_fastrtps_c.c
[38.264s] Listing '/home/nvidia/luckrobot/livox_ws/install/livox_ros_driver2/local/lib/python3.10/dist-packages/livox_ros_driver2'...
[38.264s] Compiling '/home/nvidia/luckrobot/livox_ws/install/livox_ros_driver2/local/lib/python3.10/dist-packages/livox_ros_driver2/__init__.py'...
[38.264s] Listing '/home/nvidia/luckrobot/livox_ws/install/livox_ros_driver2/local/lib/python3.10/dist-packages/livox_ros_driver2/msg'...
[38.264s] Compiling '/home/nvidia/luckrobot/livox_ws/install/livox_ros_driver2/local/lib/python3.10/dist-packages/livox_ros_driver2/msg/__init__.py'...
[38.264s] Compiling '/home/nvidia/luckrobot/livox_ws/install/livox_ros_driver2/local/lib/python3.10/dist-packages/livox_ros_driver2/msg/_custom_msg.py'...
[38.264s] Compiling '/home/nvidia/luckrobot/livox_ws/install/livox_ros_driver2/local/lib/python3.10/dist-packages/livox_ros_driver2/msg/_custom_point.py'...
[38.276s] -- Installing: /home/nvidia/luckrobot/livox_ws/install/livox_ros_driver2/local/lib/python3.10/dist-packages/livox_ros_driver2/livox_ros_driver2_s__rosidl_typesupport_fastrtps_c.cpython-310-aarch64-linux-gnu.so
[38.277s] -- Set runtime path of "/home/nvidia/luckrobot/livox_ws/install/livox_ros_driver2/local/lib/python3.10/dist-packages/livox_ros_driver2/livox_ros_driver2_s__rosidl_typesupport_fastrtps_c.cpython-310-aarch64-linux-gnu.so" to ""
[38.277s] -- Installing: /home/nvidia/luckrobot/livox_ws/install/livox_ros_driver2/local/lib/python3.10/dist-packages/livox_ros_driver2/livox_ros_driver2_s__rosidl_typesupport_introspection_c.cpython-310-aarch64-linux-gnu.so
[38.278s] -- Set runtime path of "/home/nvidia/luckrobot/livox_ws/install/livox_ros_driver2/local/lib/python3.10/dist-packages/livox_ros_driver2/livox_ros_driver2_s__rosidl_typesupport_introspection_c.cpython-310-aarch64-linux-gnu.so" to ""
[38.279s] -- Installing: /home/nvidia/luckrobot/livox_ws/install/livox_ros_driver2/local/lib/python3.10/dist-packages/livox_ros_driver2/livox_ros_driver2_s__rosidl_typesupport_c.cpython-310-aarch64-linux-gnu.so
[38.279s] -- Set runtime path of "/home/nvidia/luckrobot/livox_ws/install/livox_ros_driver2/local/lib/python3.10/dist-packages/livox_ros_driver2/livox_ros_driver2_s__rosidl_typesupport_c.cpython-310-aarch64-linux-gnu.so" to ""
[38.279s] -- Installing: /home/nvidia/luckrobot/livox_ws/install/livox_ros_driver2/lib/liblivox_interfaces2__rosidl_generator_py.so
[38.280s] -- Set runtime path of "/home/nvidia/luckrobot/livox_ws/install/livox_ros_driver2/lib/liblivox_interfaces2__rosidl_generator_py.so" to ""
[38.280s] -- Installing: /home/nvidia/luckrobot/livox_ws/install/livox_ros_driver2/share/livox_ros_driver2/msg/CustomPoint.idl
[38.281s] -- Installing: /home/nvidia/luckrobot/livox_ws/install/livox_ros_driver2/share/livox_ros_driver2/msg/CustomMsg.idl
[38.281s] -- Installing: /home/nvidia/luckrobot/livox_ws/install/livox_ros_driver2/share/livox_ros_driver2/msg/CustomPoint.msg
[38.281s] -- Installing: /home/nvidia/luckrobot/livox_ws/install/livox_ros_driver2/share/livox_ros_driver2/msg/CustomMsg.msg
[38.282s] -- Installing: /home/nvidia/luckrobot/livox_ws/install/livox_ros_driver2/lib/livox_ros_driver2/livox_ros_driver2_node
[38.283s] -- Set runtime path of "/home/nvidia/luckrobot/livox_ws/install/livox_ros_driver2/lib/livox_ros_driver2/livox_ros_driver2_node" to ""
[38.283s] -- Installing: /home/nvidia/luckrobot/livox_ws/install/livox_ros_driver2/lib/liblivox_ros_driver2.so
[38.292s] -- Set runtime path of "/home/nvidia/luckrobot/livox_ws/install/livox_ros_driver2/lib/liblivox_ros_driver2.so" to ""
[38.292s] -- Installing: /home/nvidia/luckrobot/livox_ws/install/livox_ros_driver2/share/livox_ros_driver2/config
[38.292s] -- Installing: /home/nvidia/luckrobot/livox_ws/install/livox_ros_driver2/share/livox_ros_driver2/config/display_point_cloud_ROS2.rviz
[38.293s] -- Installing: /home/nvidia/luckrobot/livox_ws/install/livox_ros_driver2/share/livox_ros_driver2/config/HAP_config.json
[38.293s] -- Installing: /home/nvidia/luckrobot/livox_ws/install/livox_ros_driver2/share/livox_ros_driver2/config/display_point_cloud_ROS1.rviz
[38.294s] -- Installing: /home/nvidia/luckrobot/livox_ws/install/livox_ros_driver2/share/livox_ros_driver2/config/mixed_HAP_MID360_config.json
[38.294s] -- Installing: /home/nvidia/luckrobot/livox_ws/install/livox_ros_driver2/share/livox_ros_driver2/config/MID360_config.json
[38.295s] -- Installing: /home/nvidia/luckrobot/livox_ws/install/livox_ros_driver2/share/livox_ros_driver2/config/MID360s_config.json
[38.295s] -- Installing: /home/nvidia/luckrobot/livox_ws/install/livox_ros_driver2/share/livox_ros_driver2/launch_ROS2
[38.296s] -- Installing: /home/nvidia/luckrobot/livox_ws/install/livox_ros_driver2/share/livox_ros_driver2/launch_ROS2/rviz_mixed.py
[38.296s] -- Installing: /home/nvidia/luckrobot/livox_ws/install/livox_ros_driver2/share/livox_ros_driver2/launch_ROS2/rviz_MID360_launch.py
[38.296s] -- Installing: /home/nvidia/luckrobot/livox_ws/install/livox_ros_driver2/share/livox_ros_driver2/launch_ROS2/rviz_MID360s_launch.py
[38.296s] -- Installing: /home/nvidia/luckrobot/livox_ws/install/livox_ros_driver2/share/livox_ros_driver2/launch_ROS2/msg_HAP_launch.py
[38.297s] -- Installing: /home/nvidia/luckrobot/livox_ws/install/livox_ros_driver2/share/livox_ros_driver2/launch_ROS2/rviz_HAP_launch.py
[38.297s] -- Installing: /home/nvidia/luckrobot/livox_ws/install/livox_ros_driver2/share/livox_ros_driver2/launch_ROS2/msg_MID360s_launch.py
[38.297s] -- Installing: /home/nvidia/luckrobot/livox_ws/install/livox_ros_driver2/share/livox_ros_driver2/launch_ROS2/msg_MID360_launch.py
[38.298s] -- Installing: /home/nvidia/luckrobot/livox_ws/install/livox_ros_driver2/share/ament_index/resource_index/package_run_dependencies/livox_ros_driver2
[38.299s] -- Installing: /home/nvidia/luckrobot/livox_ws/install/livox_ros_driver2/share/ament_index/resource_index/parent_prefix_path/livox_ros_driver2
[38.299s] -- Installing: /home/nvidia/luckrobot/livox_ws/install/livox_ros_driver2/share/livox_ros_driver2/environment/ament_prefix_path.sh
[38.300s] -- Installing: /home/nvidia/luckrobot/livox_ws/install/livox_ros_driver2/share/livox_ros_driver2/environment/ament_prefix_path.dsv
[38.300s] -- Installing: /home/nvidia/luckrobot/livox_ws/install/livox_ros_driver2/share/livox_ros_driver2/environment/path.sh
[38.300s] -- Installing: /home/nvidia/luckrobot/livox_ws/install/livox_ros_driver2/share/livox_ros_driver2/environment/path.dsv
[38.301s] -- Installing: /home/nvidia/luckrobot/livox_ws/install/livox_ros_driver2/share/livox_ros_driver2/local_setup.bash
[38.301s] -- Installing: /home/nvidia/luckrobot/livox_ws/install/livox_ros_driver2/share/livox_ros_driver2/local_setup.sh
[38.302s] -- Installing: /home/nvidia/luckrobot/livox_ws/install/livox_ros_driver2/share/livox_ros_driver2/local_setup.zsh
[38.302s] -- Installing: /home/nvidia/luckrobot/livox_ws/install/livox_ros_driver2/share/livox_ros_driver2/local_setup.dsv
[38.303s] -- Installing: /home/nvidia/luckrobot/livox_ws/install/livox_ros_driver2/share/livox_ros_driver2/package.dsv
[38.303s] -- Installing: /home/nvidia/luckrobot/livox_ws/install/livox_ros_driver2/share/ament_index/resource_index/packages/livox_ros_driver2
[38.304s] -- Installing: /home/nvidia/luckrobot/livox_ws/install/livox_ros_driver2/share/livox_ros_driver2/cmake/export_livox_interfaces2__rosidl_generator_cExport.cmake
[38.304s] -- Installing: /home/nvidia/luckrobot/livox_ws/install/livox_ros_driver2/share/livox_ros_driver2/cmake/export_livox_interfaces2__rosidl_generator_cExport-noconfig.cmake
[38.305s] -- Installing: /home/nvidia/luckrobot/livox_ws/install/livox_ros_driver2/share/livox_ros_driver2/cmake/export_livox_interfaces2__rosidl_typesupport_fastrtps_cExport.cmake
[38.305s] -- Installing: /home/nvidia/luckrobot/livox_ws/install/livox_ros_driver2/share/livox_ros_driver2/cmake/export_livox_interfaces2__rosidl_typesupport_fastrtps_cExport-noconfig.cmake
[38.306s] -- Installing: /home/nvidia/luckrobot/livox_ws/install/livox_ros_driver2/share/livox_ros_driver2/cmake/livox_interfaces2__rosidl_typesupport_introspection_cExport.cmake
[38.306s] -- Installing: /home/nvidia/luckrobot/livox_ws/install/livox_ros_driver2/share/livox_ros_driver2/cmake/livox_interfaces2__rosidl_typesupport_introspection_cExport-noconfig.cmake
[38.307s] -- Installing: /home/nvidia/luckrobot/livox_ws/install/livox_ros_driver2/share/livox_ros_driver2/cmake/livox_interfaces2__rosidl_typesupport_cExport.cmake
[38.307s] -- Installing: /home/nvidia/luckrobot/livox_ws/install/livox_ros_driver2/share/livox_ros_driver2/cmake/livox_interfaces2__rosidl_typesupport_cExport-noconfig.cmake
[38.308s] -- Installing: /home/nvidia/luckrobot/livox_ws/install/livox_ros_driver2/share/livox_ros_driver2/cmake/export_livox_interfaces2__rosidl_generator_cppExport.cmake
[38.308s] -- Installing: /home/nvidia/luckrobot/livox_ws/install/livox_ros_driver2/share/livox_ros_driver2/cmake/export_livox_interfaces2__rosidl_typesupport_fastrtps_cppExport.cmake
[38.309s] -- Installing: /home/nvidia/luckrobot/livox_ws/install/livox_ros_driver2/share/livox_ros_driver2/cmake/export_livox_interfaces2__rosidl_typesupport_fastrtps_cppExport-noconfig.cmake
[38.309s] -- Installing: /home/nvidia/luckrobot/livox_ws/install/livox_ros_driver2/share/livox_ros_driver2/cmake/livox_interfaces2__rosidl_typesupport_introspection_cppExport.cmake
[38.310s] -- Installing: /home/nvidia/luckrobot/livox_ws/install/livox_ros_driver2/share/livox_ros_driver2/cmake/livox_interfaces2__rosidl_typesupport_introspection_cppExport-noconfig.cmake
[38.310s] -- Installing: /home/nvidia/luckrobot/livox_ws/install/livox_ros_driver2/share/livox_ros_driver2/cmake/livox_interfaces2__rosidl_typesupport_cppExport.cmake
[38.311s] -- Installing: /home/nvidia/luckrobot/livox_ws/install/livox_ros_driver2/share/livox_ros_driver2/cmake/livox_interfaces2__rosidl_typesupport_cppExport-noconfig.cmake
[38.312s] -- Installing: /home/nvidia/luckrobot/livox_ws/install/livox_ros_driver2/share/livox_ros_driver2/cmake/export_livox_interfaces2__rosidl_generator_pyExport.cmake
[38.312s] -- Installing: /home/nvidia/luckrobot/livox_ws/install/livox_ros_driver2/share/livox_ros_driver2/cmake/export_livox_interfaces2__rosidl_generator_pyExport-noconfig.cmake
[38.313s] -- Installing: /home/nvidia/luckrobot/livox_ws/install/livox_ros_driver2/share/ament_index/resource_index/rclcpp_components/livox_ros_driver2
[38.313s] -- Installing: /home/nvidia/luckrobot/livox_ws/install/livox_ros_driver2/share/livox_ros_driver2/cmake/rosidl_cmake-extras.cmake
[38.314s] -- Installing: /home/nvidia/luckrobot/livox_ws/install/livox_ros_driver2/share/livox_ros_driver2/cmake/ament_cmake_export_dependencies-extras.cmake
[38.314s] -- Installing: /home/nvidia/luckrobot/livox_ws/install/livox_ros_driver2/share/livox_ros_driver2/cmake/ament_cmake_export_include_directories-extras.cmake
[38.315s] -- Installing: /home/nvidia/luckrobot/livox_ws/install/livox_ros_driver2/share/livox_ros_driver2/cmake/ament_cmake_export_libraries-extras.cmake
[38.315s] -- Installing: /home/nvidia/luckrobot/livox_ws/install/livox_ros_driver2/share/livox_ros_driver2/cmake/ament_cmake_export_targets-extras.cmake
[38.315s] -- Installing: /home/nvidia/luckrobot/livox_ws/install/livox_ros_driver2/share/livox_ros_driver2/cmake/rosidl_cmake_export_typesupport_targets-extras.cmake
[38.316s] -- Installing: /home/nvidia/luckrobot/livox_ws/install/livox_ros_driver2/share/livox_ros_driver2/cmake/rosidl_cmake_export_typesupport_libraries-extras.cmake
[38.316s] -- Installing: /home/nvidia/luckrobot/livox_ws/install/livox_ros_driver2/share/livox_ros_driver2/cmake/livox_ros_driver2Config.cmake
[38.317s] -- Installing: /home/nvidia/luckrobot/livox_ws/install/livox_ros_driver2/share/livox_ros_driver2/cmake/livox_ros_driver2Config-version.cmake
[38.317s] -- Installing: /home/nvidia/luckrobot/livox_ws/install/livox_ros_driver2/share/livox_ros_driver2/package.xml
[38.324s] Invoked command in '/home/nvidia/luckrobot/livox_ws/build/livox_ros_driver2' returned '0': CMAKE_PREFIX_PATH=${CMAKE_PREFIX_PATH}:/home/nvidia/luckrobot/luckrobot_ws/install/luckrobot_launch1:/home/nvidia/luckrobot/luckrobot_ws/install/keyboard_control:/opt/ros/humble /usr/bin/cmake --install /home/nvidia/luckrobot/livox_ws/build/livox_ros_driver2
