[0.025s] Invoking command in '/home/nvidia/luckrobot/livox_ws/build/livox_ros_driver2': CMAKE_PREFIX_PATH=${CMAKE_PREFIX_PATH}:/home/nvidia/luckrobot/luckrobot_ws/install/luckrobot_launch1:/home/nvidia/luckrobot/luckrobot_ws/install/keyboard_control:/opt/ros/humble /usr/bin/cmake /home/nvidia/luckrobot/livox_ws/src/livox_ros_driver2 -DCMAKE_INSTALL_PREFIX=/home/nvidia/luckrobot/livox_ws/install/livox_ros_driver2
[0.058s] -- livox_ros_driver2 version: 1.2.5
[0.058s] -- Found ament_cmake_auto: 1.3.13 (/opt/ros/humble/share/ament_cmake_auto/cmake)
[0.503s] -- Using all available rosidl_typesupport_c: rosidl_typesupport_fastrtps_c;rosidl_typesupport_introspection_c
[0.513s] -- Found rosidl_adapter: 3.1.8 (/opt/ros/humble/share/rosidl_adapter/cmake)
[0.595s] -- Using all available rosidl_typesupport_cpp: rosidl_typesupport_fastrtps_cpp;rosidl_typesupport_introspection_cpp
[0.697s] -- Found rmw_implementation_cmake: 6.1.2 (/opt/ros/humble/share/rmw_implementation_cmake/cmake)
[0.700s] -- Found rmw_fastrtps_cpp: 6.2.10 (/opt/ros/humble/share/rmw_fastrtps_cpp/cmake)
[0.878s] -- Using RMW implementation 'rmw_fastrtps_cpp' as default
[1.088s] -- Eigen found (include: /usr/include/eigen3, version: 3.4.0)
[1.140s] -- FLANN found (include: /usr/include, lib: /usr/lib/aarch64-linux-gnu/libflann_cpp.so)
[1.690s] -- OpenNI found (version: 1.5.4.0, include: /usr/include/ni, lib: /usr/lib/libOpenNI.so;libusb::libusb)
[1.699s] -- OpenNI2 found (version: 2.2.0.33, include: /usr/include/openni2, lib: /usr/lib/aarch64-linux-gnu/libOpenNI2.so;libusb::libusb)
[1.940s] -- Eigen found (include: /usr/include/eigen3, version: 3.4.0)
[1.950s] -- OpenNI found (version: 1.5.4.0, include: /usr/include/ni, lib: /usr/lib/libOpenNI.so;libusb::libusb)
[1.959s] -- OpenNI2 found (version: 2.2.0.33, include: /usr/include/openni2, lib: /usr/lib/aarch64-linux-gnu/libOpenNI2.so;libusb::libusb)
[2.181s] -- Found Qhull version 8.0.2
[2.414s] -- OpenNI found (version: 1.5.4.0, include: /usr/include/ni, lib: /usr/lib/libOpenNI.so;libusb::libusb)
[2.732s] -- Checking for module 'apr-1'
[2.736s] --   No package 'apr-1' found
[3.238s] -- Found ament_cmake_ros: 0.10.0 (/opt/ros/humble/share/ament_cmake_ros/cmake)
[3.802s] -- Using all available rosidl_typesupport_c: rosidl_typesupport_fastrtps_c;rosidl_typesupport_introspection_c
[4.538s] -- Using all available rosidl_typesupport_cpp: rosidl_typesupport_fastrtps_cpp;rosidl_typesupport_introspection_cpp
[4.597s] -- Found python_cmake_module: 0.10.0 (/opt/ros/humble/share/python_cmake_module/cmake)
[4.653s] -- Using PYTHON_EXECUTABLE: /usr/bin/python3
[4.653s] -- Using PYTHON_INCLUDE_DIRS: /usr/include/python3.10
[4.654s] -- Using PYTHON_LIBRARIES: /usr/lib/aarch64-linux-gnu/libpython3.10.so
[4.928s] -- Using numpy include directory: /usr/local/lib/python3.10/dist-packages/numpy/core/include
[5.020s] -- Found ament_lint_auto: 0.12.15 (/opt/ros/humble/share/ament_lint_auto/cmake)
[5.048s] -- Added test 'copyright' to check source files copyright and LICENSE
[5.059s] -- Added test 'cppcheck' to perform static code analysis on C / C++ code
[5.061s] -- Configured cppcheck include dirs: /home/nvidia/luckrobot/livox_ws/src/livox_ros_driver2/3rdparty;/home/nvidia/luckrobot/livox_ws/src/livox_ros_driver2/src
[5.062s] -- Configured cppcheck exclude dirs and/or files: 
[5.071s] -- Added test 'cpplint' to check C / C++ code against the Google style
[5.072s] -- Configured cpplint exclude dirs and/or files: 
[5.073s] -- Added test 'flake8' to check Python code syntax and style conventions
[5.076s] -- Added test 'lint_cmake' to check CMake code style
[5.077s] -- Added test 'pep257' to check Python code against some of the docstring style conventions in PEP 257
[5.086s] -- Added test 'uncrustify' to check C / C++ code style
[5.086s] -- Configured uncrustify additional arguments: 
[5.087s] -- Added test 'xmllint' to check XML markup files
[5.093s] -- Configuring done
[5.236s] -- Generating done
[5.285s] -- Build files have been written to: /home/nvidia/luckrobot/livox_ws/build/livox_ros_driver2
[5.332s] Invoked command in '/home/nvidia/luckrobot/livox_ws/build/livox_ros_driver2' returned '0': CMAKE_PREFIX_PATH=${CMAKE_PREFIX_PATH}:/home/nvidia/luckrobot/luckrobot_ws/install/luckrobot_launch1:/home/nvidia/luckrobot/luckrobot_ws/install/keyboard_control:/opt/ros/humble /usr/bin/cmake /home/nvidia/luckrobot/livox_ws/src/livox_ros_driver2 -DCMAKE_INSTALL_PREFIX=/home/nvidia/luckrobot/livox_ws/install/livox_ros_driver2
[5.338s] Invoking command in '/home/nvidia/luckrobot/livox_ws/build/livox_ros_driver2': CMAKE_PREFIX_PATH=${CMAKE_PREFIX_PATH}:/home/nvidia/luckrobot/luckrobot_ws/install/luckrobot_launch1:/home/nvidia/luckrobot/luckrobot_ws/install/keyboard_control:/opt/ros/humble /usr/bin/cmake --build /home/nvidia/luckrobot/livox_ws/build/livox_ros_driver2 -- -j6 -l6
[5.439s] [35m[1mConsolidate compiler generated dependencies of target livox_interfaces2__rosidl_generator_c[0m
[5.439s] [35m[1mConsolidate compiler generated dependencies of target livox_ros_driver2_node[0m
[5.459s] [  1%] Built target livox_interfaces2__cpp
[5.466s] [  8%] Built target livox_interfaces2__rosidl_generator_c
[5.477s] [ 12%] Built target livox_ros_driver2_node
[5.483s] [35m[1mConsolidate compiler generated dependencies of target livox_interfaces2__rosidl_typesupport_cpp[0m
[5.486s] [ 12%] Built target ament_cmake_python_copy_livox_ros_driver2
[5.486s] [35m[1mConsolidate compiler generated dependencies of target livox_interfaces2__rosidl_typesupport_fastrtps_c[0m
[5.491s] [35m[1mConsolidate compiler generated dependencies of target livox_interfaces2__rosidl_typesupport_fastrtps_cpp[0m
[5.496s] [35m[1mConsolidate compiler generated dependencies of target livox_interfaces2__rosidl_typesupport_introspection_cpp[0m
[5.501s] [35m[1mConsolidate compiler generated dependencies of target livox_interfaces2__rosidl_typesupport_introspection_c[0m
[5.511s] [35m[1mConsolidate compiler generated dependencies of target livox_interfaces2__rosidl_typesupport_c[0m
[5.520s] [ 24%] Built target livox_interfaces2__rosidl_typesupport_cpp
[5.520s] [ 26%] Built target livox_interfaces2__rosidl_typesupport_fastrtps_c
[5.523s] [ 40%] Built target livox_interfaces2__rosidl_typesupport_introspection_cpp
[5.524s] [ 40%] Built target livox_interfaces2__rosidl_typesupport_introspection_c
[5.529s] [ 47%] Built target livox_interfaces2__rosidl_typesupport_fastrtps_cpp
[5.532s] [ 54%] Built target livox_interfaces2__rosidl_typesupport_c
[5.553s] [35m[1mConsolidate compiler generated dependencies of target livox_ros_driver2[0m
[5.574s] [ 54%] Built target livox_interfaces2
[5.616s] [ 56%] Built target livox_interfaces2__py
[5.639s] [35m[1mConsolidate compiler generated dependencies of target livox_interfaces2__rosidl_generator_py[0m
[5.648s] [ 84%] Built target livox_ros_driver2
[5.671s] [ 89%] Built target livox_interfaces2__rosidl_generator_py
[5.693s] [35m[1mConsolidate compiler generated dependencies of target livox_ros_driver2__rosidl_typesupport_introspection_c__pyext[0m
[5.693s] [35m[1mConsolidate compiler generated dependencies of target livox_ros_driver2__rosidl_typesupport_fastrtps_c__pyext[0m
[5.693s] [35m[1mConsolidate compiler generated dependencies of target livox_ros_driver2__rosidl_typesupport_c__pyext[0m
[5.719s] [ 98%] Built target livox_ros_driver2__rosidl_typesupport_introspection_c__pyext
[5.719s] [ 98%] Built target livox_ros_driver2__rosidl_typesupport_c__pyext
[5.720s] [100%] Built target livox_ros_driver2__rosidl_typesupport_fastrtps_c__pyext
[5.991s] running egg_info
[5.992s] writing livox_ros_driver2.egg-info/PKG-INFO
[5.993s] writing dependency_links to livox_ros_driver2.egg-info/dependency_links.txt
[5.993s] writing top-level names to livox_ros_driver2.egg-info/top_level.txt
[5.998s] reading manifest file 'livox_ros_driver2.egg-info/SOURCES.txt'
[5.999s] writing manifest file 'livox_ros_driver2.egg-info/SOURCES.txt'
[6.063s] [100%] Built target ament_cmake_python_build_livox_ros_driver2_egg
[6.092s] Invoked command in '/home/nvidia/luckrobot/livox_ws/build/livox_ros_driver2' returned '0': CMAKE_PREFIX_PATH=${CMAKE_PREFIX_PATH}:/home/nvidia/luckrobot/luckrobot_ws/install/luckrobot_launch1:/home/nvidia/luckrobot/luckrobot_ws/install/keyboard_control:/opt/ros/humble /usr/bin/cmake --build /home/nvidia/luckrobot/livox_ws/build/livox_ros_driver2 -- -j6 -l6
[6.122s] Invoking command in '/home/nvidia/luckrobot/livox_ws/build/livox_ros_driver2': CMAKE_PREFIX_PATH=${CMAKE_PREFIX_PATH}:/home/nvidia/luckrobot/luckrobot_ws/install/luckrobot_launch1:/home/nvidia/luckrobot/luckrobot_ws/install/keyboard_control:/opt/ros/humble /usr/bin/cmake --install /home/nvidia/luckrobot/livox_ws/build/livox_ros_driver2
[6.139s] -- Install configuration: ""
[6.139s] -- Up-to-date: /home/nvidia/luckrobot/livox_ws/install/livox_ros_driver2/share/ament_index/resource_index/rosidl_interfaces/livox_ros_driver2
[6.139s] -- Up-to-date: /home/nvidia/luckrobot/livox_ws/install/livox_ros_driver2/include/livox_ros_driver2/livox_ros_driver2
[6.140s] -- Up-to-date: /home/nvidia/luckrobot/livox_ws/install/livox_ros_driver2/include/livox_ros_driver2/livox_ros_driver2/msg
[6.140s] -- Up-to-date: /home/nvidia/luckrobot/livox_ws/install/livox_ros_driver2/include/livox_ros_driver2/livox_ros_driver2/msg/custom_msg.h
[6.140s] -- Up-to-date: /home/nvidia/luckrobot/livox_ws/install/livox_ros_driver2/include/livox_ros_driver2/livox_ros_driver2/msg/custom_point.h
[6.141s] -- Up-to-date: /home/nvidia/luckrobot/livox_ws/install/livox_ros_driver2/include/livox_ros_driver2/livox_ros_driver2/msg/detail
[6.141s] -- Up-to-date: /home/nvidia/luckrobot/livox_ws/install/livox_ros_driver2/include/livox_ros_driver2/livox_ros_driver2/msg/detail/custom_point__functions.c
[6.141s] -- Up-to-date: /home/nvidia/luckrobot/livox_ws/install/livox_ros_driver2/include/livox_ros_driver2/livox_ros_driver2/msg/detail/custom_msg__functions.h
[6.142s] -- Up-to-date: /home/nvidia/luckrobot/livox_ws/install/livox_ros_driver2/include/livox_ros_driver2/livox_ros_driver2/msg/detail/custom_msg__struct.h
[6.143s] -- Up-to-date: /home/nvidia/luckrobot/livox_ws/install/livox_ros_driver2/include/livox_ros_driver2/livox_ros_driver2/msg/detail/custom_point__struct.h
[6.144s] -- Up-to-date: /home/nvidia/luckrobot/livox_ws/install/livox_ros_driver2/include/livox_ros_driver2/livox_ros_driver2/msg/detail/custom_msg__functions.c
[6.144s] -- Up-to-date: /home/nvidia/luckrobot/livox_ws/install/livox_ros_driver2/include/livox_ros_driver2/livox_ros_driver2/msg/detail/custom_point__type_support.h
[6.146s] -- Up-to-date: /home/nvidia/luckrobot/livox_ws/install/livox_ros_driver2/include/livox_ros_driver2/livox_ros_driver2/msg/detail/custom_point__functions.h
[6.146s] -- Up-to-date: /home/nvidia/luckrobot/livox_ws/install/livox_ros_driver2/include/livox_ros_driver2/livox_ros_driver2/msg/detail/custom_msg__type_support.h
[6.147s] -- Up-to-date: /home/nvidia/luckrobot/livox_ws/install/livox_ros_driver2/include/livox_ros_driver2/livox_ros_driver2/msg/rosidl_generator_c__visibility_control.h
[6.147s] -- Up-to-date: /home/nvidia/luckrobot/livox_ws/install/livox_ros_driver2/share/livox_ros_driver2/environment/library_path.sh
[6.147s] -- Installing: /home/nvidia/luckrobot/livox_ws/install/livox_ros_driver2/share/livox_ros_driver2/environment/library_path.dsv
[6.148s] -- Up-to-date: /home/nvidia/luckrobot/livox_ws/install/livox_ros_driver2/lib/liblivox_ros_driver2__rosidl_generator_c.so
[6.148s] -- Up-to-date: /home/nvidia/luckrobot/livox_ws/install/livox_ros_driver2/include/livox_ros_driver2/livox_ros_driver2
[6.148s] -- Up-to-date: /home/nvidia/luckrobot/livox_ws/install/livox_ros_driver2/include/livox_ros_driver2/livox_ros_driver2/msg
[6.149s] -- Up-to-date: /home/nvidia/luckrobot/livox_ws/install/livox_ros_driver2/include/livox_ros_driver2/livox_ros_driver2/msg/detail
[6.149s] -- Up-to-date: /home/nvidia/luckrobot/livox_ws/install/livox_ros_driver2/include/livox_ros_driver2/livox_ros_driver2/msg/detail/custom_msg__rosidl_typesupport_fastrtps_c.h
[6.150s] -- Up-to-date: /home/nvidia/luckrobot/livox_ws/install/livox_ros_driver2/include/livox_ros_driver2/livox_ros_driver2/msg/detail/custom_point__rosidl_typesupport_fastrtps_c.h
[6.151s] -- Up-to-date: /home/nvidia/luckrobot/livox_ws/install/livox_ros_driver2/include/livox_ros_driver2/livox_ros_driver2/msg/rosidl_typesupport_fastrtps_c__visibility_control.h
[6.151s] -- Up-to-date: /home/nvidia/luckrobot/livox_ws/install/livox_ros_driver2/lib/liblivox_ros_driver2__rosidl_typesupport_fastrtps_c.so
[6.151s] -- Up-to-date: /home/nvidia/luckrobot/livox_ws/install/livox_ros_driver2/include/livox_ros_driver2/livox_ros_driver2
[6.152s] -- Up-to-date: /home/nvidia/luckrobot/livox_ws/install/livox_ros_driver2/include/livox_ros_driver2/livox_ros_driver2/msg
[6.152s] -- Up-to-date: /home/nvidia/luckrobot/livox_ws/install/livox_ros_driver2/include/livox_ros_driver2/livox_ros_driver2/msg/rosidl_typesupport_introspection_c__visibility_control.h
[6.152s] -- Up-to-date: /home/nvidia/luckrobot/livox_ws/install/livox_ros_driver2/include/livox_ros_driver2/livox_ros_driver2/msg/detail
[6.152s] -- Up-to-date: /home/nvidia/luckrobot/livox_ws/install/livox_ros_driver2/include/livox_ros_driver2/livox_ros_driver2/msg/detail/custom_point__rosidl_typesupport_introspection_c.h
[6.152s] -- Up-to-date: /home/nvidia/luckrobot/livox_ws/install/livox_ros_driver2/include/livox_ros_driver2/livox_ros_driver2/msg/detail/custom_point__type_support.c
[6.153s] -- Up-to-date: /home/nvidia/luckrobot/livox_ws/install/livox_ros_driver2/include/livox_ros_driver2/livox_ros_driver2/msg/detail/custom_msg__type_support.c
[6.153s] -- Up-to-date: /home/nvidia/luckrobot/livox_ws/install/livox_ros_driver2/include/livox_ros_driver2/livox_ros_driver2/msg/detail/custom_msg__rosidl_typesupport_introspection_c.h
[6.153s] -- Up-to-date: /home/nvidia/luckrobot/livox_ws/install/livox_ros_driver2/lib/liblivox_ros_driver2__rosidl_typesupport_introspection_c.so
[6.153s] -- Up-to-date: /home/nvidia/luckrobot/livox_ws/install/livox_ros_driver2/lib/liblivox_ros_driver2__rosidl_typesupport_c.so
[6.153s] -- Up-to-date: /home/nvidia/luckrobot/livox_ws/install/livox_ros_driver2/include/livox_ros_driver2/livox_ros_driver2
[6.154s] -- Up-to-date: /home/nvidia/luckrobot/livox_ws/install/livox_ros_driver2/include/livox_ros_driver2/livox_ros_driver2/msg
[6.154s] -- Up-to-date: /home/nvidia/luckrobot/livox_ws/install/livox_ros_driver2/include/livox_ros_driver2/livox_ros_driver2/msg/custom_point.hpp
[6.154s] -- Up-to-date: /home/nvidia/luckrobot/livox_ws/install/livox_ros_driver2/include/livox_ros_driver2/livox_ros_driver2/msg/detail
[6.154s] -- Up-to-date: /home/nvidia/luckrobot/livox_ws/install/livox_ros_driver2/include/livox_ros_driver2/livox_ros_driver2/msg/detail/custom_msg__type_support.hpp
[6.154s] -- Up-to-date: /home/nvidia/luckrobot/livox_ws/install/livox_ros_driver2/include/livox_ros_driver2/livox_ros_driver2/msg/detail/custom_msg__traits.hpp
[6.154s] -- Up-to-date: /home/nvidia/luckrobot/livox_ws/install/livox_ros_driver2/include/livox_ros_driver2/livox_ros_driver2/msg/detail/custom_point__type_support.hpp
[6.155s] -- Up-to-date: /home/nvidia/luckrobot/livox_ws/install/livox_ros_driver2/include/livox_ros_driver2/livox_ros_driver2/msg/detail/custom_msg__builder.hpp
[6.155s] -- Up-to-date: /home/nvidia/luckrobot/livox_ws/install/livox_ros_driver2/include/livox_ros_driver2/livox_ros_driver2/msg/detail/custom_msg__struct.hpp
[6.155s] -- Up-to-date: /home/nvidia/luckrobot/livox_ws/install/livox_ros_driver2/include/livox_ros_driver2/livox_ros_driver2/msg/detail/custom_point__builder.hpp
[6.155s] -- Up-to-date: /home/nvidia/luckrobot/livox_ws/install/livox_ros_driver2/include/livox_ros_driver2/livox_ros_driver2/msg/detail/custom_point__struct.hpp
[6.155s] -- Up-to-date: /home/nvidia/luckrobot/livox_ws/install/livox_ros_driver2/include/livox_ros_driver2/livox_ros_driver2/msg/detail/custom_point__traits.hpp
[6.155s] -- Up-to-date: /home/nvidia/luckrobot/livox_ws/install/livox_ros_driver2/include/livox_ros_driver2/livox_ros_driver2/msg/custom_msg.hpp
[6.156s] -- Up-to-date: /home/nvidia/luckrobot/livox_ws/install/livox_ros_driver2/include/livox_ros_driver2/livox_ros_driver2/msg/rosidl_generator_cpp__visibility_control.hpp
[6.156s] -- Up-to-date: /home/nvidia/luckrobot/livox_ws/install/livox_ros_driver2/include/livox_ros_driver2/livox_ros_driver2
[6.156s] -- Up-to-date: /home/nvidia/luckrobot/livox_ws/install/livox_ros_driver2/include/livox_ros_driver2/livox_ros_driver2/msg
[6.156s] -- Up-to-date: /home/nvidia/luckrobot/livox_ws/install/livox_ros_driver2/include/livox_ros_driver2/livox_ros_driver2/msg/detail
[6.156s] -- Up-to-date: /home/nvidia/luckrobot/livox_ws/install/livox_ros_driver2/include/livox_ros_driver2/livox_ros_driver2/msg/detail/custom_msg__rosidl_typesupport_fastrtps_cpp.hpp
[6.156s] -- Up-to-date: /home/nvidia/luckrobot/livox_ws/install/livox_ros_driver2/include/livox_ros_driver2/livox_ros_driver2/msg/detail/custom_point__rosidl_typesupport_fastrtps_cpp.hpp
[6.157s] -- Up-to-date: /home/nvidia/luckrobot/livox_ws/install/livox_ros_driver2/include/livox_ros_driver2/livox_ros_driver2/msg/detail/dds_fastrtps
[6.157s] -- Up-to-date: /home/nvidia/luckrobot/livox_ws/install/livox_ros_driver2/include/livox_ros_driver2/livox_ros_driver2/msg/rosidl_typesupport_fastrtps_cpp__visibility_control.h
[6.157s] -- Up-to-date: /home/nvidia/luckrobot/livox_ws/install/livox_ros_driver2/lib/liblivox_ros_driver2__rosidl_typesupport_fastrtps_cpp.so
[6.157s] -- Up-to-date: /home/nvidia/luckrobot/livox_ws/install/livox_ros_driver2/include/livox_ros_driver2/livox_ros_driver2
[6.157s] -- Up-to-date: /home/nvidia/luckrobot/livox_ws/install/livox_ros_driver2/include/livox_ros_driver2/livox_ros_driver2/msg
[6.157s] -- Up-to-date: /home/nvidia/luckrobot/livox_ws/install/livox_ros_driver2/include/livox_ros_driver2/livox_ros_driver2/msg/detail
[6.158s] -- Up-to-date: /home/nvidia/luckrobot/livox_ws/install/livox_ros_driver2/include/livox_ros_driver2/livox_ros_driver2/msg/detail/custom_point__type_support.cpp
[6.158s] -- Up-to-date: /home/nvidia/luckrobot/livox_ws/install/livox_ros_driver2/include/livox_ros_driver2/livox_ros_driver2/msg/detail/custom_msg__rosidl_typesupport_introspection_cpp.hpp
[6.158s] -- Up-to-date: /home/nvidia/luckrobot/livox_ws/install/livox_ros_driver2/include/livox_ros_driver2/livox_ros_driver2/msg/detail/custom_point__rosidl_typesupport_introspection_cpp.hpp
[6.158s] -- Up-to-date: /home/nvidia/luckrobot/livox_ws/install/livox_ros_driver2/include/livox_ros_driver2/livox_ros_driver2/msg/detail/custom_msg__type_support.cpp
[6.158s] -- Up-to-date: /home/nvidia/luckrobot/livox_ws/install/livox_ros_driver2/lib/liblivox_ros_driver2__rosidl_typesupport_introspection_cpp.so
[6.158s] -- Up-to-date: /home/nvidia/luckrobot/livox_ws/install/livox_ros_driver2/lib/liblivox_ros_driver2__rosidl_typesupport_cpp.so
[6.159s] -- Up-to-date: /home/nvidia/luckrobot/livox_ws/install/livox_ros_driver2/share/livox_ros_driver2/environment/pythonpath.sh
[6.159s] -- Installing: /home/nvidia/luckrobot/livox_ws/install/livox_ros_driver2/share/livox_ros_driver2/environment/pythonpath.dsv
[6.159s] -- Up-to-date: /home/nvidia/luckrobot/livox_ws/install/livox_ros_driver2/local/lib/python3.10/dist-packages/livox_ros_driver2-1.0.0-py3.10.egg-info
[6.159s] -- Installing: /home/nvidia/luckrobot/livox_ws/install/livox_ros_driver2/local/lib/python3.10/dist-packages/livox_ros_driver2-1.0.0-py3.10.egg-info/dependency_links.txt
[6.159s] -- Installing: /home/nvidia/luckrobot/livox_ws/install/livox_ros_driver2/local/lib/python3.10/dist-packages/livox_ros_driver2-1.0.0-py3.10.egg-info/PKG-INFO
[6.159s] -- Installing: /home/nvidia/luckrobot/livox_ws/install/livox_ros_driver2/local/lib/python3.10/dist-packages/livox_ros_driver2-1.0.0-py3.10.egg-info/top_level.txt
[6.160s] -- Installing: /home/nvidia/luckrobot/livox_ws/install/livox_ros_driver2/local/lib/python3.10/dist-packages/livox_ros_driver2-1.0.0-py3.10.egg-info/SOURCES.txt
[6.160s] -- Up-to-date: /home/nvidia/luckrobot/livox_ws/install/livox_ros_driver2/local/lib/python3.10/dist-packages/livox_ros_driver2
[6.160s] -- Up-to-date: /home/nvidia/luckrobot/livox_ws/install/livox_ros_driver2/local/lib/python3.10/dist-packages/livox_ros_driver2/_livox_ros_driver2_s.ep.rosidl_typesupport_c.c
[6.160s] -- Up-to-date: /home/nvidia/luckrobot/livox_ws/install/livox_ros_driver2/local/lib/python3.10/dist-packages/livox_ros_driver2/_livox_ros_driver2_s.ep.rosidl_typesupport_introspection_c.c
[6.160s] -- Installing: /home/nvidia/luckrobot/livox_ws/install/livox_ros_driver2/local/lib/python3.10/dist-packages/livox_ros_driver2/__init__.py
[6.160s] -- Up-to-date: /home/nvidia/luckrobot/livox_ws/install/livox_ros_driver2/local/lib/python3.10/dist-packages/livox_ros_driver2/livox_ros_driver2_s__rosidl_typesupport_c.cpython-310-aarch64-linux-gnu.so
[6.161s] -- Up-to-date: /home/nvidia/luckrobot/livox_ws/install/livox_ros_driver2/local/lib/python3.10/dist-packages/livox_ros_driver2/msg
[6.161s] -- Up-to-date: /home/nvidia/luckrobot/livox_ws/install/livox_ros_driver2/local/lib/python3.10/dist-packages/livox_ros_driver2/msg/__init__.py
[6.161s] -- Up-to-date: /home/nvidia/luckrobot/livox_ws/install/livox_ros_driver2/local/lib/python3.10/dist-packages/livox_ros_driver2/msg/_custom_msg.py
[6.161s] -- Up-to-date: /home/nvidia/luckrobot/livox_ws/install/livox_ros_driver2/local/lib/python3.10/dist-packages/livox_ros_driver2/msg/_custom_msg_s.c
[6.161s] -- Up-to-date: /home/nvidia/luckrobot/livox_ws/install/livox_ros_driver2/local/lib/python3.10/dist-packages/livox_ros_driver2/msg/_custom_point_s.c
[6.161s] -- Up-to-date: /home/nvidia/luckrobot/livox_ws/install/livox_ros_driver2/local/lib/python3.10/dist-packages/livox_ros_driver2/msg/_custom_point.py
[6.162s] -- Up-to-date: /home/nvidia/luckrobot/livox_ws/install/livox_ros_driver2/local/lib/python3.10/dist-packages/livox_ros_driver2/livox_ros_driver2_s__rosidl_typesupport_fastrtps_c.cpython-310-aarch64-linux-gnu.so
[6.162s] -- Up-to-date: /home/nvidia/luckrobot/livox_ws/install/livox_ros_driver2/local/lib/python3.10/dist-packages/livox_ros_driver2/livox_ros_driver2_s__rosidl_typesupport_introspection_c.cpython-310-aarch64-linux-gnu.so
[6.162s] -- Up-to-date: /home/nvidia/luckrobot/livox_ws/install/livox_ros_driver2/local/lib/python3.10/dist-packages/livox_ros_driver2/liblivox_interfaces2__rosidl_generator_py.so
[6.162s] -- Up-to-date: /home/nvidia/luckrobot/livox_ws/install/livox_ros_driver2/local/lib/python3.10/dist-packages/livox_ros_driver2/_livox_ros_driver2_s.ep.rosidl_typesupport_fastrtps_c.c
[6.220s] Listing '/home/nvidia/luckrobot/livox_ws/install/livox_ros_driver2/local/lib/python3.10/dist-packages/livox_ros_driver2'...
[6.220s] Compiling '/home/nvidia/luckrobot/livox_ws/install/livox_ros_driver2/local/lib/python3.10/dist-packages/livox_ros_driver2/__init__.py'...
[6.221s] Listing '/home/nvidia/luckrobot/livox_ws/install/livox_ros_driver2/local/lib/python3.10/dist-packages/livox_ros_driver2/msg'...
[6.233s] -- Up-to-date: /home/nvidia/luckrobot/livox_ws/install/livox_ros_driver2/local/lib/python3.10/dist-packages/livox_ros_driver2/livox_ros_driver2_s__rosidl_typesupport_fastrtps_c.cpython-310-aarch64-linux-gnu.so
[6.234s] -- Up-to-date: /home/nvidia/luckrobot/livox_ws/install/livox_ros_driver2/local/lib/python3.10/dist-packages/livox_ros_driver2/livox_ros_driver2_s__rosidl_typesupport_introspection_c.cpython-310-aarch64-linux-gnu.so
[6.235s] -- Up-to-date: /home/nvidia/luckrobot/livox_ws/install/livox_ros_driver2/local/lib/python3.10/dist-packages/livox_ros_driver2/livox_ros_driver2_s__rosidl_typesupport_c.cpython-310-aarch64-linux-gnu.so
[6.235s] -- Up-to-date: /home/nvidia/luckrobot/livox_ws/install/livox_ros_driver2/lib/liblivox_interfaces2__rosidl_generator_py.so
[6.236s] -- Up-to-date: /home/nvidia/luckrobot/livox_ws/install/livox_ros_driver2/share/livox_ros_driver2/msg/CustomPoint.idl
[6.236s] -- Up-to-date: /home/nvidia/luckrobot/livox_ws/install/livox_ros_driver2/share/livox_ros_driver2/msg/CustomMsg.idl
[6.236s] -- Up-to-date: /home/nvidia/luckrobot/livox_ws/install/livox_ros_driver2/share/livox_ros_driver2/msg/CustomPoint.msg
[6.237s] -- Up-to-date: /home/nvidia/luckrobot/livox_ws/install/livox_ros_driver2/share/livox_ros_driver2/msg/CustomMsg.msg
[6.237s] -- Up-to-date: /home/nvidia/luckrobot/livox_ws/install/livox_ros_driver2/lib/livox_ros_driver2/livox_ros_driver2_node
[6.238s] -- Up-to-date: /home/nvidia/luckrobot/livox_ws/install/livox_ros_driver2/lib/liblivox_ros_driver2.so
[6.239s] -- Up-to-date: /home/nvidia/luckrobot/livox_ws/install/livox_ros_driver2/share/livox_ros_driver2/config
[6.239s] -- Up-to-date: /home/nvidia/luckrobot/livox_ws/install/livox_ros_driver2/share/livox_ros_driver2/config/display_point_cloud_ROS2.rviz
[6.239s] -- Up-to-date: /home/nvidia/luckrobot/livox_ws/install/livox_ros_driver2/share/livox_ros_driver2/config/HAP_config.json
[6.239s] -- Up-to-date: /home/nvidia/luckrobot/livox_ws/install/livox_ros_driver2/share/livox_ros_driver2/config/display_point_cloud_ROS1.rviz
[6.240s] -- Installing: /home/nvidia/luckrobot/livox_ws/install/livox_ros_driver2/share/livox_ros_driver2/config/mixed_HAP_MID360_config.json
[6.240s] -- Up-to-date: /home/nvidia/luckrobot/livox_ws/install/livox_ros_driver2/share/livox_ros_driver2/config/MID360_config.json
[6.240s] -- Installing: /home/nvidia/luckrobot/livox_ws/install/livox_ros_driver2/share/livox_ros_driver2/config/MID360s_config.json
[6.240s] -- Up-to-date: /home/nvidia/luckrobot/livox_ws/install/livox_ros_driver2/share/livox_ros_driver2/launch_ROS2
[6.241s] -- Up-to-date: /home/nvidia/luckrobot/livox_ws/install/livox_ros_driver2/share/livox_ros_driver2/launch_ROS2/rviz_mixed.py
[6.241s] -- Up-to-date: /home/nvidia/luckrobot/livox_ws/install/livox_ros_driver2/share/livox_ros_driver2/launch_ROS2/rviz_MID360_launch.py
[6.241s] -- Up-to-date: /home/nvidia/luckrobot/livox_ws/install/livox_ros_driver2/share/livox_ros_driver2/launch_ROS2/rviz_MID360s_launch.py
[6.241s] -- Up-to-date: /home/nvidia/luckrobot/livox_ws/install/livox_ros_driver2/share/livox_ros_driver2/launch_ROS2/msg_HAP_launch.py
[6.241s] -- Up-to-date: /home/nvidia/luckrobot/livox_ws/install/livox_ros_driver2/share/livox_ros_driver2/launch_ROS2/rviz_HAP_launch.py
[6.241s] -- Up-to-date: /home/nvidia/luckrobot/livox_ws/install/livox_ros_driver2/share/livox_ros_driver2/launch_ROS2/msg_MID360s_launch.py
[6.241s] -- Up-to-date: /home/nvidia/luckrobot/livox_ws/install/livox_ros_driver2/share/livox_ros_driver2/launch_ROS2/msg_MID360_launch.py
[6.241s] -- Up-to-date: /home/nvidia/luckrobot/livox_ws/install/livox_ros_driver2/share/ament_index/resource_index/package_run_dependencies/livox_ros_driver2
[6.242s] -- Installing: /home/nvidia/luckrobot/livox_ws/install/livox_ros_driver2/share/ament_index/resource_index/parent_prefix_path/livox_ros_driver2
[6.242s] -- Up-to-date: /home/nvidia/luckrobot/livox_ws/install/livox_ros_driver2/share/livox_ros_driver2/environment/ament_prefix_path.sh
[6.242s] -- Installing: /home/nvidia/luckrobot/livox_ws/install/livox_ros_driver2/share/livox_ros_driver2/environment/ament_prefix_path.dsv
[6.242s] -- Up-to-date: /home/nvidia/luckrobot/livox_ws/install/livox_ros_driver2/share/livox_ros_driver2/environment/path.sh
[6.242s] -- Installing: /home/nvidia/luckrobot/livox_ws/install/livox_ros_driver2/share/livox_ros_driver2/environment/path.dsv
[6.242s] -- Up-to-date: /home/nvidia/luckrobot/livox_ws/install/livox_ros_driver2/share/livox_ros_driver2/local_setup.bash
[6.243s] -- Up-to-date: /home/nvidia/luckrobot/livox_ws/install/livox_ros_driver2/share/livox_ros_driver2/local_setup.sh
[6.243s] -- Up-to-date: /home/nvidia/luckrobot/livox_ws/install/livox_ros_driver2/share/livox_ros_driver2/local_setup.zsh
[6.243s] -- Installing: /home/nvidia/luckrobot/livox_ws/install/livox_ros_driver2/share/livox_ros_driver2/local_setup.dsv
[6.243s] -- Installing: /home/nvidia/luckrobot/livox_ws/install/livox_ros_driver2/share/livox_ros_driver2/package.dsv
[6.244s] -- Up-to-date: /home/nvidia/luckrobot/livox_ws/install/livox_ros_driver2/share/ament_index/resource_index/packages/livox_ros_driver2
[6.244s] -- Up-to-date: /home/nvidia/luckrobot/livox_ws/install/livox_ros_driver2/share/livox_ros_driver2/cmake/export_livox_interfaces2__rosidl_generator_cExport.cmake
[6.244s] -- Up-to-date: /home/nvidia/luckrobot/livox_ws/install/livox_ros_driver2/share/livox_ros_driver2/cmake/export_livox_interfaces2__rosidl_generator_cExport-noconfig.cmake
[6.244s] -- Up-to-date: /home/nvidia/luckrobot/livox_ws/install/livox_ros_driver2/share/livox_ros_driver2/cmake/export_livox_interfaces2__rosidl_typesupport_fastrtps_cExport.cmake
[6.245s] -- Up-to-date: /home/nvidia/luckrobot/livox_ws/install/livox_ros_driver2/share/livox_ros_driver2/cmake/export_livox_interfaces2__rosidl_typesupport_fastrtps_cExport-noconfig.cmake
[6.245s] -- Up-to-date: /home/nvidia/luckrobot/livox_ws/install/livox_ros_driver2/share/livox_ros_driver2/cmake/livox_interfaces2__rosidl_typesupport_introspection_cExport.cmake
[6.245s] -- Up-to-date: /home/nvidia/luckrobot/livox_ws/install/livox_ros_driver2/share/livox_ros_driver2/cmake/livox_interfaces2__rosidl_typesupport_introspection_cExport-noconfig.cmake
[6.246s] -- Up-to-date: /home/nvidia/luckrobot/livox_ws/install/livox_ros_driver2/share/livox_ros_driver2/cmake/livox_interfaces2__rosidl_typesupport_cExport.cmake
[6.246s] -- Up-to-date: /home/nvidia/luckrobot/livox_ws/install/livox_ros_driver2/share/livox_ros_driver2/cmake/livox_interfaces2__rosidl_typesupport_cExport-noconfig.cmake
[6.246s] -- Up-to-date: /home/nvidia/luckrobot/livox_ws/install/livox_ros_driver2/share/livox_ros_driver2/cmake/export_livox_interfaces2__rosidl_generator_cppExport.cmake
[6.247s] -- Up-to-date: /home/nvidia/luckrobot/livox_ws/install/livox_ros_driver2/share/livox_ros_driver2/cmake/export_livox_interfaces2__rosidl_typesupport_fastrtps_cppExport.cmake
[6.247s] -- Up-to-date: /home/nvidia/luckrobot/livox_ws/install/livox_ros_driver2/share/livox_ros_driver2/cmake/export_livox_interfaces2__rosidl_typesupport_fastrtps_cppExport-noconfig.cmake
[6.247s] -- Up-to-date: /home/nvidia/luckrobot/livox_ws/install/livox_ros_driver2/share/livox_ros_driver2/cmake/livox_interfaces2__rosidl_typesupport_introspection_cppExport.cmake
[6.247s] -- Up-to-date: /home/nvidia/luckrobot/livox_ws/install/livox_ros_driver2/share/livox_ros_driver2/cmake/livox_interfaces2__rosidl_typesupport_introspection_cppExport-noconfig.cmake
[6.248s] -- Up-to-date: /home/nvidia/luckrobot/livox_ws/install/livox_ros_driver2/share/livox_ros_driver2/cmake/livox_interfaces2__rosidl_typesupport_cppExport.cmake
[6.250s] -- Up-to-date: /home/nvidia/luckrobot/livox_ws/install/livox_ros_driver2/share/livox_ros_driver2/cmake/livox_interfaces2__rosidl_typesupport_cppExport-noconfig.cmake
[6.250s] -- Up-to-date: /home/nvidia/luckrobot/livox_ws/install/livox_ros_driver2/share/livox_ros_driver2/cmake/export_livox_interfaces2__rosidl_generator_pyExport.cmake
[6.250s] -- Up-to-date: /home/nvidia/luckrobot/livox_ws/install/livox_ros_driver2/share/livox_ros_driver2/cmake/export_livox_interfaces2__rosidl_generator_pyExport-noconfig.cmake
[6.250s] -- Up-to-date: /home/nvidia/luckrobot/livox_ws/install/livox_ros_driver2/share/ament_index/resource_index/rclcpp_components/livox_ros_driver2
[6.250s] -- Up-to-date: /home/nvidia/luckrobot/livox_ws/install/livox_ros_driver2/share/livox_ros_driver2/cmake/rosidl_cmake-extras.cmake
[6.251s] -- Up-to-date: /home/nvidia/luckrobot/livox_ws/install/livox_ros_driver2/share/livox_ros_driver2/cmake/ament_cmake_export_dependencies-extras.cmake
[6.251s] -- Up-to-date: /home/nvidia/luckrobot/livox_ws/install/livox_ros_driver2/share/livox_ros_driver2/cmake/ament_cmake_export_include_directories-extras.cmake
[6.251s] -- Up-to-date: /home/nvidia/luckrobot/livox_ws/install/livox_ros_driver2/share/livox_ros_driver2/cmake/ament_cmake_export_libraries-extras.cmake
[6.251s] -- Up-to-date: /home/nvidia/luckrobot/livox_ws/install/livox_ros_driver2/share/livox_ros_driver2/cmake/ament_cmake_export_targets-extras.cmake
[6.251s] -- Up-to-date: /home/nvidia/luckrobot/livox_ws/install/livox_ros_driver2/share/livox_ros_driver2/cmake/rosidl_cmake_export_typesupport_targets-extras.cmake
[6.251s] -- Up-to-date: /home/nvidia/luckrobot/livox_ws/install/livox_ros_driver2/share/livox_ros_driver2/cmake/rosidl_cmake_export_typesupport_libraries-extras.cmake
[6.251s] -- Up-to-date: /home/nvidia/luckrobot/livox_ws/install/livox_ros_driver2/share/livox_ros_driver2/cmake/livox_ros_driver2Config.cmake
[6.251s] -- Up-to-date: /home/nvidia/luckrobot/livox_ws/install/livox_ros_driver2/share/livox_ros_driver2/cmake/livox_ros_driver2Config-version.cmake
[6.251s] -- Up-to-date: /home/nvidia/luckrobot/livox_ws/install/livox_ros_driver2/share/livox_ros_driver2/package.xml
[6.266s] Invoked command in '/home/nvidia/luckrobot/livox_ws/build/livox_ros_driver2' returned '0': CMAKE_PREFIX_PATH=${CMAKE_PREFIX_PATH}:/home/nvidia/luckrobot/luckrobot_ws/install/luckrobot_launch1:/home/nvidia/luckrobot/luckrobot_ws/install/keyboard_control:/opt/ros/humble /usr/bin/cmake --install /home/nvidia/luckrobot/livox_ws/build/livox_ros_driver2
