[0.021s] Invoking command in '/home/nvidia/luckrobot/mid360s_ws/build/fast_lio': CMAKE_PREFIX_PATH=${CMAKE_PREFIX_PATH}:/home/nvidia/luckrobot/luckrobot_ws/install/luckrobot_launch1:/home/nvidia/luckrobot/luckrobot_ws/install/keyboard_control:/opt/ros/humble /usr/bin/cmake --build /home/nvidia/luckrobot/mid360s_ws/build/fast_lio -- -j6 -l6
[0.191s] [  8%] Built target fast_lio__rosidl_generator_c
[0.191s] [ 11%] Built target fast_lio__cpp
[0.204s] [ 11%] Built target ament_cmake_python_symlink_fast_lio
[0.231s] [ 20%] Built target fast_lio__rosidl_typesupport_c
[0.231s] [ 37%] Built target fast_lio__rosidl_typesupport_fastrtps_c
[0.234s] [ 37%] Built target fast_lio__rosidl_typesupport_introspection_c
[0.246s] [ 45%] Built target fast_lio__rosidl_typesupport_cpp
[0.256s] [ 54%] Built target fast_lio__rosidl_typesupport_introspection_cpp
[0.257s] [ 62%] Built target fast_lio__rosidl_typesupport_fastrtps_cpp
[0.304s] [ 62%] Built target fast_lio
[0.341s] [ 74%] Built target fastlio_mapping
[0.353s] [ 77%] Built target fast_lio__py
[0.399s] [ 82%] Built target fast_lio__rosidl_generator_py
[0.444s] [ 88%] Built target fast_lio__rosidl_typesupport_fastrtps_c__pyext
[0.446s] [ 94%] Built target fast_lio__rosidl_typesupport_introspection_c__pyext
[0.446s] [100%] Built target fast_lio__rosidl_typesupport_c__pyext
[0.715s] running egg_info
[0.717s] writing fast_lio.egg-info/PKG-INFO
[0.717s] writing dependency_links to fast_lio.egg-info/dependency_links.txt
[0.717s] writing top-level names to fast_lio.egg-info/top_level.txt
[0.722s] reading manifest file 'fast_lio.egg-info/SOURCES.txt'
[0.723s] writing manifest file 'fast_lio.egg-info/SOURCES.txt'
[0.794s] [100%] Built target ament_cmake_python_build_fast_lio_egg
[0.822s] Invoked command in '/home/nvidia/luckrobot/mid360s_ws/build/fast_lio' returned '0': CMAKE_PREFIX_PATH=${CMAKE_PREFIX_PATH}:/home/nvidia/luckrobot/luckrobot_ws/install/luckrobot_launch1:/home/nvidia/luckrobot/luckrobot_ws/install/keyboard_control:/opt/ros/humble /usr/bin/cmake --build /home/nvidia/luckrobot/mid360s_ws/build/fast_lio -- -j6 -l6
[0.851s] Invoking command in '/home/nvidia/luckrobot/mid360s_ws/build/fast_lio': CMAKE_PREFIX_PATH=${CMAKE_PREFIX_PATH}:/home/nvidia/luckrobot/luckrobot_ws/install/luckrobot_launch1:/home/nvidia/luckrobot/luckrobot_ws/install/keyboard_control:/opt/ros/humble /usr/bin/cmake --install /home/nvidia/luckrobot/mid360s_ws/build/fast_lio
[0.871s] -- Install configuration: "Release"
[0.872s] -- Execute custom install script
[0.873s] -- Up-to-date symlink: /home/nvidia/luckrobot/mid360s_ws/install/fast_lio/share/ament_index/resource_index/rosidl_interfaces/fast_lio
[0.874s] -- Up-to-date symlink: /home/nvidia/luckrobot/mid360s_ws/install/fast_lio/include/fast_lio/fast_lio/msg/detail/pose6_d__functions.h
[0.874s] -- Up-to-date symlink: /home/nvidia/luckrobot/mid360s_ws/install/fast_lio/include/fast_lio/fast_lio/msg/detail/pose6_d__struct.h
[0.874s] -- Up-to-date symlink: /home/nvidia/luckrobot/mid360s_ws/install/fast_lio/include/fast_lio/fast_lio/msg/detail/pose6_d__type_support.h
[0.875s] -- Up-to-date symlink: /home/nvidia/luckrobot/mid360s_ws/install/fast_lio/include/fast_lio/fast_lio/msg/pose6_d.h
[0.875s] -- Up-to-date symlink: /home/nvidia/luckrobot/mid360s_ws/install/fast_lio/include/fast_lio/fast_lio/msg/rosidl_generator_c__visibility_control.h
[0.875s] -- Up-to-date symlink: /home/nvidia/luckrobot/mid360s_ws/install/fast_lio/share/fast_lio/environment/library_path.sh
[0.876s] -- Up-to-date symlink: /home/nvidia/luckrobot/mid360s_ws/install/fast_lio/share/fast_lio/environment/library_path.dsv
[0.877s] -- Up-to-date symlink: /home/nvidia/luckrobot/mid360s_ws/install/fast_lio/include/fast_lio/fast_lio/msg/detail/pose6_d__rosidl_typesupport_fastrtps_c.h
[0.877s] -- Up-to-date symlink: /home/nvidia/luckrobot/mid360s_ws/install/fast_lio/include/fast_lio/fast_lio/msg/rosidl_typesupport_fastrtps_c__visibility_control.h
[0.878s] -- Up-to-date symlink: /home/nvidia/luckrobot/mid360s_ws/install/fast_lio/include/fast_lio/fast_lio/msg/detail/pose6_d__builder.hpp
[0.878s] -- Up-to-date symlink: /home/nvidia/luckrobot/mid360s_ws/install/fast_lio/include/fast_lio/fast_lio/msg/detail/pose6_d__struct.hpp
[0.878s] -- Up-to-date symlink: /home/nvidia/luckrobot/mid360s_ws/install/fast_lio/include/fast_lio/fast_lio/msg/detail/pose6_d__traits.hpp
[0.878s] -- Up-to-date symlink: /home/nvidia/luckrobot/mid360s_ws/install/fast_lio/include/fast_lio/fast_lio/msg/detail/pose6_d__type_support.hpp
[0.879s] -- Up-to-date symlink: /home/nvidia/luckrobot/mid360s_ws/install/fast_lio/include/fast_lio/fast_lio/msg/pose6_d.hpp
[0.879s] -- Up-to-date symlink: /home/nvidia/luckrobot/mid360s_ws/install/fast_lio/include/fast_lio/fast_lio/msg/rosidl_generator_cpp__visibility_control.hpp
[0.880s] -- Up-to-date symlink: /home/nvidia/luckrobot/mid360s_ws/install/fast_lio/include/fast_lio/fast_lio/msg/detail/pose6_d__rosidl_typesupport_fastrtps_cpp.hpp
[0.880s] -- Up-to-date symlink: /home/nvidia/luckrobot/mid360s_ws/install/fast_lio/include/fast_lio/fast_lio/msg/rosidl_typesupport_fastrtps_cpp__visibility_control.h
[0.881s] -- Up-to-date symlink: /home/nvidia/luckrobot/mid360s_ws/install/fast_lio/include/fast_lio/fast_lio/msg/detail/pose6_d__rosidl_typesupport_introspection_c.h
[0.882s] -- Up-to-date symlink: /home/nvidia/luckrobot/mid360s_ws/install/fast_lio/include/fast_lio/fast_lio/msg/rosidl_typesupport_introspection_c__visibility_control.h
[0.882s] -- Up-to-date symlink: /home/nvidia/luckrobot/mid360s_ws/install/fast_lio/include/fast_lio/fast_lio/msg/detail/pose6_d__rosidl_typesupport_introspection_cpp.hpp
[0.883s] -- Up-to-date symlink: /home/nvidia/luckrobot/mid360s_ws/install/fast_lio/share/fast_lio/environment/pythonpath.sh
[0.883s] -- Up-to-date symlink: /home/nvidia/luckrobot/mid360s_ws/install/fast_lio/share/fast_lio/environment/pythonpath.dsv
[0.884s] -- Up-to-date symlink: /home/nvidia/luckrobot/mid360s_ws/install/fast_lio/local/lib/python3.10/dist-packages/fast_lio-0.0.0-py3.10.egg-info/PKG-INFO
[0.884s] -- Up-to-date symlink: /home/nvidia/luckrobot/mid360s_ws/install/fast_lio/local/lib/python3.10/dist-packages/fast_lio-0.0.0-py3.10.egg-info/SOURCES.txt
[0.884s] -- Up-to-date symlink: /home/nvidia/luckrobot/mid360s_ws/install/fast_lio/local/lib/python3.10/dist-packages/fast_lio-0.0.0-py3.10.egg-info/dependency_links.txt
[0.884s] -- Up-to-date symlink: /home/nvidia/luckrobot/mid360s_ws/install/fast_lio/local/lib/python3.10/dist-packages/fast_lio-0.0.0-py3.10.egg-info/top_level.txt
[0.885s] -- Up-to-date symlink: /home/nvidia/luckrobot/mid360s_ws/install/fast_lio/local/lib/python3.10/dist-packages/fast_lio/__init__.py
[0.886s] -- Up-to-date symlink: /home/nvidia/luckrobot/mid360s_ws/install/fast_lio/local/lib/python3.10/dist-packages/fast_lio/_fast_lio_s.ep.rosidl_typesupport_c.c
[0.886s] -- Up-to-date symlink: /home/nvidia/luckrobot/mid360s_ws/install/fast_lio/local/lib/python3.10/dist-packages/fast_lio/_fast_lio_s.ep.rosidl_typesupport_fastrtps_c.c
[0.886s] -- Up-to-date symlink: /home/nvidia/luckrobot/mid360s_ws/install/fast_lio/local/lib/python3.10/dist-packages/fast_lio/_fast_lio_s.ep.rosidl_typesupport_introspection_c.c
[0.886s] -- Up-to-date symlink: /home/nvidia/luckrobot/mid360s_ws/install/fast_lio/local/lib/python3.10/dist-packages/fast_lio/fast_lio_s__rosidl_typesupport_c.cpython-310-aarch64-linux-gnu.so
[0.887s] -- Up-to-date symlink: /home/nvidia/luckrobot/mid360s_ws/install/fast_lio/local/lib/python3.10/dist-packages/fast_lio/fast_lio_s__rosidl_typesupport_fastrtps_c.cpython-310-aarch64-linux-gnu.so
[0.887s] -- Up-to-date symlink: /home/nvidia/luckrobot/mid360s_ws/install/fast_lio/local/lib/python3.10/dist-packages/fast_lio/fast_lio_s__rosidl_typesupport_introspection_c.cpython-310-aarch64-linux-gnu.so
[0.887s] -- Up-to-date symlink: /home/nvidia/luckrobot/mid360s_ws/install/fast_lio/local/lib/python3.10/dist-packages/fast_lio/libfast_lio__rosidl_generator_py.so
[0.887s] -- Up-to-date symlink: /home/nvidia/luckrobot/mid360s_ws/install/fast_lio/local/lib/python3.10/dist-packages/fast_lio/msg/__init__.py
[0.888s] -- Up-to-date symlink: /home/nvidia/luckrobot/mid360s_ws/install/fast_lio/local/lib/python3.10/dist-packages/fast_lio/msg/_pose6_d.py
[0.888s] -- Up-to-date symlink: /home/nvidia/luckrobot/mid360s_ws/install/fast_lio/local/lib/python3.10/dist-packages/fast_lio/msg/_pose6_d_s.c
[0.889s] -- Up-to-date symlink: /home/nvidia/luckrobot/mid360s_ws/install/fast_lio/local/lib/python3.10/dist-packages/fast_lio/fast_lio_s__rosidl_typesupport_fastrtps_c.cpython-310-aarch64-linux-gnu.so
[0.889s] -- Up-to-date symlink: /home/nvidia/luckrobot/mid360s_ws/install/fast_lio/local/lib/python3.10/dist-packages/fast_lio/fast_lio_s__rosidl_typesupport_introspection_c.cpython-310-aarch64-linux-gnu.so
[0.890s] -- Up-to-date symlink: /home/nvidia/luckrobot/mid360s_ws/install/fast_lio/local/lib/python3.10/dist-packages/fast_lio/fast_lio_s__rosidl_typesupport_c.cpython-310-aarch64-linux-gnu.so
[0.890s] -- Up-to-date symlink: /home/nvidia/luckrobot/mid360s_ws/install/fast_lio/share/fast_lio/msg/Pose6D.idl
[0.891s] -- Up-to-date symlink: /home/nvidia/luckrobot/mid360s_ws/install/fast_lio/share/fast_lio/msg/Pose6D.msg
[0.891s] -- Up-to-date symlink: /home/nvidia/luckrobot/mid360s_ws/install/fast_lio/lib/fast_lio/fastlio_mapping
[0.892s] -- Up-to-date symlink: /home/nvidia/luckrobot/mid360s_ws/install/fast_lio/share/fast_lio/config/avia.yaml
[0.892s] -- Up-to-date symlink: /home/nvidia/luckrobot/mid360s_ws/install/fast_lio/share/fast_lio/config/horizon.yaml
[0.892s] -- Up-to-date symlink: /home/nvidia/luckrobot/mid360s_ws/install/fast_lio/share/fast_lio/config/mid360.yaml
[0.892s] -- Up-to-date symlink: /home/nvidia/luckrobot/mid360s_ws/install/fast_lio/share/fast_lio/config/ouster64.yaml
[0.893s] -- Up-to-date symlink: /home/nvidia/luckrobot/mid360s_ws/install/fast_lio/share/fast_lio/config/velodyne.yaml
[0.893s] -- Up-to-date symlink: /home/nvidia/luckrobot/mid360s_ws/install/fast_lio/share/fast_lio/launch/gdb_debug_example.launch
[0.893s] -- Up-to-date symlink: /home/nvidia/luckrobot/mid360s_ws/install/fast_lio/share/fast_lio/launch/mapping.launch.py
[0.894s] -- Up-to-date symlink: /home/nvidia/luckrobot/mid360s_ws/install/fast_lio/share/fast_lio/rviz/fastlio.rviz
[0.894s] -- Up-to-date symlink: /home/nvidia/luckrobot/mid360s_ws/install/fast_lio/share/ament_index/resource_index/package_run_dependencies/fast_lio
[0.895s] -- Up-to-date symlink: /home/nvidia/luckrobot/mid360s_ws/install/fast_lio/share/ament_index/resource_index/parent_prefix_path/fast_lio
[0.895s] -- Up-to-date symlink: /home/nvidia/luckrobot/mid360s_ws/install/fast_lio/share/fast_lio/environment/ament_prefix_path.sh
[0.895s] -- Up-to-date symlink: /home/nvidia/luckrobot/mid360s_ws/install/fast_lio/share/fast_lio/environment/ament_prefix_path.dsv
[0.896s] -- Up-to-date symlink: /home/nvidia/luckrobot/mid360s_ws/install/fast_lio/share/fast_lio/environment/path.sh
[0.896s] -- Up-to-date symlink: /home/nvidia/luckrobot/mid360s_ws/install/fast_lio/share/fast_lio/environment/path.dsv
[0.896s] -- Up-to-date symlink: /home/nvidia/luckrobot/mid360s_ws/install/fast_lio/share/fast_lio/local_setup.bash
[0.897s] -- Up-to-date symlink: /home/nvidia/luckrobot/mid360s_ws/install/fast_lio/share/fast_lio/local_setup.sh
[0.897s] -- Up-to-date symlink: /home/nvidia/luckrobot/mid360s_ws/install/fast_lio/share/fast_lio/local_setup.zsh
[0.897s] -- Up-to-date symlink: /home/nvidia/luckrobot/mid360s_ws/install/fast_lio/share/fast_lio/local_setup.dsv
[0.897s] -- Symlinking: /home/nvidia/luckrobot/mid360s_ws/install/fast_lio/share/fast_lio/package.dsv
[0.917s] -- Up-to-date symlink: /home/nvidia/luckrobot/mid360s_ws/install/fast_lio/share/ament_index/resource_index/packages/fast_lio
[0.917s] -- Up-to-date symlink: /home/nvidia/luckrobot/mid360s_ws/install/fast_lio/share/fast_lio/cmake/rosidl_cmake-extras.cmake
[0.917s] -- Up-to-date symlink: /home/nvidia/luckrobot/mid360s_ws/install/fast_lio/share/fast_lio/cmake/ament_cmake_export_include_directories-extras.cmake
[0.918s] -- Up-to-date symlink: /home/nvidia/luckrobot/mid360s_ws/install/fast_lio/share/fast_lio/cmake/ament_cmake_export_libraries-extras.cmake
[0.918s] -- Up-to-date symlink: /home/nvidia/luckrobot/mid360s_ws/install/fast_lio/share/fast_lio/cmake/ament_cmake_export_targets-extras.cmake
[0.918s] -- Up-to-date symlink: /home/nvidia/luckrobot/mid360s_ws/install/fast_lio/share/fast_lio/cmake/rosidl_cmake_export_typesupport_targets-extras.cmake
[0.919s] -- Up-to-date symlink: /home/nvidia/luckrobot/mid360s_ws/install/fast_lio/share/fast_lio/cmake/ament_cmake_export_dependencies-extras.cmake
[0.919s] -- Up-to-date symlink: /home/nvidia/luckrobot/mid360s_ws/install/fast_lio/share/fast_lio/cmake/rosidl_cmake_export_typesupport_libraries-extras.cmake
[0.919s] -- Up-to-date symlink: /home/nvidia/luckrobot/mid360s_ws/install/fast_lio/share/fast_lio/cmake/fast_lioConfig.cmake
[0.920s] -- Up-to-date symlink: /home/nvidia/luckrobot/mid360s_ws/install/fast_lio/share/fast_lio/cmake/fast_lioConfig-version.cmake
[0.920s] -- Up-to-date symlink: /home/nvidia/luckrobot/mid360s_ws/install/fast_lio/share/fast_lio/package.xml
[0.921s] -- Up-to-date: /home/nvidia/luckrobot/mid360s_ws/install/fast_lio/lib/libfast_lio__rosidl_generator_c.so
[0.922s] -- Up-to-date: /home/nvidia/luckrobot/mid360s_ws/install/fast_lio/lib/libfast_lio__rosidl_typesupport_fastrtps_c.so
[0.922s] -- Up-to-date: /home/nvidia/luckrobot/mid360s_ws/install/fast_lio/lib/libfast_lio__rosidl_typesupport_fastrtps_cpp.so
[0.923s] -- Up-to-date: /home/nvidia/luckrobot/mid360s_ws/install/fast_lio/lib/libfast_lio__rosidl_typesupport_introspection_c.so
[0.924s] -- Up-to-date: /home/nvidia/luckrobot/mid360s_ws/install/fast_lio/lib/libfast_lio__rosidl_typesupport_c.so
[0.924s] -- Up-to-date: /home/nvidia/luckrobot/mid360s_ws/install/fast_lio/lib/libfast_lio__rosidl_typesupport_introspection_cpp.so
[0.925s] -- Up-to-date: /home/nvidia/luckrobot/mid360s_ws/install/fast_lio/lib/libfast_lio__rosidl_typesupport_cpp.so
[0.996s] Listing '/home/nvidia/luckrobot/mid360s_ws/install/fast_lio/local/lib/python3.10/dist-packages/fast_lio'...
[0.996s] Listing '/home/nvidia/luckrobot/mid360s_ws/install/fast_lio/local/lib/python3.10/dist-packages/fast_lio/msg'...
[1.007s] -- Up-to-date: /home/nvidia/luckrobot/mid360s_ws/install/fast_lio/lib/libfast_lio__rosidl_generator_py.so
[1.009s] -- Up-to-date: /home/nvidia/luckrobot/mid360s_ws/install/fast_lio/share/fast_lio/cmake/export_fast_lio__rosidl_generator_cExport.cmake
[1.009s] -- Up-to-date: /home/nvidia/luckrobot/mid360s_ws/install/fast_lio/share/fast_lio/cmake/export_fast_lio__rosidl_generator_cExport-release.cmake
[1.010s] -- Up-to-date: /home/nvidia/luckrobot/mid360s_ws/install/fast_lio/share/fast_lio/cmake/export_fast_lio__rosidl_typesupport_fastrtps_cExport.cmake
[1.010s] -- Up-to-date: /home/nvidia/luckrobot/mid360s_ws/install/fast_lio/share/fast_lio/cmake/export_fast_lio__rosidl_typesupport_fastrtps_cExport-release.cmake
[1.011s] -- Up-to-date: /home/nvidia/luckrobot/mid360s_ws/install/fast_lio/share/fast_lio/cmake/export_fast_lio__rosidl_generator_cppExport.cmake
[1.012s] -- Up-to-date: /home/nvidia/luckrobot/mid360s_ws/install/fast_lio/share/fast_lio/cmake/export_fast_lio__rosidl_typesupport_fastrtps_cppExport.cmake
[1.013s] -- Up-to-date: /home/nvidia/luckrobot/mid360s_ws/install/fast_lio/share/fast_lio/cmake/export_fast_lio__rosidl_typesupport_fastrtps_cppExport-release.cmake
[1.013s] -- Up-to-date: /home/nvidia/luckrobot/mid360s_ws/install/fast_lio/share/fast_lio/cmake/fast_lio__rosidl_typesupport_introspection_cExport.cmake
[1.014s] -- Up-to-date: /home/nvidia/luckrobot/mid360s_ws/install/fast_lio/share/fast_lio/cmake/fast_lio__rosidl_typesupport_introspection_cExport-release.cmake
[1.014s] -- Up-to-date: /home/nvidia/luckrobot/mid360s_ws/install/fast_lio/share/fast_lio/cmake/fast_lio__rosidl_typesupport_cExport.cmake
[1.015s] -- Up-to-date: /home/nvidia/luckrobot/mid360s_ws/install/fast_lio/share/fast_lio/cmake/fast_lio__rosidl_typesupport_cExport-release.cmake
[1.017s] -- Up-to-date: /home/nvidia/luckrobot/mid360s_ws/install/fast_lio/share/fast_lio/cmake/fast_lio__rosidl_typesupport_introspection_cppExport.cmake
[1.017s] -- Up-to-date: /home/nvidia/luckrobot/mid360s_ws/install/fast_lio/share/fast_lio/cmake/fast_lio__rosidl_typesupport_introspection_cppExport-release.cmake
[1.019s] -- Up-to-date: /home/nvidia/luckrobot/mid360s_ws/install/fast_lio/share/fast_lio/cmake/fast_lio__rosidl_typesupport_cppExport.cmake
[1.019s] -- Up-to-date: /home/nvidia/luckrobot/mid360s_ws/install/fast_lio/share/fast_lio/cmake/fast_lio__rosidl_typesupport_cppExport-release.cmake
[1.020s] -- Up-to-date: /home/nvidia/luckrobot/mid360s_ws/install/fast_lio/share/fast_lio/cmake/export_fast_lio__rosidl_generator_pyExport.cmake
[1.020s] -- Up-to-date: /home/nvidia/luckrobot/mid360s_ws/install/fast_lio/share/fast_lio/cmake/export_fast_lio__rosidl_generator_pyExport-release.cmake
[1.029s] Invoked command in '/home/nvidia/luckrobot/mid360s_ws/build/fast_lio' returned '0': CMAKE_PREFIX_PATH=${CMAKE_PREFIX_PATH}:/home/nvidia/luckrobot/luckrobot_ws/install/luckrobot_launch1:/home/nvidia/luckrobot/luckrobot_ws/install/keyboard_control:/opt/ros/humble /usr/bin/cmake --install /home/nvidia/luckrobot/mid360s_ws/build/fast_lio
