[0.972s] Invoking command in '/home/nvidia/luckrobot/luckrobot_ws/build/robot_display': CMAKE_PREFIX_PATH=${CMAKE_PREFIX_PATH}:/home/nvidia/luckrobot/luckrobot_ws/install/luckrobot_launch1:/home/nvidia/luckrobot/luckrobot_ws/install/keyboard_control:/opt/ros/humble /usr/bin/cmake --build /home/nvidia/luckrobot/luckrobot_ws/build/robot_display -- -j6 -l6
[1.059s] Invoked command in '/home/nvidia/luckrobot/luckrobot_ws/build/robot_display' returned '0': CMAKE_PREFIX_PATH=${CMAKE_PREFIX_PATH}:/home/nvidia/luckrobot/luckrobot_ws/install/luckrobot_launch1:/home/nvidia/luckrobot/luckrobot_ws/install/keyboard_control:/opt/ros/humble /usr/bin/cmake --build /home/nvidia/luckrobot/luckrobot_ws/build/robot_display -- -j6 -l6
[1.083s] Invoking command in '/home/nvidia/luckrobot/luckrobot_ws/build/robot_display': CMAKE_PREFIX_PATH=${CMAKE_PREFIX_PATH}:/home/nvidia/luckrobot/luckrobot_ws/install/luckrobot_launch1:/home/nvidia/luckrobot/luckrobot_ws/install/keyboard_control:/opt/ros/humble /usr/bin/cmake --install /home/nvidia/luckrobot/luckrobot_ws/build/robot_display
[1.101s] -- Install configuration: ""
[1.102s] -- Up-to-date: /home/nvidia/luckrobot/luckrobot_ws/install/robot_display/share/robot_display/launch
[1.102s] -- Up-to-date: /home/nvidia/luckrobot/luckrobot_ws/install/robot_display/share/robot_display/launch/robot_display.launch.py
[1.102s] -- Up-to-date: /home/nvidia/luckrobot/luckrobot_ws/install/robot_display/share/robot_display/urdf
[1.103s] -- Up-to-date: /home/nvidia/luckrobot/luckrobot_ws/install/robot_display/share/robot_display/urdf/0robot.SLDASM.urdf
[1.103s] -- Up-to-date: /home/nvidia/luckrobot/luckrobot_ws/install/robot_display/share/robot_display/urdf/0robot.SLDASM.csv
[1.103s] -- Up-to-date: /home/nvidia/luckrobot/luckrobot_ws/install/robot_display/share/robot_display/config
[1.103s] -- Up-to-date: /home/nvidia/luckrobot/luckrobot_ws/install/robot_display/share/robot_display/config/joint_names_0all_robot.SLDASM.yaml
[1.104s] -- Up-to-date: /home/nvidia/luckrobot/luckrobot_ws/install/robot_display/share/robot_display/meshes
[1.104s] -- Up-to-date: /home/nvidia/luckrobot/luckrobot_ws/install/robot_display/share/robot_display/meshes/whell_left_link.STL
[1.104s] -- Up-to-date: /home/nvidia/luckrobot/luckrobot_ws/install/robot_display/share/robot_display/meshes/base_link.STL
[1.104s] -- Up-to-date: /home/nvidia/luckrobot/luckrobot_ws/install/robot_display/share/robot_display/meshes/livox_link.STL
[1.104s] -- Up-to-date: /home/nvidia/luckrobot/luckrobot_ws/install/robot_display/share/robot_display/meshes/camera_link.STL
[1.104s] -- Up-to-date: /home/nvidia/luckrobot/luckrobot_ws/install/robot_display/share/robot_display/meshes/wheel_right_link.STL
[1.105s] -- Up-to-date: /home/nvidia/luckrobot/luckrobot_ws/install/robot_display/share/robot_display/meshes/screw_link.STL
[1.105s] -- Up-to-date: /home/nvidia/luckrobot/luckrobot_ws/install/robot_display/share/ament_index/resource_index/package_run_dependencies/robot_display
[1.105s] -- Up-to-date: /home/nvidia/luckrobot/luckrobot_ws/install/robot_display/share/ament_index/resource_index/parent_prefix_path/robot_display
[1.105s] -- Up-to-date: /home/nvidia/luckrobot/luckrobot_ws/install/robot_display/share/robot_display/environment/ament_prefix_path.sh
[1.105s] -- Up-to-date: /home/nvidia/luckrobot/luckrobot_ws/install/robot_display/share/robot_display/environment/ament_prefix_path.dsv
[1.105s] -- Up-to-date: /home/nvidia/luckrobot/luckrobot_ws/install/robot_display/share/robot_display/environment/path.sh
[1.105s] -- Up-to-date: /home/nvidia/luckrobot/luckrobot_ws/install/robot_display/share/robot_display/environment/path.dsv
[1.106s] -- Up-to-date: /home/nvidia/luckrobot/luckrobot_ws/install/robot_display/share/robot_display/local_setup.bash
[1.106s] -- Up-to-date: /home/nvidia/luckrobot/luckrobot_ws/install/robot_display/share/robot_display/local_setup.sh
[1.106s] -- Up-to-date: /home/nvidia/luckrobot/luckrobot_ws/install/robot_display/share/robot_display/local_setup.zsh
[1.106s] -- Up-to-date: /home/nvidia/luckrobot/luckrobot_ws/install/robot_display/share/robot_display/local_setup.dsv
[1.106s] -- Installing: /home/nvidia/luckrobot/luckrobot_ws/install/robot_display/share/robot_display/package.dsv
[1.106s] -- Up-to-date: /home/nvidia/luckrobot/luckrobot_ws/install/robot_display/share/ament_index/resource_index/packages/robot_display
[1.107s] -- Up-to-date: /home/nvidia/luckrobot/luckrobot_ws/install/robot_display/share/robot_display/cmake/robot_displayConfig.cmake
[1.107s] -- Up-to-date: /home/nvidia/luckrobot/luckrobot_ws/install/robot_display/share/robot_display/cmake/robot_displayConfig-version.cmake
[1.107s] -- Up-to-date: /home/nvidia/luckrobot/luckrobot_ws/install/robot_display/share/robot_display/package.xml
[1.111s] Invoked command in '/home/nvidia/luckrobot/luckrobot_ws/build/robot_display' returned '0': CMAKE_PREFIX_PATH=${CMAKE_PREFIX_PATH}:/home/nvidia/luckrobot/luckrobot_ws/install/luckrobot_launch1:/home/nvidia/luckrobot/luckrobot_ws/install/keyboard_control:/opt/ros/humble /usr/bin/cmake --install /home/nvidia/luckrobot/luckrobot_ws/build/robot_display
