[0.035s] Invoking command in '/home/nvidia/luckrobot/luckrobot_ws/build/wheel_controller': CMAKE_PREFIX_PATH=${CMAKE_PREFIX_PATH}:/home/nvidia/luckrobot/luckrobot_ws/install/luckrobot_launch1:/home/nvidia/luckrobot/luckrobot_ws/install/keyboard_control:/opt/ros/humble /usr/bin/cmake --build /home/nvidia/luckrobot/luckrobot_ws/build/wheel_controller -- -j6 -l6
[0.133s] [35m[1mConsolidate compiler generated dependencies of target state_publisher_node[0m
[0.164s] [ 37%] Built target danger_command_node
[0.164s] [ 50%] Built target wheel_controller_node
[0.175s] [ 87%] Built target lead_screw_motor_node
[0.176s] [ 87%] [32mBuilding CXX object CMakeFiles/state_publisher_node.dir/src/state_publisher_node.cpp.o[0m
[6.178s] [01m[K/home/nvidia/luckrobot/luckrobot_ws/src/wheel_controller/src/state_publisher_node.cpp:191:12:[m[K [01;31m[Kerror: [m[K‘[01m[Kdouble RobotStatePublisher::angle_diff(double, double)[m[K’ cannot be overloaded with ‘[01m[Kdouble RobotStatePublisher::angle_diff(double, double)[m[K’
[6.178s]   191 |     double [01;31m[Kangle_diff[m[K(double current, double last) {
[6.178s]       |            [01;31m[K^~~~~~~~~~[m[K
[6.180s] [01m[K/home/nvidia/luckrobot/luckrobot_ws/src/wheel_controller/src/state_publisher_node.cpp:132:12:[m[K [01;36m[Knote: [m[Kprevious declaration ‘[01m[Kdouble RobotStatePublisher::angle_diff(double, double)[m[K’
[6.180s]   132 |     double [01;36m[Kangle_diff[m[K(double current, double last) {
[6.181s]       |            [01;36m[K^~~~~~~~~~[m[K
[6.432s] [01m[K/home/nvidia/luckrobot/luckrobot_ws/src/wheel_controller/src/state_publisher_node.cpp:[m[K In lambda function:
[6.432s] [01m[K/home/nvidia/luckrobot/luckrobot_ws/src/wheel_controller/src/state_publisher_node.cpp:104:13:[m[K [01;31m[Kerror: [m[Kjump to label ‘[01m[Kpublish_data[m[K’
[6.432s]   104 |             [01;31m[Kpublish_data[m[K:
[6.433s]       |             [01;31m[K^~~~~~~~~~~~[m[K
[6.433s] [01m[K/home/nvidia/luckrobot/luckrobot_ws/src/wheel_controller/src/state_publisher_node.cpp:73:26:[m[K [01;36m[Knote: [m[K  from here
[6.433s]    73 |                     goto [01;36m[Kpublish_data[m[K; // 稳定期内纯透传
[6.433s]       |                          [01;36m[K^~~~~~~~~~~~[m[K
[6.433s] [01m[K/home/nvidia/luckrobot/luckrobot_ws/src/wheel_controller/src/state_publisher_node.cpp:83:22:[m[K [01;36m[Knote: [m[K  crosses initialization of ‘[01m[Kbool jump_right[m[K’
[6.433s]    83 |                 bool [01;36m[Kjump_right[m[K = std::fabs(delta_r) > ANGLE_JUMP_THRESH;
[6.433s]       |                      [01;36m[K^~~~~~~~~~[m[K
[6.434s] [01m[K/home/nvidia/luckrobot/luckrobot_ws/src/wheel_controller/src/state_publisher_node.cpp:82:22:[m[K [01;36m[Knote: [m[K  crosses initialization of ‘[01m[Kbool jump_left[m[K’
[6.434s]    82 |                 bool [01;36m[Kjump_left[m[K = std::fabs(delta_l) > ANGLE_JUMP_THRESH;
[6.434s]       |                      [01;36m[K^~~~~~~~~[m[K
[6.434s] [01m[K/home/nvidia/luckrobot/luckrobot_ws/src/wheel_controller/src/state_publisher_node.cpp:79:24:[m[K [01;36m[Knote: [m[K  crosses initialization of ‘[01m[Kdouble delta_r[m[K’
[6.434s]    79 |                 double [01;36m[Kdelta_r[m[K = angle_diff(processed_r, last_valid_right_);
[6.434s]       |                        [01;36m[K^~~~~~~[m[K
[6.435s] [01m[K/home/nvidia/luckrobot/luckrobot_ws/src/wheel_controller/src/state_publisher_node.cpp:78:24:[m[K [01;36m[Knote: [m[K  crosses initialization of ‘[01m[Kdouble delta_l[m[K’
[6.435s]    78 |                 double [01;36m[Kdelta_l[m[K = angle_diff(processed_l, last_valid_left_);
[6.435s]       |                        [01;36m[K^~~~~~~[m[K
[6.435s] [01m[K/home/nvidia/luckrobot/luckrobot_ws/src/wheel_controller/src/state_publisher_node.cpp:104:13:[m[K [01;31m[Kerror: [m[Kjump to label ‘[01m[Kpublish_data[m[K’
[6.435s]   104 |             [01;31m[Kpublish_data[m[K:
[6.435s]       |             [01;31m[K^~~~~~~~~~~~[m[K
[6.435s] [01m[K/home/nvidia/luckrobot/luckrobot_ws/src/wheel_controller/src/state_publisher_node.cpp:64:26:[m[K [01;36m[Knote: [m[K  from here
[6.436s]    64 |                     goto [01;36m[Kpublish_data[m[K; // 跳过后续处理，直接发布
[6.436s]       |                          [01;36m[K^~~~~~~~~~~~[m[K
[6.436s] [01m[K/home/nvidia/luckrobot/luckrobot_ws/src/wheel_controller/src/state_publisher_node.cpp:83:22:[m[K [01;36m[Knote: [m[K  crosses initialization of ‘[01m[Kbool jump_right[m[K’
[6.436s]    83 |                 bool [01;36m[Kjump_right[m[K = std::fabs(delta_r) > ANGLE_JUMP_THRESH;
[6.436s]       |                      [01;36m[K^~~~~~~~~~[m[K
[6.436s] [01m[K/home/nvidia/luckrobot/luckrobot_ws/src/wheel_controller/src/state_publisher_node.cpp:82:22:[m[K [01;36m[Knote: [m[K  crosses initialization of ‘[01m[Kbool jump_left[m[K’
[6.436s]    82 |                 bool [01;36m[Kjump_left[m[K = std::fabs(delta_l) > ANGLE_JUMP_THRESH;
[6.436s]       |                      [01;36m[K^~~~~~~~~[m[K
[6.437s] [01m[K/home/nvidia/luckrobot/luckrobot_ws/src/wheel_controller/src/state_publisher_node.cpp:79:24:[m[K [01;36m[Knote: [m[K  crosses initialization of ‘[01m[Kdouble delta_r[m[K’
[6.437s]    79 |                 double [01;36m[Kdelta_r[m[K = angle_diff(processed_r, last_valid_right_);
[6.437s]       |                        [01;36m[K^~~~~~~[m[K
[6.437s] [01m[K/home/nvidia/luckrobot/luckrobot_ws/src/wheel_controller/src/state_publisher_node.cpp:78:24:[m[K [01;36m[Knote: [m[K  crosses initialization of ‘[01m[Kdouble delta_l[m[K’
[6.437s]    78 |                 double [01;36m[Kdelta_l[m[K = angle_diff(processed_l, last_valid_left_);
[6.437s]       |                        [01;36m[K^~~~~~~[m[K
[15.371s] gmake[2]: *** [CMakeFiles/state_publisher_node.dir/build.make:76：CMakeFiles/state_publisher_node.dir/src/state_publisher_node.cpp.o] 错误 1
[15.371s] gmake[1]: *** [CMakeFiles/Makefile2:221：CMakeFiles/state_publisher_node.dir/all] 错误 2
[15.372s] gmake: *** [Makefile:146：all] 错误 2
[15.377s] Invoked command in '/home/nvidia/luckrobot/luckrobot_ws/build/wheel_controller' returned '2': CMAKE_PREFIX_PATH=${CMAKE_PREFIX_PATH}:/home/nvidia/luckrobot/luckrobot_ws/install/luckrobot_launch1:/home/nvidia/luckrobot/luckrobot_ws/install/keyboard_control:/opt/ros/humble /usr/bin/cmake --build /home/nvidia/luckrobot/luckrobot_ws/build/wheel_controller -- -j6 -l6
