[0.021s] Invoking command in '/home/nvidia/luckrobot/luckrobot_ws/build/wheel_controller': CMAKE_PREFIX_PATH=${CMAKE_PREFIX_PATH}:/home/nvidia/luckrobot/luckrobot_ws/install/luckrobot_launch1:/home/nvidia/luckrobot/luckrobot_ws/install/keyboard_control:/opt/ros/humble /usr/bin/cmake --build /home/nvidia/luckrobot/luckrobot_ws/build/wheel_controller -- -j6 -l6
[0.107s] [35m[1mConsolidate compiler generated dependencies of target lead_screw_motor_node[0m
[0.132s] [ 50%] Built target wheel_controller_node
[0.132s] [ 50%] Built target danger_command_node
[0.132s] [ 62%] [32mBuilding CXX object CMakeFiles/state_publisher_node.dir/src/state_publisher_node.cpp.o[0m
[0.142s] [ 75%] [32mBuilding CXX object CMakeFiles/lead_screw_motor_node.dir/src/lead_screw_motor_node.cpp.o[0m
[0.509s] [01m[K/home/nvidia/luckrobot/luckrobot_ws/src/wheel_controller/src/state_publisher_node.cpp:58:2:[m[K [01;31m[Kerror: [m[Kstray ‘[01m[K#[m[K’ in program
[0.510s]    58 | }[01;31m[K#[m[Kinclude <rclcpp/rclcpp.hpp>
[0.510s]       |  [01;31m[K^[m[K
[5.290s] [01m[K/home/nvidia/luckrobot/luckrobot_ws/src/wheel_controller/src/state_publisher_node.cpp:58:3:[m[K [01;31m[Kerror: [m[K‘[01m[Kinclude[m[K’ does not name a type
[5.291s]    58 | }#[01;31m[Kinclude[m[K <rclcpp/rclcpp.hpp>
[5.291s]       |   [01;31m[K^~~~~~~[m[K
[5.291s] In file included from [01m[K/usr/include/c++/11/deque:69[m[K,
[5.292s]                  from [01m[K/usr/include/c++/11/queue:60[m[K,
[5.292s]                  from [01m[K/home/nvidia/luckrobot/luckrobot_ws/src/wheel_controller/src/state_publisher_node.cpp:64[m[K:
[5.292s] [01m[K/usr/include/c++/11/bits/deque.tcc:69:10:[m[K [01;31m[Kerror: [m[Kexpected initializer before ‘[01m[K<[m[K’ token
[5.292s]    69 |     deque[01;31m[K<[m[K_Tp, _Alloc>::
[5.292s]       |          [01;31m[K^[m[K
[5.295s] [01m[K/usr/include/c++/11/bits/deque.tcc:94:5:[m[K [01;31m[Kerror: [m[K‘[01m[Kdeque[m[K’ does not name a type
[5.295s]    94 |     [01;31m[Kdeque[m[K<_Tp, _Alloc>&
[5.296s]       |     [01;31m[K^~~~~[m[K
[5.296s] [01m[K/usr/include/c++/11/bits/deque.tcc:136:16:[m[K [01;31m[Kerror: [m[Kexpected nested-name-specifier before ‘[01m[Kdeque[m[K’
[5.296s]   136 |       typename [01;31m[Kdeque[m[K<_Tp, _Alloc>::reference
[5.296s]       |                [01;31m[K^~~~~[m[K
[5.296s] [01m[K/usr/include/c++/11/bits/deque.tcc:136:16:[m[K [01;31m[Kerror: [m[Ktoo many template-parameter-lists
[5.296s] [01m[K/usr/include/c++/11/bits/deque.tcc:160:16:[m[K [01;31m[Kerror: [m[Kexpected nested-name-specifier before ‘[01m[Kdeque[m[K’
[5.296s]   160 |       typename [01;31m[Kdeque[m[K<_Tp, _Alloc>::reference
[5.296s]       |                [01;31m[K^~~~~[m[K
[5.297s] [01m[K/usr/include/c++/11/bits/deque.tcc:160:16:[m[K [01;31m[Kerror: [m[Ktoo many template-parameter-lists
[5.297s] [01m[K/usr/include/c++/11/bits/deque.tcc:186:16:[m[K [01;31m[Kerror: [m[Kexpected nested-name-specifier before ‘[01m[Kdeque[m[K’
[5.297s]   186 |       typename [01;31m[Kdeque[m[K<_Tp, _Alloc>::iterator
[5.297s]       |                [01;31m[K^~~~~[m[K
[5.297s] [01m[K/usr/include/c++/11/bits/deque.tcc:186:16:[m[K [01;31m[Kerror: [m[Ktoo many template-parameter-lists
[5.297s] [01m[K/usr/include/c++/11/bits/deque.tcc:209:14:[m[K [01;31m[Kerror: [m[Kexpected nested-name-specifier before ‘[01m[Kdeque[m[K’
[5.297s]   209 |     typename [01;31m[Kdeque[m[K<_Tp, _Alloc>::iterator
[5.297s]       |              [01;31m[K^~~~~[m[K
[5.297s] [01m[K/usr/include/c++/11/bits/deque.tcc:209:19:[m[K [01;31m[Kerror: [m[Kexpected initializer before ‘[01m[K<[m[K’ token
[5.297s]   209 |     typename deque[01;31m[K<[m[K_Tp, _Alloc>::iterator
[5.298s]       |                   [01;31m[K^[m[K
[5.298s] [01m[K/usr/include/c++/11/bits/deque.tcc:234:14:[m[K [01;31m[Kerror: [m[Kexpected nested-name-specifier before ‘[01m[Kdeque[m[K’
[5.298s]   234 |     typename [01;31m[Kdeque[m[K<_Tp, _Alloc>::iterator
[5.298s]       |              [01;31m[K^~~~~[m[K
[5.298s] [01m[K/usr/include/c++/11/bits/deque.tcc:234:19:[m[K [01;31m[Kerror: [m[Kexpected initializer before ‘[01m[K<[m[K’ token
[5.298s]   234 |     typename deque[01;31m[K<[m[K_Tp, _Alloc>::iterator
[5.298s]       |                   [01;31m[K^[m[K
[5.298s] [01m[K/usr/include/c++/11/bits/deque.tcc:257:14:[m[K [01;31m[Kerror: [m[Kexpected nested-name-specifier before ‘[01m[Kdeque[m[K’
[5.298s]   257 |     typename [01;31m[Kdeque[m[K<_Tp, _Alloc>::iterator
[5.299s]       |              [01;31m[K^~~~~[m[K
[5.299s] [01m[K/usr/include/c++/11/bits/deque.tcc:257:19:[m[K [01;31m[Kerror: [m[Kexpected initializer before ‘[01m[K<[m[K’ token
[5.299s]   257 |     typename deque[01;31m[K<[m[K_Tp, _Alloc>::iterator
[5.299s]       |                   [01;31m[K^[m[K
[5.299s] [01m[K/usr/include/c++/11/bits/deque.tcc:291:7:[m[K [01;31m[Kerror: [m[Ktoo many template-parameter-lists
[5.299s]   291 |       [01;31m[Kdeque[m[K<_Tp, _Alloc>::
[5.299s]       |       [01;31m[K^~~~~[m[K
[5.299s] [01m[K/usr/include/c++/11/bits/deque.tcc:307:10:[m[K [01;31m[Kerror: [m[Kexpected initializer before ‘[01m[K<[m[K’ token
[5.300s]   307 |     deque[01;31m[K<[m[K_Tp, _Alloc>::
[5.300s]       |          [01;31m[K^[m[K
[5.300s] [01m[K/usr/include/c++/11/bits/deque.tcc:350:10:[m[K [01;31m[Kerror: [m[Kexpected initializer before ‘[01m[K<[m[K’ token
[5.300s]   350 |     deque[01;31m[K<[m[K_Tp, _Alloc>::
[5.300s]       |          [01;31m[K^[m[K
[5.300s] [01m[K/usr/include/c++/11/bits/deque.tcc:374:10:[m[K [01;31m[Kerror: [m[Kexpected initializer before ‘[01m[K<[m[K’ token
[5.300s]   374 |     deque[01;31m[K<[m[K_Tp, _Alloc>::
[5.300s]       |          [01;31m[K^[m[K
[5.300s] [01m[K/usr/include/c++/11/bits/deque.tcc:393:10:[m[K [01;31m[Kerror: [m[Kexpected initializer before ‘[01m[K<[m[K’ token
[5.300s]   393 |     deque[01;31m[K<[m[K_Tp, _Alloc>::
[5.307s]       |          [01;31m[K^[m[K
[5.307s] [01m[K/usr/include/c++/11/bits/deque.tcc:419:7:[m[K [01;31m[Kerror: [m[Ktoo many template-parameter-lists
[5.307s]   419 |       [01;31m[Kdeque[m[K<_Tp, _Alloc>::
[5.308s]       |       [01;31m[K^~~~~[m[K
[5.308s] [01m[K/usr/include/c++/11/bits/deque.tcc:443:7:[m[K [01;31m[Kerror: [m[Ktoo many template-parameter-lists
[5.308s]   443 |       [01;31m[Kdeque[m[K<_Tp, _Alloc>::
[5.308s]       |       [01;31m[K^~~~~[m[K
[5.308s] [01m[K/usr/include/c++/11/bits/deque.tcc:484:7:[m[K [01;31m[Kerror: [m[Ktoo many template-parameter-lists
[5.308s]   484 |       [01;31m[Kdeque[m[K<_Tp, _Alloc>::
[5.308s]       |       [01;31m[K^~~~~[m[K
[5.308s] [01m[K/usr/include/c++/11/bits/deque.tcc:523:7:[m[K [01;31m[Kerror: [m[Ktoo many template-parameter-lists
[5.308s]   523 |       [01;31m[Kdeque[m[K<_Tp, _Alloc>::
[5.308s]       |       [01;31m[K^~~~~[m[K
[5.309s] [01m[K/usr/include/c++/11/bits/deque.tcc:560:15:[m[K [01;31m[Kerror: [m[Kexpected initializer before ‘[01m[K<[m[K’ token
[5.309s]   560 |     void deque[01;31m[K<[m[K_Tp, _Alloc>::
[5.309s]       |               [01;31m[K^[m[K
[5.309s] [01m[K/usr/include/c++/11/bits/deque.tcc:576:15:[m[K [01;31m[Kerror: [m[Kexpected initializer before ‘[01m[K<[m[K’ token
[5.309s]   576 |     void deque[01;31m[K<[m[K_Tp, _Alloc>::
[5.309s]       |               [01;31m[K^[m[K
[5.309s] [01m[K/usr/include/c++/11/bits/deque.tcc:589:7:[m[K [01;31m[Kerror: [m[Ktoo many template-parameter-lists
[5.309s]   589 |       [01;31m[Kdeque[m[K<_Tp, _Alloc>::
[5.309s]       |       [01;31m[K^~~~~[m[K
[5.310s] [01m[K/usr/include/c++/11/bits/deque.tcc:598:7:[m[K [01;31m[Kerror: [m[Ktoo many template-parameter-lists
[5.310s]   598 |       [01;31m[Kdeque[m[K<_Tp, _Alloc>::
[5.310s]       |       [01;31m[K^~~~~[m[K
[5.310s] [01m[K/usr/include/c++/11/bits/deque.tcc:644:16:[m[K [01;31m[Kerror: [m[Kexpected nested-name-specifier before ‘[01m[Kdeque[m[K’
[5.310s]   644 |       typename [01;31m[Kdeque[m[K<_Tp, _Alloc>::iterator
[5.310s]       |                [01;31m[K^~~~~[m[K
[5.310s] [01m[K/usr/include/c++/11/bits/deque.tcc:644:16:[m[K [01;31m[Kerror: [m[Ktoo many template-parameter-lists
[5.310s] [01m[K/usr/include/c++/11/bits/deque.tcc:685:10:[m[K [01;31m[Kerror: [m[Kexpected initializer before ‘[01m[K<[m[K’ token
[5.310s]   685 |     deque[01;31m[K<[m[K_Tp, _Alloc>::
[5.311s]       |          [01;31m[K^[m[K
[5.313s] [01m[K/usr/include/c++/11/bits/deque.tcc:771:7:[m[K [01;31m[Kerror: [m[Ktoo many template-parameter-lists
[5.314s]   771 |       [01;31m[Kdeque[m[K<_Tp, _Alloc>::
[5.314s]       |       [01;31m[K^~~~~[m[K
[5.314s] [01m[K/usr/include/c++/11/bits/deque.tcc:859:11:[m[K [01;31m[Kerror: [m[Kexpected initializer before ‘[01m[K<[m[K’ token
[5.314s]   859 |      deque[01;31m[K<[m[K_Tp, _Alloc>::
[5.314s]       |           [01;31m[K^[m[K
[5.314s] [01m[K/usr/include/c++/11/bits/deque.tcc:881:10:[m[K [01;31m[Kerror: [m[Kexpected initializer before ‘[01m[K<[m[K’ token
[5.314s]   881 |     deque[01;31m[K<[m[K_Tp, _Alloc>::
[5.314s]       |          [01;31m[K^[m[K
[5.315s] [01m[K/usr/include/c++/11/bits/deque.tcc:906:10:[m[K [01;31m[Kerror: [m[Kexpected initializer before ‘[01m[K<[m[K’ token
[5.315s]   906 |     deque[01;31m[K<[m[K_Tp, _Alloc>::
[5.315s]       |          [01;31m[K^[m[K
[5.315s] [01m[K/usr/include/c++/11/bits/deque.tcc:931:10:[m[K [01;31m[Kerror: [m[Kexpected initializer before ‘[01m[K<[m[K’ token
[5.315s]   931 |     deque[01;31m[K<[m[K_Tp, _Alloc>::
[5.315s]       |          [01;31m[K^[m[K
[5.315s] In file included from [01m[K/usr/include/c++/11/queue:60[m[K,
[5.315s]                  from [01m[K/home/nvidia/luckrobot/luckrobot_ws/src/wheel_controller/src/state_publisher_node.cpp:64[m[K:
[5.315s] [01m[K/usr/include/c++/11/deque:83:26:[m[K [01;31m[Kerror: [m[K‘[01m[Kdeque[m[K’ in namespace ‘[01m[Kstd[m[K’ does not name a template type
[5.316s]    83 |       using deque = std::[01;31m[Kdeque[m[K<_Tp, polymorphic_allocator<_Tp>>;
[5.316s]       |                          [01;31m[K^~~~~[m[K
[5.316s] [01m[K/usr/include/c++/11/deque:70:1:[m[K [01;36m[Knote: [m[K‘[01m[Kstd::deque[m[K’ is defined in header ‘[01m[K<deque>[m[K’; did you forget to ‘[01m[K#include <deque>[m[K’?
[5.316s]    69 | #include <bits/deque.tcc>
[5.316s]   +++ |+[32m[K#include <deque>[m[K
[5.316s]    70 | 
[5.316s] In file included from [01m[K/usr/include/c++/11/queue:64[m[K,
[5.316s]                  from [01m[K/home/nvidia/luckrobot/luckrobot_ws/src/wheel_controller/src/state_publisher_node.cpp:64[m[K:
[5.316s] [01m[K/usr/include/c++/11/bits/stl_queue.h:95:47:[m[K [01;31m[Kerror: [m[K‘[01m[Kdeque[m[K’ does not name a type
[5.317s]    95 |   template<typename _Tp, typename _Sequence = [01;31m[Kdeque[m[K<_Tp> >
[5.317s]       |                                               [01;31m[K^~~~~[m[K
[5.317s] [01m[K/usr/include/c++/11/bits/stl_queue.h:95:52:[m[K [01;31m[Kerror: [m[Kexpected ‘[01m[K>[m[K’ before ‘[01m[K<[m[K’ token
[5.317s]    95 |   template<typename _Tp, typename _Sequence = deque[01;31m[K<[m[K_Tp> >
[5.317s]       |                                                    [01;31m[K^[m[K
[5.317s] [01m[K/home/nvidia/luckrobot/luckrobot_ws/src/wheel_controller/src/state_publisher_node.cpp:84:7:[m[K [01;31m[Kerror: [m[Kredefinition of ‘[01m[Kclass JointPublisher[m[K’
[5.317s]    84 | class [01;31m[KJointPublisher[m[K : public rclcpp::Node
[5.317s]       |       [01;31m[K^~~~~~~~~~~~~~[m[K
[5.317s] [01m[K/home/nvidia/luckrobot/luckrobot_ws/src/wheel_controller/src/state_publisher_node.cpp:12:7:[m[K [01;36m[Knote: [m[Kprevious definition of ‘[01m[Kclass JointPublisher[m[K’
[5.318s]    12 | class [01;36m[KJointPublisher[m[K : public rclcpp::Node {
[5.318s]       |       [01;36m[K^~~~~~~~~~~~~~[m[K
[5.318s] [01m[K/home/nvidia/luckrobot/luckrobot_ws/src/wheel_controller/src/state_publisher_node.cpp:154:5:[m[K [01;31m[Kerror: [m[Kredefinition of ‘[01m[Kint main(int, char**)[m[K’
[5.318s]   154 | int [01;31m[Kmain[m[K(int argc, char** argv)
[5.318s]       |     [01;31m[K^~~~[m[K
[5.318s] [01m[K/home/nvidia/luckrobot/luckrobot_ws/src/wheel_controller/src/state_publisher_node.cpp:53:5:[m[K [01;36m[Knote: [m[K‘[01m[Kint main(int, char**)[m[K’ previously defined here
[5.318s]    53 | int [01;36m[Kmain[m[K(int argc, char** argv) {
[5.318s]       |     [01;36m[K^~~~[m[K
[12.422s] gmake[2]: *** [CMakeFiles/state_publisher_node.dir/build.make:76：CMakeFiles/state_publisher_node.dir/src/state_publisher_node.cpp.o] 错误 1
[12.422s] gmake[1]: *** [CMakeFiles/Makefile2:221：CMakeFiles/state_publisher_node.dir/all] 错误 2
[12.423s] gmake[1]: *** 正在等待未完成的任务....
[17.346s] [ 87%] [32m[1mLinking CXX executable lead_screw_motor_node[0m
[18.109s] [ 87%] Built target lead_screw_motor_node
[18.111s] gmake: *** [Makefile:146：all] 错误 2
[18.116s] Invoked command in '/home/nvidia/luckrobot/luckrobot_ws/build/wheel_controller' returned '2': CMAKE_PREFIX_PATH=${CMAKE_PREFIX_PATH}:/home/nvidia/luckrobot/luckrobot_ws/install/luckrobot_launch1:/home/nvidia/luckrobot/luckrobot_ws/install/keyboard_control:/opt/ros/humble /usr/bin/cmake --build /home/nvidia/luckrobot/luckrobot_ws/build/wheel_controller -- -j6 -l6
