[0.020s] Invoking command in '/home/nvidia/luckrobot/livox_ws/build/livox_ros_driver2': CMAKE_PREFIX_PATH=${CMAKE_PREFIX_PATH}:/home/nvidia/luckrobot/luckrobot_ws/install/luckrobot_launch1:/home/nvidia/luckrobot/luckrobot_ws/install/keyboard_control:/opt/ros/humble /usr/bin/cmake /home/nvidia/luckrobot/livox_ws/src/livox_ros_driver2 -DROS_EDITION=ROS2 -DHUMBLE_ROS=humble -DCMAKE_INSTALL_PREFIX=/home/nvidia/luckrobot/livox_ws/install/livox_ros_driver2
[0.135s] -- The C compiler identification is GNU 11.4.0
[0.255s] -- The CXX compiler identification is GNU 11.4.0
[0.276s] -- Detecting C compiler ABI info
[0.426s] -- Detecting C compiler ABI info - done
[0.450s] -- Check for working C compiler: /usr/bin/cc - skipped
[0.451s] -- Detecting C compile features
[0.452s] -- Detecting C compile features - done
[0.463s] -- Detecting CXX compiler ABI info
[0.629s] -- Detecting CXX compiler ABI info - done
[0.654s] -- Check for working CXX compiler: /usr/bin/c++ - skipped
[0.655s] -- Detecting CXX compile features
[0.656s] -- Detecting CXX compile features - done
[0.659s] -- livox_ros_driver2 version: 1.2.5
[0.665s] -- Found ament_cmake_auto: 1.3.13 (/opt/ros/humble/share/ament_cmake_auto/cmake)
[2.248s] -- Found Python3: /usr/bin/python3 (found version "3.10.12") found components: Interpreter 
[2.679s] -- Using all available rosidl_typesupport_c: rosidl_typesupport_fastrtps_c;rosidl_typesupport_introspection_c
[2.702s] -- Found rosidl_adapter: 3.1.8 (/opt/ros/humble/share/rosidl_adapter/cmake)
[2.797s] -- Using all available rosidl_typesupport_cpp: rosidl_typesupport_fastrtps_cpp;rosidl_typesupport_introspection_cpp
[2.978s] -- Found rmw_implementation_cmake: 6.1.2 (/opt/ros/humble/share/rmw_implementation_cmake/cmake)
[2.984s] -- Found rmw_fastrtps_cpp: 6.2.10 (/opt/ros/humble/share/rmw_fastrtps_cpp/cmake)
[3.151s] -- Found OpenSSL: /usr/lib/aarch64-linux-gnu/libcrypto.so (found version "3.0.2")  
[3.211s] -- Found FastRTPS: /opt/ros/humble/include  
[3.294s] -- Using RMW implementation 'rmw_fastrtps_cpp' as default
[3.313s] -- Looking for pthread.h
[3.463s] -- Looking for pthread.h - found
[3.464s] -- Performing Test CMAKE_HAVE_LIBC_PTHREAD
[3.626s] -- Performing Test CMAKE_HAVE_LIBC_PTHREAD - Success
[3.630s] -- Found Threads: TRUE  
[3.964s] -- Checking for module 'eigen3'
[3.984s] --   Found eigen3, version 3.4.0
[4.042s] -- Found Eigen: /usr/include/eigen3 (Required is at least version "3.1") 
[4.042s] -- Eigen found (include: /usr/include/eigen3, version: 3.4.0)
[4.121s] -- Checking for module 'flann'
[4.150s] --   Found flann, version 1.9.1
[4.241s] -- Found FLANN: /usr/lib/aarch64-linux-gnu/libflann_cpp.so  
[4.241s] -- FLANN found (include: /usr/include, lib: /usr/lib/aarch64-linux-gnu/libflann_cpp.so)
[6.300s] -- Checking for module 'libusb-1.0'
[6.332s] --   Found libusb-1.0, version 1.0.25
[6.415s] -- Found libusb: /usr/lib/aarch64-linux-gnu/libusb-1.0.so  
[6.418s] -- OpenNI found (version: 1.5.4.0, include: /usr/include/ni, lib: /usr/lib/libOpenNI.so;libusb::libusb)
[6.544s] -- OpenNI2 found (version: 2.2.0.33, include: /usr/include/openni2, lib: /usr/lib/aarch64-linux-gnu/libOpenNI2.so;libusb::libusb)
[6.854s] -- Eigen found (include: /usr/include/eigen3, version: 3.4.0)
[6.867s] -- OpenNI found (version: 1.5.4.0, include: /usr/include/ni, lib: /usr/lib/libOpenNI.so;libusb::libusb)
[6.878s] -- OpenNI2 found (version: 2.2.0.33, include: /usr/include/openni2, lib: /usr/lib/aarch64-linux-gnu/libOpenNI2.so;libusb::libusb)
[7.156s] -- Found Qhull version 8.0.2
[7.443s] -- OpenNI found (version: 1.5.4.0, include: /usr/include/ni, lib: /usr/lib/libOpenNI.so;libusb::libusb)
[7.720s] -- Found PCL_COMMON: /usr/lib/aarch64-linux-gnu/libpcl_common.so  
[7.721s] -- Found PCL_KDTREE: /usr/lib/aarch64-linux-gnu/libpcl_kdtree.so  
[7.723s] -- Found PCL_OCTREE: /usr/lib/aarch64-linux-gnu/libpcl_octree.so  
[7.725s] -- Found PCL_SEARCH: /usr/lib/aarch64-linux-gnu/libpcl_search.so  
[7.726s] -- Found PCL_SAMPLE_CONSENSUS: /usr/lib/aarch64-linux-gnu/libpcl_sample_consensus.so  
[7.728s] -- Found PCL_FILTERS: /usr/lib/aarch64-linux-gnu/libpcl_filters.so  
[7.729s] -- Found PCL_2D: /usr/include/pcl-1.12  
[7.729s] -- Found PCL_GEOMETRY: /usr/include/pcl-1.12  
[7.731s] -- Found PCL_IO: /usr/lib/aarch64-linux-gnu/libpcl_io.so  
[7.733s] -- Found PCL_FEATURES: /usr/lib/aarch64-linux-gnu/libpcl_features.so  
[7.735s] -- Found PCL_ML: /usr/lib/aarch64-linux-gnu/libpcl_ml.so  
[7.736s] -- Found PCL_SEGMENTATION: /usr/lib/aarch64-linux-gnu/libpcl_segmentation.so  
[7.738s] -- Found PCL_VISUALIZATION: /usr/lib/aarch64-linux-gnu/libpcl_visualization.so  
[7.740s] -- Found PCL_SURFACE: /usr/lib/aarch64-linux-gnu/libpcl_surface.so  
[7.742s] -- Found PCL_REGISTRATION: /usr/lib/aarch64-linux-gnu/libpcl_registration.so  
[7.744s] -- Found PCL_KEYPOINTS: /usr/lib/aarch64-linux-gnu/libpcl_keypoints.so  
[7.746s] -- Found PCL_TRACKING: /usr/lib/aarch64-linux-gnu/libpcl_tracking.so  
[7.748s] -- Found PCL_RECOGNITION: /usr/lib/aarch64-linux-gnu/libpcl_recognition.so  
[7.750s] -- Found PCL_STEREO: /usr/lib/aarch64-linux-gnu/libpcl_stereo.so  
[7.751s] -- Found PCL_APPS: /usr/lib/aarch64-linux-gnu/libpcl_apps.so  
[7.753s] -- Found PCL_IN_HAND_SCANNER: /usr/include/pcl-1.12  
[7.754s] -- Found PCL_MODELER: /usr/include/pcl-1.12  
[7.755s] -- Found PCL_POINT_CLOUD_EDITOR: /usr/include/pcl-1.12  
[7.756s] -- Found PCL_OUTOFCORE: /usr/lib/aarch64-linux-gnu/libpcl_outofcore.so  
[7.758s] -- Found PCL_PEOPLE: /usr/lib/aarch64-linux-gnu/libpcl_people.so  
[7.846s] -- Found PkgConfig: /usr/bin/pkg-config (found version "0.29.2") 
[7.848s] -- Checking for module 'apr-1'
[7.855s] --   No package 'apr-1' found
[8.397s] -- Found ament_cmake_ros: 0.10.0 (/opt/ros/humble/share/ament_cmake_ros/cmake)
[8.982s] -- Using all available rosidl_typesupport_c: rosidl_typesupport_fastrtps_c;rosidl_typesupport_introspection_c
[9.756s] -- Using all available rosidl_typesupport_cpp: rosidl_typesupport_fastrtps_cpp;rosidl_typesupport_introspection_cpp
[9.818s] -- Found PythonInterp: /usr/bin/python3 (found suitable version "3.10.12", minimum required is "3.6") 
[9.824s] -- Found python_cmake_module: 0.10.0 (/opt/ros/humble/share/python_cmake_module/cmake)
[9.897s] -- Found PythonLibs: /usr/lib/aarch64-linux-gnu/libpython3.10.so (found suitable version "3.10.12", minimum required is "3.5") 
[9.898s] -- Using PYTHON_EXECUTABLE: /usr/bin/python3
[9.898s] -- Using PYTHON_INCLUDE_DIRS: /usr/include/python3.10
[9.898s] -- Using PYTHON_LIBRARIES: /usr/lib/aarch64-linux-gnu/libpython3.10.so
[9.952s] -- Found PythonExtra: .so  
[10.318s] -- Using numpy include directory: /usr/local/lib/python3.10/dist-packages/numpy/core/include
[10.403s] -- Found ament_lint_auto: 0.12.15 (/opt/ros/humble/share/ament_lint_auto/cmake)
[10.454s] -- Added test 'copyright' to check source files copyright and LICENSE
[10.464s] -- Added test 'cppcheck' to perform static code analysis on C / C++ code
[10.466s] -- Configured cppcheck include dirs: /home/nvidia/luckrobot/livox_ws/src/livox_ros_driver2/3rdparty;/home/nvidia/luckrobot/livox_ws/src/livox_ros_driver2/src
[10.466s] -- Configured cppcheck exclude dirs and/or files: 
[10.476s] -- Added test 'cpplint' to check C / C++ code against the Google style
[10.476s] -- Configured cpplint exclude dirs and/or files: 
[10.478s] -- Added test 'flake8' to check Python code syntax and style conventions
[10.481s] -- Added test 'lint_cmake' to check CMake code style
[10.483s] -- Added test 'pep257' to check Python code against some of the docstring style conventions in PEP 257
[10.493s] -- Added test 'uncrustify' to check C / C++ code style
[10.493s] -- Configured uncrustify additional arguments: 
[10.495s] -- Added test 'xmllint' to check XML markup files
[10.501s] -- Configuring done
[10.652s] -- Generating done
[10.702s] -- Build files have been written to: /home/nvidia/luckrobot/livox_ws/build/livox_ros_driver2
[10.758s] Invoked command in '/home/nvidia/luckrobot/livox_ws/build/livox_ros_driver2' returned '0': CMAKE_PREFIX_PATH=${CMAKE_PREFIX_PATH}:/home/nvidia/luckrobot/luckrobot_ws/install/luckrobot_launch1:/home/nvidia/luckrobot/luckrobot_ws/install/keyboard_control:/opt/ros/humble /usr/bin/cmake /home/nvidia/luckrobot/livox_ws/src/livox_ros_driver2 -DROS_EDITION=ROS2 -DHUMBLE_ROS=humble -DCMAKE_INSTALL_PREFIX=/home/nvidia/luckrobot/livox_ws/install/livox_ros_driver2
[10.765s] Invoking command in '/home/nvidia/luckrobot/livox_ws/build/livox_ros_driver2': CMAKE_PREFIX_PATH=${CMAKE_PREFIX_PATH}:/home/nvidia/luckrobot/luckrobot_ws/install/luckrobot_launch1:/home/nvidia/luckrobot/luckrobot_ws/install/keyboard_control:/opt/ros/humble /usr/bin/cmake --build /home/nvidia/luckrobot/livox_ws/build/livox_ros_driver2 -- -j6 -l6
[10.861s] [  1%] [34m[1mGenerating C code for ROS interfaces[0m
[10.882s] [  3%] [32mBuilding CXX object CMakeFiles/livox_ros_driver2_node.dir/rclcpp_components/node_main_livox_ros_driver2_node.cpp.o[0m
[10.883s] [  5%] [34m[1mGenerating C++ code for ROS interfaces[0m
[10.903s] [  5%] Built target ament_cmake_python_copy_livox_ros_driver2
[11.744s] running egg_info
[11.747s] creating livox_ros_driver2.egg-info
[11.785s] writing livox_ros_driver2.egg-info/PKG-INFO
[11.785s] writing dependency_links to livox_ros_driver2.egg-info/dependency_links.txt
[11.786s] writing top-level names to livox_ros_driver2.egg-info/top_level.txt
[11.786s] writing manifest file 'livox_ros_driver2.egg-info/SOURCES.txt'
[11.903s] reading manifest file 'livox_ros_driver2.egg-info/SOURCES.txt'
[11.904s] writing manifest file 'livox_ros_driver2.egg-info/SOURCES.txt'
[11.908s] [  8%] [32mBuilding C object CMakeFiles/livox_interfaces2__rosidl_generator_c.dir/rosidl_generator_c/livox_ros_driver2/msg/detail/custom_msg__functions.c.o[0m
[11.909s] [  8%] [32mBuilding C object CMakeFiles/livox_interfaces2__rosidl_generator_c.dir/rosidl_generator_c/livox_ros_driver2/msg/detail/custom_point__functions.c.o[0m
[12.024s] [  8%] Built target livox_interfaces2__cpp
[12.029s] [ 10%] [32m[1mLinking C shared library liblivox_ros_driver2__rosidl_generator_c.so[0m
[12.046s] [ 15%] [34m[1mGenerating C++ introspection for ROS interfaces[0m
[12.046s] [ 15%] [34m[1mGenerating C++ type support for eProsima Fast-RTPS[0m
[12.047s] [ 15%] [34m[1mGenerating C++ type support dispatch for ROS interfaces[0m
[12.059s] [ 15%] Built target ament_cmake_python_build_livox_ros_driver2_egg
[12.112s] [ 15%] Built target livox_interfaces2__rosidl_generator_c
[12.136s] [ 19%] [34m[1mGenerating C introspection for ROS interfaces[0m
[12.137s] [ 19%] [34m[1mGenerating C type support for eProsima Fast-RTPS[0m
[12.956s] [ 21%] [32mBuilding CXX object CMakeFiles/livox_interfaces2__rosidl_typesupport_cpp.dir/rosidl_typesupport_cpp/livox_ros_driver2/msg/custom_point__type_support.cpp.o[0m
[13.039s] [ 22%] [32mBuilding CXX object CMakeFiles/livox_interfaces2__rosidl_typesupport_introspection_cpp.dir/rosidl_typesupport_introspection_cpp/livox_ros_driver2/msg/detail/custom_point__type_support.cpp.o[0m
[13.085s] [ 24%] [32mBuilding CXX object CMakeFiles/livox_interfaces2__rosidl_typesupport_fastrtps_cpp.dir/rosidl_typesupport_fastrtps_cpp/livox_ros_driver2/msg/detail/dds_fastrtps/custom_point__type_support.cpp.o[0m
[13.172s] [ 26%] [32mBuilding CXX object CMakeFiles/livox_interfaces2__rosidl_typesupport_fastrtps_c.dir/rosidl_typesupport_fastrtps_c/livox_ros_driver2/msg/detail/custom_point__type_support_c.cpp.o[0m
[13.268s] [ 28%] [32mBuilding C object CMakeFiles/livox_interfaces2__rosidl_typesupport_introspection_c.dir/rosidl_typesupport_introspection_c/livox_ros_driver2/msg/detail/custom_point__type_support.c.o[0m
[13.357s] [ 29%] [32mBuilding C object CMakeFiles/livox_interfaces2__rosidl_typesupport_introspection_c.dir/rosidl_typesupport_introspection_c/livox_ros_driver2/msg/detail/custom_msg__type_support.c.o[0m
[13.461s] [ 31%] [32m[1mLinking C shared library liblivox_ros_driver2__rosidl_typesupport_introspection_c.so[0m
[13.536s] [ 31%] Built target livox_interfaces2__rosidl_typesupport_introspection_c
[13.562s] [ 33%] [32mBuilding CXX object CMakeFiles/livox_interfaces2__rosidl_typesupport_fastrtps_c.dir/rosidl_typesupport_fastrtps_c/livox_ros_driver2/msg/detail/custom_msg__type_support_c.cpp.o[0m
[13.618s] [ 35%] [32mBuilding CXX object CMakeFiles/livox_interfaces2__rosidl_typesupport_cpp.dir/rosidl_typesupport_cpp/livox_ros_driver2/msg/custom_msg__type_support.cpp.o[0m
[13.934s] [ 36%] [32mBuilding CXX object CMakeFiles/livox_interfaces2__rosidl_typesupport_introspection_cpp.dir/rosidl_typesupport_introspection_cpp/livox_ros_driver2/msg/detail/custom_msg__type_support.cpp.o[0m
[14.030s] [ 38%] [34m[1mGenerating C type support dispatch for ROS interfaces[0m
[14.130s] [ 40%] [32mBuilding CXX object CMakeFiles/livox_interfaces2__rosidl_typesupport_fastrtps_cpp.dir/rosidl_typesupport_fastrtps_cpp/livox_ros_driver2/msg/detail/dds_fastrtps/custom_msg__type_support.cpp.o[0m
[14.273s] [ 42%] [32m[1mLinking CXX shared library liblivox_ros_driver2__rosidl_typesupport_cpp.so[0m
[14.362s] [ 42%] Built target livox_interfaces2__rosidl_typesupport_cpp
[14.413s] [ 43%] [32mBuilding CXX object CMakeFiles/livox_ros_driver2.dir/src/livox_ros_driver2.cpp.o[0m
[14.537s] [ 45%] [32m[1mLinking CXX shared library liblivox_ros_driver2__rosidl_typesupport_fastrtps_c.so[0m
[14.734s] [ 45%] Built target livox_interfaces2__rosidl_typesupport_fastrtps_c
[14.757s] [ 47%] [32mBuilding CXX object CMakeFiles/livox_ros_driver2.dir/src/lddc.cpp.o[0m
[14.987s] [ 49%] [32m[1mLinking CXX shared library liblivox_ros_driver2__rosidl_typesupport_introspection_cpp.so[0m
[15.025s] [ 50%] [32mBuilding CXX object CMakeFiles/livox_interfaces2__rosidl_typesupport_c.dir/rosidl_typesupport_c/livox_ros_driver2/msg/custom_point__type_support.cpp.o[0m
[15.096s] [ 52%] [32mBuilding CXX object CMakeFiles/livox_interfaces2__rosidl_typesupport_c.dir/rosidl_typesupport_c/livox_ros_driver2/msg/custom_msg__type_support.cpp.o[0m
[15.150s] [ 52%] Built target livox_interfaces2__rosidl_typesupport_introspection_cpp
[15.170s] [ 56%] [32m[1mLinking CXX shared library liblivox_ros_driver2__rosidl_typesupport_c.so[0m
[15.170s] [ 56%] [32mBuilding CXX object CMakeFiles/livox_ros_driver2.dir/src/driver_node.cpp.o[0m
[15.240s] [ 57%] [32m[1mLinking CXX shared library liblivox_ros_driver2__rosidl_typesupport_fastrtps_cpp.so[0m
[15.257s] [ 57%] Built target livox_interfaces2__rosidl_typesupport_c
[15.278s] [ 59%] [32mBuilding CXX object CMakeFiles/livox_ros_driver2.dir/src/lds.cpp.o[0m
[15.407s] [ 59%] Built target livox_interfaces2__rosidl_typesupport_fastrtps_cpp
[15.428s] [ 61%] [32mBuilding CXX object CMakeFiles/livox_ros_driver2.dir/src/lds_lidar.cpp.o[0m
[17.040s] [ 63%] [32mBuilding CXX object CMakeFiles/livox_ros_driver2.dir/src/comm/comm.cpp.o[0m
[17.730s] [ 64%] [32mBuilding CXX object CMakeFiles/livox_ros_driver2.dir/src/comm/ldq.cpp.o[0m
[18.474s] [ 66%] [32mBuilding CXX object CMakeFiles/livox_ros_driver2.dir/src/comm/semaphore.cpp.o[0m
[19.073s] [ 68%] [32m[1mLinking CXX executable livox_ros_driver2_node[0m
[19.288s] [ 70%] [32mBuilding CXX object CMakeFiles/livox_ros_driver2.dir/src/comm/lidar_imu_data_queue.cpp.o[0m
[19.341s] [ 71%] [32mBuilding CXX object CMakeFiles/livox_ros_driver2.dir/src/comm/cache_index.cpp.o[0m
[19.363s] [ 71%] Built target livox_ros_driver2_node
[19.407s] [ 71%] Built target livox_interfaces2
[19.451s] [ 73%] [34m[1mGenerating Python code for ROS interfaces[0m
[20.178s] [ 75%] [32mBuilding CXX object CMakeFiles/livox_ros_driver2.dir/src/comm/pub_handler.cpp.o[0m
[21.001s] [ 77%] [32mBuilding CXX object CMakeFiles/livox_ros_driver2.dir/src/parse_cfg_file/parse_cfg_file.cpp.o[0m
[21.126s] [ 77%] Built target livox_interfaces2__py
[21.146s] [ 78%] [32mBuilding CXX object CMakeFiles/livox_ros_driver2.dir/src/parse_cfg_file/parse_livox_lidar_cfg.cpp.o[0m
[22.991s] [ 80%] [32mBuilding CXX object CMakeFiles/livox_ros_driver2.dir/src/call_back/lidar_common_callback.cpp.o[0m
[23.230s] [ 82%] [32mBuilding CXX object CMakeFiles/livox_ros_driver2.dir/src/call_back/livox_lidar_callback.cpp.o[0m
[23.558s] [ 84%] [32mBuilding C object CMakeFiles/livox_interfaces2__rosidl_generator_py.dir/rosidl_generator_py/livox_ros_driver2/msg/_custom_point_s.c.o[0m
[23.807s] [ 85%] [32mBuilding C object CMakeFiles/livox_interfaces2__rosidl_generator_py.dir/rosidl_generator_py/livox_ros_driver2/msg/_custom_msg_s.c.o[0m
[24.074s] [ 87%] [32m[1mLinking C shared library rosidl_generator_py/livox_ros_driver2/liblivox_interfaces2__rosidl_generator_py.so[0m
[24.168s] [ 87%] Built target livox_interfaces2__rosidl_generator_py
[24.217s] [ 89%] [32mBuilding C object CMakeFiles/livox_ros_driver2__rosidl_typesupport_fastrtps_c__pyext.dir/rosidl_generator_py/livox_ros_driver2/_livox_ros_driver2_s.ep.rosidl_typesupport_fastrtps_c.c.o[0m
[24.460s] [ 91%] [32m[1mLinking C shared library rosidl_generator_py/livox_ros_driver2/livox_ros_driver2_s__rosidl_typesupport_fastrtps_c.cpython-310-aarch64-linux-gnu.so[0m
[24.550s] [ 91%] Built target livox_ros_driver2__rosidl_typesupport_fastrtps_c__pyext
[24.601s] [ 92%] [32mBuilding C object CMakeFiles/livox_ros_driver2__rosidl_typesupport_introspection_c__pyext.dir/rosidl_generator_py/livox_ros_driver2/_livox_ros_driver2_s.ep.rosidl_typesupport_introspection_c.c.o[0m
[24.604s] [ 94%] [32mBuilding C object CMakeFiles/livox_ros_driver2__rosidl_typesupport_c__pyext.dir/rosidl_generator_py/livox_ros_driver2/_livox_ros_driver2_s.ep.rosidl_typesupport_c.c.o[0m
[24.839s] [ 96%] [32m[1mLinking C shared library rosidl_generator_py/livox_ros_driver2/livox_ros_driver2_s__rosidl_typesupport_c.cpython-310-aarch64-linux-gnu.so[0m
[24.855s] [ 98%] [32m[1mLinking C shared library rosidl_generator_py/livox_ros_driver2/livox_ros_driver2_s__rosidl_typesupport_introspection_c.cpython-310-aarch64-linux-gnu.so[0m
[24.925s] [ 98%] Built target livox_ros_driver2__rosidl_typesupport_c__pyext
[24.947s] [ 98%] Built target livox_ros_driver2__rosidl_typesupport_introspection_c__pyext
[36.731s] [100%] [32m[1mLinking CXX shared library liblivox_ros_driver2.so[0m
[38.519s] [100%] Built target livox_ros_driver2
[38.549s] Invoked command in '/home/nvidia/luckrobot/livox_ws/build/livox_ros_driver2' returned '0': CMAKE_PREFIX_PATH=${CMAKE_PREFIX_PATH}:/home/nvidia/luckrobot/luckrobot_ws/install/luckrobot_launch1:/home/nvidia/luckrobot/luckrobot_ws/install/keyboard_control:/opt/ros/humble /usr/bin/cmake --build /home/nvidia/luckrobot/livox_ws/build/livox_ros_driver2 -- -j6 -l6
[38.575s] Invoking command in '/home/nvidia/luckrobot/livox_ws/build/livox_ros_driver2': CMAKE_PREFIX_PATH=${CMAKE_PREFIX_PATH}:/home/nvidia/luckrobot/luckrobot_ws/install/luckrobot_launch1:/home/nvidia/luckrobot/luckrobot_ws/install/keyboard_control:/opt/ros/humble /usr/bin/cmake --install /home/nvidia/luckrobot/livox_ws/build/livox_ros_driver2
[38.593s] -- Install configuration: ""
[38.594s] -- Installing: /home/nvidia/luckrobot/livox_ws/install/livox_ros_driver2/share/ament_index/resource_index/rosidl_interfaces/livox_ros_driver2
[38.594s] -- Installing: /home/nvidia/luckrobot/livox_ws/install/livox_ros_driver2/include/livox_ros_driver2/livox_ros_driver2
[38.594s] -- Installing: /home/nvidia/luckrobot/livox_ws/install/livox_ros_driver2/include/livox_ros_driver2/livox_ros_driver2/msg
[38.595s] -- Installing: /home/nvidia/luckrobot/livox_ws/install/livox_ros_driver2/include/livox_ros_driver2/livox_ros_driver2/msg/custom_msg.h
[38.595s] -- Installing: /home/nvidia/luckrobot/livox_ws/install/livox_ros_driver2/include/livox_ros_driver2/livox_ros_driver2/msg/custom_point.h
[38.595s] -- Installing: /home/nvidia/luckrobot/livox_ws/install/livox_ros_driver2/include/livox_ros_driver2/livox_ros_driver2/msg/detail
[38.595s] -- Installing: /home/nvidia/luckrobot/livox_ws/install/livox_ros_driver2/include/livox_ros_driver2/livox_ros_driver2/msg/detail/custom_point__functions.c
[38.596s] -- Installing: /home/nvidia/luckrobot/livox_ws/install/livox_ros_driver2/include/livox_ros_driver2/livox_ros_driver2/msg/detail/custom_msg__functions.h
[38.596s] -- Installing: /home/nvidia/luckrobot/livox_ws/install/livox_ros_driver2/include/livox_ros_driver2/livox_ros_driver2/msg/detail/custom_msg__struct.h
[38.596s] -- Installing: /home/nvidia/luckrobot/livox_ws/install/livox_ros_driver2/include/livox_ros_driver2/livox_ros_driver2/msg/detail/custom_point__struct.h
[38.596s] -- Installing: /home/nvidia/luckrobot/livox_ws/install/livox_ros_driver2/include/livox_ros_driver2/livox_ros_driver2/msg/detail/custom_msg__functions.c
[38.596s] -- Installing: /home/nvidia/luckrobot/livox_ws/install/livox_ros_driver2/include/livox_ros_driver2/livox_ros_driver2/msg/detail/custom_point__type_support.h
[38.597s] -- Installing: /home/nvidia/luckrobot/livox_ws/install/livox_ros_driver2/include/livox_ros_driver2/livox_ros_driver2/msg/detail/custom_point__functions.h
[38.597s] -- Installing: /home/nvidia/luckrobot/livox_ws/install/livox_ros_driver2/include/livox_ros_driver2/livox_ros_driver2/msg/detail/custom_msg__type_support.h
[38.597s] -- Installing: /home/nvidia/luckrobot/livox_ws/install/livox_ros_driver2/include/livox_ros_driver2/livox_ros_driver2/msg/rosidl_generator_c__visibility_control.h
[38.598s] -- Installing: /home/nvidia/luckrobot/livox_ws/install/livox_ros_driver2/share/livox_ros_driver2/environment/library_path.sh
[38.598s] -- Installing: /home/nvidia/luckrobot/livox_ws/install/livox_ros_driver2/share/livox_ros_driver2/environment/library_path.dsv
[38.599s] -- Installing: /home/nvidia/luckrobot/livox_ws/install/livox_ros_driver2/lib/liblivox_ros_driver2__rosidl_generator_c.so
[38.599s] -- Set runtime path of "/home/nvidia/luckrobot/livox_ws/install/livox_ros_driver2/lib/liblivox_ros_driver2__rosidl_generator_c.so" to ""
[38.600s] -- Up-to-date: /home/nvidia/luckrobot/livox_ws/install/livox_ros_driver2/include/livox_ros_driver2/livox_ros_driver2
[38.600s] -- Up-to-date: /home/nvidia/luckrobot/livox_ws/install/livox_ros_driver2/include/livox_ros_driver2/livox_ros_driver2/msg
[38.600s] -- Up-to-date: /home/nvidia/luckrobot/livox_ws/install/livox_ros_driver2/include/livox_ros_driver2/livox_ros_driver2/msg/detail
[38.600s] -- Installing: /home/nvidia/luckrobot/livox_ws/install/livox_ros_driver2/include/livox_ros_driver2/livox_ros_driver2/msg/detail/custom_msg__rosidl_typesupport_fastrtps_c.h
[38.600s] -- Installing: /home/nvidia/luckrobot/livox_ws/install/livox_ros_driver2/include/livox_ros_driver2/livox_ros_driver2/msg/detail/custom_point__rosidl_typesupport_fastrtps_c.h
[38.600s] -- Installing: /home/nvidia/luckrobot/livox_ws/install/livox_ros_driver2/include/livox_ros_driver2/livox_ros_driver2/msg/rosidl_typesupport_fastrtps_c__visibility_control.h
[38.600s] -- Installing: /home/nvidia/luckrobot/livox_ws/install/livox_ros_driver2/lib/liblivox_ros_driver2__rosidl_typesupport_fastrtps_c.so
[38.601s] -- Set runtime path of "/home/nvidia/luckrobot/livox_ws/install/livox_ros_driver2/lib/liblivox_ros_driver2__rosidl_typesupport_fastrtps_c.so" to ""
[38.601s] -- Up-to-date: /home/nvidia/luckrobot/livox_ws/install/livox_ros_driver2/include/livox_ros_driver2/livox_ros_driver2
[38.601s] -- Up-to-date: /home/nvidia/luckrobot/livox_ws/install/livox_ros_driver2/include/livox_ros_driver2/livox_ros_driver2/msg
[38.602s] -- Installing: /home/nvidia/luckrobot/livox_ws/install/livox_ros_driver2/include/livox_ros_driver2/livox_ros_driver2/msg/rosidl_typesupport_introspection_c__visibility_control.h
[38.602s] -- Up-to-date: /home/nvidia/luckrobot/livox_ws/install/livox_ros_driver2/include/livox_ros_driver2/livox_ros_driver2/msg/detail
[38.602s] -- Installing: /home/nvidia/luckrobot/livox_ws/install/livox_ros_driver2/include/livox_ros_driver2/livox_ros_driver2/msg/detail/custom_point__rosidl_typesupport_introspection_c.h
[38.602s] -- Installing: /home/nvidia/luckrobot/livox_ws/install/livox_ros_driver2/include/livox_ros_driver2/livox_ros_driver2/msg/detail/custom_point__type_support.c
[38.602s] -- Installing: /home/nvidia/luckrobot/livox_ws/install/livox_ros_driver2/include/livox_ros_driver2/livox_ros_driver2/msg/detail/custom_msg__type_support.c
[38.602s] -- Installing: /home/nvidia/luckrobot/livox_ws/install/livox_ros_driver2/include/livox_ros_driver2/livox_ros_driver2/msg/detail/custom_msg__rosidl_typesupport_introspection_c.h
[38.603s] -- Installing: /home/nvidia/luckrobot/livox_ws/install/livox_ros_driver2/lib/liblivox_ros_driver2__rosidl_typesupport_introspection_c.so
[38.603s] -- Set runtime path of "/home/nvidia/luckrobot/livox_ws/install/livox_ros_driver2/lib/liblivox_ros_driver2__rosidl_typesupport_introspection_c.so" to ""
[38.604s] -- Installing: /home/nvidia/luckrobot/livox_ws/install/livox_ros_driver2/lib/liblivox_ros_driver2__rosidl_typesupport_c.so
[38.604s] -- Set runtime path of "/home/nvidia/luckrobot/livox_ws/install/livox_ros_driver2/lib/liblivox_ros_driver2__rosidl_typesupport_c.so" to ""
[38.604s] -- Up-to-date: /home/nvidia/luckrobot/livox_ws/install/livox_ros_driver2/include/livox_ros_driver2/livox_ros_driver2
[38.604s] -- Up-to-date: /home/nvidia/luckrobot/livox_ws/install/livox_ros_driver2/include/livox_ros_driver2/livox_ros_driver2/msg
[38.605s] -- Installing: /home/nvidia/luckrobot/livox_ws/install/livox_ros_driver2/include/livox_ros_driver2/livox_ros_driver2/msg/custom_point.hpp
[38.605s] -- Up-to-date: /home/nvidia/luckrobot/livox_ws/install/livox_ros_driver2/include/livox_ros_driver2/livox_ros_driver2/msg/detail
[38.605s] -- Installing: /home/nvidia/luckrobot/livox_ws/install/livox_ros_driver2/include/livox_ros_driver2/livox_ros_driver2/msg/detail/custom_msg__type_support.hpp
[38.605s] -- Installing: /home/nvidia/luckrobot/livox_ws/install/livox_ros_driver2/include/livox_ros_driver2/livox_ros_driver2/msg/detail/custom_msg__traits.hpp
[38.605s] -- Installing: /home/nvidia/luckrobot/livox_ws/install/livox_ros_driver2/include/livox_ros_driver2/livox_ros_driver2/msg/detail/custom_point__type_support.hpp
[38.605s] -- Installing: /home/nvidia/luckrobot/livox_ws/install/livox_ros_driver2/include/livox_ros_driver2/livox_ros_driver2/msg/detail/custom_msg__builder.hpp
[38.606s] -- Installing: /home/nvidia/luckrobot/livox_ws/install/livox_ros_driver2/include/livox_ros_driver2/livox_ros_driver2/msg/detail/custom_msg__struct.hpp
[38.606s] -- Installing: /home/nvidia/luckrobot/livox_ws/install/livox_ros_driver2/include/livox_ros_driver2/livox_ros_driver2/msg/detail/custom_point__builder.hpp
[38.606s] -- Installing: /home/nvidia/luckrobot/livox_ws/install/livox_ros_driver2/include/livox_ros_driver2/livox_ros_driver2/msg/detail/custom_point__struct.hpp
[38.606s] -- Installing: /home/nvidia/luckrobot/livox_ws/install/livox_ros_driver2/include/livox_ros_driver2/livox_ros_driver2/msg/detail/custom_point__traits.hpp
[38.606s] -- Installing: /home/nvidia/luckrobot/livox_ws/install/livox_ros_driver2/include/livox_ros_driver2/livox_ros_driver2/msg/custom_msg.hpp
[38.607s] -- Installing: /home/nvidia/luckrobot/livox_ws/install/livox_ros_driver2/include/livox_ros_driver2/livox_ros_driver2/msg/rosidl_generator_cpp__visibility_control.hpp
[38.607s] -- Up-to-date: /home/nvidia/luckrobot/livox_ws/install/livox_ros_driver2/include/livox_ros_driver2/livox_ros_driver2
[38.607s] -- Up-to-date: /home/nvidia/luckrobot/livox_ws/install/livox_ros_driver2/include/livox_ros_driver2/livox_ros_driver2/msg
[38.607s] -- Up-to-date: /home/nvidia/luckrobot/livox_ws/install/livox_ros_driver2/include/livox_ros_driver2/livox_ros_driver2/msg/detail
[38.607s] -- Installing: /home/nvidia/luckrobot/livox_ws/install/livox_ros_driver2/include/livox_ros_driver2/livox_ros_driver2/msg/detail/custom_msg__rosidl_typesupport_fastrtps_cpp.hpp
[38.608s] -- Installing: /home/nvidia/luckrobot/livox_ws/install/livox_ros_driver2/include/livox_ros_driver2/livox_ros_driver2/msg/detail/custom_point__rosidl_typesupport_fastrtps_cpp.hpp
[38.608s] -- Installing: /home/nvidia/luckrobot/livox_ws/install/livox_ros_driver2/include/livox_ros_driver2/livox_ros_driver2/msg/detail/dds_fastrtps
[38.608s] -- Installing: /home/nvidia/luckrobot/livox_ws/install/livox_ros_driver2/include/livox_ros_driver2/livox_ros_driver2/msg/rosidl_typesupport_fastrtps_cpp__visibility_control.h
[38.608s] -- Installing: /home/nvidia/luckrobot/livox_ws/install/livox_ros_driver2/lib/liblivox_ros_driver2__rosidl_typesupport_fastrtps_cpp.so
[38.609s] -- Set runtime path of "/home/nvidia/luckrobot/livox_ws/install/livox_ros_driver2/lib/liblivox_ros_driver2__rosidl_typesupport_fastrtps_cpp.so" to ""
[38.609s] -- Up-to-date: /home/nvidia/luckrobot/livox_ws/install/livox_ros_driver2/include/livox_ros_driver2/livox_ros_driver2
[38.609s] -- Up-to-date: /home/nvidia/luckrobot/livox_ws/install/livox_ros_driver2/include/livox_ros_driver2/livox_ros_driver2/msg
[38.609s] -- Up-to-date: /home/nvidia/luckrobot/livox_ws/install/livox_ros_driver2/include/livox_ros_driver2/livox_ros_driver2/msg/detail
[38.610s] -- Installing: /home/nvidia/luckrobot/livox_ws/install/livox_ros_driver2/include/livox_ros_driver2/livox_ros_driver2/msg/detail/custom_point__type_support.cpp
[38.610s] -- Installing: /home/nvidia/luckrobot/livox_ws/install/livox_ros_driver2/include/livox_ros_driver2/livox_ros_driver2/msg/detail/custom_msg__rosidl_typesupport_introspection_cpp.hpp
[38.610s] -- Installing: /home/nvidia/luckrobot/livox_ws/install/livox_ros_driver2/include/livox_ros_driver2/livox_ros_driver2/msg/detail/custom_point__rosidl_typesupport_introspection_cpp.hpp
[38.610s] -- Installing: /home/nvidia/luckrobot/livox_ws/install/livox_ros_driver2/include/livox_ros_driver2/livox_ros_driver2/msg/detail/custom_msg__type_support.cpp
[38.610s] -- Installing: /home/nvidia/luckrobot/livox_ws/install/livox_ros_driver2/lib/liblivox_ros_driver2__rosidl_typesupport_introspection_cpp.so
[38.611s] -- Set runtime path of "/home/nvidia/luckrobot/livox_ws/install/livox_ros_driver2/lib/liblivox_ros_driver2__rosidl_typesupport_introspection_cpp.so" to ""
[38.611s] -- Installing: /home/nvidia/luckrobot/livox_ws/install/livox_ros_driver2/lib/liblivox_ros_driver2__rosidl_typesupport_cpp.so
[38.612s] -- Set runtime path of "/home/nvidia/luckrobot/livox_ws/install/livox_ros_driver2/lib/liblivox_ros_driver2__rosidl_typesupport_cpp.so" to ""
[38.612s] -- Installing: /home/nvidia/luckrobot/livox_ws/install/livox_ros_driver2/share/livox_ros_driver2/environment/pythonpath.sh
[38.612s] -- Installing: /home/nvidia/luckrobot/livox_ws/install/livox_ros_driver2/share/livox_ros_driver2/environment/pythonpath.dsv
[38.612s] -- Installing: /home/nvidia/luckrobot/livox_ws/install/livox_ros_driver2/local/lib/python3.10/dist-packages/livox_ros_driver2-1.0.0-py3.10.egg-info
[38.613s] -- Installing: /home/nvidia/luckrobot/livox_ws/install/livox_ros_driver2/local/lib/python3.10/dist-packages/livox_ros_driver2-1.0.0-py3.10.egg-info/dependency_links.txt
[38.613s] -- Installing: /home/nvidia/luckrobot/livox_ws/install/livox_ros_driver2/local/lib/python3.10/dist-packages/livox_ros_driver2-1.0.0-py3.10.egg-info/PKG-INFO
[38.613s] -- Installing: /home/nvidia/luckrobot/livox_ws/install/livox_ros_driver2/local/lib/python3.10/dist-packages/livox_ros_driver2-1.0.0-py3.10.egg-info/top_level.txt
[38.613s] -- Installing: /home/nvidia/luckrobot/livox_ws/install/livox_ros_driver2/local/lib/python3.10/dist-packages/livox_ros_driver2-1.0.0-py3.10.egg-info/SOURCES.txt
[38.614s] -- Installing: /home/nvidia/luckrobot/livox_ws/install/livox_ros_driver2/local/lib/python3.10/dist-packages/livox_ros_driver2
[38.614s] -- Installing: /home/nvidia/luckrobot/livox_ws/install/livox_ros_driver2/local/lib/python3.10/dist-packages/livox_ros_driver2/_livox_ros_driver2_s.ep.rosidl_typesupport_c.c
[38.614s] -- Installing: /home/nvidia/luckrobot/livox_ws/install/livox_ros_driver2/local/lib/python3.10/dist-packages/livox_ros_driver2/_livox_ros_driver2_s.ep.rosidl_typesupport_introspection_c.c
[38.614s] -- Installing: /home/nvidia/luckrobot/livox_ws/install/livox_ros_driver2/local/lib/python3.10/dist-packages/livox_ros_driver2/__init__.py
[38.614s] -- Installing: /home/nvidia/luckrobot/livox_ws/install/livox_ros_driver2/local/lib/python3.10/dist-packages/livox_ros_driver2/livox_ros_driver2_s__rosidl_typesupport_c.cpython-310-aarch64-linux-gnu.so
[38.615s] -- Installing: /home/nvidia/luckrobot/livox_ws/install/livox_ros_driver2/local/lib/python3.10/dist-packages/livox_ros_driver2/msg
[38.615s] -- Installing: /home/nvidia/luckrobot/livox_ws/install/livox_ros_driver2/local/lib/python3.10/dist-packages/livox_ros_driver2/msg/__init__.py
[38.615s] -- Installing: /home/nvidia/luckrobot/livox_ws/install/livox_ros_driver2/local/lib/python3.10/dist-packages/livox_ros_driver2/msg/_custom_msg.py
[38.615s] -- Installing: /home/nvidia/luckrobot/livox_ws/install/livox_ros_driver2/local/lib/python3.10/dist-packages/livox_ros_driver2/msg/_custom_msg_s.c
[38.616s] -- Installing: /home/nvidia/luckrobot/livox_ws/install/livox_ros_driver2/local/lib/python3.10/dist-packages/livox_ros_driver2/msg/_custom_point_s.c
[38.616s] -- Installing: /home/nvidia/luckrobot/livox_ws/install/livox_ros_driver2/local/lib/python3.10/dist-packages/livox_ros_driver2/msg/_custom_point.py
[38.616s] -- Installing: /home/nvidia/luckrobot/livox_ws/install/livox_ros_driver2/local/lib/python3.10/dist-packages/livox_ros_driver2/livox_ros_driver2_s__rosidl_typesupport_fastrtps_c.cpython-310-aarch64-linux-gnu.so
[38.616s] -- Installing: /home/nvidia/luckrobot/livox_ws/install/livox_ros_driver2/local/lib/python3.10/dist-packages/livox_ros_driver2/livox_ros_driver2_s__rosidl_typesupport_introspection_c.cpython-310-aarch64-linux-gnu.so
[38.617s] -- Installing: /home/nvidia/luckrobot/livox_ws/install/livox_ros_driver2/local/lib/python3.10/dist-packages/livox_ros_driver2/liblivox_interfaces2__rosidl_generator_py.so
[38.617s] -- Installing: /home/nvidia/luckrobot/livox_ws/install/livox_ros_driver2/local/lib/python3.10/dist-packages/livox_ros_driver2/_livox_ros_driver2_s.ep.rosidl_typesupport_fastrtps_c.c
[38.714s] Listing '/home/nvidia/luckrobot/livox_ws/install/livox_ros_driver2/local/lib/python3.10/dist-packages/livox_ros_driver2'...
[38.714s] Compiling '/home/nvidia/luckrobot/livox_ws/install/livox_ros_driver2/local/lib/python3.10/dist-packages/livox_ros_driver2/__init__.py'...
[38.714s] Listing '/home/nvidia/luckrobot/livox_ws/install/livox_ros_driver2/local/lib/python3.10/dist-packages/livox_ros_driver2/msg'...
[38.715s] Compiling '/home/nvidia/luckrobot/livox_ws/install/livox_ros_driver2/local/lib/python3.10/dist-packages/livox_ros_driver2/msg/__init__.py'...
[38.715s] Compiling '/home/nvidia/luckrobot/livox_ws/install/livox_ros_driver2/local/lib/python3.10/dist-packages/livox_ros_driver2/msg/_custom_msg.py'...
[38.715s] Compiling '/home/nvidia/luckrobot/livox_ws/install/livox_ros_driver2/local/lib/python3.10/dist-packages/livox_ros_driver2/msg/_custom_point.py'...
[38.728s] -- Installing: /home/nvidia/luckrobot/livox_ws/install/livox_ros_driver2/local/lib/python3.10/dist-packages/livox_ros_driver2/livox_ros_driver2_s__rosidl_typesupport_fastrtps_c.cpython-310-aarch64-linux-gnu.so
[38.729s] -- Set runtime path of "/home/nvidia/luckrobot/livox_ws/install/livox_ros_driver2/local/lib/python3.10/dist-packages/livox_ros_driver2/livox_ros_driver2_s__rosidl_typesupport_fastrtps_c.cpython-310-aarch64-linux-gnu.so" to ""
[38.729s] -- Installing: /home/nvidia/luckrobot/livox_ws/install/livox_ros_driver2/local/lib/python3.10/dist-packages/livox_ros_driver2/livox_ros_driver2_s__rosidl_typesupport_introspection_c.cpython-310-aarch64-linux-gnu.so
[38.730s] -- Set runtime path of "/home/nvidia/luckrobot/livox_ws/install/livox_ros_driver2/local/lib/python3.10/dist-packages/livox_ros_driver2/livox_ros_driver2_s__rosidl_typesupport_introspection_c.cpython-310-aarch64-linux-gnu.so" to ""
[38.730s] -- Installing: /home/nvidia/luckrobot/livox_ws/install/livox_ros_driver2/local/lib/python3.10/dist-packages/livox_ros_driver2/livox_ros_driver2_s__rosidl_typesupport_c.cpython-310-aarch64-linux-gnu.so
[38.731s] -- Set runtime path of "/home/nvidia/luckrobot/livox_ws/install/livox_ros_driver2/local/lib/python3.10/dist-packages/livox_ros_driver2/livox_ros_driver2_s__rosidl_typesupport_c.cpython-310-aarch64-linux-gnu.so" to ""
[38.731s] -- Installing: /home/nvidia/luckrobot/livox_ws/install/livox_ros_driver2/lib/liblivox_interfaces2__rosidl_generator_py.so
[38.732s] -- Set runtime path of "/home/nvidia/luckrobot/livox_ws/install/livox_ros_driver2/lib/liblivox_interfaces2__rosidl_generator_py.so" to ""
[38.732s] -- Installing: /home/nvidia/luckrobot/livox_ws/install/livox_ros_driver2/share/livox_ros_driver2/msg/CustomPoint.idl
[38.732s] -- Installing: /home/nvidia/luckrobot/livox_ws/install/livox_ros_driver2/share/livox_ros_driver2/msg/CustomMsg.idl
[38.732s] -- Installing: /home/nvidia/luckrobot/livox_ws/install/livox_ros_driver2/share/livox_ros_driver2/msg/CustomPoint.msg
[38.733s] -- Installing: /home/nvidia/luckrobot/livox_ws/install/livox_ros_driver2/share/livox_ros_driver2/msg/CustomMsg.msg
[38.733s] -- Installing: /home/nvidia/luckrobot/livox_ws/install/livox_ros_driver2/lib/livox_ros_driver2/livox_ros_driver2_node
[38.734s] -- Set runtime path of "/home/nvidia/luckrobot/livox_ws/install/livox_ros_driver2/lib/livox_ros_driver2/livox_ros_driver2_node" to ""
[38.734s] -- Installing: /home/nvidia/luckrobot/livox_ws/install/livox_ros_driver2/lib/liblivox_ros_driver2.so
[38.742s] -- Set runtime path of "/home/nvidia/luckrobot/livox_ws/install/livox_ros_driver2/lib/liblivox_ros_driver2.so" to ""
[38.743s] -- Installing: /home/nvidia/luckrobot/livox_ws/install/livox_ros_driver2/share/livox_ros_driver2/config
[38.743s] -- Installing: /home/nvidia/luckrobot/livox_ws/install/livox_ros_driver2/share/livox_ros_driver2/config/display_point_cloud_ROS2.rviz
[38.743s] -- Installing: /home/nvidia/luckrobot/livox_ws/install/livox_ros_driver2/share/livox_ros_driver2/config/HAP_config.json
[38.743s] -- Installing: /home/nvidia/luckrobot/livox_ws/install/livox_ros_driver2/share/livox_ros_driver2/config/display_point_cloud_ROS1.rviz
[38.743s] -- Installing: /home/nvidia/luckrobot/livox_ws/install/livox_ros_driver2/share/livox_ros_driver2/config/mixed_HAP_MID360_config.json
[38.744s] -- Installing: /home/nvidia/luckrobot/livox_ws/install/livox_ros_driver2/share/livox_ros_driver2/config/MID360_config.json
[38.744s] -- Installing: /home/nvidia/luckrobot/livox_ws/install/livox_ros_driver2/share/livox_ros_driver2/config/MID360s_config.json
[38.744s] -- Installing: /home/nvidia/luckrobot/livox_ws/install/livox_ros_driver2/share/livox_ros_driver2/launch_ROS2
[38.744s] -- Installing: /home/nvidia/luckrobot/livox_ws/install/livox_ros_driver2/share/livox_ros_driver2/launch_ROS2/rviz_mixed.py
[38.745s] -- Installing: /home/nvidia/luckrobot/livox_ws/install/livox_ros_driver2/share/livox_ros_driver2/launch_ROS2/rviz_MID360_launch.py
[38.745s] -- Installing: /home/nvidia/luckrobot/livox_ws/install/livox_ros_driver2/share/livox_ros_driver2/launch_ROS2/rviz_MID360s_launch.py
[38.745s] -- Installing: /home/nvidia/luckrobot/livox_ws/install/livox_ros_driver2/share/livox_ros_driver2/launch_ROS2/msg_HAP_launch.py
[38.745s] -- Installing: /home/nvidia/luckrobot/livox_ws/install/livox_ros_driver2/share/livox_ros_driver2/launch_ROS2/rviz_HAP_launch.py
[38.746s] -- Installing: /home/nvidia/luckrobot/livox_ws/install/livox_ros_driver2/share/livox_ros_driver2/launch_ROS2/msg_MID360s_launch.py
[38.746s] -- Installing: /home/nvidia/luckrobot/livox_ws/install/livox_ros_driver2/share/livox_ros_driver2/launch_ROS2/msg_MID360_launch.py
[38.746s] -- Installing: /home/nvidia/luckrobot/livox_ws/install/livox_ros_driver2/share/ament_index/resource_index/package_run_dependencies/livox_ros_driver2
[38.747s] -- Installing: /home/nvidia/luckrobot/livox_ws/install/livox_ros_driver2/share/ament_index/resource_index/parent_prefix_path/livox_ros_driver2
[38.747s] -- Installing: /home/nvidia/luckrobot/livox_ws/install/livox_ros_driver2/share/livox_ros_driver2/environment/ament_prefix_path.sh
[38.747s] -- Installing: /home/nvidia/luckrobot/livox_ws/install/livox_ros_driver2/share/livox_ros_driver2/environment/ament_prefix_path.dsv
[38.748s] -- Installing: /home/nvidia/luckrobot/livox_ws/install/livox_ros_driver2/share/livox_ros_driver2/environment/path.sh
[38.748s] -- Installing: /home/nvidia/luckrobot/livox_ws/install/livox_ros_driver2/share/livox_ros_driver2/environment/path.dsv
[38.748s] -- Installing: /home/nvidia/luckrobot/livox_ws/install/livox_ros_driver2/share/livox_ros_driver2/local_setup.bash
[38.749s] -- Installing: /home/nvidia/luckrobot/livox_ws/install/livox_ros_driver2/share/livox_ros_driver2/local_setup.sh
[38.749s] -- Installing: /home/nvidia/luckrobot/livox_ws/install/livox_ros_driver2/share/livox_ros_driver2/local_setup.zsh
[38.749s] -- Installing: /home/nvidia/luckrobot/livox_ws/install/livox_ros_driver2/share/livox_ros_driver2/local_setup.dsv
[38.749s] -- Installing: /home/nvidia/luckrobot/livox_ws/install/livox_ros_driver2/share/livox_ros_driver2/package.dsv
[38.750s] -- Installing: /home/nvidia/luckrobot/livox_ws/install/livox_ros_driver2/share/ament_index/resource_index/packages/livox_ros_driver2
[38.750s] -- Installing: /home/nvidia/luckrobot/livox_ws/install/livox_ros_driver2/share/livox_ros_driver2/cmake/export_livox_interfaces2__rosidl_generator_cExport.cmake
[38.751s] -- Installing: /home/nvidia/luckrobot/livox_ws/install/livox_ros_driver2/share/livox_ros_driver2/cmake/export_livox_interfaces2__rosidl_generator_cExport-noconfig.cmake
[38.751s] -- Installing: /home/nvidia/luckrobot/livox_ws/install/livox_ros_driver2/share/livox_ros_driver2/cmake/export_livox_interfaces2__rosidl_typesupport_fastrtps_cExport.cmake
[38.751s] -- Installing: /home/nvidia/luckrobot/livox_ws/install/livox_ros_driver2/share/livox_ros_driver2/cmake/export_livox_interfaces2__rosidl_typesupport_fastrtps_cExport-noconfig.cmake
[38.752s] -- Installing: /home/nvidia/luckrobot/livox_ws/install/livox_ros_driver2/share/livox_ros_driver2/cmake/livox_interfaces2__rosidl_typesupport_introspection_cExport.cmake
[38.752s] -- Installing: /home/nvidia/luckrobot/livox_ws/install/livox_ros_driver2/share/livox_ros_driver2/cmake/livox_interfaces2__rosidl_typesupport_introspection_cExport-noconfig.cmake
[38.752s] -- Installing: /home/nvidia/luckrobot/livox_ws/install/livox_ros_driver2/share/livox_ros_driver2/cmake/livox_interfaces2__rosidl_typesupport_cExport.cmake
[38.753s] -- Installing: /home/nvidia/luckrobot/livox_ws/install/livox_ros_driver2/share/livox_ros_driver2/cmake/livox_interfaces2__rosidl_typesupport_cExport-noconfig.cmake
[38.753s] -- Installing: /home/nvidia/luckrobot/livox_ws/install/livox_ros_driver2/share/livox_ros_driver2/cmake/export_livox_interfaces2__rosidl_generator_cppExport.cmake
[38.754s] -- Installing: /home/nvidia/luckrobot/livox_ws/install/livox_ros_driver2/share/livox_ros_driver2/cmake/export_livox_interfaces2__rosidl_typesupport_fastrtps_cppExport.cmake
[38.754s] -- Installing: /home/nvidia/luckrobot/livox_ws/install/livox_ros_driver2/share/livox_ros_driver2/cmake/export_livox_interfaces2__rosidl_typesupport_fastrtps_cppExport-noconfig.cmake
[38.754s] -- Installing: /home/nvidia/luckrobot/livox_ws/install/livox_ros_driver2/share/livox_ros_driver2/cmake/livox_interfaces2__rosidl_typesupport_introspection_cppExport.cmake
[38.755s] -- Installing: /home/nvidia/luckrobot/livox_ws/install/livox_ros_driver2/share/livox_ros_driver2/cmake/livox_interfaces2__rosidl_typesupport_introspection_cppExport-noconfig.cmake
[38.755s] -- Installing: /home/nvidia/luckrobot/livox_ws/install/livox_ros_driver2/share/livox_ros_driver2/cmake/livox_interfaces2__rosidl_typesupport_cppExport.cmake
[38.755s] -- Installing: /home/nvidia/luckrobot/livox_ws/install/livox_ros_driver2/share/livox_ros_driver2/cmake/livox_interfaces2__rosidl_typesupport_cppExport-noconfig.cmake
[38.756s] -- Installing: /home/nvidia/luckrobot/livox_ws/install/livox_ros_driver2/share/livox_ros_driver2/cmake/export_livox_interfaces2__rosidl_generator_pyExport.cmake
[38.756s] -- Installing: /home/nvidia/luckrobot/livox_ws/install/livox_ros_driver2/share/livox_ros_driver2/cmake/export_livox_interfaces2__rosidl_generator_pyExport-noconfig.cmake
[38.756s] -- Installing: /home/nvidia/luckrobot/livox_ws/install/livox_ros_driver2/share/ament_index/resource_index/rclcpp_components/livox_ros_driver2
[38.757s] -- Installing: /home/nvidia/luckrobot/livox_ws/install/livox_ros_driver2/share/livox_ros_driver2/cmake/rosidl_cmake-extras.cmake
[38.757s] -- Installing: /home/nvidia/luckrobot/livox_ws/install/livox_ros_driver2/share/livox_ros_driver2/cmake/ament_cmake_export_dependencies-extras.cmake
[38.757s] -- Installing: /home/nvidia/luckrobot/livox_ws/install/livox_ros_driver2/share/livox_ros_driver2/cmake/ament_cmake_export_include_directories-extras.cmake
[38.758s] -- Installing: /home/nvidia/luckrobot/livox_ws/install/livox_ros_driver2/share/livox_ros_driver2/cmake/ament_cmake_export_libraries-extras.cmake
[38.758s] -- Installing: /home/nvidia/luckrobot/livox_ws/install/livox_ros_driver2/share/livox_ros_driver2/cmake/ament_cmake_export_targets-extras.cmake
[38.759s] -- Installing: /home/nvidia/luckrobot/livox_ws/install/livox_ros_driver2/share/livox_ros_driver2/cmake/rosidl_cmake_export_typesupport_targets-extras.cmake
[38.759s] -- Installing: /home/nvidia/luckrobot/livox_ws/install/livox_ros_driver2/share/livox_ros_driver2/cmake/rosidl_cmake_export_typesupport_libraries-extras.cmake
[38.759s] -- Installing: /home/nvidia/luckrobot/livox_ws/install/livox_ros_driver2/share/livox_ros_driver2/cmake/livox_ros_driver2Config.cmake
[38.759s] -- Installing: /home/nvidia/luckrobot/livox_ws/install/livox_ros_driver2/share/livox_ros_driver2/cmake/livox_ros_driver2Config-version.cmake
[38.760s] -- Installing: /home/nvidia/luckrobot/livox_ws/install/livox_ros_driver2/share/livox_ros_driver2/package.xml
[38.766s] Invoked command in '/home/nvidia/luckrobot/livox_ws/build/livox_ros_driver2' returned '0': CMAKE_PREFIX_PATH=${CMAKE_PREFIX_PATH}:/home/nvidia/luckrobot/luckrobot_ws/install/luckrobot_launch1:/home/nvidia/luckrobot/luckrobot_ws/install/keyboard_control:/opt/ros/humble /usr/bin/cmake --install /home/nvidia/luckrobot/livox_ws/build/livox_ros_driver2
