[0.274s] [34mcolcon[0m [1;30mDEBUG[0m [32mCommand line arguments: ['/usr/bin/colcon', 'build'][0m
[0.274s] [34mcolcon[0m [1;30mDEBUG[0m [32mParsed command line arguments: Namespace(log_base=None, log_level=None, verb_name='build', build_base='build', install_base='install', merge_install=False, symlink_install=False, test_result_base=None, continue_on_error=False, executor='parallel', parallel_workers=6, event_handlers=None, ignore_user_meta=False, metas=['./colcon.meta'], base_paths=['.'], packages_ignore=None, packages_ignore_regex=None, paths=None, packages_up_to=None, packages_up_to_regex=None, packages_above=None, packages_above_and_dependencies=None, packages_above_depth=None, packages_select_by_dep=None, packages_skip_by_dep=None, packages_skip_up_to=None, packages_select_build_failed=False, packages_skip_build_finished=False, packages_select_test_failures=False, packages_skip_test_passed=False, packages_select=None, packages_skip=None, packages_select_regex=None, packages_skip_regex=None, packages_start=None, packages_end=None, allow_overriding=[], cmake_args=None, cmake_target=None, cmake_target_skip_unavailable=False, cmake_clean_cache=False, cmake_clean_first=False, cmake_force_configure=False, ament_cmake_args=None, catkin_cmake_args=None, catkin_skip_building_tests=False, verb_parser=<colcon_defaults.argument_parser.defaults.DefaultArgumentsDecorator object at 0xffff86930190>, verb_extension=<colcon_core.verb.build.BuildVerb object at 0xffff86a856c0>, main=<bound method BuildVerb.main of <colcon_core.verb.build.BuildVerb object at 0xffff86a856c0>>)[0m
[0.879s] [34mcolcon.colcon_core.package_discovery[0m [1;30mLevel 1[0m discover_packages(colcon_meta) check parameters
[0.879s] [34mcolcon.colcon_core.package_discovery[0m [1;30mLevel 1[0m discover_packages(recursive) check parameters
[0.879s] [34mcolcon.colcon_core.package_discovery[0m [1;30mLevel 1[0m discover_packages(ignore) check parameters
[0.879s] [34mcolcon.colcon_core.package_discovery[0m [1;30mLevel 1[0m discover_packages(path) check parameters
[0.879s] [34mcolcon.colcon_core.package_discovery[0m [1;30mLevel 1[0m discover_packages(colcon_meta) discover
[0.880s] [34mcolcon.colcon_core.package_discovery[0m [1;30mLevel 1[0m discover_packages(recursive) discover
[0.880s] [34mcolcon.colcon_core.package_discovery[0m [1;30mINFO[0m Crawling recursively for packages in '/home/nvidia/luckrobot/luckrobot_ws'
[0.880s] [34mcolcon.colcon_core.package_identification[0m [1;30mLevel 1[0m _identify(.) by extensions ['ignore', 'ignore_ament_install']
[0.880s] [34mcolcon.colcon_core.package_identification[0m [1;30mLevel 1[0m _identify(.) by extension 'ignore'
[0.881s] [34mcolcon.colcon_core.package_identification[0m [1;30mLevel 1[0m _identify(.) by extension 'ignore_ament_install'
[0.881s] [34mcolcon.colcon_core.package_identification[0m [1;30mLevel 1[0m _identify(.) by extensions ['colcon_pkg']
[0.881s] [34mcolcon.colcon_core.package_identification[0m [1;30mLevel 1[0m _identify(.) by extension 'colcon_pkg'
[0.881s] [34mcolcon.colcon_core.package_identification[0m [1;30mLevel 1[0m _identify(.) by extensions ['colcon_meta']
[0.881s] [34mcolcon.colcon_core.package_identification[0m [1;30mLevel 1[0m _identify(.) by extension 'colcon_meta'
[0.881s] [34mcolcon.colcon_core.package_identification[0m [1;30mLevel 1[0m _identify(.) by extensions ['ros']
[0.881s] [34mcolcon.colcon_core.package_identification[0m [1;30mLevel 1[0m _identify(.) by extension 'ros'
[0.912s] [34mcolcon.colcon_core.package_identification[0m [1;30mLevel 1[0m _identify(.) by extensions ['cmake', 'python']
[0.912s] [34mcolcon.colcon_core.package_identification[0m [1;30mLevel 1[0m _identify(.) by extension 'cmake'
[0.912s] [34mcolcon.colcon_core.package_identification[0m [1;30mLevel 1[0m _identify(.) by extension 'python'
[0.912s] [34mcolcon.colcon_core.package_identification[0m [1;30mLevel 1[0m _identify(.) by extensions ['python_setup_py']
[0.912s] [34mcolcon.colcon_core.package_identification[0m [1;30mLevel 1[0m _identify(.) by extension 'python_setup_py'
[0.913s] [34mcolcon.colcon_core.package_identification[0m [1;30mLevel 1[0m _identify(build) by extensions ['ignore', 'ignore_ament_install']
[0.913s] [34mcolcon.colcon_core.package_identification[0m [1;30mLevel 1[0m _identify(build) by extension 'ignore'
[0.913s] [34mcolcon.colcon_core.package_identification[0m [1;30mLevel 1[0m _identify(build) ignored
[0.913s] [34mcolcon.colcon_core.package_identification[0m [1;30mLevel 1[0m _identify(install) by extensions ['ignore', 'ignore_ament_install']
[0.914s] [34mcolcon.colcon_core.package_identification[0m [1;30mLevel 1[0m _identify(install) by extension 'ignore'
[0.914s] [34mcolcon.colcon_core.package_identification[0m [1;30mLevel 1[0m _identify(install) ignored
[0.914s] [34mcolcon.colcon_core.package_identification[0m [1;30mLevel 1[0m _identify(log) by extensions ['ignore', 'ignore_ament_install']
[0.914s] [34mcolcon.colcon_core.package_identification[0m [1;30mLevel 1[0m _identify(log) by extension 'ignore'
[0.914s] [34mcolcon.colcon_core.package_identification[0m [1;30mLevel 1[0m _identify(log) ignored
[0.915s] [34mcolcon.colcon_core.package_identification[0m [1;30mLevel 1[0m _identify(src) by extensions ['ignore', 'ignore_ament_install']
[0.915s] [34mcolcon.colcon_core.package_identification[0m [1;30mLevel 1[0m _identify(src) by extension 'ignore'
[0.915s] [34mcolcon.colcon_core.package_identification[0m [1;30mLevel 1[0m _identify(src) by extension 'ignore_ament_install'
[0.915s] [34mcolcon.colcon_core.package_identification[0m [1;30mLevel 1[0m _identify(src) by extensions ['colcon_pkg']
[0.915s] [34mcolcon.colcon_core.package_identification[0m [1;30mLevel 1[0m _identify(src) by extension 'colcon_pkg'
[0.915s] [34mcolcon.colcon_core.package_identification[0m [1;30mLevel 1[0m _identify(src) by extensions ['colcon_meta']
[0.915s] [34mcolcon.colcon_core.package_identification[0m [1;30mLevel 1[0m _identify(src) by extension 'colcon_meta'
[0.915s] [34mcolcon.colcon_core.package_identification[0m [1;30mLevel 1[0m _identify(src) by extensions ['ros']
[0.916s] [34mcolcon.colcon_core.package_identification[0m [1;30mLevel 1[0m _identify(src) by extension 'ros'
[0.916s] [34mcolcon.colcon_core.package_identification[0m [1;30mLevel 1[0m _identify(src) by extensions ['cmake', 'python']
[0.916s] [34mcolcon.colcon_core.package_identification[0m [1;30mLevel 1[0m _identify(src) by extension 'cmake'
[0.916s] [34mcolcon.colcon_core.package_identification[0m [1;30mLevel 1[0m _identify(src) by extension 'python'
[0.916s] [34mcolcon.colcon_core.package_identification[0m [1;30mLevel 1[0m _identify(src) by extensions ['python_setup_py']
[0.916s] [34mcolcon.colcon_core.package_identification[0m [1;30mLevel 1[0m _identify(src) by extension 'python_setup_py'
[0.916s] [34mcolcon.colcon_core.package_identification[0m [1;30mLevel 1[0m _identify(src/keyboard_control) by extensions ['ignore', 'ignore_ament_install']
[0.917s] [34mcolcon.colcon_core.package_identification[0m [1;30mLevel 1[0m _identify(src/keyboard_control) by extension 'ignore'
[0.917s] [34mcolcon.colcon_core.package_identification[0m [1;30mLevel 1[0m _identify(src/keyboard_control) by extension 'ignore_ament_install'
[0.917s] [34mcolcon.colcon_core.package_identification[0m [1;30mLevel 1[0m _identify(src/keyboard_control) by extensions ['colcon_pkg']
[0.917s] [34mcolcon.colcon_core.package_identification[0m [1;30mLevel 1[0m _identify(src/keyboard_control) by extension 'colcon_pkg'
[0.917s] [34mcolcon.colcon_core.package_identification[0m [1;30mLevel 1[0m _identify(src/keyboard_control) by extensions ['colcon_meta']
[0.917s] [34mcolcon.colcon_core.package_identification[0m [1;30mLevel 1[0m _identify(src/keyboard_control) by extension 'colcon_meta'
[0.917s] [34mcolcon.colcon_core.package_identification[0m [1;30mLevel 1[0m _identify(src/keyboard_control) by extensions ['ros']
[0.917s] [34mcolcon.colcon_core.package_identification[0m [1;30mLevel 1[0m _identify(src/keyboard_control) by extension 'ros'
[0.923s] [34mcolcon.colcon_core.package_identification[0m [1;30mDEBUG[0m [32mPackage 'src/keyboard_control' with type 'ros.ament_python' and name 'keyboard_control'[0m
[0.924s] [34mcolcon.colcon_core.package_identification[0m [1;30mLevel 1[0m _identify(src/luckrobot_launch1) by extensions ['ignore', 'ignore_ament_install']
[0.924s] [34mcolcon.colcon_core.package_identification[0m [1;30mLevel 1[0m _identify(src/luckrobot_launch1) by extension 'ignore'
[0.924s] [34mcolcon.colcon_core.package_identification[0m [1;30mLevel 1[0m _identify(src/luckrobot_launch1) by extension 'ignore_ament_install'
[0.924s] [34mcolcon.colcon_core.package_identification[0m [1;30mLevel 1[0m _identify(src/luckrobot_launch1) by extensions ['colcon_pkg']
[0.924s] [34mcolcon.colcon_core.package_identification[0m [1;30mLevel 1[0m _identify(src/luckrobot_launch1) by extension 'colcon_pkg'
[0.924s] [34mcolcon.colcon_core.package_identification[0m [1;30mLevel 1[0m _identify(src/luckrobot_launch1) by extensions ['colcon_meta']
[0.925s] [34mcolcon.colcon_core.package_identification[0m [1;30mLevel 1[0m _identify(src/luckrobot_launch1) by extension 'colcon_meta'
[0.925s] [34mcolcon.colcon_core.package_identification[0m [1;30mLevel 1[0m _identify(src/luckrobot_launch1) by extensions ['ros']
[0.925s] [34mcolcon.colcon_core.package_identification[0m [1;30mLevel 1[0m _identify(src/luckrobot_launch1) by extension 'ros'
[0.926s] [34mcolcon.colcon_core.package_identification[0m [1;30mDEBUG[0m [32mPackage 'src/luckrobot_launch1' with type 'ros.ament_python' and name 'luckrobot_launch1'[0m
[0.927s] [34mcolcon.colcon_core.package_identification[0m [1;30mLevel 1[0m _identify(src/robot_display) by extensions ['ignore', 'ignore_ament_install']
[0.927s] [34mcolcon.colcon_core.package_identification[0m [1;30mLevel 1[0m _identify(src/robot_display) by extension 'ignore'
[0.927s] [34mcolcon.colcon_core.package_identification[0m [1;30mLevel 1[0m _identify(src/robot_display) by extension 'ignore_ament_install'
[0.927s] [34mcolcon.colcon_core.package_identification[0m [1;30mLevel 1[0m _identify(src/robot_display) by extensions ['colcon_pkg']
[0.927s] [34mcolcon.colcon_core.package_identification[0m [1;30mLevel 1[0m _identify(src/robot_display) by extension 'colcon_pkg'
[0.927s] [34mcolcon.colcon_core.package_identification[0m [1;30mLevel 1[0m _identify(src/robot_display) by extensions ['colcon_meta']
[0.928s] [34mcolcon.colcon_core.package_identification[0m [1;30mLevel 1[0m _identify(src/robot_display) by extension 'colcon_meta'
[0.928s] [34mcolcon.colcon_core.package_identification[0m [1;30mLevel 1[0m _identify(src/robot_display) by extensions ['ros']
[0.928s] [34mcolcon.colcon_core.package_identification[0m [1;30mLevel 1[0m _identify(src/robot_display) by extension 'ros'
[0.929s] [34mcolcon.colcon_core.package_identification[0m [1;30mDEBUG[0m [32mPackage 'src/robot_display' with type 'ros.ament_cmake' and name 'robot_display'[0m
[0.929s] [34mcolcon.colcon_core.package_identification[0m [1;30mLevel 1[0m _identify(src/wheel_controller) by extensions ['ignore', 'ignore_ament_install']
[0.929s] [34mcolcon.colcon_core.package_identification[0m [1;30mLevel 1[0m _identify(src/wheel_controller) by extension 'ignore'
[0.930s] [34mcolcon.colcon_core.package_identification[0m [1;30mLevel 1[0m _identify(src/wheel_controller) by extension 'ignore_ament_install'
[0.930s] [34mcolcon.colcon_core.package_identification[0m [1;30mLevel 1[0m _identify(src/wheel_controller) by extensions ['colcon_pkg']
[0.930s] [34mcolcon.colcon_core.package_identification[0m [1;30mLevel 1[0m _identify(src/wheel_controller) by extension 'colcon_pkg'
[0.930s] [34mcolcon.colcon_core.package_identification[0m [1;30mLevel 1[0m _identify(src/wheel_controller) by extensions ['colcon_meta']
[0.930s] [34mcolcon.colcon_core.package_identification[0m [1;30mLevel 1[0m _identify(src/wheel_controller) by extension 'colcon_meta'
[0.930s] [34mcolcon.colcon_core.package_identification[0m [1;30mLevel 1[0m _identify(src/wheel_controller) by extensions ['ros']
[0.930s] [34mcolcon.colcon_core.package_identification[0m [1;30mLevel 1[0m _identify(src/wheel_controller) by extension 'ros'
[0.932s] [34mcolcon.colcon_core.package_identification[0m [1;30mDEBUG[0m [32mPackage 'src/wheel_controller' with type 'ros.ament_cmake' and name 'wheel_controller'[0m
[0.932s] [34mcolcon.colcon_core.package_discovery[0m [1;30mLevel 1[0m discover_packages(recursive) using defaults
[0.933s] [34mcolcon.colcon_core.package_discovery[0m [1;30mLevel 1[0m discover_packages(ignore) discover
[0.933s] [34mcolcon.colcon_core.package_discovery[0m [1;30mLevel 1[0m discover_packages(ignore) using defaults
[0.933s] [34mcolcon.colcon_core.package_discovery[0m [1;30mLevel 1[0m discover_packages(path) discover
[0.933s] [34mcolcon.colcon_core.package_discovery[0m [1;30mLevel 1[0m discover_packages(path) using defaults
[0.972s] [34mcolcon.colcon_core.package_discovery[0m [1;30mLevel 1[0m discover_packages(prefix_path) check parameters
[0.972s] [34mcolcon.colcon_core.package_discovery[0m [1;30mLevel 1[0m discover_packages(prefix_path) discover
[0.977s] [34mcolcon.colcon_installed_package_information.package_discovery[0m [1;30mDEBUG[0m [32mFound 1 installed packages in /home/nvidia/luckrobot/mid360s_ws/install[0m
[0.978s] [34mcolcon.colcon_installed_package_information.package_discovery[0m [1;30mDEBUG[0m [32mFound 3 installed packages in /home/nvidia/luckrobot/orbbecsdk_ws/install[0m
[0.979s] [34mcolcon.colcon_installed_package_information.package_discovery[0m [1;30mDEBUG[0m [32mFound 4 installed packages in /home/nvidia/luckrobot/luckrobot_ws/install[0m
[0.980s] [34mcolcon.colcon_installed_package_information.package_discovery[0m [1;30mDEBUG[0m [32mFound 1 installed packages in /home/nvidia/luckrobot/livox_ws/install[0m
[0.983s] [34mcolcon.colcon_installed_package_information.package_discovery[0m [1;30mDEBUG[0m [32mFound 333 installed packages in /opt/ros/humble[0m
[0.987s] [34mcolcon.colcon_core.package_discovery[0m [1;30mLevel 1[0m discover_packages(prefix_path) using defaults
[1.087s] [34mcolcon.colcon_core.verb[0m [1;30mLevel 5[0m set package 'keyboard_control' build argument 'cmake_args' from command line to 'None'
[1.088s] [34mcolcon.colcon_core.verb[0m [1;30mLevel 5[0m set package 'keyboard_control' build argument 'cmake_target' from command line to 'None'
[1.088s] [34mcolcon.colcon_core.verb[0m [1;30mLevel 5[0m set package 'keyboard_control' build argument 'cmake_target_skip_unavailable' from command line to 'False'
[1.088s] [34mcolcon.colcon_core.verb[0m [1;30mLevel 5[0m set package 'keyboard_control' build argument 'cmake_clean_cache' from command line to 'False'
[1.088s] [34mcolcon.colcon_core.verb[0m [1;30mLevel 5[0m set package 'keyboard_control' build argument 'cmake_clean_first' from command line to 'False'
[1.088s] [34mcolcon.colcon_core.verb[0m [1;30mLevel 5[0m set package 'keyboard_control' build argument 'cmake_force_configure' from command line to 'False'
[1.088s] [34mcolcon.colcon_core.verb[0m [1;30mLevel 5[0m set package 'keyboard_control' build argument 'ament_cmake_args' from command line to 'None'
[1.088s] [34mcolcon.colcon_core.verb[0m [1;30mLevel 5[0m set package 'keyboard_control' build argument 'catkin_cmake_args' from command line to 'None'
[1.088s] [34mcolcon.colcon_core.verb[0m [1;30mLevel 5[0m set package 'keyboard_control' build argument 'catkin_skip_building_tests' from command line to 'False'
[1.088s] [34mcolcon.colcon_core.verb[0m [1;30mDEBUG[0m [32mBuilding package 'keyboard_control' with the following arguments: {'ament_cmake_args': None, 'build_base': '/home/nvidia/luckrobot/luckrobot_ws/build/keyboard_control', 'catkin_cmake_args': None, 'catkin_skip_building_tests': False, 'cmake_args': None, 'cmake_clean_cache': False, 'cmake_clean_first': False, 'cmake_force_configure': False, 'cmake_target': None, 'cmake_target_skip_unavailable': False, 'install_base': '/home/nvidia/luckrobot/luckrobot_ws/install/keyboard_control', 'merge_install': False, 'path': '/home/nvidia/luckrobot/luckrobot_ws/src/keyboard_control', 'symlink_install': False, 'test_result_base': None}[0m
[1.089s] [34mcolcon.colcon_core.verb[0m [1;30mLevel 5[0m set package 'robot_display' build argument 'cmake_args' from command line to 'None'
[1.089s] [34mcolcon.colcon_core.verb[0m [1;30mLevel 5[0m set package 'robot_display' build argument 'cmake_target' from command line to 'None'
[1.089s] [34mcolcon.colcon_core.verb[0m [1;30mLevel 5[0m set package 'robot_display' build argument 'cmake_target_skip_unavailable' from command line to 'False'
[1.089s] [34mcolcon.colcon_core.verb[0m [1;30mLevel 5[0m set package 'robot_display' build argument 'cmake_clean_cache' from command line to 'False'
[1.089s] [34mcolcon.colcon_core.verb[0m [1;30mLevel 5[0m set package 'robot_display' build argument 'cmake_clean_first' from command line to 'False'
[1.089s] [34mcolcon.colcon_core.verb[0m [1;30mLevel 5[0m set package 'robot_display' build argument 'cmake_force_configure' from command line to 'False'
[1.090s] [34mcolcon.colcon_core.verb[0m [1;30mLevel 5[0m set package 'robot_display' build argument 'ament_cmake_args' from command line to 'None'
[1.090s] [34mcolcon.colcon_core.verb[0m [1;30mLevel 5[0m set package 'robot_display' build argument 'catkin_cmake_args' from command line to 'None'
[1.090s] [34mcolcon.colcon_core.verb[0m [1;30mLevel 5[0m set package 'robot_display' build argument 'catkin_skip_building_tests' from command line to 'False'
[1.090s] [34mcolcon.colcon_core.verb[0m [1;30mDEBUG[0m [32mBuilding package 'robot_display' with the following arguments: {'ament_cmake_args': None, 'build_base': '/home/nvidia/luckrobot/luckrobot_ws/build/robot_display', 'catkin_cmake_args': None, 'catkin_skip_building_tests': False, 'cmake_args': None, 'cmake_clean_cache': False, 'cmake_clean_first': False, 'cmake_force_configure': False, 'cmake_target': None, 'cmake_target_skip_unavailable': False, 'install_base': '/home/nvidia/luckrobot/luckrobot_ws/install/robot_display', 'merge_install': False, 'path': '/home/nvidia/luckrobot/luckrobot_ws/src/robot_display', 'symlink_install': False, 'test_result_base': None}[0m
[1.090s] [34mcolcon.colcon_core.verb[0m [1;30mLevel 5[0m set package 'wheel_controller' build argument 'cmake_args' from command line to 'None'
[1.091s] [34mcolcon.colcon_core.verb[0m [1;30mLevel 5[0m set package 'wheel_controller' build argument 'cmake_target' from command line to 'None'
[1.091s] [34mcolcon.colcon_core.verb[0m [1;30mLevel 5[0m set package 'wheel_controller' build argument 'cmake_target_skip_unavailable' from command line to 'False'
[1.091s] [34mcolcon.colcon_core.verb[0m [1;30mLevel 5[0m set package 'wheel_controller' build argument 'cmake_clean_cache' from command line to 'False'
[1.091s] [34mcolcon.colcon_core.verb[0m [1;30mLevel 5[0m set package 'wheel_controller' build argument 'cmake_clean_first' from command line to 'False'
[1.091s] [34mcolcon.colcon_core.verb[0m [1;30mLevel 5[0m set package 'wheel_controller' build argument 'cmake_force_configure' from command line to 'False'
[1.091s] [34mcolcon.colcon_core.verb[0m [1;30mLevel 5[0m set package 'wheel_controller' build argument 'ament_cmake_args' from command line to 'None'
[1.091s] [34mcolcon.colcon_core.verb[0m [1;30mLevel 5[0m set package 'wheel_controller' build argument 'catkin_cmake_args' from command line to 'None'
[1.091s] [34mcolcon.colcon_core.verb[0m [1;30mLevel 5[0m set package 'wheel_controller' build argument 'catkin_skip_building_tests' from command line to 'False'
[1.091s] [34mcolcon.colcon_core.verb[0m [1;30mDEBUG[0m [32mBuilding package 'wheel_controller' with the following arguments: {'ament_cmake_args': None, 'build_base': '/home/nvidia/luckrobot/luckrobot_ws/build/wheel_controller', 'catkin_cmake_args': None, 'catkin_skip_building_tests': False, 'cmake_args': None, 'cmake_clean_cache': False, 'cmake_clean_first': False, 'cmake_force_configure': False, 'cmake_target': None, 'cmake_target_skip_unavailable': False, 'install_base': '/home/nvidia/luckrobot/luckrobot_ws/install/wheel_controller', 'merge_install': False, 'path': '/home/nvidia/luckrobot/luckrobot_ws/src/wheel_controller', 'symlink_install': False, 'test_result_base': None}[0m
[1.092s] [34mcolcon.colcon_core.verb[0m [1;30mLevel 5[0m set package 'luckrobot_launch1' build argument 'cmake_args' from command line to 'None'
[1.092s] [34mcolcon.colcon_core.verb[0m [1;30mLevel 5[0m set package 'luckrobot_launch1' build argument 'cmake_target' from command line to 'None'
[1.092s] [34mcolcon.colcon_core.verb[0m [1;30mLevel 5[0m set package 'luckrobot_launch1' build argument 'cmake_target_skip_unavailable' from command line to 'False'
[1.092s] [34mcolcon.colcon_core.verb[0m [1;30mLevel 5[0m set package 'luckrobot_launch1' build argument 'cmake_clean_cache' from command line to 'False'
[1.092s] [34mcolcon.colcon_core.verb[0m [1;30mLevel 5[0m set package 'luckrobot_launch1' build argument 'cmake_clean_first' from command line to 'False'
[1.092s] [34mcolcon.colcon_core.verb[0m [1;30mLevel 5[0m set package 'luckrobot_launch1' build argument 'cmake_force_configure' from command line to 'False'
[1.092s] [34mcolcon.colcon_core.verb[0m [1;30mLevel 5[0m set package 'luckrobot_launch1' build argument 'ament_cmake_args' from command line to 'None'
[1.092s] [34mcolcon.colcon_core.verb[0m [1;30mLevel 5[0m set package 'luckrobot_launch1' build argument 'catkin_cmake_args' from command line to 'None'
[1.093s] [34mcolcon.colcon_core.verb[0m [1;30mLevel 5[0m set package 'luckrobot_launch1' build argument 'catkin_skip_building_tests' from command line to 'False'
[1.093s] [34mcolcon.colcon_core.verb[0m [1;30mDEBUG[0m [32mBuilding package 'luckrobot_launch1' with the following arguments: {'ament_cmake_args': None, 'build_base': '/home/nvidia/luckrobot/luckrobot_ws/build/luckrobot_launch1', 'catkin_cmake_args': None, 'catkin_skip_building_tests': False, 'cmake_args': None, 'cmake_clean_cache': False, 'cmake_clean_first': False, 'cmake_force_configure': False, 'cmake_target': None, 'cmake_target_skip_unavailable': False, 'install_base': '/home/nvidia/luckrobot/luckrobot_ws/install/luckrobot_launch1', 'merge_install': False, 'path': '/home/nvidia/luckrobot/luckrobot_ws/src/luckrobot_launch1', 'symlink_install': False, 'test_result_base': None}[0m
[1.093s] [34mcolcon.colcon_core.executor[0m [1;30mINFO[0m Executing jobs using 'parallel' executor
[1.095s] [34mcolcon.colcon_parallel_executor.executor.parallel[0m [1;30mDEBUG[0m [32mrun_until_complete[0m
[1.096s] [34mcolcon.colcon_ros.task.ament_cmake.build[0m [1;30mINFO[0m Building ROS package in '/home/nvidia/luckrobot/luckrobot_ws/src/wheel_controller' with build type 'ament_cmake'
[1.096s] [34mcolcon.colcon_cmake.task.cmake.build[0m [1;30mINFO[0m Building CMake package in '/home/nvidia/luckrobot/luckrobot_ws/src/wheel_controller'
[1.101s] [34mcolcon.colcon_core.plugin_system[0m [1;30mINFO[0m Skipping extension 'colcon_core.shell.bat': Not used on non-Windows systems
[1.102s] [34mcolcon.colcon_core.shell[0m [1;30mINFO[0m Skip shell extension 'powershell' for command environment: Not usable outside of PowerShell
[1.102s] [34mcolcon.colcon_core.shell[0m [1;30mDEBUG[0m [32mSkip shell extension 'dsv' for command environment[0m
[1.113s] [34mcolcon.colcon_ros.task.ament_python.build[0m [1;30mINFO[0m Building ROS package in '/home/nvidia/luckrobot/luckrobot_ws/src/keyboard_control' with build type 'ament_python'
[1.113s] [34mcolcon.colcon_core.shell[0m [1;30mLevel 1[0m create_environment_hook('keyboard_control', 'ament_prefix_path')
[1.114s] [34mcolcon.colcon_core.shell[0m [1;30mINFO[0m Creating environment hook '/home/nvidia/luckrobot/luckrobot_ws/install/keyboard_control/share/keyboard_control/hook/ament_prefix_path.ps1'
[1.117s] [34mcolcon.colcon_core.shell[0m [1;30mINFO[0m Creating environment descriptor '/home/nvidia/luckrobot/luckrobot_ws/install/keyboard_control/share/keyboard_control/hook/ament_prefix_path.dsv'
[1.118s] [34mcolcon.colcon_core.shell[0m [1;30mINFO[0m Creating environment hook '/home/nvidia/luckrobot/luckrobot_ws/install/keyboard_control/share/keyboard_control/hook/ament_prefix_path.sh'
[1.120s] [34mcolcon.colcon_core.shell[0m [1;30mINFO[0m Skip shell extension 'powershell' for command environment: Not usable outside of PowerShell
[1.120s] [34mcolcon.colcon_core.shell[0m [1;30mDEBUG[0m [32mSkip shell extension 'dsv' for command environment[0m
[1.130s] [34mcolcon.colcon_ros.task.ament_cmake.build[0m [1;30mINFO[0m Building ROS package in '/home/nvidia/luckrobot/luckrobot_ws/src/robot_display' with build type 'ament_cmake'
[1.131s] [34mcolcon.colcon_cmake.task.cmake.build[0m [1;30mINFO[0m Building CMake package in '/home/nvidia/luckrobot/luckrobot_ws/src/robot_display'
[1.131s] [34mcolcon.colcon_core.shell[0m [1;30mINFO[0m Skip shell extension 'powershell' for command environment: Not usable outside of PowerShell
[1.131s] [34mcolcon.colcon_core.shell[0m [1;30mDEBUG[0m [32mSkip shell extension 'dsv' for command environment[0m
[1.152s] [34mcolcon.colcon_core.event_handler.log_command[0m [1;30mDEBUG[0m [32mInvoking command in '/home/nvidia/luckrobot/luckrobot_ws/build/wheel_controller': CMAKE_PREFIX_PATH=${CMAKE_PREFIX_PATH}:/home/nvidia/luckrobot/luckrobot_ws/install/luckrobot_launch1:/home/nvidia/luckrobot/luckrobot_ws/install/keyboard_control:/opt/ros/humble /usr/bin/cmake --build /home/nvidia/luckrobot/luckrobot_ws/build/wheel_controller -- -j6 -l6[0m
[2.103s] [34mcolcon.colcon_core.task.python.build[0m [1;30mINFO[0m Building Python package in '/home/nvidia/luckrobot/luckrobot_ws/src/keyboard_control'
[2.104s] [34mcolcon.colcon_core.shell[0m [1;30mINFO[0m Skip shell extension 'powershell' for command environment: Not usable outside of PowerShell
[2.105s] [34mcolcon.colcon_core.shell[0m [1;30mDEBUG[0m [32mSkip shell extension 'dsv' for command environment[0m
[2.133s] [34mcolcon.colcon_core.event_handler.log_command[0m [1;30mDEBUG[0m [32mInvoking command in '/home/nvidia/luckrobot/luckrobot_ws/build/robot_display': CMAKE_PREFIX_PATH=${CMAKE_PREFIX_PATH}:/home/nvidia/luckrobot/luckrobot_ws/install/luckrobot_launch1:/home/nvidia/luckrobot/luckrobot_ws/install/keyboard_control:/opt/ros/humble /usr/bin/cmake --build /home/nvidia/luckrobot/luckrobot_ws/build/robot_display -- -j6 -l6[0m
[2.223s] [34mcolcon.colcon_core.event_handler.log_command[0m [1;30mDEBUG[0m [32mInvoked command in '/home/nvidia/luckrobot/luckrobot_ws/build/robot_display' returned '0': CMAKE_PREFIX_PATH=${CMAKE_PREFIX_PATH}:/home/nvidia/luckrobot/luckrobot_ws/install/luckrobot_launch1:/home/nvidia/luckrobot/luckrobot_ws/install/keyboard_control:/opt/ros/humble /usr/bin/cmake --build /home/nvidia/luckrobot/luckrobot_ws/build/robot_display -- -j6 -l6[0m
[2.247s] [34mcolcon.colcon_core.event_handler.log_command[0m [1;30mDEBUG[0m [32mInvoking command in '/home/nvidia/luckrobot/luckrobot_ws/build/robot_display': CMAKE_PREFIX_PATH=${CMAKE_PREFIX_PATH}:/home/nvidia/luckrobot/luckrobot_ws/install/luckrobot_launch1:/home/nvidia/luckrobot/luckrobot_ws/install/keyboard_control:/opt/ros/humble /usr/bin/cmake --install /home/nvidia/luckrobot/luckrobot_ws/build/robot_display[0m
[2.274s] [34mcolcon.colcon_core.environment[0m [1;30mLevel 1[0m create_environment_scripts_only(robot_display)
[2.277s] [34mcolcon.colcon_core.event_handler.log_command[0m [1;30mDEBUG[0m [32mInvoked command in '/home/nvidia/luckrobot/luckrobot_ws/build/robot_display' returned '0': CMAKE_PREFIX_PATH=${CMAKE_PREFIX_PATH}:/home/nvidia/luckrobot/luckrobot_ws/install/luckrobot_launch1:/home/nvidia/luckrobot/luckrobot_ws/install/keyboard_control:/opt/ros/humble /usr/bin/cmake --install /home/nvidia/luckrobot/luckrobot_ws/build/robot_display[0m
[2.282s] [34mcolcon.colcon_core.environment[0m [1;30mLevel 1[0m checking '/home/nvidia/luckrobot/luckrobot_ws/install/robot_display' for CMake module files
[2.284s] [34mcolcon.colcon_core.environment[0m [1;30mLevel 1[0m checking '/home/nvidia/luckrobot/luckrobot_ws/install/robot_display' for CMake config files
[2.284s] [34mcolcon.colcon_core.shell[0m [1;30mLevel 1[0m create_environment_hook('robot_display', 'cmake_prefix_path')
[2.285s] [34mcolcon.colcon_core.shell[0m [1;30mINFO[0m Creating environment hook '/home/nvidia/luckrobot/luckrobot_ws/install/robot_display/share/robot_display/hook/cmake_prefix_path.ps1'
[2.286s] [34mcolcon.colcon_core.shell[0m [1;30mINFO[0m Creating environment descriptor '/home/nvidia/luckrobot/luckrobot_ws/install/robot_display/share/robot_display/hook/cmake_prefix_path.dsv'
[2.287s] [34mcolcon.colcon_core.shell[0m [1;30mINFO[0m Creating environment hook '/home/nvidia/luckrobot/luckrobot_ws/install/robot_display/share/robot_display/hook/cmake_prefix_path.sh'
[2.289s] [34mcolcon.colcon_core.environment[0m [1;30mLevel 1[0m checking '/home/nvidia/luckrobot/luckrobot_ws/install/robot_display/bin'
[2.289s] [34mcolcon.colcon_core.environment[0m [1;30mLevel 1[0m checking '/home/nvidia/luckrobot/luckrobot_ws/install/robot_display/lib/pkgconfig/robot_display.pc'
[2.290s] [34mcolcon.colcon_core.environment[0m [1;30mLevel 1[0m checking '/home/nvidia/luckrobot/luckrobot_ws/install/robot_display/lib/python3.10/site-packages'
[2.291s] [34mcolcon.colcon_core.environment[0m [1;30mLevel 1[0m checking '/home/nvidia/luckrobot/luckrobot_ws/install/robot_display/bin'
[2.292s] [34mcolcon.colcon_core.shell[0m [1;30mINFO[0m Creating package script '/home/nvidia/luckrobot/luckrobot_ws/install/robot_display/share/robot_display/package.ps1'
[2.294s] [34mcolcon.colcon_core.shell[0m [1;30mINFO[0m Creating package descriptor '/home/nvidia/luckrobot/luckrobot_ws/install/robot_display/share/robot_display/package.dsv'
[2.295s] [34mcolcon.colcon_core.shell[0m [1;30mINFO[0m Creating package script '/home/nvidia/luckrobot/luckrobot_ws/install/robot_display/share/robot_display/package.sh'
[2.297s] [34mcolcon.colcon_core.shell[0m [1;30mINFO[0m Creating package script '/home/nvidia/luckrobot/luckrobot_ws/install/robot_display/share/robot_display/package.bash'
[2.299s] [34mcolcon.colcon_core.shell[0m [1;30mINFO[0m Creating package script '/home/nvidia/luckrobot/luckrobot_ws/install/robot_display/share/robot_display/package.zsh'
[2.300s] [34mcolcon.colcon_core.environment[0m [1;30mLevel 1[0m create_file_with_runtime_dependencies(/home/nvidia/luckrobot/luckrobot_ws/install/robot_display/share/colcon-core/packages/robot_display)
[2.301s] [34mcolcon.colcon_core.environment[0m [1;30mLevel 1[0m create_environment_scripts_only(robot_display)
[2.302s] [34mcolcon.colcon_core.environment[0m [1;30mLevel 1[0m checking '/home/nvidia/luckrobot/luckrobot_ws/install/robot_display' for CMake module files
[2.304s] [34mcolcon.colcon_core.environment[0m [1;30mLevel 1[0m checking '/home/nvidia/luckrobot/luckrobot_ws/install/robot_display' for CMake config files
[2.304s] [34mcolcon.colcon_core.shell[0m [1;30mLevel 1[0m create_environment_hook('robot_display', 'cmake_prefix_path')
[2.304s] [34mcolcon.colcon_core.shell[0m [1;30mINFO[0m Creating environment hook '/home/nvidia/luckrobot/luckrobot_ws/install/robot_display/share/robot_display/hook/cmake_prefix_path.ps1'
[2.306s] [34mcolcon.colcon_core.shell[0m [1;30mINFO[0m Creating environment descriptor '/home/nvidia/luckrobot/luckrobot_ws/install/robot_display/share/robot_display/hook/cmake_prefix_path.dsv'
[2.307s] [34mcolcon.colcon_core.shell[0m [1;30mINFO[0m Creating environment hook '/home/nvidia/luckrobot/luckrobot_ws/install/robot_display/share/robot_display/hook/cmake_prefix_path.sh'
[2.308s] [34mcolcon.colcon_core.environment[0m [1;30mLevel 1[0m checking '/home/nvidia/luckrobot/luckrobot_ws/install/robot_display/bin'
[2.308s] [34mcolcon.colcon_core.environment[0m [1;30mLevel 1[0m checking '/home/nvidia/luckrobot/luckrobot_ws/install/robot_display/lib/pkgconfig/robot_display.pc'
[2.309s] [34mcolcon.colcon_core.environment[0m [1;30mLevel 1[0m checking '/home/nvidia/luckrobot/luckrobot_ws/install/robot_display/lib/python3.10/site-packages'
[2.310s] [34mcolcon.colcon_core.environment[0m [1;30mLevel 1[0m checking '/home/nvidia/luckrobot/luckrobot_ws/install/robot_display/bin'
[2.310s] [34mcolcon.colcon_core.shell[0m [1;30mINFO[0m Creating package script '/home/nvidia/luckrobot/luckrobot_ws/install/robot_display/share/robot_display/package.ps1'
[2.312s] [34mcolcon.colcon_core.shell[0m [1;30mINFO[0m Creating package descriptor '/home/nvidia/luckrobot/luckrobot_ws/install/robot_display/share/robot_display/package.dsv'
[2.313s] [34mcolcon.colcon_core.shell[0m [1;30mINFO[0m Creating package script '/home/nvidia/luckrobot/luckrobot_ws/install/robot_display/share/robot_display/package.sh'
[2.314s] [34mcolcon.colcon_core.shell[0m [1;30mINFO[0m Creating package script '/home/nvidia/luckrobot/luckrobot_ws/install/robot_display/share/robot_display/package.bash'
[2.315s] [34mcolcon.colcon_core.shell[0m [1;30mINFO[0m Creating package script '/home/nvidia/luckrobot/luckrobot_ws/install/robot_display/share/robot_display/package.zsh'
[2.316s] [34mcolcon.colcon_core.environment[0m [1;30mLevel 1[0m create_file_with_runtime_dependencies(/home/nvidia/luckrobot/luckrobot_ws/install/robot_display/share/colcon-core/packages/robot_display)
[3.780s] [34mcolcon.colcon_core.event_handler.log_command[0m [1;30mDEBUG[0m [32mInvoking command in '/home/nvidia/luckrobot/luckrobot_ws/src/keyboard_control': PYTHONPATH=/home/nvidia/luckrobot/luckrobot_ws/build/keyboard_control/prefix_override:/usr/lib/python3/dist-packages/colcon_core/task/python/colcon_distutils_commands:/home/nvidia/luckrobot/luckrobot_ws/install/keyboard_control/lib/python3.10/site-packages:${PYTHONPATH} /usr/bin/python3 -W ignore:setup.py install is deprecated -W ignore:easy_install command is deprecated setup.py egg_info --egg-base ../../build/keyboard_control build --build-base /home/nvidia/luckrobot/luckrobot_ws/build/keyboard_control/build install --record /home/nvidia/luckrobot/luckrobot_ws/build/keyboard_control/install.log --single-version-externally-managed install_data[0m
[5.313s] [34mcolcon.colcon_core.environment[0m [1;30mLevel 1[0m checking '/home/nvidia/luckrobot/luckrobot_ws/install/keyboard_control' for CMake module files
[5.315s] [34mcolcon.colcon_core.event_handler.log_command[0m [1;30mDEBUG[0m [32mInvoked command in '/home/nvidia/luckrobot/luckrobot_ws/src/keyboard_control' returned '0': PYTHONPATH=/home/nvidia/luckrobot/luckrobot_ws/build/keyboard_control/prefix_override:/usr/lib/python3/dist-packages/colcon_core/task/python/colcon_distutils_commands:/home/nvidia/luckrobot/luckrobot_ws/install/keyboard_control/lib/python3.10/site-packages:${PYTHONPATH} /usr/bin/python3 -W ignore:setup.py install is deprecated -W ignore:easy_install command is deprecated setup.py egg_info --egg-base ../../build/keyboard_control build --build-base /home/nvidia/luckrobot/luckrobot_ws/build/keyboard_control/build install --record /home/nvidia/luckrobot/luckrobot_ws/build/keyboard_control/install.log --single-version-externally-managed install_data[0m
[5.317s] [34mcolcon.colcon_core.environment[0m [1;30mLevel 1[0m checking '/home/nvidia/luckrobot/luckrobot_ws/install/keyboard_control' for CMake config files
[5.319s] [34mcolcon.colcon_core.environment[0m [1;30mLevel 1[0m checking '/home/nvidia/luckrobot/luckrobot_ws/install/keyboard_control/lib'
[5.320s] [34mcolcon.colcon_core.environment[0m [1;30mLevel 1[0m checking '/home/nvidia/luckrobot/luckrobot_ws/install/keyboard_control/bin'
[5.320s] [34mcolcon.colcon_core.environment[0m [1;30mLevel 1[0m checking '/home/nvidia/luckrobot/luckrobot_ws/install/keyboard_control/lib/pkgconfig/keyboard_control.pc'
[5.321s] [34mcolcon.colcon_core.environment[0m [1;30mLevel 1[0m checking '/home/nvidia/luckrobot/luckrobot_ws/install/keyboard_control/lib/python3.10/site-packages'
[5.321s] [34mcolcon.colcon_core.shell[0m [1;30mLevel 1[0m create_environment_hook('keyboard_control', 'pythonpath')
[5.322s] [34mcolcon.colcon_core.shell[0m [1;30mINFO[0m Creating environment hook '/home/nvidia/luckrobot/luckrobot_ws/install/keyboard_control/share/keyboard_control/hook/pythonpath.ps1'
[5.324s] [34mcolcon.colcon_core.shell[0m [1;30mINFO[0m Creating environment descriptor '/home/nvidia/luckrobot/luckrobot_ws/install/keyboard_control/share/keyboard_control/hook/pythonpath.dsv'
[5.326s] [34mcolcon.colcon_core.shell[0m [1;30mINFO[0m Creating environment hook '/home/nvidia/luckrobot/luckrobot_ws/install/keyboard_control/share/keyboard_control/hook/pythonpath.sh'
[5.329s] [34mcolcon.colcon_core.environment[0m [1;30mLevel 1[0m checking '/home/nvidia/luckrobot/luckrobot_ws/install/keyboard_control/bin'
[5.329s] [34mcolcon.colcon_core.environment[0m [1;30mLevel 1[0m create_environment_scripts_only(keyboard_control)
[5.330s] [34mcolcon.colcon_core.shell[0m [1;30mINFO[0m Creating package script '/home/nvidia/luckrobot/luckrobot_ws/install/keyboard_control/share/keyboard_control/package.ps1'
[5.332s] [34mcolcon.colcon_core.shell[0m [1;30mINFO[0m Creating package descriptor '/home/nvidia/luckrobot/luckrobot_ws/install/keyboard_control/share/keyboard_control/package.dsv'
[5.334s] [34mcolcon.colcon_core.shell[0m [1;30mINFO[0m Creating package script '/home/nvidia/luckrobot/luckrobot_ws/install/keyboard_control/share/keyboard_control/package.sh'
[5.336s] [34mcolcon.colcon_core.shell[0m [1;30mINFO[0m Creating package script '/home/nvidia/luckrobot/luckrobot_ws/install/keyboard_control/share/keyboard_control/package.bash'
[5.337s] [34mcolcon.colcon_core.shell[0m [1;30mINFO[0m Creating package script '/home/nvidia/luckrobot/luckrobot_ws/install/keyboard_control/share/keyboard_control/package.zsh'
[5.338s] [34mcolcon.colcon_core.environment[0m [1;30mLevel 1[0m create_file_with_runtime_dependencies(/home/nvidia/luckrobot/luckrobot_ws/install/keyboard_control/share/colcon-core/packages/keyboard_control)
[29.924s] [34mcolcon.colcon_core.event_handler.log_command[0m [1;30mDEBUG[0m [32mInvoked command in '/home/nvidia/luckrobot/luckrobot_ws/build/wheel_controller' returned '0': CMAKE_PREFIX_PATH=${CMAKE_PREFIX_PATH}:/home/nvidia/luckrobot/luckrobot_ws/install/luckrobot_launch1:/home/nvidia/luckrobot/luckrobot_ws/install/keyboard_control:/opt/ros/humble /usr/bin/cmake --build /home/nvidia/luckrobot/luckrobot_ws/build/wheel_controller -- -j6 -l6[0m
[29.928s] [34mcolcon.colcon_core.event_handler.log_command[0m [1;30mDEBUG[0m [32mInvoking command in '/home/nvidia/luckrobot/luckrobot_ws/build/wheel_controller': CMAKE_PREFIX_PATH=${CMAKE_PREFIX_PATH}:/home/nvidia/luckrobot/luckrobot_ws/install/luckrobot_launch1:/home/nvidia/luckrobot/luckrobot_ws/install/keyboard_control:/opt/ros/humble /usr/bin/cmake --install /home/nvidia/luckrobot/luckrobot_ws/build/wheel_controller[0m
[29.974s] [34mcolcon.colcon_core.environment[0m [1;30mLevel 1[0m create_environment_scripts_only(wheel_controller)
[29.976s] [34mcolcon.colcon_core.environment[0m [1;30mLevel 1[0m checking '/home/nvidia/luckrobot/luckrobot_ws/install/wheel_controller' for CMake module files
[29.977s] [34mcolcon.colcon_core.event_handler.log_command[0m [1;30mDEBUG[0m [32mInvoked command in '/home/nvidia/luckrobot/luckrobot_ws/build/wheel_controller' returned '0': CMAKE_PREFIX_PATH=${CMAKE_PREFIX_PATH}:/home/nvidia/luckrobot/luckrobot_ws/install/luckrobot_launch1:/home/nvidia/luckrobot/luckrobot_ws/install/keyboard_control:/opt/ros/humble /usr/bin/cmake --install /home/nvidia/luckrobot/luckrobot_ws/build/wheel_controller[0m
[29.979s] [34mcolcon.colcon_core.environment[0m [1;30mLevel 1[0m checking '/home/nvidia/luckrobot/luckrobot_ws/install/wheel_controller' for CMake config files
[29.979s] [34mcolcon.colcon_core.shell[0m [1;30mLevel 1[0m create_environment_hook('wheel_controller', 'cmake_prefix_path')
[29.980s] [34mcolcon.colcon_core.shell[0m [1;30mINFO[0m Creating environment hook '/home/nvidia/luckrobot/luckrobot_ws/install/wheel_controller/share/wheel_controller/hook/cmake_prefix_path.ps1'
[29.982s] [34mcolcon.colcon_core.shell[0m [1;30mINFO[0m Creating environment descriptor '/home/nvidia/luckrobot/luckrobot_ws/install/wheel_controller/share/wheel_controller/hook/cmake_prefix_path.dsv'
[29.983s] [34mcolcon.colcon_core.shell[0m [1;30mINFO[0m Creating environment hook '/home/nvidia/luckrobot/luckrobot_ws/install/wheel_controller/share/wheel_controller/hook/cmake_prefix_path.sh'
[29.986s] [34mcolcon.colcon_core.environment[0m [1;30mLevel 1[0m checking '/home/nvidia/luckrobot/luckrobot_ws/install/wheel_controller/lib'
[29.986s] [34mcolcon.colcon_core.environment[0m [1;30mLevel 1[0m checking '/home/nvidia/luckrobot/luckrobot_ws/install/wheel_controller/bin'
[29.986s] [34mcolcon.colcon_core.environment[0m [1;30mLevel 1[0m checking '/home/nvidia/luckrobot/luckrobot_ws/install/wheel_controller/lib/pkgconfig/wheel_controller.pc'
[29.987s] [34mcolcon.colcon_core.environment[0m [1;30mLevel 1[0m checking '/home/nvidia/luckrobot/luckrobot_ws/install/wheel_controller/lib/python3.10/site-packages'
[29.989s] [34mcolcon.colcon_core.environment[0m [1;30mLevel 1[0m checking '/home/nvidia/luckrobot/luckrobot_ws/install/wheel_controller/bin'
[29.990s] [34mcolcon.colcon_core.shell[0m [1;30mINFO[0m Creating package script '/home/nvidia/luckrobot/luckrobot_ws/install/wheel_controller/share/wheel_controller/package.ps1'
[29.992s] [34mcolcon.colcon_core.shell[0m [1;30mINFO[0m Creating package descriptor '/home/nvidia/luckrobot/luckrobot_ws/install/wheel_controller/share/wheel_controller/package.dsv'
[29.993s] [34mcolcon.colcon_core.shell[0m [1;30mINFO[0m Creating package script '/home/nvidia/luckrobot/luckrobot_ws/install/wheel_controller/share/wheel_controller/package.sh'
[29.995s] [34mcolcon.colcon_core.shell[0m [1;30mINFO[0m Creating package script '/home/nvidia/luckrobot/luckrobot_ws/install/wheel_controller/share/wheel_controller/package.bash'
[29.996s] [34mcolcon.colcon_core.shell[0m [1;30mINFO[0m Creating package script '/home/nvidia/luckrobot/luckrobot_ws/install/wheel_controller/share/wheel_controller/package.zsh'
[29.998s] [34mcolcon.colcon_core.environment[0m [1;30mLevel 1[0m create_file_with_runtime_dependencies(/home/nvidia/luckrobot/luckrobot_ws/install/wheel_controller/share/colcon-core/packages/wheel_controller)
[30.000s] [34mcolcon.colcon_core.environment[0m [1;30mLevel 1[0m create_environment_scripts_only(wheel_controller)
[30.001s] [34mcolcon.colcon_core.environment[0m [1;30mLevel 1[0m checking '/home/nvidia/luckrobot/luckrobot_ws/install/wheel_controller' for CMake module files
[30.002s] [34mcolcon.colcon_core.environment[0m [1;30mLevel 1[0m checking '/home/nvidia/luckrobot/luckrobot_ws/install/wheel_controller' for CMake config files
[30.003s] [34mcolcon.colcon_core.shell[0m [1;30mLevel 1[0m create_environment_hook('wheel_controller', 'cmake_prefix_path')
[30.004s] [34mcolcon.colcon_core.shell[0m [1;30mINFO[0m Creating environment hook '/home/nvidia/luckrobot/luckrobot_ws/install/wheel_controller/share/wheel_controller/hook/cmake_prefix_path.ps1'
[30.006s] [34mcolcon.colcon_core.shell[0m [1;30mINFO[0m Creating environment descriptor '/home/nvidia/luckrobot/luckrobot_ws/install/wheel_controller/share/wheel_controller/hook/cmake_prefix_path.dsv'
[30.007s] [34mcolcon.colcon_core.shell[0m [1;30mINFO[0m Creating environment hook '/home/nvidia/luckrobot/luckrobot_ws/install/wheel_controller/share/wheel_controller/hook/cmake_prefix_path.sh'
[30.010s] [34mcolcon.colcon_core.environment[0m [1;30mLevel 1[0m checking '/home/nvidia/luckrobot/luckrobot_ws/install/wheel_controller/lib'
[30.010s] [34mcolcon.colcon_core.environment[0m [1;30mLevel 1[0m checking '/home/nvidia/luckrobot/luckrobot_ws/install/wheel_controller/bin'
[30.011s] [34mcolcon.colcon_core.environment[0m [1;30mLevel 1[0m checking '/home/nvidia/luckrobot/luckrobot_ws/install/wheel_controller/lib/pkgconfig/wheel_controller.pc'
[30.012s] [34mcolcon.colcon_core.environment[0m [1;30mLevel 1[0m checking '/home/nvidia/luckrobot/luckrobot_ws/install/wheel_controller/lib/python3.10/site-packages'
[30.013s] [34mcolcon.colcon_core.environment[0m [1;30mLevel 1[0m checking '/home/nvidia/luckrobot/luckrobot_ws/install/wheel_controller/bin'
[30.015s] [34mcolcon.colcon_core.shell[0m [1;30mINFO[0m Creating package script '/home/nvidia/luckrobot/luckrobot_ws/install/wheel_controller/share/wheel_controller/package.ps1'
[30.017s] [34mcolcon.colcon_core.shell[0m [1;30mINFO[0m Creating package descriptor '/home/nvidia/luckrobot/luckrobot_ws/install/wheel_controller/share/wheel_controller/package.dsv'
[30.018s] [34mcolcon.colcon_core.shell[0m [1;30mINFO[0m Creating package script '/home/nvidia/luckrobot/luckrobot_ws/install/wheel_controller/share/wheel_controller/package.sh'
[30.020s] [34mcolcon.colcon_core.shell[0m [1;30mINFO[0m Creating package script '/home/nvidia/luckrobot/luckrobot_ws/install/wheel_controller/share/wheel_controller/package.bash'
[30.022s] [34mcolcon.colcon_core.shell[0m [1;30mINFO[0m Creating package script '/home/nvidia/luckrobot/luckrobot_ws/install/wheel_controller/share/wheel_controller/package.zsh'
[30.023s] [34mcolcon.colcon_core.environment[0m [1;30mLevel 1[0m create_file_with_runtime_dependencies(/home/nvidia/luckrobot/luckrobot_ws/install/wheel_controller/share/colcon-core/packages/wheel_controller)
[30.024s] [34mcolcon.colcon_ros.task.ament_python.build[0m [1;30mINFO[0m Building ROS package in '/home/nvidia/luckrobot/luckrobot_ws/src/luckrobot_launch1' with build type 'ament_python'
[30.025s] [34mcolcon.colcon_core.shell[0m [1;30mLevel 1[0m create_environment_hook('luckrobot_launch1', 'ament_prefix_path')
[30.026s] [34mcolcon.colcon_core.shell[0m [1;30mINFO[0m Creating environment hook '/home/nvidia/luckrobot/luckrobot_ws/install/luckrobot_launch1/share/luckrobot_launch1/hook/ament_prefix_path.ps1'
[30.029s] [34mcolcon.colcon_core.shell[0m [1;30mINFO[0m Creating environment descriptor '/home/nvidia/luckrobot/luckrobot_ws/install/luckrobot_launch1/share/luckrobot_launch1/hook/ament_prefix_path.dsv'
[30.030s] [34mcolcon.colcon_core.shell[0m [1;30mINFO[0m Creating environment hook '/home/nvidia/luckrobot/luckrobot_ws/install/luckrobot_launch1/share/luckrobot_launch1/hook/ament_prefix_path.sh'
[30.032s] [34mcolcon.colcon_core.shell[0m [1;30mINFO[0m Skip shell extension 'powershell' for command environment: Not usable outside of PowerShell
[30.033s] [34mcolcon.colcon_core.shell[0m [1;30mDEBUG[0m [32mSkip shell extension 'dsv' for command environment[0m
[30.990s] [34mcolcon.colcon_core.task.python.build[0m [1;30mINFO[0m Building Python package in '/home/nvidia/luckrobot/luckrobot_ws/src/luckrobot_launch1'
[30.991s] [34mcolcon.colcon_core.shell[0m [1;30mINFO[0m Skip shell extension 'powershell' for command environment: Not usable outside of PowerShell
[30.992s] [34mcolcon.colcon_core.shell[0m [1;30mDEBUG[0m [32mSkip shell extension 'dsv' for command environment[0m
[32.606s] [34mcolcon.colcon_core.event_handler.log_command[0m [1;30mDEBUG[0m [32mInvoking command in '/home/nvidia/luckrobot/luckrobot_ws/src/luckrobot_launch1': PYTHONPATH=/home/nvidia/luckrobot/luckrobot_ws/build/luckrobot_launch1/prefix_override:/usr/lib/python3/dist-packages/colcon_core/task/python/colcon_distutils_commands:/home/nvidia/luckrobot/luckrobot_ws/install/luckrobot_launch1/lib/python3.10/site-packages:${PYTHONPATH} /usr/bin/python3 -W ignore:setup.py install is deprecated -W ignore:easy_install command is deprecated setup.py egg_info --egg-base ../../build/luckrobot_launch1 build --build-base /home/nvidia/luckrobot/luckrobot_ws/build/luckrobot_launch1/build install --record /home/nvidia/luckrobot/luckrobot_ws/build/luckrobot_launch1/install.log --single-version-externally-managed install_data[0m
[34.093s] [34mcolcon.colcon_core.environment[0m [1;30mLevel 1[0m checking '/home/nvidia/luckrobot/luckrobot_ws/install/luckrobot_launch1' for CMake module files
[34.095s] [34mcolcon.colcon_core.event_handler.log_command[0m [1;30mDEBUG[0m [32mInvoked command in '/home/nvidia/luckrobot/luckrobot_ws/src/luckrobot_launch1' returned '0': PYTHONPATH=/home/nvidia/luckrobot/luckrobot_ws/build/luckrobot_launch1/prefix_override:/usr/lib/python3/dist-packages/colcon_core/task/python/colcon_distutils_commands:/home/nvidia/luckrobot/luckrobot_ws/install/luckrobot_launch1/lib/python3.10/site-packages:${PYTHONPATH} /usr/bin/python3 -W ignore:setup.py install is deprecated -W ignore:easy_install command is deprecated setup.py egg_info --egg-base ../../build/luckrobot_launch1 build --build-base /home/nvidia/luckrobot/luckrobot_ws/build/luckrobot_launch1/build install --record /home/nvidia/luckrobot/luckrobot_ws/build/luckrobot_launch1/install.log --single-version-externally-managed install_data[0m
[34.096s] [34mcolcon.colcon_core.environment[0m [1;30mLevel 1[0m checking '/home/nvidia/luckrobot/luckrobot_ws/install/luckrobot_launch1' for CMake config files
[34.098s] [34mcolcon.colcon_core.environment[0m [1;30mLevel 1[0m checking '/home/nvidia/luckrobot/luckrobot_ws/install/luckrobot_launch1/lib'
[34.099s] [34mcolcon.colcon_core.environment[0m [1;30mLevel 1[0m checking '/home/nvidia/luckrobot/luckrobot_ws/install/luckrobot_launch1/bin'
[34.099s] [34mcolcon.colcon_core.environment[0m [1;30mLevel 1[0m checking '/home/nvidia/luckrobot/luckrobot_ws/install/luckrobot_launch1/lib/pkgconfig/luckrobot_launch1.pc'
[34.100s] [34mcolcon.colcon_core.environment[0m [1;30mLevel 1[0m checking '/home/nvidia/luckrobot/luckrobot_ws/install/luckrobot_launch1/lib/python3.10/site-packages'
[34.100s] [34mcolcon.colcon_core.shell[0m [1;30mLevel 1[0m create_environment_hook('luckrobot_launch1', 'pythonpath')
[34.101s] [34mcolcon.colcon_core.shell[0m [1;30mINFO[0m Creating environment hook '/home/nvidia/luckrobot/luckrobot_ws/install/luckrobot_launch1/share/luckrobot_launch1/hook/pythonpath.ps1'
[34.103s] [34mcolcon.colcon_core.shell[0m [1;30mINFO[0m Creating environment descriptor '/home/nvidia/luckrobot/luckrobot_ws/install/luckrobot_launch1/share/luckrobot_launch1/hook/pythonpath.dsv'
[34.104s] [34mcolcon.colcon_core.shell[0m [1;30mINFO[0m Creating environment hook '/home/nvidia/luckrobot/luckrobot_ws/install/luckrobot_launch1/share/luckrobot_launch1/hook/pythonpath.sh'
[34.109s] [34mcolcon.colcon_core.environment[0m [1;30mLevel 1[0m checking '/home/nvidia/luckrobot/luckrobot_ws/install/luckrobot_launch1/bin'
[34.109s] [34mcolcon.colcon_core.environment[0m [1;30mLevel 1[0m create_environment_scripts_only(luckrobot_launch1)
[34.110s] [34mcolcon.colcon_core.shell[0m [1;30mINFO[0m Creating package script '/home/nvidia/luckrobot/luckrobot_ws/install/luckrobot_launch1/share/luckrobot_launch1/package.ps1'
[34.112s] [34mcolcon.colcon_core.shell[0m [1;30mINFO[0m Creating package descriptor '/home/nvidia/luckrobot/luckrobot_ws/install/luckrobot_launch1/share/luckrobot_launch1/package.dsv'
[34.114s] [34mcolcon.colcon_core.shell[0m [1;30mINFO[0m Creating package script '/home/nvidia/luckrobot/luckrobot_ws/install/luckrobot_launch1/share/luckrobot_launch1/package.sh'
[34.116s] [34mcolcon.colcon_core.shell[0m [1;30mINFO[0m Creating package script '/home/nvidia/luckrobot/luckrobot_ws/install/luckrobot_launch1/share/luckrobot_launch1/package.bash'
[34.117s] [34mcolcon.colcon_core.shell[0m [1;30mINFO[0m Creating package script '/home/nvidia/luckrobot/luckrobot_ws/install/luckrobot_launch1/share/luckrobot_launch1/package.zsh'
[34.118s] [34mcolcon.colcon_core.environment[0m [1;30mLevel 1[0m create_file_with_runtime_dependencies(/home/nvidia/luckrobot/luckrobot_ws/install/luckrobot_launch1/share/colcon-core/packages/luckrobot_launch1)
[34.119s] [34mcolcon.colcon_parallel_executor.executor.parallel[0m [1;30mDEBUG[0m [32mclosing loop[0m
[34.120s] [34mcolcon.colcon_parallel_executor.executor.parallel[0m [1;30mDEBUG[0m [32mloop closed[0m
[34.121s] [34mcolcon.colcon_parallel_executor.executor.parallel[0m [1;30mDEBUG[0m [32mrun_until_complete finished with '0'[0m
[34.121s] [34mcolcon.colcon_core.event_reactor[0m [1;30mDEBUG[0m [32mjoining thread[0m
[34.143s] [34mcolcon.colcon_core.plugin_system[0m [1;30mINFO[0m Skipping extension 'colcon_notification.desktop_notification.terminal_notifier': Not used on non-Darwin systems
[34.143s] [34mcolcon.colcon_core.plugin_system[0m [1;30mINFO[0m Skipping extension 'colcon_notification.desktop_notification.win32': Not used on non-Windows systems
[34.144s] [34mcolcon.colcon_notification.desktop_notification[0m [1;30mINFO[0m Sending desktop notification using 'notify2'
[34.178s] [34mcolcon.colcon_core.event_reactor[0m [1;30mDEBUG[0m [32mjoined thread[0m
[34.179s] [34mcolcon.colcon_core.shell[0m [1;30mINFO[0m Creating prefix script '/home/nvidia/luckrobot/luckrobot_ws/install/local_setup.ps1'
[34.183s] [34mcolcon.colcon_core.shell[0m [1;30mINFO[0m Creating prefix util module '/home/nvidia/luckrobot/luckrobot_ws/install/_local_setup_util_ps1.py'
[34.188s] [34mcolcon.colcon_core.shell[0m [1;30mINFO[0m Creating prefix chain script '/home/nvidia/luckrobot/luckrobot_ws/install/setup.ps1'
[34.193s] [34mcolcon.colcon_core.shell[0m [1;30mINFO[0m Creating prefix script '/home/nvidia/luckrobot/luckrobot_ws/install/local_setup.sh'
[34.195s] [34mcolcon.colcon_core.shell[0m [1;30mINFO[0m Creating prefix util module '/home/nvidia/luckrobot/luckrobot_ws/install/_local_setup_util_sh.py'
[34.197s] [34mcolcon.colcon_core.shell[0m [1;30mINFO[0m Creating prefix chain script '/home/nvidia/luckrobot/luckrobot_ws/install/setup.sh'
[34.202s] [34mcolcon.colcon_core.shell[0m [1;30mINFO[0m Creating prefix script '/home/nvidia/luckrobot/luckrobot_ws/install/local_setup.bash'
[34.203s] [34mcolcon.colcon_core.shell[0m [1;30mINFO[0m Creating prefix chain script '/home/nvidia/luckrobot/luckrobot_ws/install/setup.bash'
[34.207s] [34mcolcon.colcon_core.shell[0m [1;30mINFO[0m Creating prefix script '/home/nvidia/luckrobot/luckrobot_ws/install/local_setup.zsh'
[34.209s] [34mcolcon.colcon_core.shell[0m [1;30mINFO[0m Creating prefix chain script '/home/nvidia/luckrobot/luckrobot_ws/install/setup.zsh'
