[0.274s] [34mcolcon[0m [1;30mDEBUG[0m [32mCommand line arguments: ['/usr/bin/colcon', 'build', '--cmake-args', '-DCMAKE_BUILD_TYPE=Release'][0m
[0.275s] [34mcolcon[0m [1;30mDEBUG[0m [32mParsed command line arguments: Namespace(log_base=None, log_level=None, verb_name='build', build_base='build', install_base='install', merge_install=False, symlink_install=False, test_result_base=None, continue_on_error=False, executor='parallel', parallel_workers=6, event_handlers=None, ignore_user_meta=False, metas=['./colcon.meta'], base_paths=['.'], packages_ignore=None, packages_ignore_regex=None, paths=None, packages_up_to=None, packages_up_to_regex=None, packages_above=None, packages_above_and_dependencies=None, packages_above_depth=None, packages_select_by_dep=None, packages_skip_by_dep=None, packages_skip_up_to=None, packages_select_build_failed=False, packages_skip_build_finished=False, packages_select_test_failures=False, packages_skip_test_passed=False, packages_select=None, packages_skip=None, packages_select_regex=None, packages_skip_regex=None, packages_start=None, packages_end=None, allow_overriding=[], cmake_args=['-DCMAKE_BUILD_TYPE=Release'], cmake_target=None, cmake_target_skip_unavailable=False, cmake_clean_cache=False, cmake_clean_first=False, cmake_force_configure=False, ament_cmake_args=None, catkin_cmake_args=None, catkin_skip_building_tests=False, verb_parser=<colcon_defaults.argument_parser.defaults.DefaultArgumentsDecorator object at 0xffff98517e80>, verb_extension=<colcon_core.verb.build.BuildVerb object at 0xffff984593f0>, main=<bound method BuildVerb.main of <colcon_core.verb.build.BuildVerb object at 0xffff984593f0>>)[0m
[0.657s] [34mcolcon.colcon_core.package_discovery[0m [1;30mLevel 1[0m discover_packages(colcon_meta) check parameters
[0.657s] [34mcolcon.colcon_core.package_discovery[0m [1;30mLevel 1[0m discover_packages(recursive) check parameters
[0.657s] [34mcolcon.colcon_core.package_discovery[0m [1;30mLevel 1[0m discover_packages(ignore) check parameters
[0.657s] [34mcolcon.colcon_core.package_discovery[0m [1;30mLevel 1[0m discover_packages(path) check parameters
[0.657s] [34mcolcon.colcon_core.package_discovery[0m [1;30mLevel 1[0m discover_packages(colcon_meta) discover
[0.657s] [34mcolcon.colcon_core.package_discovery[0m [1;30mLevel 1[0m discover_packages(recursive) discover
[0.658s] [34mcolcon.colcon_core.package_discovery[0m [1;30mINFO[0m Crawling recursively for packages in '/home/nvidia/luckrobot/fastlio_localization'
[0.658s] [34mcolcon.colcon_core.package_identification[0m [1;30mLevel 1[0m _identify(.) by extensions ['ignore', 'ignore_ament_install']
[0.658s] [34mcolcon.colcon_core.package_identification[0m [1;30mLevel 1[0m _identify(.) by extension 'ignore'
[0.658s] [34mcolcon.colcon_core.package_identification[0m [1;30mLevel 1[0m _identify(.) by extension 'ignore_ament_install'
[0.658s] [34mcolcon.colcon_core.package_identification[0m [1;30mLevel 1[0m _identify(.) by extensions ['colcon_pkg']
[0.658s] [34mcolcon.colcon_core.package_identification[0m [1;30mLevel 1[0m _identify(.) by extension 'colcon_pkg'
[0.658s] [34mcolcon.colcon_core.package_identification[0m [1;30mLevel 1[0m _identify(.) by extensions ['colcon_meta']
[0.658s] [34mcolcon.colcon_core.package_identification[0m [1;30mLevel 1[0m _identify(.) by extension 'colcon_meta'
[0.659s] [34mcolcon.colcon_core.package_identification[0m [1;30mLevel 1[0m _identify(.) by extensions ['ros']
[0.659s] [34mcolcon.colcon_core.package_identification[0m [1;30mLevel 1[0m _identify(.) by extension 'ros'
[0.679s] [34mcolcon.colcon_core.package_identification[0m [1;30mLevel 1[0m _identify(.) by extensions ['cmake', 'python']
[0.679s] [34mcolcon.colcon_core.package_identification[0m [1;30mLevel 1[0m _identify(.) by extension 'cmake'
[0.679s] [34mcolcon.colcon_core.package_identification[0m [1;30mLevel 1[0m _identify(.) by extension 'python'
[0.679s] [34mcolcon.colcon_core.package_identification[0m [1;30mLevel 1[0m _identify(.) by extensions ['python_setup_py']
[0.679s] [34mcolcon.colcon_core.package_identification[0m [1;30mLevel 1[0m _identify(.) by extension 'python_setup_py'
[0.680s] [34mcolcon.colcon_core.package_identification[0m [1;30mLevel 1[0m _identify(build) by extensions ['ignore', 'ignore_ament_install']
[0.680s] [34mcolcon.colcon_core.package_identification[0m [1;30mLevel 1[0m _identify(build) by extension 'ignore'
[0.680s] [34mcolcon.colcon_core.package_identification[0m [1;30mLevel 1[0m _identify(build) ignored
[0.680s] [34mcolcon.colcon_core.package_identification[0m [1;30mLevel 1[0m _identify(install) by extensions ['ignore', 'ignore_ament_install']
[0.680s] [34mcolcon.colcon_core.package_identification[0m [1;30mLevel 1[0m _identify(install) by extension 'ignore'
[0.680s] [34mcolcon.colcon_core.package_identification[0m [1;30mLevel 1[0m _identify(install) ignored
[0.681s] [34mcolcon.colcon_core.package_identification[0m [1;30mLevel 1[0m _identify(log) by extensions ['ignore', 'ignore_ament_install']
[0.681s] [34mcolcon.colcon_core.package_identification[0m [1;30mLevel 1[0m _identify(log) by extension 'ignore'
[0.681s] [34mcolcon.colcon_core.package_identification[0m [1;30mLevel 1[0m _identify(log) ignored
[0.681s] [34mcolcon.colcon_core.package_identification[0m [1;30mLevel 1[0m _identify(src) by extensions ['ignore', 'ignore_ament_install']
[0.681s] [34mcolcon.colcon_core.package_identification[0m [1;30mLevel 1[0m _identify(src) by extension 'ignore'
[0.681s] [34mcolcon.colcon_core.package_identification[0m [1;30mLevel 1[0m _identify(src) by extension 'ignore_ament_install'
[0.681s] [34mcolcon.colcon_core.package_identification[0m [1;30mLevel 1[0m _identify(src) by extensions ['colcon_pkg']
[0.681s] [34mcolcon.colcon_core.package_identification[0m [1;30mLevel 1[0m _identify(src) by extension 'colcon_pkg'
[0.682s] [34mcolcon.colcon_core.package_identification[0m [1;30mLevel 1[0m _identify(src) by extensions ['colcon_meta']
[0.682s] [34mcolcon.colcon_core.package_identification[0m [1;30mLevel 1[0m _identify(src) by extension 'colcon_meta'
[0.682s] [34mcolcon.colcon_core.package_identification[0m [1;30mLevel 1[0m _identify(src) by extensions ['ros']
[0.682s] [34mcolcon.colcon_core.package_identification[0m [1;30mLevel 1[0m _identify(src) by extension 'ros'
[0.682s] [34mcolcon.colcon_core.package_identification[0m [1;30mLevel 1[0m _identify(src) by extensions ['cmake', 'python']
[0.682s] [34mcolcon.colcon_core.package_identification[0m [1;30mLevel 1[0m _identify(src) by extension 'cmake'
[0.682s] [34mcolcon.colcon_core.package_identification[0m [1;30mLevel 1[0m _identify(src) by extension 'python'
[0.682s] [34mcolcon.colcon_core.package_identification[0m [1;30mLevel 1[0m _identify(src) by extensions ['python_setup_py']
[0.682s] [34mcolcon.colcon_core.package_identification[0m [1;30mLevel 1[0m _identify(src) by extension 'python_setup_py'
[0.682s] [34mcolcon.colcon_core.package_identification[0m [1;30mLevel 1[0m _identify(src/FAST_LIO_LOCALIZATION_HUMANOID) by extensions ['ignore', 'ignore_ament_install']
[0.683s] [34mcolcon.colcon_core.package_identification[0m [1;30mLevel 1[0m _identify(src/FAST_LIO_LOCALIZATION_HUMANOID) by extension 'ignore'
[0.683s] [34mcolcon.colcon_core.package_identification[0m [1;30mLevel 1[0m _identify(src/FAST_LIO_LOCALIZATION_HUMANOID) by extension 'ignore_ament_install'
[0.683s] [34mcolcon.colcon_core.package_identification[0m [1;30mLevel 1[0m _identify(src/FAST_LIO_LOCALIZATION_HUMANOID) by extensions ['colcon_pkg']
[0.683s] [34mcolcon.colcon_core.package_identification[0m [1;30mLevel 1[0m _identify(src/FAST_LIO_LOCALIZATION_HUMANOID) by extension 'colcon_pkg'
[0.683s] [34mcolcon.colcon_core.package_identification[0m [1;30mLevel 1[0m _identify(src/FAST_LIO_LOCALIZATION_HUMANOID) by extensions ['colcon_meta']
[0.683s] [34mcolcon.colcon_core.package_identification[0m [1;30mLevel 1[0m _identify(src/FAST_LIO_LOCALIZATION_HUMANOID) by extension 'colcon_meta'
[0.683s] [34mcolcon.colcon_core.package_identification[0m [1;30mLevel 1[0m _identify(src/FAST_LIO_LOCALIZATION_HUMANOID) by extensions ['ros']
[0.683s] [34mcolcon.colcon_core.package_identification[0m [1;30mLevel 1[0m _identify(src/FAST_LIO_LOCALIZATION_HUMANOID) by extension 'ros'
[0.683s] [34mcolcon.colcon_core.package_identification[0m [1;30mLevel 1[0m _identify(src/FAST_LIO_LOCALIZATION_HUMANOID) by extensions ['cmake', 'python']
[0.683s] [34mcolcon.colcon_core.package_identification[0m [1;30mLevel 1[0m _identify(src/FAST_LIO_LOCALIZATION_HUMANOID) by extension 'cmake'
[0.684s] [34mcolcon.colcon_core.package_identification[0m [1;30mLevel 1[0m _identify(src/FAST_LIO_LOCALIZATION_HUMANOID) by extension 'python'
[0.684s] [34mcolcon.colcon_core.package_identification[0m [1;30mLevel 1[0m _identify(src/FAST_LIO_LOCALIZATION_HUMANOID) by extensions ['python_setup_py']
[0.684s] [34mcolcon.colcon_core.package_identification[0m [1;30mLevel 1[0m _identify(src/FAST_LIO_LOCALIZATION_HUMANOID) by extension 'python_setup_py'
[0.684s] [34mcolcon.colcon_core.package_identification[0m [1;30mLevel 1[0m _identify(src/FAST_LIO_LOCALIZATION_HUMANOID/FAST_LIO) by extensions ['ignore', 'ignore_ament_install']
[0.684s] [34mcolcon.colcon_core.package_identification[0m [1;30mLevel 1[0m _identify(src/FAST_LIO_LOCALIZATION_HUMANOID/FAST_LIO) by extension 'ignore'
[0.684s] [34mcolcon.colcon_core.package_identification[0m [1;30mLevel 1[0m _identify(src/FAST_LIO_LOCALIZATION_HUMANOID/FAST_LIO) by extension 'ignore_ament_install'
[0.684s] [34mcolcon.colcon_core.package_identification[0m [1;30mLevel 1[0m _identify(src/FAST_LIO_LOCALIZATION_HUMANOID/FAST_LIO) by extensions ['colcon_pkg']
[0.684s] [34mcolcon.colcon_core.package_identification[0m [1;30mLevel 1[0m _identify(src/FAST_LIO_LOCALIZATION_HUMANOID/FAST_LIO) by extension 'colcon_pkg'
[0.684s] [34mcolcon.colcon_core.package_identification[0m [1;30mLevel 1[0m _identify(src/FAST_LIO_LOCALIZATION_HUMANOID/FAST_LIO) by extensions ['colcon_meta']
[0.684s] [34mcolcon.colcon_core.package_identification[0m [1;30mLevel 1[0m _identify(src/FAST_LIO_LOCALIZATION_HUMANOID/FAST_LIO) by extension 'colcon_meta'
[0.685s] [34mcolcon.colcon_core.package_identification[0m [1;30mLevel 1[0m _identify(src/FAST_LIO_LOCALIZATION_HUMANOID/FAST_LIO) by extensions ['ros']
[0.685s] [34mcolcon.colcon_core.package_identification[0m [1;30mLevel 1[0m _identify(src/FAST_LIO_LOCALIZATION_HUMANOID/FAST_LIO) by extension 'ros'
[0.692s] [34mcolcon.colcon_core.package_identification[0m [1;30mDEBUG[0m [32mPackage 'src/FAST_LIO_LOCALIZATION_HUMANOID/FAST_LIO' with type 'ros.ament_cmake' and name 'fast_lio'[0m
[0.693s] [34mcolcon.colcon_core.package_identification[0m [1;30mLevel 1[0m _identify(src/FAST_LIO_LOCALIZATION_HUMANOID/data) by extensions ['ignore', 'ignore_ament_install']
[0.693s] [34mcolcon.colcon_core.package_identification[0m [1;30mLevel 1[0m _identify(src/FAST_LIO_LOCALIZATION_HUMANOID/data) by extension 'ignore'
[0.693s] [34mcolcon.colcon_core.package_identification[0m [1;30mLevel 1[0m _identify(src/FAST_LIO_LOCALIZATION_HUMANOID/data) by extension 'ignore_ament_install'
[0.693s] [34mcolcon.colcon_core.package_identification[0m [1;30mLevel 1[0m _identify(src/FAST_LIO_LOCALIZATION_HUMANOID/data) by extensions ['colcon_pkg']
[0.693s] [34mcolcon.colcon_core.package_identification[0m [1;30mLevel 1[0m _identify(src/FAST_LIO_LOCALIZATION_HUMANOID/data) by extension 'colcon_pkg'
[0.693s] [34mcolcon.colcon_core.package_identification[0m [1;30mLevel 1[0m _identify(src/FAST_LIO_LOCALIZATION_HUMANOID/data) by extensions ['colcon_meta']
[0.693s] [34mcolcon.colcon_core.package_identification[0m [1;30mLevel 1[0m _identify(src/FAST_LIO_LOCALIZATION_HUMANOID/data) by extension 'colcon_meta'
[0.694s] [34mcolcon.colcon_core.package_identification[0m [1;30mLevel 1[0m _identify(src/FAST_LIO_LOCALIZATION_HUMANOID/data) by extensions ['ros']
[0.694s] [34mcolcon.colcon_core.package_identification[0m [1;30mLevel 1[0m _identify(src/FAST_LIO_LOCALIZATION_HUMANOID/data) by extension 'ros'
[0.694s] [34mcolcon.colcon_core.package_identification[0m [1;30mLevel 1[0m _identify(src/FAST_LIO_LOCALIZATION_HUMANOID/data) by extensions ['cmake', 'python']
[0.694s] [34mcolcon.colcon_core.package_identification[0m [1;30mLevel 1[0m _identify(src/FAST_LIO_LOCALIZATION_HUMANOID/data) by extension 'cmake'
[0.694s] [34mcolcon.colcon_core.package_identification[0m [1;30mLevel 1[0m _identify(src/FAST_LIO_LOCALIZATION_HUMANOID/data) by extension 'python'
[0.694s] [34mcolcon.colcon_core.package_identification[0m [1;30mLevel 1[0m _identify(src/FAST_LIO_LOCALIZATION_HUMANOID/data) by extensions ['python_setup_py']
[0.694s] [34mcolcon.colcon_core.package_identification[0m [1;30mLevel 1[0m _identify(src/FAST_LIO_LOCALIZATION_HUMANOID/data) by extension 'python_setup_py'
[0.694s] [34mcolcon.colcon_core.package_identification[0m [1;30mLevel 1[0m _identify(src/FAST_LIO_LOCALIZATION_HUMANOID/doc) by extensions ['ignore', 'ignore_ament_install']
[0.695s] [34mcolcon.colcon_core.package_identification[0m [1;30mLevel 1[0m _identify(src/FAST_LIO_LOCALIZATION_HUMANOID/doc) by extension 'ignore'
[0.695s] [34mcolcon.colcon_core.package_identification[0m [1;30mLevel 1[0m _identify(src/FAST_LIO_LOCALIZATION_HUMANOID/doc) by extension 'ignore_ament_install'
[0.695s] [34mcolcon.colcon_core.package_identification[0m [1;30mLevel 1[0m _identify(src/FAST_LIO_LOCALIZATION_HUMANOID/doc) by extensions ['colcon_pkg']
[0.695s] [34mcolcon.colcon_core.package_identification[0m [1;30mLevel 1[0m _identify(src/FAST_LIO_LOCALIZATION_HUMANOID/doc) by extension 'colcon_pkg'
[0.695s] [34mcolcon.colcon_core.package_identification[0m [1;30mLevel 1[0m _identify(src/FAST_LIO_LOCALIZATION_HUMANOID/doc) by extensions ['colcon_meta']
[0.695s] [34mcolcon.colcon_core.package_identification[0m [1;30mLevel 1[0m _identify(src/FAST_LIO_LOCALIZATION_HUMANOID/doc) by extension 'colcon_meta'
[0.695s] [34mcolcon.colcon_core.package_identification[0m [1;30mLevel 1[0m _identify(src/FAST_LIO_LOCALIZATION_HUMANOID/doc) by extensions ['ros']
[0.695s] [34mcolcon.colcon_core.package_identification[0m [1;30mLevel 1[0m _identify(src/FAST_LIO_LOCALIZATION_HUMANOID/doc) by extension 'ros'
[0.695s] [34mcolcon.colcon_core.package_identification[0m [1;30mLevel 1[0m _identify(src/FAST_LIO_LOCALIZATION_HUMANOID/doc) by extensions ['cmake', 'python']
[0.695s] [34mcolcon.colcon_core.package_identification[0m [1;30mLevel 1[0m _identify(src/FAST_LIO_LOCALIZATION_HUMANOID/doc) by extension 'cmake'
[0.695s] [34mcolcon.colcon_core.package_identification[0m [1;30mLevel 1[0m _identify(src/FAST_LIO_LOCALIZATION_HUMANOID/doc) by extension 'python'
[0.696s] [34mcolcon.colcon_core.package_identification[0m [1;30mLevel 1[0m _identify(src/FAST_LIO_LOCALIZATION_HUMANOID/doc) by extensions ['python_setup_py']
[0.696s] [34mcolcon.colcon_core.package_identification[0m [1;30mLevel 1[0m _identify(src/FAST_LIO_LOCALIZATION_HUMANOID/doc) by extension 'python_setup_py'
[0.696s] [34mcolcon.colcon_core.package_identification[0m [1;30mLevel 1[0m _identify(src/FAST_LIO_LOCALIZATION_HUMANOID/open3d_loc) by extensions ['ignore', 'ignore_ament_install']
[0.696s] [34mcolcon.colcon_core.package_identification[0m [1;30mLevel 1[0m _identify(src/FAST_LIO_LOCALIZATION_HUMANOID/open3d_loc) by extension 'ignore'
[0.696s] [34mcolcon.colcon_core.package_identification[0m [1;30mLevel 1[0m _identify(src/FAST_LIO_LOCALIZATION_HUMANOID/open3d_loc) by extension 'ignore_ament_install'
[0.696s] [34mcolcon.colcon_core.package_identification[0m [1;30mLevel 1[0m _identify(src/FAST_LIO_LOCALIZATION_HUMANOID/open3d_loc) by extensions ['colcon_pkg']
[0.696s] [34mcolcon.colcon_core.package_identification[0m [1;30mLevel 1[0m _identify(src/FAST_LIO_LOCALIZATION_HUMANOID/open3d_loc) by extension 'colcon_pkg'
[0.696s] [34mcolcon.colcon_core.package_identification[0m [1;30mLevel 1[0m _identify(src/FAST_LIO_LOCALIZATION_HUMANOID/open3d_loc) by extensions ['colcon_meta']
[0.696s] [34mcolcon.colcon_core.package_identification[0m [1;30mLevel 1[0m _identify(src/FAST_LIO_LOCALIZATION_HUMANOID/open3d_loc) by extension 'colcon_meta'
[0.697s] [34mcolcon.colcon_core.package_identification[0m [1;30mLevel 1[0m _identify(src/FAST_LIO_LOCALIZATION_HUMANOID/open3d_loc) by extensions ['ros']
[0.697s] [34mcolcon.colcon_core.package_identification[0m [1;30mLevel 1[0m _identify(src/FAST_LIO_LOCALIZATION_HUMANOID/open3d_loc) by extension 'ros'
[0.700s] [34mcolcon.colcon_core.package_identification[0m [1;30mDEBUG[0m [32mPackage 'src/FAST_LIO_LOCALIZATION_HUMANOID/open3d_loc' with type 'ros.ament_cmake' and name 'open3d_loc'[0m
[0.700s] [34mcolcon.colcon_core.package_discovery[0m [1;30mLevel 1[0m discover_packages(recursive) using defaults
[0.700s] [34mcolcon.colcon_core.package_discovery[0m [1;30mLevel 1[0m discover_packages(ignore) discover
[0.700s] [34mcolcon.colcon_core.package_discovery[0m [1;30mLevel 1[0m discover_packages(ignore) using defaults
[0.700s] [34mcolcon.colcon_core.package_discovery[0m [1;30mLevel 1[0m discover_packages(path) discover
[0.700s] [34mcolcon.colcon_core.package_discovery[0m [1;30mLevel 1[0m discover_packages(path) using defaults
[0.757s] [34mcolcon.colcon_core.package_discovery[0m [1;30mLevel 1[0m discover_packages(prefix_path) check parameters
[0.757s] [34mcolcon.colcon_core.package_discovery[0m [1;30mLevel 1[0m discover_packages(prefix_path) discover
[0.761s] [34mcolcon.colcon_installed_package_information.package_discovery[0m [1;30mDEBUG[0m [32mFound 1 installed packages in /home/nvidia/luckrobot/mid360s_ws/install[0m
[0.762s] [34mcolcon.colcon_installed_package_information.package_discovery[0m [1;30mDEBUG[0m [32mFound 3 installed packages in /home/nvidia/luckrobot/orbbecsdk_ws/install[0m
[0.763s] [34mcolcon.colcon_installed_package_information.package_discovery[0m [1;30mDEBUG[0m [32mFound 4 installed packages in /home/nvidia/luckrobot/luckrobot_ws/install[0m
[0.764s] [34mcolcon.colcon_installed_package_information.package_discovery[0m [1;30mDEBUG[0m [32mFound 1 installed packages in /home/nvidia/luckrobot/livox_ws/install[0m
[0.767s] [34mcolcon.colcon_installed_package_information.package_discovery[0m [1;30mDEBUG[0m [32mFound 340 installed packages in /opt/ros/humble[0m
[0.770s] [34mcolcon.colcon_core.package_discovery[0m [1;30mLevel 1[0m discover_packages(prefix_path) using defaults
[0.881s] [34mcolcon.colcon_core.verb[0m [1;30mLevel 5[0m set package 'fast_lio' build argument 'cmake_args' from command line to '['-DCMAKE_BUILD_TYPE=Release']'
[0.881s] [34mcolcon.colcon_core.verb[0m [1;30mLevel 5[0m set package 'fast_lio' build argument 'cmake_target' from command line to 'None'
[0.881s] [34mcolcon.colcon_core.verb[0m [1;30mLevel 5[0m set package 'fast_lio' build argument 'cmake_target_skip_unavailable' from command line to 'False'
[0.881s] [34mcolcon.colcon_core.verb[0m [1;30mLevel 5[0m set package 'fast_lio' build argument 'cmake_clean_cache' from command line to 'False'
[0.881s] [34mcolcon.colcon_core.verb[0m [1;30mLevel 5[0m set package 'fast_lio' build argument 'cmake_clean_first' from command line to 'False'
[0.881s] [34mcolcon.colcon_core.verb[0m [1;30mLevel 5[0m set package 'fast_lio' build argument 'cmake_force_configure' from command line to 'False'
[0.881s] [34mcolcon.colcon_core.verb[0m [1;30mLevel 5[0m set package 'fast_lio' build argument 'ament_cmake_args' from command line to 'None'
[0.881s] [34mcolcon.colcon_core.verb[0m [1;30mLevel 5[0m set package 'fast_lio' build argument 'catkin_cmake_args' from command line to 'None'
[0.881s] [34mcolcon.colcon_core.verb[0m [1;30mLevel 5[0m set package 'fast_lio' build argument 'catkin_skip_building_tests' from command line to 'False'
[0.881s] [34mcolcon.colcon_core.verb[0m [1;30mDEBUG[0m [32mBuilding package 'fast_lio' with the following arguments: {'ament_cmake_args': None, 'build_base': '/home/nvidia/luckrobot/fastlio_localization/build/fast_lio', 'catkin_cmake_args': None, 'catkin_skip_building_tests': False, 'cmake_args': ['-DCMAKE_BUILD_TYPE=Release'], 'cmake_clean_cache': False, 'cmake_clean_first': False, 'cmake_force_configure': False, 'cmake_target': None, 'cmake_target_skip_unavailable': False, 'install_base': '/home/nvidia/luckrobot/fastlio_localization/install/fast_lio', 'merge_install': False, 'path': '/home/nvidia/luckrobot/fastlio_localization/src/FAST_LIO_LOCALIZATION_HUMANOID/FAST_LIO', 'symlink_install': False, 'test_result_base': None}[0m
[0.882s] [34mcolcon.colcon_core.verb[0m [1;30mLevel 5[0m set package 'open3d_loc' build argument 'cmake_args' from command line to '['-DCMAKE_BUILD_TYPE=Release']'
[0.882s] [34mcolcon.colcon_core.verb[0m [1;30mLevel 5[0m set package 'open3d_loc' build argument 'cmake_target' from command line to 'None'
[0.882s] [34mcolcon.colcon_core.verb[0m [1;30mLevel 5[0m set package 'open3d_loc' build argument 'cmake_target_skip_unavailable' from command line to 'False'
[0.882s] [34mcolcon.colcon_core.verb[0m [1;30mLevel 5[0m set package 'open3d_loc' build argument 'cmake_clean_cache' from command line to 'False'
[0.882s] [34mcolcon.colcon_core.verb[0m [1;30mLevel 5[0m set package 'open3d_loc' build argument 'cmake_clean_first' from command line to 'False'
[0.882s] [34mcolcon.colcon_core.verb[0m [1;30mLevel 5[0m set package 'open3d_loc' build argument 'cmake_force_configure' from command line to 'False'
[0.882s] [34mcolcon.colcon_core.verb[0m [1;30mLevel 5[0m set package 'open3d_loc' build argument 'ament_cmake_args' from command line to 'None'
[0.882s] [34mcolcon.colcon_core.verb[0m [1;30mLevel 5[0m set package 'open3d_loc' build argument 'catkin_cmake_args' from command line to 'None'
[0.883s] [34mcolcon.colcon_core.verb[0m [1;30mLevel 5[0m set package 'open3d_loc' build argument 'catkin_skip_building_tests' from command line to 'False'
[0.883s] [34mcolcon.colcon_core.verb[0m [1;30mDEBUG[0m [32mBuilding package 'open3d_loc' with the following arguments: {'ament_cmake_args': None, 'build_base': '/home/nvidia/luckrobot/fastlio_localization/build/open3d_loc', 'catkin_cmake_args': None, 'catkin_skip_building_tests': False, 'cmake_args': ['-DCMAKE_BUILD_TYPE=Release'], 'cmake_clean_cache': False, 'cmake_clean_first': False, 'cmake_force_configure': False, 'cmake_target': None, 'cmake_target_skip_unavailable': False, 'install_base': '/home/nvidia/luckrobot/fastlio_localization/install/open3d_loc', 'merge_install': False, 'path': '/home/nvidia/luckrobot/fastlio_localization/src/FAST_LIO_LOCALIZATION_HUMANOID/open3d_loc', 'symlink_install': False, 'test_result_base': None}[0m
[0.883s] [34mcolcon.colcon_core.executor[0m [1;30mINFO[0m Executing jobs using 'parallel' executor
[0.885s] [34mcolcon.colcon_parallel_executor.executor.parallel[0m [1;30mDEBUG[0m [32mrun_until_complete[0m
[0.885s] [34mcolcon.colcon_ros.task.ament_cmake.build[0m [1;30mINFO[0m Building ROS package in '/home/nvidia/luckrobot/fastlio_localization/src/FAST_LIO_LOCALIZATION_HUMANOID/FAST_LIO' with build type 'ament_cmake'
[0.886s] [34mcolcon.colcon_cmake.task.cmake.build[0m [1;30mINFO[0m Building CMake package in '/home/nvidia/luckrobot/fastlio_localization/src/FAST_LIO_LOCALIZATION_HUMANOID/FAST_LIO'
[0.890s] [34mcolcon.colcon_core.plugin_system[0m [1;30mINFO[0m Skipping extension 'colcon_core.shell.bat': Not used on non-Windows systems
[0.890s] [34mcolcon.colcon_core.shell[0m [1;30mINFO[0m Skip shell extension 'powershell' for command environment: Not usable outside of PowerShell
[0.890s] [34mcolcon.colcon_core.shell[0m [1;30mDEBUG[0m [32mSkip shell extension 'dsv' for command environment[0m
[0.899s] [34mcolcon.colcon_ros.task.ament_cmake.build[0m [1;30mINFO[0m Building ROS package in '/home/nvidia/luckrobot/fastlio_localization/src/FAST_LIO_LOCALIZATION_HUMANOID/open3d_loc' with build type 'ament_cmake'
[0.899s] [34mcolcon.colcon_cmake.task.cmake.build[0m [1;30mINFO[0m Building CMake package in '/home/nvidia/luckrobot/fastlio_localization/src/FAST_LIO_LOCALIZATION_HUMANOID/open3d_loc'
[0.900s] [34mcolcon.colcon_core.shell[0m [1;30mINFO[0m Skip shell extension 'powershell' for command environment: Not usable outside of PowerShell
[0.900s] [34mcolcon.colcon_core.shell[0m [1;30mDEBUG[0m [32mSkip shell extension 'dsv' for command environment[0m
[0.912s] [34mcolcon.colcon_core.event_handler.log_command[0m [1;30mDEBUG[0m [32mInvoking command in '/home/nvidia/luckrobot/fastlio_localization/build/fast_lio': CMAKE_PREFIX_PATH=${CMAKE_PREFIX_PATH}:/home/nvidia/luckrobot/luckrobot_ws/install/luckrobot_launch1:/home/nvidia/luckrobot/luckrobot_ws/install/keyboard_control:/opt/ros/humble /usr/bin/cmake /home/nvidia/luckrobot/fastlio_localization/src/FAST_LIO_LOCALIZATION_HUMANOID/FAST_LIO -DCMAKE_BUILD_TYPE=Release -DCMAKE_INSTALL_PREFIX=/home/nvidia/luckrobot/fastlio_localization/install/fast_lio[0m
[0.919s] [34mcolcon.colcon_core.event_handler.log_command[0m [1;30mDEBUG[0m [32mInvoking command in '/home/nvidia/luckrobot/fastlio_localization/build/open3d_loc': CMAKE_PREFIX_PATH=${CMAKE_PREFIX_PATH}:/home/nvidia/luckrobot/luckrobot_ws/install/luckrobot_launch1:/home/nvidia/luckrobot/luckrobot_ws/install/keyboard_control:/opt/ros/humble /usr/bin/cmake /home/nvidia/luckrobot/fastlio_localization/src/FAST_LIO_LOCALIZATION_HUMANOID/open3d_loc -DCMAKE_BUILD_TYPE=Release -DCMAKE_INSTALL_PREFIX=/home/nvidia/luckrobot/fastlio_localization/install/open3d_loc[0m
[8.401s] [34mcolcon.colcon_core.event_handler.log_command[0m [1;30mDEBUG[0m [32mInvoked command in '/home/nvidia/luckrobot/fastlio_localization/build/open3d_loc' returned '0': CMAKE_PREFIX_PATH=${CMAKE_PREFIX_PATH}:/home/nvidia/luckrobot/luckrobot_ws/install/luckrobot_launch1:/home/nvidia/luckrobot/luckrobot_ws/install/keyboard_control:/opt/ros/humble /usr/bin/cmake /home/nvidia/luckrobot/fastlio_localization/src/FAST_LIO_LOCALIZATION_HUMANOID/open3d_loc -DCMAKE_BUILD_TYPE=Release -DCMAKE_INSTALL_PREFIX=/home/nvidia/luckrobot/fastlio_localization/install/open3d_loc[0m
[8.406s] [34mcolcon.colcon_core.event_handler.log_command[0m [1;30mDEBUG[0m [32mInvoking command in '/home/nvidia/luckrobot/fastlio_localization/build/open3d_loc': CMAKE_PREFIX_PATH=${CMAKE_PREFIX_PATH}:/home/nvidia/luckrobot/luckrobot_ws/install/luckrobot_launch1:/home/nvidia/luckrobot/luckrobot_ws/install/keyboard_control:/opt/ros/humble /usr/bin/cmake --build /home/nvidia/luckrobot/fastlio_localization/build/open3d_loc -- -j6 -l6[0m
[9.731s] [34mcolcon.colcon_core.event_handler.log_command[0m [1;30mDEBUG[0m [32mInvoked command in '/home/nvidia/luckrobot/fastlio_localization/build/fast_lio' returned '0': CMAKE_PREFIX_PATH=${CMAKE_PREFIX_PATH}:/home/nvidia/luckrobot/luckrobot_ws/install/luckrobot_launch1:/home/nvidia/luckrobot/luckrobot_ws/install/keyboard_control:/opt/ros/humble /usr/bin/cmake /home/nvidia/luckrobot/fastlio_localization/src/FAST_LIO_LOCALIZATION_HUMANOID/FAST_LIO -DCMAKE_BUILD_TYPE=Release -DCMAKE_INSTALL_PREFIX=/home/nvidia/luckrobot/fastlio_localization/install/fast_lio[0m
[9.734s] [34mcolcon.colcon_core.event_handler.log_command[0m [1;30mDEBUG[0m [32mInvoking command in '/home/nvidia/luckrobot/fastlio_localization/build/fast_lio': CMAKE_PREFIX_PATH=${CMAKE_PREFIX_PATH}:/home/nvidia/luckrobot/luckrobot_ws/install/luckrobot_launch1:/home/nvidia/luckrobot/luckrobot_ws/install/keyboard_control:/opt/ros/humble /usr/bin/cmake --build /home/nvidia/luckrobot/fastlio_localization/build/fast_lio -- -j6 -l6[0m
[111.082s] [34mcolcon.colcon_core.event_handler.log_command[0m [1;30mDEBUG[0m [32mInvoked command in '/home/nvidia/luckrobot/fastlio_localization/build/open3d_loc' returned '0': CMAKE_PREFIX_PATH=${CMAKE_PREFIX_PATH}:/home/nvidia/luckrobot/luckrobot_ws/install/luckrobot_launch1:/home/nvidia/luckrobot/luckrobot_ws/install/keyboard_control:/opt/ros/humble /usr/bin/cmake --build /home/nvidia/luckrobot/fastlio_localization/build/open3d_loc -- -j6 -l6[0m
[111.105s] [34mcolcon.colcon_core.event_handler.log_command[0m [1;30mDEBUG[0m [32mInvoking command in '/home/nvidia/luckrobot/fastlio_localization/build/open3d_loc': CMAKE_PREFIX_PATH=${CMAKE_PREFIX_PATH}:/home/nvidia/luckrobot/luckrobot_ws/install/luckrobot_launch1:/home/nvidia/luckrobot/luckrobot_ws/install/keyboard_control:/opt/ros/humble /usr/bin/cmake --install /home/nvidia/luckrobot/fastlio_localization/build/open3d_loc[0m
[111.428s] [34mcolcon.colcon_core.environment[0m [1;30mLevel 1[0m create_environment_scripts_only(open3d_loc)
[111.429s] [34mcolcon.colcon_core.event_handler.log_command[0m [1;30mDEBUG[0m [32mInvoked command in '/home/nvidia/luckrobot/fastlio_localization/build/open3d_loc' returned '0': CMAKE_PREFIX_PATH=${CMAKE_PREFIX_PATH}:/home/nvidia/luckrobot/luckrobot_ws/install/luckrobot_launch1:/home/nvidia/luckrobot/luckrobot_ws/install/keyboard_control:/opt/ros/humble /usr/bin/cmake --install /home/nvidia/luckrobot/fastlio_localization/build/open3d_loc[0m
[111.433s] [34mcolcon.colcon_core.environment[0m [1;30mLevel 1[0m checking '/home/nvidia/luckrobot/fastlio_localization/install/open3d_loc' for CMake module files
[111.434s] [34mcolcon.colcon_core.environment[0m [1;30mLevel 1[0m checking '/home/nvidia/luckrobot/fastlio_localization/install/open3d_loc' for CMake config files
[111.435s] [34mcolcon.colcon_core.shell[0m [1;30mLevel 1[0m create_environment_hook('open3d_loc', 'cmake_prefix_path')
[111.435s] [34mcolcon.colcon_core.shell[0m [1;30mINFO[0m Creating environment hook '/home/nvidia/luckrobot/fastlio_localization/install/open3d_loc/share/open3d_loc/hook/cmake_prefix_path.ps1'
[111.437s] [34mcolcon.colcon_core.shell[0m [1;30mINFO[0m Creating environment descriptor '/home/nvidia/luckrobot/fastlio_localization/install/open3d_loc/share/open3d_loc/hook/cmake_prefix_path.dsv'
[111.438s] [34mcolcon.colcon_core.shell[0m [1;30mINFO[0m Creating environment hook '/home/nvidia/luckrobot/fastlio_localization/install/open3d_loc/share/open3d_loc/hook/cmake_prefix_path.sh'
[111.440s] [34mcolcon.colcon_core.environment[0m [1;30mLevel 1[0m checking '/home/nvidia/luckrobot/fastlio_localization/install/open3d_loc/lib'
[111.440s] [34mcolcon.colcon_core.environment[0m [1;30mLevel 1[0m checking '/home/nvidia/luckrobot/fastlio_localization/install/open3d_loc/bin'
[111.440s] [34mcolcon.colcon_core.environment[0m [1;30mLevel 1[0m checking '/home/nvidia/luckrobot/fastlio_localization/install/open3d_loc/lib/pkgconfig/open3d_loc.pc'
[111.441s] [34mcolcon.colcon_core.environment[0m [1;30mLevel 1[0m checking '/home/nvidia/luckrobot/fastlio_localization/install/open3d_loc/lib/python3.10/site-packages'
[111.441s] [34mcolcon.colcon_core.environment[0m [1;30mLevel 1[0m checking '/home/nvidia/luckrobot/fastlio_localization/install/open3d_loc/bin'
[111.442s] [34mcolcon.colcon_core.shell[0m [1;30mINFO[0m Creating package script '/home/nvidia/luckrobot/fastlio_localization/install/open3d_loc/share/open3d_loc/package.ps1'
[111.443s] [34mcolcon.colcon_core.shell[0m [1;30mINFO[0m Creating package descriptor '/home/nvidia/luckrobot/fastlio_localization/install/open3d_loc/share/open3d_loc/package.dsv'
[111.444s] [34mcolcon.colcon_core.shell[0m [1;30mINFO[0m Creating package script '/home/nvidia/luckrobot/fastlio_localization/install/open3d_loc/share/open3d_loc/package.sh'
[111.446s] [34mcolcon.colcon_core.shell[0m [1;30mINFO[0m Creating package script '/home/nvidia/luckrobot/fastlio_localization/install/open3d_loc/share/open3d_loc/package.bash'
[111.448s] [34mcolcon.colcon_core.shell[0m [1;30mINFO[0m Creating package script '/home/nvidia/luckrobot/fastlio_localization/install/open3d_loc/share/open3d_loc/package.zsh'
[111.449s] [34mcolcon.colcon_core.environment[0m [1;30mLevel 1[0m create_file_with_runtime_dependencies(/home/nvidia/luckrobot/fastlio_localization/install/open3d_loc/share/colcon-core/packages/open3d_loc)
[111.451s] [34mcolcon.colcon_core.environment[0m [1;30mLevel 1[0m create_environment_scripts_only(open3d_loc)
[111.451s] [34mcolcon.colcon_core.environment[0m [1;30mLevel 1[0m checking '/home/nvidia/luckrobot/fastlio_localization/install/open3d_loc' for CMake module files
[111.452s] [34mcolcon.colcon_core.environment[0m [1;30mLevel 1[0m checking '/home/nvidia/luckrobot/fastlio_localization/install/open3d_loc' for CMake config files
[111.453s] [34mcolcon.colcon_core.shell[0m [1;30mLevel 1[0m create_environment_hook('open3d_loc', 'cmake_prefix_path')
[111.453s] [34mcolcon.colcon_core.shell[0m [1;30mINFO[0m Creating environment hook '/home/nvidia/luckrobot/fastlio_localization/install/open3d_loc/share/open3d_loc/hook/cmake_prefix_path.ps1'
[111.455s] [34mcolcon.colcon_core.shell[0m [1;30mINFO[0m Creating environment descriptor '/home/nvidia/luckrobot/fastlio_localization/install/open3d_loc/share/open3d_loc/hook/cmake_prefix_path.dsv'
[111.457s] [34mcolcon.colcon_core.shell[0m [1;30mINFO[0m Creating environment hook '/home/nvidia/luckrobot/fastlio_localization/install/open3d_loc/share/open3d_loc/hook/cmake_prefix_path.sh'
[111.458s] [34mcolcon.colcon_core.environment[0m [1;30mLevel 1[0m checking '/home/nvidia/luckrobot/fastlio_localization/install/open3d_loc/lib'
[111.458s] [34mcolcon.colcon_core.environment[0m [1;30mLevel 1[0m checking '/home/nvidia/luckrobot/fastlio_localization/install/open3d_loc/bin'
[111.459s] [34mcolcon.colcon_core.environment[0m [1;30mLevel 1[0m checking '/home/nvidia/luckrobot/fastlio_localization/install/open3d_loc/lib/pkgconfig/open3d_loc.pc'
[111.459s] [34mcolcon.colcon_core.environment[0m [1;30mLevel 1[0m checking '/home/nvidia/luckrobot/fastlio_localization/install/open3d_loc/lib/python3.10/site-packages'
[111.460s] [34mcolcon.colcon_core.environment[0m [1;30mLevel 1[0m checking '/home/nvidia/luckrobot/fastlio_localization/install/open3d_loc/bin'
[111.461s] [34mcolcon.colcon_core.shell[0m [1;30mINFO[0m Creating package script '/home/nvidia/luckrobot/fastlio_localization/install/open3d_loc/share/open3d_loc/package.ps1'
[111.462s] [34mcolcon.colcon_core.shell[0m [1;30mINFO[0m Creating package descriptor '/home/nvidia/luckrobot/fastlio_localization/install/open3d_loc/share/open3d_loc/package.dsv'
[111.463s] [34mcolcon.colcon_core.shell[0m [1;30mINFO[0m Creating package script '/home/nvidia/luckrobot/fastlio_localization/install/open3d_loc/share/open3d_loc/package.sh'
[111.464s] [34mcolcon.colcon_core.shell[0m [1;30mINFO[0m Creating package script '/home/nvidia/luckrobot/fastlio_localization/install/open3d_loc/share/open3d_loc/package.bash'
[111.465s] [34mcolcon.colcon_core.shell[0m [1;30mINFO[0m Creating package script '/home/nvidia/luckrobot/fastlio_localization/install/open3d_loc/share/open3d_loc/package.zsh'
[111.466s] [34mcolcon.colcon_core.environment[0m [1;30mLevel 1[0m create_file_with_runtime_dependencies(/home/nvidia/luckrobot/fastlio_localization/install/open3d_loc/share/colcon-core/packages/open3d_loc)
[160.893s] [34mcolcon.colcon_core.event_handler.log_command[0m [1;30mDEBUG[0m [32mInvoked command in '/home/nvidia/luckrobot/fastlio_localization/build/fast_lio' returned '0': CMAKE_PREFIX_PATH=${CMAKE_PREFIX_PATH}:/home/nvidia/luckrobot/luckrobot_ws/install/luckrobot_launch1:/home/nvidia/luckrobot/luckrobot_ws/install/keyboard_control:/opt/ros/humble /usr/bin/cmake --build /home/nvidia/luckrobot/fastlio_localization/build/fast_lio -- -j6 -l6[0m
[160.899s] [34mcolcon.colcon_core.event_handler.log_command[0m [1;30mDEBUG[0m [32mInvoking command in '/home/nvidia/luckrobot/fastlio_localization/build/fast_lio': CMAKE_PREFIX_PATH=${CMAKE_PREFIX_PATH}:/home/nvidia/luckrobot/luckrobot_ws/install/luckrobot_launch1:/home/nvidia/luckrobot/luckrobot_ws/install/keyboard_control:/opt/ros/humble /usr/bin/cmake --install /home/nvidia/luckrobot/fastlio_localization/build/fast_lio[0m
[161.063s] [34mcolcon.colcon_core.environment[0m [1;30mLevel 1[0m create_environment_scripts_only(fast_lio)
[161.064s] [34mcolcon.colcon_core.environment[0m [1;30mLevel 1[0m checking '/home/nvidia/luckrobot/fastlio_localization/install/fast_lio' for CMake module files
[161.065s] [34mcolcon.colcon_core.event_handler.log_command[0m [1;30mDEBUG[0m [32mInvoked command in '/home/nvidia/luckrobot/fastlio_localization/build/fast_lio' returned '0': CMAKE_PREFIX_PATH=${CMAKE_PREFIX_PATH}:/home/nvidia/luckrobot/luckrobot_ws/install/luckrobot_launch1:/home/nvidia/luckrobot/luckrobot_ws/install/keyboard_control:/opt/ros/humble /usr/bin/cmake --install /home/nvidia/luckrobot/fastlio_localization/build/fast_lio[0m
[161.067s] [34mcolcon.colcon_core.environment[0m [1;30mLevel 1[0m checking '/home/nvidia/luckrobot/fastlio_localization/install/fast_lio' for CMake config files
[161.069s] [34mcolcon.colcon_core.shell[0m [1;30mLevel 1[0m create_environment_hook('fast_lio', 'cmake_prefix_path')
[161.070s] [34mcolcon.colcon_core.shell[0m [1;30mINFO[0m Creating environment hook '/home/nvidia/luckrobot/fastlio_localization/install/fast_lio/share/fast_lio/hook/cmake_prefix_path.ps1'
[161.072s] [34mcolcon.colcon_core.shell[0m [1;30mINFO[0m Creating environment descriptor '/home/nvidia/luckrobot/fastlio_localization/install/fast_lio/share/fast_lio/hook/cmake_prefix_path.dsv'
[161.073s] [34mcolcon.colcon_core.shell[0m [1;30mINFO[0m Creating environment hook '/home/nvidia/luckrobot/fastlio_localization/install/fast_lio/share/fast_lio/hook/cmake_prefix_path.sh'
[161.075s] [34mcolcon.colcon_core.environment[0m [1;30mLevel 1[0m checking '/home/nvidia/luckrobot/fastlio_localization/install/fast_lio/lib'
[161.075s] [34mcolcon.colcon_core.shell[0m [1;30mLevel 1[0m create_environment_hook('fast_lio', 'ld_library_path_lib')
[161.076s] [34mcolcon.colcon_core.shell[0m [1;30mINFO[0m Creating environment hook '/home/nvidia/luckrobot/fastlio_localization/install/fast_lio/share/fast_lio/hook/ld_library_path_lib.ps1'
[161.078s] [34mcolcon.colcon_core.shell[0m [1;30mINFO[0m Creating environment descriptor '/home/nvidia/luckrobot/fastlio_localization/install/fast_lio/share/fast_lio/hook/ld_library_path_lib.dsv'
[161.079s] [34mcolcon.colcon_core.shell[0m [1;30mINFO[0m Creating environment hook '/home/nvidia/luckrobot/fastlio_localization/install/fast_lio/share/fast_lio/hook/ld_library_path_lib.sh'
[161.080s] [34mcolcon.colcon_core.environment[0m [1;30mLevel 1[0m checking '/home/nvidia/luckrobot/fastlio_localization/install/fast_lio/bin'
[161.081s] [34mcolcon.colcon_core.environment[0m [1;30mLevel 1[0m checking '/home/nvidia/luckrobot/fastlio_localization/install/fast_lio/lib/pkgconfig/fast_lio.pc'
[161.081s] [34mcolcon.colcon_core.environment[0m [1;30mLevel 1[0m checking '/home/nvidia/luckrobot/fastlio_localization/install/fast_lio/lib/python3.10/site-packages'
[161.083s] [34mcolcon.colcon_core.environment[0m [1;30mLevel 1[0m checking '/home/nvidia/luckrobot/fastlio_localization/install/fast_lio/bin'
[161.084s] [34mcolcon.colcon_core.shell[0m [1;30mINFO[0m Creating package script '/home/nvidia/luckrobot/fastlio_localization/install/fast_lio/share/fast_lio/package.ps1'
[161.086s] [34mcolcon.colcon_core.shell[0m [1;30mINFO[0m Creating package descriptor '/home/nvidia/luckrobot/fastlio_localization/install/fast_lio/share/fast_lio/package.dsv'
[161.087s] [34mcolcon.colcon_core.shell[0m [1;30mINFO[0m Creating package script '/home/nvidia/luckrobot/fastlio_localization/install/fast_lio/share/fast_lio/package.sh'
[161.089s] [34mcolcon.colcon_core.shell[0m [1;30mINFO[0m Creating package script '/home/nvidia/luckrobot/fastlio_localization/install/fast_lio/share/fast_lio/package.bash'
[161.090s] [34mcolcon.colcon_core.shell[0m [1;30mINFO[0m Creating package script '/home/nvidia/luckrobot/fastlio_localization/install/fast_lio/share/fast_lio/package.zsh'
[161.091s] [34mcolcon.colcon_core.environment[0m [1;30mLevel 1[0m create_file_with_runtime_dependencies(/home/nvidia/luckrobot/fastlio_localization/install/fast_lio/share/colcon-core/packages/fast_lio)
[161.094s] [34mcolcon.colcon_core.environment[0m [1;30mLevel 1[0m create_environment_scripts_only(fast_lio)
[161.095s] [34mcolcon.colcon_core.environment[0m [1;30mLevel 1[0m checking '/home/nvidia/luckrobot/fastlio_localization/install/fast_lio' for CMake module files
[161.097s] [34mcolcon.colcon_core.environment[0m [1;30mLevel 1[0m checking '/home/nvidia/luckrobot/fastlio_localization/install/fast_lio' for CMake config files
[161.099s] [34mcolcon.colcon_core.shell[0m [1;30mLevel 1[0m create_environment_hook('fast_lio', 'cmake_prefix_path')
[161.100s] [34mcolcon.colcon_core.shell[0m [1;30mINFO[0m Creating environment hook '/home/nvidia/luckrobot/fastlio_localization/install/fast_lio/share/fast_lio/hook/cmake_prefix_path.ps1'
[161.101s] [34mcolcon.colcon_core.shell[0m [1;30mINFO[0m Creating environment descriptor '/home/nvidia/luckrobot/fastlio_localization/install/fast_lio/share/fast_lio/hook/cmake_prefix_path.dsv'
[161.102s] [34mcolcon.colcon_core.shell[0m [1;30mINFO[0m Creating environment hook '/home/nvidia/luckrobot/fastlio_localization/install/fast_lio/share/fast_lio/hook/cmake_prefix_path.sh'
[161.104s] [34mcolcon.colcon_core.environment[0m [1;30mLevel 1[0m checking '/home/nvidia/luckrobot/fastlio_localization/install/fast_lio/lib'
[161.105s] [34mcolcon.colcon_core.shell[0m [1;30mLevel 1[0m create_environment_hook('fast_lio', 'ld_library_path_lib')
[161.105s] [34mcolcon.colcon_core.shell[0m [1;30mINFO[0m Creating environment hook '/home/nvidia/luckrobot/fastlio_localization/install/fast_lio/share/fast_lio/hook/ld_library_path_lib.ps1'
[161.107s] [34mcolcon.colcon_core.shell[0m [1;30mINFO[0m Creating environment descriptor '/home/nvidia/luckrobot/fastlio_localization/install/fast_lio/share/fast_lio/hook/ld_library_path_lib.dsv'
[161.108s] [34mcolcon.colcon_core.shell[0m [1;30mINFO[0m Creating environment hook '/home/nvidia/luckrobot/fastlio_localization/install/fast_lio/share/fast_lio/hook/ld_library_path_lib.sh'
[161.109s] [34mcolcon.colcon_core.environment[0m [1;30mLevel 1[0m checking '/home/nvidia/luckrobot/fastlio_localization/install/fast_lio/bin'
[161.110s] [34mcolcon.colcon_core.environment[0m [1;30mLevel 1[0m checking '/home/nvidia/luckrobot/fastlio_localization/install/fast_lio/lib/pkgconfig/fast_lio.pc'
[161.111s] [34mcolcon.colcon_core.environment[0m [1;30mLevel 1[0m checking '/home/nvidia/luckrobot/fastlio_localization/install/fast_lio/lib/python3.10/site-packages'
[161.112s] [34mcolcon.colcon_core.environment[0m [1;30mLevel 1[0m checking '/home/nvidia/luckrobot/fastlio_localization/install/fast_lio/bin'
[161.113s] [34mcolcon.colcon_core.shell[0m [1;30mINFO[0m Creating package script '/home/nvidia/luckrobot/fastlio_localization/install/fast_lio/share/fast_lio/package.ps1'
[161.115s] [34mcolcon.colcon_core.shell[0m [1;30mINFO[0m Creating package descriptor '/home/nvidia/luckrobot/fastlio_localization/install/fast_lio/share/fast_lio/package.dsv'
[161.117s] [34mcolcon.colcon_core.shell[0m [1;30mINFO[0m Creating package script '/home/nvidia/luckrobot/fastlio_localization/install/fast_lio/share/fast_lio/package.sh'
[161.118s] [34mcolcon.colcon_core.shell[0m [1;30mINFO[0m Creating package script '/home/nvidia/luckrobot/fastlio_localization/install/fast_lio/share/fast_lio/package.bash'
[161.120s] [34mcolcon.colcon_core.shell[0m [1;30mINFO[0m Creating package script '/home/nvidia/luckrobot/fastlio_localization/install/fast_lio/share/fast_lio/package.zsh'
[161.121s] [34mcolcon.colcon_core.environment[0m [1;30mLevel 1[0m create_file_with_runtime_dependencies(/home/nvidia/luckrobot/fastlio_localization/install/fast_lio/share/colcon-core/packages/fast_lio)
[161.122s] [34mcolcon.colcon_parallel_executor.executor.parallel[0m [1;30mDEBUG[0m [32mclosing loop[0m
[161.123s] [34mcolcon.colcon_parallel_executor.executor.parallel[0m [1;30mDEBUG[0m [32mloop closed[0m
[161.123s] [34mcolcon.colcon_parallel_executor.executor.parallel[0m [1;30mDEBUG[0m [32mrun_until_complete finished with '0'[0m
[161.124s] [34mcolcon.colcon_core.event_reactor[0m [1;30mDEBUG[0m [32mjoining thread[0m
[161.143s] [34mcolcon.colcon_core.plugin_system[0m [1;30mINFO[0m Skipping extension 'colcon_notification.desktop_notification.terminal_notifier': Not used on non-Darwin systems
[161.144s] [34mcolcon.colcon_core.plugin_system[0m [1;30mINFO[0m Skipping extension 'colcon_notification.desktop_notification.win32': Not used on non-Windows systems
[161.144s] [34mcolcon.colcon_notification.desktop_notification[0m [1;30mINFO[0m Sending desktop notification using 'notify2'
[161.176s] [34mcolcon.colcon_core.event_reactor[0m [1;30mDEBUG[0m [32mjoined thread[0m
[161.178s] [34mcolcon.colcon_core.shell[0m [1;30mINFO[0m Creating prefix script '/home/nvidia/luckrobot/fastlio_localization/install/local_setup.ps1'
[161.181s] [34mcolcon.colcon_core.shell[0m [1;30mINFO[0m Creating prefix util module '/home/nvidia/luckrobot/fastlio_localization/install/_local_setup_util_ps1.py'
[161.187s] [34mcolcon.colcon_core.shell[0m [1;30mINFO[0m Creating prefix chain script '/home/nvidia/luckrobot/fastlio_localization/install/setup.ps1'
[161.192s] [34mcolcon.colcon_core.shell[0m [1;30mINFO[0m Creating prefix script '/home/nvidia/luckrobot/fastlio_localization/install/local_setup.sh'
[161.194s] [34mcolcon.colcon_core.shell[0m [1;30mINFO[0m Creating prefix util module '/home/nvidia/luckrobot/fastlio_localization/install/_local_setup_util_sh.py'
[161.196s] [34mcolcon.colcon_core.shell[0m [1;30mINFO[0m Creating prefix chain script '/home/nvidia/luckrobot/fastlio_localization/install/setup.sh'
[161.201s] [34mcolcon.colcon_core.shell[0m [1;30mINFO[0m Creating prefix script '/home/nvidia/luckrobot/fastlio_localization/install/local_setup.bash'
[161.203s] [34mcolcon.colcon_core.shell[0m [1;30mINFO[0m Creating prefix chain script '/home/nvidia/luckrobot/fastlio_localization/install/setup.bash'
[161.207s] [34mcolcon.colcon_core.shell[0m [1;30mINFO[0m Creating prefix script '/home/nvidia/luckrobot/fastlio_localization/install/local_setup.zsh'
[161.209s] [34mcolcon.colcon_core.shell[0m [1;30mINFO[0m Creating prefix chain script '/home/nvidia/luckrobot/fastlio_localization/install/setup.zsh'
