[0.024s] Invoking command in '/home/nvidia/luckrobot/luckrobot_ws/build/wheel_controller': CMAKE_PREFIX_PATH=${CMAKE_PREFIX_PATH}:/home/nvidia/luckrobot/luckrobot_ws/install/luckrobot_launch1:/home/nvidia/luckrobot/luckrobot_ws/install/keyboard_control:/opt/ros/humble /usr/bin/cmake --build /home/nvidia/luckrobot/luckrobot_ws/build/wheel_controller -- -j6 -l6
[0.143s] [35m[1mConsolidate compiler generated dependencies of target danger_command_node[0m
[0.175s] [ 25%] [32mBuilding CXX object CMakeFiles/lead_screw_motor_node.dir/src/lead_screw_motor_node.cpp.o[0m
[0.175s] [ 25%] [32mBuilding CXX object CMakeFiles/state_publisher_node.dir/src/state_publisher_node.cpp.o[0m
[0.177s] [ 50%] Built target wheel_controller_node
[0.191s] [ 75%] Built target danger_command_node
[5.163s] [01m[K/home/nvidia/luckrobot/luckrobot_ws/src/wheel_controller/src/state_publisher_node.cpp:54:9:[m[K [01;31m[Kerror: [m[Kexpected unqualified-id before ‘[01m[K)[m[K’ token
[5.163s]    54 |         [01;31m[K)[m[K;
[5.163s]       |         [01;31m[K^[m[K
[5.168s] [01m[K/home/nvidia/luckrobot/luckrobot_ws/src/wheel_controller/src/state_publisher_node.cpp:57:9:[m[K [01;31m[Kerror: [m[K‘[01m[Kscrew_sub_[m[K’ does not name a type
[5.169s]    57 |         [01;31m[Kscrew_sub_[m[K = this->create_subscription<std_msgs::msg::Float32>(
[5.169s]       |         [01;31m[K^~~~~~~~~~[m[K
[5.187s] [01m[K/home/nvidia/luckrobot/luckrobot_ws/src/wheel_controller/src/state_publisher_node.cpp:[m[K In constructor ‘[01m[KJointPublisher::JointPublisher()[m[K’:
[5.188s] [01m[K/home/nvidia/luckrobot/luckrobot_ws/src/wheel_controller/src/state_publisher_node.cpp:33:9:[m[K [01;31m[Kerror: [m[K‘[01m[Kwheel_l_[m[K’ was not declared in this scope
[5.188s]    33 |         [01;31m[Kwheel_l_[m[K = 0.0;
[5.188s]       |         [01;31m[K^~~~~~~~[m[K
[5.203s] [01m[K/home/nvidia/luckrobot/luckrobot_ws/src/wheel_controller/src/state_publisher_node.cpp:34:9:[m[K [01;31m[Kerror: [m[K‘[01m[Kwheel_r_[m[K’ was not declared in this scope
[5.204s]    34 |         [01;31m[Kwheel_r_[m[K = 0.0;
[5.204s]       |         [01;31m[K^~~~~~~~[m[K
[5.220s] [01m[K/home/nvidia/luckrobot/luckrobot_ws/src/wheel_controller/src/state_publisher_node.cpp:35:9:[m[K [01;31m[Kerror: [m[K‘[01m[Kscrew_pos_[m[K’ was not declared in this scope
[5.220s]    35 |         [01;31m[Kscrew_pos_[m[K = START_POS;
[5.221s]       |         [01;31m[K^~~~~~~~~~[m[K
[5.236s] [01m[K/home/nvidia/luckrobot/luckrobot_ws/src/wheel_controller/src/state_publisher_node.cpp:36:9:[m[K [01;31m[Kerror: [m[K‘[01m[Ktarget_[m[K’ was not declared in this scope
[5.236s]    36 |         [01;31m[Ktarget_[m[K = ZERO_POS;
[5.236s]       |         [01;31m[K^~~~~~~[m[K
[5.251s] [01m[K/home/nvidia/luckrobot/luckrobot_ws/src/wheel_controller/src/state_publisher_node.cpp:37:9:[m[K [01;31m[Kerror: [m[K‘[01m[Kstate_[m[K’ was not declared in this scope; did you mean ‘[01m[KState[m[K’?
[5.251s]    37 |         [01;31m[Kstate_[m[K = INIT;
[5.251s]       |         [01;31m[K^~~~~~[m[K
[5.251s]       |         [32m[KState[m[K
[5.270s] [01m[K/home/nvidia/luckrobot/luckrobot_ws/src/wheel_controller/src/state_publisher_node.cpp:38:9:[m[K [01;31m[Kerror: [m[K‘[01m[Kreal_screw_pos_[m[K’ was not declared in this scope
[5.270s]    38 |         [01;31m[Kreal_screw_pos_[m[K = 0.0f; // 新增：用于存储真实位置
[5.270s]       |         [01;31m[K^~~~~~~~~~~~~~~[m[K
[5.288s] [01m[K/home/nvidia/luckrobot/luckrobot_ws/src/wheel_controller/src/state_publisher_node.cpp:41:9:[m[K [01;31m[Kerror: [m[K‘[01m[Kwheel_sub_[m[K’ was not declared in this scope
[5.288s]    41 |         [01;31m[Kwheel_sub_[m[K = this->create_subscription<std_msgs::msg::Float64MultiArray>(
[5.288s]       |         [01;31m[K^~~~~~~~~~[m[K
[5.288s] [01m[K/home/nvidia/luckrobot/luckrobot_ws/src/wheel_controller/src/state_publisher_node.cpp:43:20:[m[K [01;31m[Kerror: [m[K‘[01m[Ksslocal[m[K’ has not been declared
[5.288s]    43 |             [this]([01;31m[Ksslocal[m[K://flow/file_open?url=const+std_msgs%3A%3Amsg%3A%3AFloat64MultiArray%3A%3ASharedPtr+msg&flow_extra=eyJsaW5rX3R5cGUiOiJjb2RlX2ludGVycHJldGVyIn0=) {
[5.289s]       |                    [01;31m[K^~~~~~~[m[K
[5.289s] [01m[K/home/nvidia/luckrobot/luckrobot_ws/src/wheel_controller/src/state_publisher_node.cpp:43:27:[m[K [01;31m[Kerror: [m[Kexpected ‘[01m[K,[m[K’ or ‘[01m[K...[m[K’ before ‘[01m[K:[m[K’ token
[5.289s]    43 |             [this](sslocal[01;31m[K:[m[K//flow/file_open?url=const+std_msgs%3A%3Amsg%3A%3AFloat64MultiArray%3A%3ASharedPtr+msg&flow_extra=eyJsaW5rX3R5cGUiOiJjb2RlX2ludGVycHJldGVyIn0=) {
[5.289s]       |                           [01;31m[K^[m[K
[5.289s] [01m[K/home/nvidia/luckrobot/luckrobot_ws/src/wheel_controller/src/state_publisher_node.cpp:44:49:[m[K [01;31m[Kerror: [m[Kexpected ‘[01m[K)[m[K’ before ‘[01m[K;[m[K’ token
[5.289s]    44 |                 if (msg->data.size() < 2) return[01;31m[K;[m[K
[5.289s]       |                                                 [01;31m[K^[m[K
[5.289s] [01m[K/home/nvidia/luckrobot/luckrobot_ws/src/wheel_controller/src/state_publisher_node.cpp:43:19:[m[K [01;36m[Knote: [m[Kto match this ‘[01m[K([m[K’
[5.289s]    43 |             [this][01;36m[K([m[Ksslocal://flow/file_open?url=const+std_msgs%3A%3Amsg%3A%3AFloat64MultiArray%3A%3ASharedPtr+msg&flow_extra=eyJsaW5rX3R5cGUiOiJjb2RlX2ludGVycHJldGVyIn0=) {
[5.290s]       |                   [01;36m[K^[m[K
[5.290s] [01m[K/home/nvidia/luckrobot/luckrobot_ws/src/wheel_controller/src/state_publisher_node.cpp:[m[K In lambda function:
[5.290s] [01m[K/home/nvidia/luckrobot/luckrobot_ws/src/wheel_controller/src/state_publisher_node.cpp:44:49:[m[K [01;31m[Kerror: [m[Kexpected ‘[01m[K{[m[K’ before ‘[01m[K;[m[K’ token
[5.290s]    44 |                 if (msg->data.size() < 2) return[01;31m[K;[m[K
[5.290s]       |                                                 [01;31m[K^[m[K
[5.290s] [01m[K/home/nvidia/luckrobot/luckrobot_ws/src/wheel_controller/src/state_publisher_node.cpp:[m[K In constructor ‘[01m[KJointPublisher::JointPublisher()[m[K’:
[5.290s] [01m[K/home/nvidia/luckrobot/luckrobot_ws/src/wheel_controller/src/state_publisher_node.cpp:44:49:[m[K [01;31m[Kerror: [m[Kexpected ‘[01m[K)[m[K’ before ‘[01m[K;[m[K’ token
[5.291s] [01m[K/home/nvidia/luckrobot/luckrobot_ws/src/wheel_controller/src/state_publisher_node.cpp:41:81:[m[K [01;36m[Knote: [m[Kto match this ‘[01m[K([m[K’
[5.291s]    41 |         wheel_sub_ = this->create_subscription<std_msgs::msg::Float64MultiArray>[01;36m[K([m[K
[5.291s]       |                                                                                 [01;36m[K^[m[K
[5.291s] [01m[K/home/nvidia/luckrobot/luckrobot_ws/src/wheel_controller/src/state_publisher_node.cpp:45:28:[m[K [01;31m[Kerror: [m[K‘[01m[Kmsg[m[K’ was not declared in this scope
[5.292s]    45 |                 double l = [01;31m[Kmsg[m[K->data[0];
[5.292s]       |                            [01;31m[K^~~[m[K
[5.292s] [01m[K/home/nvidia/luckrobot/luckrobot_ws/src/wheel_controller/src/state_publisher_node.cpp:45:28:[m[K [01;36m[Knote: [m[Ksuggested alternatives:
[5.292s] In file included from [01m[K/opt/ros/humble/include/builtin_interfaces/builtin_interfaces/msg/duration.hpp:7[m[K,
[5.292s]                  from [01m[K/opt/ros/humble/include/rclcpp/rclcpp/duration.hpp:20[m[K,
[5.292s]                  from [01m[K/opt/ros/humble/include/rclcpp/rclcpp/qos.hpp:20[m[K,
[5.292s]                  from [01m[K/opt/ros/humble/include/rclcpp/rclcpp/node_interfaces/node_graph_interface.hpp:33[m[K,
[5.293s]                  from [01m[K/opt/ros/humble/include/rclcpp/rclcpp/client.hpp:42[m[K,
[5.293s]                  from [01m[K/opt/ros/humble/include/rclcpp/rclcpp/callback_group.hpp:24[m[K,
[5.293s]                  from [01m[K/opt/ros/humble/include/rclcpp/rclcpp/any_executable.hpp:20[m[K,
[5.293s]                  from [01m[K/opt/ros/humble/include/rclcpp/rclcpp/memory_strategy.hpp:25[m[K,
[5.293s]                  from [01m[K/opt/ros/humble/include/rclcpp/rclcpp/memory_strategies.hpp:18[m[K,
[5.293s]                  from [01m[K/opt/ros/humble/include/rclcpp/rclcpp/executor_options.hpp:20[m[K,
[5.293s]                  from [01m[K/opt/ros/humble/include/rclcpp/rclcpp/executor.hpp:37[m[K,
[5.293s]                  from [01m[K/opt/ros/humble/include/rclcpp/rclcpp/executors/multi_threaded_executor.hpp:25[m[K,
[5.293s]                  from [01m[K/opt/ros/humble/include/rclcpp/rclcpp/executors.hpp:21[m[K,
[5.293s]                  from [01m[K/opt/ros/humble/include/rclcpp/rclcpp/rclcpp.hpp:155[m[K,
[5.294s]                  from [01m[K/home/nvidia/luckrobot/luckrobot_ws/src/wheel_controller/src/state_publisher_node.cpp:1[m[K:
[5.294s] [01m[K/opt/ros/humble/include/builtin_interfaces/builtin_interfaces/msg/detail/duration__struct.hpp:28:11:[m[K [01;36m[Knote: [m[K  ‘[01m[Kbuiltin_interfaces::msg[m[K’
[5.294s]    28 | namespace [01;36m[Kmsg[m[K
[5.294s]       |           [01;36m[K^~~[m[K
[5.294s] In file included from [01m[K/opt/ros/humble/include/rcl_interfaces/rcl_interfaces/msg/set_parameters_result.hpp:7[m[K,
[5.294s]                  from [01m[K/opt/ros/humble/include/rclcpp/rclcpp/qos_overriding_options.hpp:28[m[K,
[5.294s]                  from [01m[K/opt/ros/humble/include/rclcpp/rclcpp/subscription_options.hpp:30[m[K,
[5.294s]                  from [01m[K/opt/ros/humble/include/rclcpp/rclcpp/subscription.hpp:45[m[K,
[5.295s]                  from [01m[K/opt/ros/humble/include/rclcpp/rclcpp/any_executable.hpp:25[m[K,
[5.295s]                  from [01m[K/opt/ros/humble/include/rclcpp/rclcpp/memory_strategy.hpp:25[m[K,
[5.295s]                  from [01m[K/opt/ros/humble/include/rclcpp/rclcpp/memory_strategies.hpp:18[m[K,
[5.295s]                  from [01m[K/opt/ros/humble/include/rclcpp/rclcpp/executor_options.hpp:20[m[K,
[5.295s]                  from [01m[K/opt/ros/humble/include/rclcpp/rclcpp/executor.hpp:37[m[K,
[5.295s]                  from [01m[K/opt/ros/humble/include/rclcpp/rclcpp/executors/multi_threaded_executor.hpp:25[m[K,
[5.295s]                  from [01m[K/opt/ros/humble/include/rclcpp/rclcpp/executors.hpp:21[m[K,
[5.295s]                  from [01m[K/opt/ros/humble/include/rclcpp/rclcpp/rclcpp.hpp:155[m[K,
[5.295s]                  from [01m[K/home/nvidia/luckrobot/luckrobot_ws/src/wheel_controller/src/state_publisher_node.cpp:1[m[K:
[5.296s] [01m[K/opt/ros/humble/include/rcl_interfaces/rcl_interfaces/msg/detail/set_parameters_result__struct.hpp:28:11:[m[K [01;36m[Knote: [m[K  ‘[01m[Krcl_interfaces::msg[m[K’
[5.296s]    28 | namespace [01;36m[Kmsg[m[K
[5.296s]       |           [01;36m[K^~~[m[K
[5.296s] In file included from [01m[K/opt/ros/humble/include/statistics_msgs/statistics_msgs/msg/detail/metrics_message__struct.hpp:24[m[K,
[5.296s]                  from [01m[K/opt/ros/humble/include/statistics_msgs/statistics_msgs/msg/metrics_message.hpp:7[m[K,
[5.296s]                  from [01m[K/opt/ros/humble/include/libstatistics_collector/libstatistics_collector/collector/generate_statistics_message.hpp:21[m[K,
[5.296s]                  from [01m[K/opt/ros/humble/include/rclcpp/rclcpp/topic_statistics/subscription_topic_statistics.hpp:23[m[K,
[5.296s]                  from [01m[K/opt/ros/humble/include/rclcpp/rclcpp/subscription.hpp:50[m[K,
[5.297s]                  from [01m[K/opt/ros/humble/include/rclcpp/rclcpp/any_executable.hpp:25[m[K,
[5.297s]                  from [01m[K/opt/ros/humble/include/rclcpp/rclcpp/memory_strategy.hpp:25[m[K,
[5.297s]                  from [01m[K/opt/ros/humble/include/rclcpp/rclcpp/memory_strategies.hpp:18[m[K,
[5.297s]                  from [01m[K/opt/ros/humble/include/rclcpp/rclcpp/executor_options.hpp:20[m[K,
[5.297s]                  from [01m[K/opt/ros/humble/include/rclcpp/rclcpp/executor.hpp:37[m[K,
[5.297s]                  from [01m[K/opt/ros/humble/include/rclcpp/rclcpp/executors/multi_threaded_executor.hpp:25[m[K,
[5.297s]                  from [01m[K/opt/ros/humble/include/rclcpp/rclcpp/executors.hpp:21[m[K,
[5.297s]                  from [01m[K/opt/ros/humble/include/rclcpp/rclcpp/rclcpp.hpp:155[m[K,
[5.297s]                  from [01m[K/home/nvidia/luckrobot/luckrobot_ws/src/wheel_controller/src/state_publisher_node.cpp:1[m[K:
[5.298s] [01m[K/opt/ros/humble/include/statistics_msgs/statistics_msgs/msg/detail/statistic_data_point__struct.hpp:28:11:[m[K [01;36m[Knote: [m[K  ‘[01m[Kstatistics_msgs::msg[m[K’
[5.298s]    28 | namespace [01;36m[Kmsg[m[K
[5.298s]       |           [01;36m[K^~~[m[K
[5.298s] In file included from [01m[K/opt/ros/humble/include/std_msgs/std_msgs/msg/detail/multi_array_layout__struct.hpp:21[m[K,
[5.298s]                  from [01m[K/opt/ros/humble/include/std_msgs/std_msgs/msg/detail/float64_multi_array__struct.hpp:21[m[K,
[5.298s]                  from [01m[K/opt/ros/humble/include/std_msgs/std_msgs/msg/float64_multi_array.hpp:7[m[K,
[5.298s]                  from [01m[K/home/nvidia/luckrobot/luckrobot_ws/src/wheel_controller/src/state_publisher_node.cpp:2[m[K:
[5.298s] [01m[K/opt/ros/humble/include/std_msgs/std_msgs/msg/detail/multi_array_dimension__struct.hpp:28:11:[m[K [01;36m[Knote: [m[K  ‘[01m[Kstd_msgs::msg[m[K’
[5.298s]    28 | namespace [01;36m[Kmsg[m[K
[5.299s]       |           [01;36m[K^~~[m[K
[5.299s] In file included from [01m[K/opt/ros/humble/include/sensor_msgs/sensor_msgs/msg/joint_state.hpp:7[m[K,
[5.299s]                  from [01m[K/home/nvidia/luckrobot/luckrobot_ws/src/wheel_controller/src/state_publisher_node.cpp:4[m[K:
[5.299s] [01m[K/opt/ros/humble/include/sensor_msgs/sensor_msgs/msg/detail/joint_state__struct.hpp:32:11:[m[K [01;36m[Knote: [m[K  ‘[01m[Ksensor_msgs::msg[m[K’
[5.299s]    32 | namespace [01;36m[Kmsg[m[K
[5.299s]       |           [01;36m[K^~~[m[K
[5.299s] [01m[K/home/nvidia/luckrobot/luckrobot_ws/src/wheel_controller/src/state_publisher_node.cpp:[m[K At global scope:
[5.299s] [01m[K/home/nvidia/luckrobot/luckrobot_ws/src/wheel_controller/src/state_publisher_node.cpp:62:9:[m[K [01;31m[Kerror: [m[Kexpected unqualified-id before ‘[01m[K)[m[K’ token
[5.299s]    62 |         [01;31m[K)[m[K;
[5.300s]       |         [01;31m[K^[m[K
[5.300s] [01m[K/home/nvidia/luckrobot/luckrobot_ws/src/wheel_controller/src/state_publisher_node.cpp:65:9:[m[K [01;31m[Kerror: [m[K‘[01m[Ktimer_[m[K’ does not name a type; did you mean ‘[01m[Ktimer_t[m[K’?
[5.300s]    65 |         [01;31m[Ktimer_[m[K = this->create_wall_timer(
[5.300s]       |         [01;31m[K^~~~~~[m[K
[5.300s]       |         [32m[Ktimer_t[m[K
[5.300s] [01m[K/home/nvidia/luckrobot/luckrobot_ws/src/wheel_controller/src/state_publisher_node.cpp:70:9:[m[K [01;31m[Kerror: [m[K‘[01m[Kpub_[m[K’ does not name a type
[5.300s]    70 |         [01;31m[Kpub_[m[K = this->create_publisher<sensor_msgs::msg::JointState>("/joint_states", 10);
[5.300s]       |         [01;31m[K^~~~[m[K
[5.300s] [01m[K/home/nvidia/luckrobot/luckrobot_ws/src/wheel_controller/src/state_publisher_node.cpp:71:5:[m[K [01;31m[Kerror: [m[Kexpected declaration before ‘[01m[K}[m[K’ token
[5.300s]    71 |     [01;31m[K}[m[K
[5.301s]       |     [01;31m[K^[m[K
[5.301s] [01m[K/home/nvidia/luckrobot/luckrobot_ws/src/wheel_controller/src/state_publisher_node.cpp:73:1:[m[K [01;31m[Kerror: [m[Kexpected unqualified-id before ‘[01m[Kprivate[m[K’
[5.301s]    73 | [01;31m[Kprivate[m[K:
[5.301s]       | [01;31m[K^~~~~~~[m[K
[5.489s] [01m[K/home/nvidia/luckrobot/luckrobot_ws/src/wheel_controller/src/state_publisher_node.cpp:118:1:[m[K [01;31m[Kerror: [m[Kexpected declaration before ‘[01m[K}[m[K’ token
[5.489s]   118 | [01;31m[K}[m[K;
[5.489s]       | [01;31m[K^[m[K
[6.539s] gmake[2]: *** [CMakeFiles/state_publisher_node.dir/build.make:76：CMakeFiles/state_publisher_node.dir/src/state_publisher_node.cpp.o] 错误 1
[6.540s] gmake[1]: *** [CMakeFiles/Makefile2:221：CMakeFiles/state_publisher_node.dir/all] 错误 2
[6.540s] gmake[1]: *** 正在等待未完成的任务....
[17.736s] [ 87%] [32m[1mLinking CXX executable lead_screw_motor_node[0m
[18.556s] [ 87%] Built target lead_screw_motor_node
[18.558s] gmake: *** [Makefile:146：all] 错误 2
[18.563s] Invoked command in '/home/nvidia/luckrobot/luckrobot_ws/build/wheel_controller' returned '2': CMAKE_PREFIX_PATH=${CMAKE_PREFIX_PATH}:/home/nvidia/luckrobot/luckrobot_ws/install/luckrobot_launch1:/home/nvidia/luckrobot/luckrobot_ws/install/keyboard_control:/opt/ros/humble /usr/bin/cmake --build /home/nvidia/luckrobot/luckrobot_ws/build/wheel_controller -- -j6 -l6
