[0.022s] Invoking command in '/home/nvidia/luckrobot/luckrobot_ws/build/wheel_controller': CMAKE_PREFIX_PATH=${CMAKE_PREFIX_PATH}:/home/nvidia/luckrobot/luckrobot_ws/install/luckrobot_launch1:/home/nvidia/luckrobot/luckrobot_ws/install/keyboard_control:/opt/ros/humble /usr/bin/cmake --build /home/nvidia/luckrobot/luckrobot_ws/build/wheel_controller -- -j6 -l6
[0.106s] [35m[1mConsolidate compiler generated dependencies of target lead_screw_motor_node[0m
[0.132s] [ 25%] Built target wheel_controller_node
[0.133s] [ 75%] Built target state_publisher_node
[0.133s] [ 75%] Built target danger_command_node
[0.140s] [ 87%] [32mBuilding CXX object CMakeFiles/lead_screw_motor_node.dir/src/lead_screw_motor_node.cpp.o[0m
[4.966s] [01m[K/home/nvidia/luckrobot/luckrobot_ws/src/wheel_controller/src/lead_screw_motor_node.cpp:[m[K In member function ‘[01m[Kvoid LeadScrewMotorNode::send(const std::vector<unsigned char, std::allocator<unsigned char> >&)[m[K’:
[4.966s] [01m[K/home/nvidia/luckrobot/luckrobot_ws/src/wheel_controller/src/lead_screw_motor_node.cpp:94:54:[m[K [01;31m[Kerror: [m[Ktemplate argument 1 is invalid
[4.966s]    94 |         std::lock_guard<std::mutex lock(serial_mutex_[01;31m[K)[m[K;
[4.966s]       |                                                      [01;31m[K^[m[K
[4.982s] [01m[K/home/nvidia/luckrobot/luckrobot_ws/src/wheel_controller/src/lead_screw_motor_node.cpp:[m[K In member function ‘[01m[Kvoid LeadScrewMotorNode::callback(std_msgs::msg::Float32_<std::allocator<void> >::SharedPtr)[m[K’:
[4.983s] [01m[K/home/nvidia/luckrobot/luckrobot_ws/src/wheel_controller/src/lead_screw_motor_node.cpp:147:53:[m[K [01;31m[Kerror: [m[Ktemplate argument 1 is invalid
[4.983s]   147 |         std::lock_guard<std::mutex lock(queue_mutex_[01;31m[K)[m[K;
[4.983s]       |                                                     [01;31m[K^[m[K
[4.983s] [01m[K/home/nvidia/luckrobot/luckrobot_ws/src/wheel_controller/src/lead_screw_motor_node.cpp:[m[K In member function ‘[01m[Kvoid LeadScrewMotorNode::worker_thread()[m[K’:
[4.983s] [01m[K/home/nvidia/luckrobot/luckrobot_ws/src/wheel_controller/src/lead_screw_motor_node.cpp:160:61:[m[K [01;31m[Kerror: [m[Ktemplate argument 1 is invalid
[4.983s]   160 |                 std::lock_guard<std::mutex lock(queue_mutex_[01;31m[K)[m[K;
[4.983s]       |                                                             [01;31m[K^[m[K
[10.311s] gmake[2]: *** [CMakeFiles/lead_screw_motor_node.dir/build.make:76：CMakeFiles/lead_screw_motor_node.dir/src/lead_screw_motor_node.cpp.o] 错误 1
[10.312s] gmake[1]: *** [CMakeFiles/Makefile2:169：CMakeFiles/lead_screw_motor_node.dir/all] 错误 2
[10.313s] gmake: *** [Makefile:146：all] 错误 2
[10.319s] Invoked command in '/home/nvidia/luckrobot/luckrobot_ws/build/wheel_controller' returned '2': CMAKE_PREFIX_PATH=${CMAKE_PREFIX_PATH}:/home/nvidia/luckrobot/luckrobot_ws/install/luckrobot_launch1:/home/nvidia/luckrobot/luckrobot_ws/install/keyboard_control:/opt/ros/humble /usr/bin/cmake --build /home/nvidia/luckrobot/luckrobot_ws/build/wheel_controller -- -j6 -l6
