[2.311s] Invoking command in '/home/nvidia/luckrobot/luckrobot_ws/src/luckrobot_launch1': PYTHONPATH=/home/nvidia/luckrobot/luckrobot_ws/build/luckrobot_launch1/prefix_override:/usr/lib/python3/dist-packages/colcon_core/task/python/colcon_distutils_commands:/home/nvidia/luckrobot/luckrobot_ws/install/luckrobot_launch1/lib/python3.10/site-packages:${PYTHONPATH} /usr/bin/python3 -W ignore:setup.py install is deprecated -W ignore:easy_install command is deprecated setup.py egg_info --egg-base ../../build/luckrobot_launch1 build --build-base /home/nvidia/luckrobot/luckrobot_ws/build/luckrobot_launch1/build install --record /home/nvidia/luckrobot/luckrobot_ws/build/luckrobot_launch1/install.log --single-version-externally-managed install_data
[3.217s] running egg_info
[3.218s] creating ../../build/luckrobot_launch1/luckrobot_launch1.egg-info
[3.252s] writing ../../build/luckrobot_launch1/luckrobot_launch1.egg-info/PKG-INFO
[3.253s] writing dependency_links to ../../build/luckrobot_launch1/luckrobot_launch1.egg-info/dependency_links.txt
[3.254s] writing requirements to ../../build/luckrobot_launch1/luckrobot_launch1.egg-info/requires.txt
[3.254s] writing top-level names to ../../build/luckrobot_launch1/luckrobot_launch1.egg-info/top_level.txt
[3.254s] writing manifest file '../../build/luckrobot_launch1/luckrobot_launch1.egg-info/SOURCES.txt'
[3.326s] reading manifest file '../../build/luckrobot_launch1/luckrobot_launch1.egg-info/SOURCES.txt'
[3.327s] adding license file 'LICENSE'
[3.328s] writing manifest file '../../build/luckrobot_launch1/luckrobot_launch1.egg-info/SOURCES.txt'
[3.328s] running build
[3.329s] running build_py
[3.329s] creating /home/nvidia/luckrobot/luckrobot_ws/build/luckrobot_launch1/build
[3.329s] creating /home/nvidia/luckrobot/luckrobot_ws/build/luckrobot_launch1/build/lib
[3.330s] creating /home/nvidia/luckrobot/luckrobot_ws/build/luckrobot_launch1/build/lib/luckrobot_launch1
[3.330s] copying luckrobot_launch1/__init__.py -> /home/nvidia/luckrobot/luckrobot_ws/build/luckrobot_launch1/build/lib/luckrobot_launch1
[3.330s] running install
[3.341s] running install_lib
[3.411s] creating /home/nvidia/luckrobot/luckrobot_ws/install/luckrobot_launch1/lib/python3.10/site-packages/luckrobot_launch1
[3.411s] copying /home/nvidia/luckrobot/luckrobot_ws/build/luckrobot_launch1/build/lib/luckrobot_launch1/__init__.py -> /home/nvidia/luckrobot/luckrobot_ws/install/luckrobot_launch1/lib/python3.10/site-packages/luckrobot_launch1
[3.412s] byte-compiling /home/nvidia/luckrobot/luckrobot_ws/install/luckrobot_launch1/lib/python3.10/site-packages/luckrobot_launch1/__init__.py to __init__.cpython-310.pyc
[3.413s] running install_data
[3.413s] creating /home/nvidia/luckrobot/luckrobot_ws/install/luckrobot_launch1/share/ament_index
[3.414s] creating /home/nvidia/luckrobot/luckrobot_ws/install/luckrobot_launch1/share/ament_index/resource_index
[3.414s] creating /home/nvidia/luckrobot/luckrobot_ws/install/luckrobot_launch1/share/ament_index/resource_index/packages
[3.414s] copying resource/luckrobot_launch1 -> /home/nvidia/luckrobot/luckrobot_ws/install/luckrobot_launch1/share/ament_index/resource_index/packages
[3.415s] copying package.xml -> /home/nvidia/luckrobot/luckrobot_ws/install/luckrobot_launch1/share/luckrobot_launch1
[3.415s] creating /home/nvidia/luckrobot/luckrobot_ws/install/luckrobot_launch1/share/luckrobot_launch1/launch
[3.415s] copying launch/wheel_control_launch.py -> /home/nvidia/luckrobot/luckrobot_ws/install/luckrobot_launch1/share/luckrobot_launch1/launch
[3.415s] running install_egg_info
[3.461s] Copying ../../build/luckrobot_launch1/luckrobot_launch1.egg-info to /home/nvidia/luckrobot/luckrobot_ws/install/luckrobot_launch1/lib/python3.10/site-packages/luckrobot_launch1-0.0.0-py3.10.egg-info
[3.462s] running install_scripts
[3.610s] writing list of installed files to '/home/nvidia/luckrobot/luckrobot_ws/build/luckrobot_launch1/install.log'
[3.729s] Invoked command in '/home/nvidia/luckrobot/luckrobot_ws/src/luckrobot_launch1' returned '0': PYTHONPATH=/home/nvidia/luckrobot/luckrobot_ws/build/luckrobot_launch1/prefix_override:/usr/lib/python3/dist-packages/colcon_core/task/python/colcon_distutils_commands:/home/nvidia/luckrobot/luckrobot_ws/install/luckrobot_launch1/lib/python3.10/site-packages:${PYTHONPATH} /usr/bin/python3 -W ignore:setup.py install is deprecated -W ignore:easy_install command is deprecated setup.py egg_info --egg-base ../../build/luckrobot_launch1 build --build-base /home/nvidia/luckrobot/luckrobot_ws/build/luckrobot_launch1/build install --record /home/nvidia/luckrobot/luckrobot_ws/build/luckrobot_launch1/install.log --single-version-externally-managed install_data
