[0.021s] Invoking command in '/home/nvidia/luckrobot/luckrobot_ws/build/wheel_controller': CMAKE_PREFIX_PATH=${CMAKE_PREFIX_PATH}:/home/nvidia/luckrobot/luckrobot_ws/install/luckrobot_launch1:/home/nvidia/luckrobot/luckrobot_ws/install/keyboard_control:/opt/ros/humble /usr/bin/cmake --build /home/nvidia/luckrobot/luckrobot_ws/build/wheel_controller -- -j6 -l6
[0.130s] [ 62%] Built target wheel_controller_node
[0.131s] [ 62%] [32mBuilding CXX object CMakeFiles/lead_screw_motor_node.dir/src/lead_screw_motor_node.cpp.o[0m
[0.131s] [ 62%] Built target danger_command_node
[0.138s] [ 75%] [32mBuilding CXX object CMakeFiles/state_publisher_node.dir/src/state_publisher_node.cpp.o[0m
[5.069s] In file included from [01m[K/opt/ros/humble/include/rclcpp/rclcpp/logging.hpp:24[m[K,
[5.069s]                  from [01m[K/opt/ros/humble/include/rclcpp/rclcpp/client.hpp:40[m[K,
[5.070s]                  from [01m[K/opt/ros/humble/include/rclcpp/rclcpp/callback_group.hpp:24[m[K,
[5.070s]                  from [01m[K/opt/ros/humble/include/rclcpp/rclcpp/any_executable.hpp:20[m[K,
[5.070s]                  from [01m[K/opt/ros/humble/include/rclcpp/rclcpp/memory_strategy.hpp:25[m[K,
[5.070s]                  from [01m[K/opt/ros/humble/include/rclcpp/rclcpp/memory_strategies.hpp:18[m[K,
[5.070s]                  from [01m[K/opt/ros/humble/include/rclcpp/rclcpp/executor_options.hpp:20[m[K,
[5.070s]                  from [01m[K/opt/ros/humble/include/rclcpp/rclcpp/executor.hpp:37[m[K,
[5.070s]                  from [01m[K/opt/ros/humble/include/rclcpp/rclcpp/executors/multi_threaded_executor.hpp:25[m[K,
[5.070s]                  from [01m[K/opt/ros/humble/include/rclcpp/rclcpp/executors.hpp:21[m[K,
[5.071s]                  from [01m[K/opt/ros/humble/include/rclcpp/rclcpp/rclcpp.hpp:155[m[K,
[5.071s]                  from [01m[K/home/nvidia/luckrobot/luckrobot_ws/src/wheel_controller/src/lead_screw_motor_node.cpp:1[m[K:
[5.071s] [01m[K/home/nvidia/luckrobot/luckrobot_ws/src/wheel_controller/src/lead_screw_motor_node.cpp:[m[K In member function ‘[01m[Kvoid LeadScrewMotorNode::move_relative(float)[m[K’:
[5.071s] [01m[K/home/nvidia/luckrobot/luckrobot_ws/src/wheel_controller/src/lead_screw_motor_node.cpp:146:13:[m[K [01;31m[Kerror: [m[Kuse of deleted function ‘[01m[Kstd::atomic<_Tp>::atomic(const std::atomic<_Tp>&) [with _Tp = float][m[K’
[5.071s]   146 |             [01;31m[KRCLCPP_ERROR[m[K(this->get_logger(), "❌ 超上限！当前：%.1f | 指令：%.1f | 目标：%.1f | 上限：%.1f",
[5.071s]       |             [01;31m[K^~~~~~~~~~~~[m[K
[5.072s] In file included from [01m[K/usr/include/c++/11/future:41[m[K,
[5.072s]                  from [01m[K/opt/ros/humble/include/rclcpp/rclcpp/executors.hpp:18[m[K,
[5.072s]                  from [01m[K/opt/ros/humble/include/rclcpp/rclcpp/rclcpp.hpp:155[m[K,
[5.072s]                  from [01m[K/home/nvidia/luckrobot/luckrobot_ws/src/wheel_controller/src/lead_screw_motor_node.cpp:1[m[K:
[5.073s] [01m[K/usr/include/c++/11/atomic:227:7:[m[K [01;36m[Knote: [m[Kdeclared here
[5.073s]   227 |       [01;36m[Katomic[m[K(const atomic&) = delete;
[5.073s]       |       [01;36m[K^~~~~~[m[K
[5.073s] In file included from [01m[K/opt/ros/humble/include/rclcpp/rclcpp/logging.hpp:24[m[K,
[5.073s]                  from [01m[K/opt/ros/humble/include/rclcpp/rclcpp/client.hpp:40[m[K,
[5.073s]                  from [01m[K/opt/ros/humble/include/rclcpp/rclcpp/callback_group.hpp:24[m[K,
[5.074s]                  from [01m[K/opt/ros/humble/include/rclcpp/rclcpp/any_executable.hpp:20[m[K,
[5.074s]                  from [01m[K/opt/ros/humble/include/rclcpp/rclcpp/memory_strategy.hpp:25[m[K,
[5.074s]                  from [01m[K/opt/ros/humble/include/rclcpp/rclcpp/memory_strategies.hpp:18[m[K,
[5.074s]                  from [01m[K/opt/ros/humble/include/rclcpp/rclcpp/executor_options.hpp:20[m[K,
[5.074s]                  from [01m[K/opt/ros/humble/include/rclcpp/rclcpp/executor.hpp:37[m[K,
[5.074s]                  from [01m[K/opt/ros/humble/include/rclcpp/rclcpp/executors/multi_threaded_executor.hpp:25[m[K,
[5.074s]                  from [01m[K/opt/ros/humble/include/rclcpp/rclcpp/executors.hpp:21[m[K,
[5.074s]                  from [01m[K/opt/ros/humble/include/rclcpp/rclcpp/rclcpp.hpp:155[m[K,
[5.074s]                  from [01m[K/home/nvidia/luckrobot/luckrobot_ws/src/wheel_controller/src/lead_screw_motor_node.cpp:1[m[K:
[5.075s] [01m[K/home/nvidia/luckrobot/luckrobot_ws/src/wheel_controller/src/lead_screw_motor_node.cpp:151:13:[m[K [01;31m[Kerror: [m[Kuse of deleted function ‘[01m[Kstd::atomic<_Tp>::atomic(const std::atomic<_Tp>&) [with _Tp = float][m[K’
[5.075s]   151 |             [01;31m[KRCLCPP_ERROR[m[K(this->get_logger(), "❌ 超下限！当前：%.1f | 指令：%.1f | 目标：%.1f | 下限：%.1f",
[5.075s]       |             [01;31m[K^~~~~~~~~~~~[m[K
[5.076s] In file included from [01m[K/usr/include/c++/11/future:41[m[K,
[5.076s]                  from [01m[K/opt/ros/humble/include/rclcpp/rclcpp/executors.hpp:18[m[K,
[5.076s]                  from [01m[K/opt/ros/humble/include/rclcpp/rclcpp/rclcpp.hpp:155[m[K,
[5.076s]                  from [01m[K/home/nvidia/luckrobot/luckrobot_ws/src/wheel_controller/src/lead_screw_motor_node.cpp:1[m[K:
[5.076s] [01m[K/usr/include/c++/11/atomic:227:7:[m[K [01;36m[Knote: [m[Kdeclared here
[5.076s]   227 |       [01;36m[Katomic[m[K(const atomic&) = delete;
[5.077s]       |       [01;36m[K^~~~~~[m[K
[5.077s] In file included from [01m[K/opt/ros/humble/include/rclcpp/rclcpp/logging.hpp:24[m[K,
[5.077s]                  from [01m[K/opt/ros/humble/include/rclcpp/rclcpp/client.hpp:40[m[K,
[5.077s]                  from [01m[K/opt/ros/humble/include/rclcpp/rclcpp/callback_group.hpp:24[m[K,
[5.077s]                  from [01m[K/opt/ros/humble/include/rclcpp/rclcpp/any_executable.hpp:20[m[K,
[5.077s]                  from [01m[K/opt/ros/humble/include/rclcpp/rclcpp/memory_strategy.hpp:25[m[K,
[5.077s]                  from [01m[K/opt/ros/humble/include/rclcpp/rclcpp/memory_strategies.hpp:18[m[K,
[5.078s]                  from [01m[K/opt/ros/humble/include/rclcpp/rclcpp/executor_options.hpp:20[m[K,
[5.078s]                  from [01m[K/opt/ros/humble/include/rclcpp/rclcpp/executor.hpp:37[m[K,
[5.078s]                  from [01m[K/opt/ros/humble/include/rclcpp/rclcpp/executors/multi_threaded_executor.hpp:25[m[K,
[5.078s]                  from [01m[K/opt/ros/humble/include/rclcpp/rclcpp/executors.hpp:21[m[K,
[5.078s]                  from [01m[K/opt/ros/humble/include/rclcpp/rclcpp/rclcpp.hpp:155[m[K,
[5.078s]                  from [01m[K/home/nvidia/luckrobot/luckrobot_ws/src/wheel_controller/src/lead_screw_motor_node.cpp:1[m[K:
[5.078s] [01m[K/home/nvidia/luckrobot/luckrobot_ws/src/wheel_controller/src/lead_screw_motor_node.cpp:182:9:[m[K [01;31m[Kerror: [m[Kuse of deleted function ‘[01m[Kstd::atomic<_Tp>::atomic(const std::atomic<_Tp>&) [with _Tp = float][m[K’
[5.078s]   182 |         [01;31m[KRCLCPP_INFO[m[K(this->get_logger(), "✅ 运动完成！当前位置：%.1f mm", current_abs_pos_);
[5.078s]       |         [01;31m[K^~~~~~~~~~~[m[K
[5.079s] In file included from [01m[K/usr/include/c++/11/future:41[m[K,
[5.079s]                  from [01m[K/opt/ros/humble/include/rclcpp/rclcpp/executors.hpp:18[m[K,
[5.079s]                  from [01m[K/opt/ros/humble/include/rclcpp/rclcpp/rclcpp.hpp:155[m[K,
[5.079s]                  from [01m[K/home/nvidia/luckrobot/luckrobot_ws/src/wheel_controller/src/lead_screw_motor_node.cpp:1[m[K:
[5.079s] [01m[K/usr/include/c++/11/atomic:227:7:[m[K [01;36m[Knote: [m[Kdeclared here
[5.079s]   227 |       [01;36m[Katomic[m[K(const atomic&) = delete;
[5.079s]       |       [01;36m[K^~~~~~[m[K
[10.552s] gmake[2]: *** [CMakeFiles/lead_screw_motor_node.dir/build.make:76：CMakeFiles/lead_screw_motor_node.dir/src/lead_screw_motor_node.cpp.o] 错误 1
[10.553s] gmake[1]: *** [CMakeFiles/Makefile2:169：CMakeFiles/lead_screw_motor_node.dir/all] 错误 2
[10.554s] gmake[1]: *** 正在等待未完成的任务....
[23.277s] [ 87%] [32m[1mLinking CXX executable state_publisher_node[0m
[24.386s] [ 87%] Built target state_publisher_node
[24.388s] gmake: *** [Makefile:146：all] 错误 2
[24.393s] Invoked command in '/home/nvidia/luckrobot/luckrobot_ws/build/wheel_controller' returned '2': CMAKE_PREFIX_PATH=${CMAKE_PREFIX_PATH}:/home/nvidia/luckrobot/luckrobot_ws/install/luckrobot_launch1:/home/nvidia/luckrobot/luckrobot_ws/install/keyboard_control:/opt/ros/humble /usr/bin/cmake --build /home/nvidia/luckrobot/luckrobot_ws/build/wheel_controller -- -j6 -l6
