[2.559s] Invoking command in '/home/nvidia/luckrobot/luckrobot_ws/src/luckrobot_launch1': CMAKE_PREFIX_PATH=/home/nvidia/luckrobot/luckrobot_ws/install/wheel_controller:/home/nvidia/luckrobot/luckrobot_ws/install/robot_display:/home/nvidia/luckrobot/mid360s_ws/install/fast_lio:/home/nvidia/luckrobot/livox_ws/install/livox_ros_driver2:/home/nvidia/luckrobot/orbbecsdk_ws/install/orbbec_description:/home/nvidia/luckrobot/orbbecsdk_ws/install/orbbec_camera:/home/nvidia/luckrobot/orbbecsdk_ws/install/orbbec_camera_msgs PYTHONPATH=/home/nvidia/luckrobot/luckrobot_ws/build/luckrobot_launch1/prefix_override:/usr/lib/python3/dist-packages/colcon_core/task/python/colcon_distutils_commands:/home/nvidia/luckrobot/luckrobot_ws/install/luckrobot_launch1/lib/python3.10/site-packages:${PYTHONPATH} /usr/bin/python3 -W ignore:setup.py install is deprecated -W ignore:easy_install command is deprecated setup.py egg_info --egg-base ../../build/luckrobot_launch1 build --build-base /home/nvidia/luckrobot/luckrobot_ws/build/luckrobot_launch1/build install --record /home/nvidia/luckrobot/luckrobot_ws/build/luckrobot_launch1/install.log --single-version-externally-managed install_data
[3.505s] running egg_info
[3.506s] creating ../../build/luckrobot_launch1/luckrobot_launch1.egg-info
[3.544s] writing ../../build/luckrobot_launch1/luckrobot_launch1.egg-info/PKG-INFO
[3.545s] writing dependency_links to ../../build/luckrobot_launch1/luckrobot_launch1.egg-info/dependency_links.txt
[3.545s] writing requirements to ../../build/luckrobot_launch1/luckrobot_launch1.egg-info/requires.txt
[3.546s] writing top-level names to ../../build/luckrobot_launch1/luckrobot_launch1.egg-info/top_level.txt
[3.546s] writing manifest file '../../build/luckrobot_launch1/luckrobot_launch1.egg-info/SOURCES.txt'
[3.652s] reading manifest file '../../build/luckrobot_launch1/luckrobot_launch1.egg-info/SOURCES.txt'
[3.652s] adding license file 'LICENSE'
[3.653s] writing manifest file '../../build/luckrobot_launch1/luckrobot_launch1.egg-info/SOURCES.txt'
[3.654s] running build
[3.654s] running build_py
[3.654s] creating /home/nvidia/luckrobot/luckrobot_ws/build/luckrobot_launch1/build
[3.655s] creating /home/nvidia/luckrobot/luckrobot_ws/build/luckrobot_launch1/build/lib
[3.655s] creating /home/nvidia/luckrobot/luckrobot_ws/build/luckrobot_launch1/build/lib/luckrobot_launch1
[3.655s] copying luckrobot_launch1/__init__.py -> /home/nvidia/luckrobot/luckrobot_ws/build/luckrobot_launch1/build/lib/luckrobot_launch1
[3.655s] running install
[3.667s] running install_lib
[3.708s] creating /home/nvidia/luckrobot/luckrobot_ws/install/luckrobot_launch1/lib/python3.10/site-packages/luckrobot_launch1
[3.708s] copying /home/nvidia/luckrobot/luckrobot_ws/build/luckrobot_launch1/build/lib/luckrobot_launch1/__init__.py -> /home/nvidia/luckrobot/luckrobot_ws/install/luckrobot_launch1/lib/python3.10/site-packages/luckrobot_launch1
[3.709s] byte-compiling /home/nvidia/luckrobot/luckrobot_ws/install/luckrobot_launch1/lib/python3.10/site-packages/luckrobot_launch1/__init__.py to __init__.cpython-310.pyc
[3.710s] running install_data
[3.710s] creating /home/nvidia/luckrobot/luckrobot_ws/install/luckrobot_launch1/share/ament_index
[3.710s] creating /home/nvidia/luckrobot/luckrobot_ws/install/luckrobot_launch1/share/ament_index/resource_index
[3.711s] creating /home/nvidia/luckrobot/luckrobot_ws/install/luckrobot_launch1/share/ament_index/resource_index/packages
[3.711s] copying resource/luckrobot_launch1 -> /home/nvidia/luckrobot/luckrobot_ws/install/luckrobot_launch1/share/ament_index/resource_index/packages
[3.711s] copying package.xml -> /home/nvidia/luckrobot/luckrobot_ws/install/luckrobot_launch1/share/luckrobot_launch1
[3.711s] creating /home/nvidia/luckrobot/luckrobot_ws/install/luckrobot_launch1/share/luckrobot_launch1/launch
[3.712s] copying launch/wheel_control_launch.py -> /home/nvidia/luckrobot/luckrobot_ws/install/luckrobot_launch1/share/luckrobot_launch1/launch
[3.712s] running install_egg_info
[3.753s] Copying ../../build/luckrobot_launch1/luckrobot_launch1.egg-info to /home/nvidia/luckrobot/luckrobot_ws/install/luckrobot_launch1/lib/python3.10/site-packages/luckrobot_launch1-0.0.0-py3.10.egg-info
[3.755s] running install_scripts
[3.912s] writing list of installed files to '/home/nvidia/luckrobot/luckrobot_ws/build/luckrobot_launch1/install.log'
[4.033s] Invoked command in '/home/nvidia/luckrobot/luckrobot_ws/src/luckrobot_launch1' returned '0': CMAKE_PREFIX_PATH=/home/nvidia/luckrobot/luckrobot_ws/install/wheel_controller:/home/nvidia/luckrobot/luckrobot_ws/install/robot_display:/home/nvidia/luckrobot/mid360s_ws/install/fast_lio:/home/nvidia/luckrobot/livox_ws/install/livox_ros_driver2:/home/nvidia/luckrobot/orbbecsdk_ws/install/orbbec_description:/home/nvidia/luckrobot/orbbecsdk_ws/install/orbbec_camera:/home/nvidia/luckrobot/orbbecsdk_ws/install/orbbec_camera_msgs PYTHONPATH=/home/nvidia/luckrobot/luckrobot_ws/build/luckrobot_launch1/prefix_override:/usr/lib/python3/dist-packages/colcon_core/task/python/colcon_distutils_commands:/home/nvidia/luckrobot/luckrobot_ws/install/luckrobot_launch1/lib/python3.10/site-packages:${PYTHONPATH} /usr/bin/python3 -W ignore:setup.py install is deprecated -W ignore:easy_install command is deprecated setup.py egg_info --egg-base ../../build/luckrobot_launch1 build --build-base /home/nvidia/luckrobot/luckrobot_ws/build/luckrobot_launch1/build install --record /home/nvidia/luckrobot/luckrobot_ws/build/luckrobot_launch1/install.log --single-version-externally-managed install_data
