[0.029s] Invoking command in '/home/nvidia/luckrobot/luckrobot_ws/build/wheel_controller': CMAKE_PREFIX_PATH=${CMAKE_PREFIX_PATH}:/home/nvidia/luckrobot/luckrobot_ws/install/luckrobot_launch1:/home/nvidia/luckrobot/luckrobot_ws/install/keyboard_control:/opt/ros/humble /usr/bin/cmake --build /home/nvidia/luckrobot/luckrobot_ws/build/wheel_controller -- -j6 -l6
[0.148s] [35m[1mConsolidate compiler generated dependencies of target state_publisher_node[0m
[0.177s] [ 62%] Built target danger_command_node
[0.177s] [ 62%] Built target lead_screw_motor_node
[0.178s] [ 75%] Built target wheel_controller_node
[0.189s] [100%] Built target state_publisher_node
[0.217s] Invoked command in '/home/nvidia/luckrobot/luckrobot_ws/build/wheel_controller' returned '0': CMAKE_PREFIX_PATH=${CMAKE_PREFIX_PATH}:/home/nvidia/luckrobot/luckrobot_ws/install/luckrobot_launch1:/home/nvidia/luckrobot/luckrobot_ws/install/keyboard_control:/opt/ros/humble /usr/bin/cmake --build /home/nvidia/luckrobot/luckrobot_ws/build/wheel_controller -- -j6 -l6
[0.241s] Invoking command in '/home/nvidia/luckrobot/luckrobot_ws/build/wheel_controller': CMAKE_PREFIX_PATH=${CMAKE_PREFIX_PATH}:/home/nvidia/luckrobot/luckrobot_ws/install/luckrobot_launch1:/home/nvidia/luckrobot/luckrobot_ws/install/keyboard_control:/opt/ros/humble /usr/bin/cmake --install /home/nvidia/luckrobot/luckrobot_ws/build/wheel_controller
[0.259s] -- Install configuration: ""
[0.260s] -- Up-to-date: /home/nvidia/luckrobot/luckrobot_ws/install/wheel_controller/lib/wheel_controller/wheel_controller_node
[0.262s] -- Up-to-date: /home/nvidia/luckrobot/luckrobot_ws/install/wheel_controller/lib/wheel_controller/lead_screw_motor_node
[0.263s] -- Up-to-date: /home/nvidia/luckrobot/luckrobot_ws/install/wheel_controller/lib/wheel_controller/danger_command_node
[0.264s] -- Up-to-date: /home/nvidia/luckrobot/luckrobot_ws/install/wheel_controller/lib/wheel_controller/state_publisher_node
[0.265s] -- Up-to-date: /home/nvidia/luckrobot/luckrobot_ws/install/wheel_controller/share/ament_index/resource_index/package_run_dependencies/wheel_controller
[0.265s] -- Up-to-date: /home/nvidia/luckrobot/luckrobot_ws/install/wheel_controller/share/ament_index/resource_index/parent_prefix_path/wheel_controller
[0.265s] -- Up-to-date: /home/nvidia/luckrobot/luckrobot_ws/install/wheel_controller/share/wheel_controller/environment/ament_prefix_path.sh
[0.266s] -- Up-to-date: /home/nvidia/luckrobot/luckrobot_ws/install/wheel_controller/share/wheel_controller/environment/ament_prefix_path.dsv
[0.266s] -- Up-to-date: /home/nvidia/luckrobot/luckrobot_ws/install/wheel_controller/share/wheel_controller/environment/path.sh
[0.266s] -- Up-to-date: /home/nvidia/luckrobot/luckrobot_ws/install/wheel_controller/share/wheel_controller/environment/path.dsv
[0.266s] -- Up-to-date: /home/nvidia/luckrobot/luckrobot_ws/install/wheel_controller/share/wheel_controller/local_setup.bash
[0.267s] -- Up-to-date: /home/nvidia/luckrobot/luckrobot_ws/install/wheel_controller/share/wheel_controller/local_setup.sh
[0.267s] -- Up-to-date: /home/nvidia/luckrobot/luckrobot_ws/install/wheel_controller/share/wheel_controller/local_setup.zsh
[0.267s] -- Up-to-date: /home/nvidia/luckrobot/luckrobot_ws/install/wheel_controller/share/wheel_controller/local_setup.dsv
[0.267s] -- Installing: /home/nvidia/luckrobot/luckrobot_ws/install/wheel_controller/share/wheel_controller/package.dsv
[0.268s] -- Up-to-date: /home/nvidia/luckrobot/luckrobot_ws/install/wheel_controller/share/ament_index/resource_index/packages/wheel_controller
[0.268s] -- Up-to-date: /home/nvidia/luckrobot/luckrobot_ws/install/wheel_controller/share/wheel_controller/cmake/wheel_controllerConfig.cmake
[0.268s] -- Up-to-date: /home/nvidia/luckrobot/luckrobot_ws/install/wheel_controller/share/wheel_controller/cmake/wheel_controllerConfig-version.cmake
[0.268s] -- Up-to-date: /home/nvidia/luckrobot/luckrobot_ws/install/wheel_controller/share/wheel_controller/package.xml
[0.271s] Invoked command in '/home/nvidia/luckrobot/luckrobot_ws/build/wheel_controller' returned '0': CMAKE_PREFIX_PATH=${CMAKE_PREFIX_PATH}:/home/nvidia/luckrobot/luckrobot_ws/install/luckrobot_launch1:/home/nvidia/luckrobot/luckrobot_ws/install/keyboard_control:/opt/ros/humble /usr/bin/cmake --install /home/nvidia/luckrobot/luckrobot_ws/build/wheel_controller
