[0.025s] Invoking command in '/home/nvidia/luckrobot/mid360s_ws/build/fast_lio': CMAKE_PREFIX_PATH=${CMAKE_PREFIX_PATH}:/home/nvidia/luckrobot/luckrobot_ws/install/luckrobot_launch1:/home/nvidia/luckrobot/luckrobot_ws/install/keyboard_control:/opt/ros/humble /usr/bin/cmake /home/nvidia/luckrobot/mid360s_ws/src/FAST_LIO_ROS2 -DAMENT_CMAKE_SYMLINK_INSTALL=1 -DCMAKE_INSTALL_PREFIX=/home/nvidia/luckrobot/mid360s_ws/install/fast_lio
[0.060s] [0mCurrent CPU archtecture: aarch64[0m
[0.069s] -- Found PythonLibs: /usr/lib/aarch64-linux-gnu/libpython3.10.so (found version "3.10.12") 
[0.071s] -- Found ament_cmake: 1.3.13 (/opt/ros/humble/share/ament_cmake/cmake)
[0.372s] -- Override CMake install command with custom implementation using symlinks instead of copying resources
[0.400s] -- Found rclcpp: 16.0.18 (/opt/ros/humble/share/rclcpp/cmake)
[0.474s] -- Found rosidl_generator_c: 3.1.8 (/opt/ros/humble/share/rosidl_generator_c/cmake)
[0.480s] -- Found rosidl_adapter: 3.1.8 (/opt/ros/humble/share/rosidl_adapter/cmake)
[0.495s] -- Found rosidl_generator_cpp: 3.1.8 (/opt/ros/humble/share/rosidl_generator_cpp/cmake)
[0.517s] -- Using all available rosidl_typesupport_c: rosidl_typesupport_fastrtps_c;rosidl_typesupport_introspection_c
[0.546s] -- Using all available rosidl_typesupport_cpp: rosidl_typesupport_fastrtps_cpp;rosidl_typesupport_introspection_cpp
[0.621s] -- Found rmw_implementation_cmake: 6.1.2 (/opt/ros/humble/share/rmw_implementation_cmake/cmake)
[0.626s] -- Found rmw_fastrtps_cpp: 6.2.10 (/opt/ros/humble/share/rmw_fastrtps_cpp/cmake)
[0.839s] -- Using RMW implementation 'rmw_fastrtps_cpp' as default
[0.952s] -- Found rclcpp_components: 16.0.18 (/opt/ros/humble/share/rclcpp_components/cmake)
[0.995s] -- Found geometry_msgs: 4.9.1 (/opt/ros/humble/share/geometry_msgs/cmake)
[1.023s] -- Found nav_msgs: 4.9.1 (/opt/ros/humble/share/nav_msgs/cmake)
[1.059s] -- Found sensor_msgs: 4.9.1 (/opt/ros/humble/share/sensor_msgs/cmake)
[1.096s] -- Found std_srvs: 4.9.1 (/opt/ros/humble/share/std_srvs/cmake)
[1.118s] -- Found visualization_msgs: 4.9.1 (/opt/ros/humble/share/visualization_msgs/cmake)
[1.161s] -- Found pcl_ros: 2.4.5 (/opt/ros/humble/share/pcl_ros/cmake)
[1.245s] -- Eigen found (include: /usr/include/eigen3, version: 3.4.0)
[1.313s] -- FLANN found (include: /usr/include, lib: /usr/lib/aarch64-linux-gnu/libflann_cpp.so)
[2.005s] -- OpenNI found (version: 1.5.4.0, include: /usr/include/ni, lib: /usr/lib/libOpenNI.so;libusb::libusb)
[2.017s] -- OpenNI2 found (version: 2.2.0.33, include: /usr/include/openni2, lib: /usr/lib/aarch64-linux-gnu/libOpenNI2.so;libusb::libusb)
[2.309s] -- Eigen found (include: /usr/include/eigen3, version: 3.4.0)
[2.321s] -- OpenNI found (version: 1.5.4.0, include: /usr/include/ni, lib: /usr/lib/libOpenNI.so;libusb::libusb)
[2.332s] -- OpenNI2 found (version: 2.2.0.33, include: /usr/include/openni2, lib: /usr/lib/aarch64-linux-gnu/libOpenNI2.so;libusb::libusb)
[2.612s] -- Found Qhull version 8.0.2
[2.899s] -- OpenNI found (version: 1.5.4.0, include: /usr/include/ni, lib: /usr/lib/libOpenNI.so;libusb::libusb)
[3.227s] -- Found eigen3_cmake_module: 0.1.1 (/opt/ros/humble/share/eigen3_cmake_module/cmake)
[3.230s] -- Ensuring Eigen3 include directory is part of orocos-kdl CMake target
[3.369s] -- Found livox_ros_driver2: 1.0.0 (/home/nvidia/luckrobot/livox_ws/install/livox_ros_driver2/share/livox_ros_driver2/cmake)
[3.412s] -- Found rosidl_default_generators: 1.2.0 (/opt/ros/humble/share/rosidl_default_generators/cmake)
[3.432s] [33mCMake Warning (dev) at CMakeLists.txt:81 (find_package):
[3.432s]   Policy CMP0074 is not set: find_package uses <PackageName>_ROOT variables.
[3.432s]   Run "cmake --help-policy CMP0074" for policy details.  Use the cmake_policy
[3.432s]   command to set the policy and suppress this warning.
[3.433s] 
[3.433s]   CMake variable PCL_ROOT is set to:
[3.433s] 
[3.433s]     /usr
[3.433s] 
[3.433s]   For compatibility, CMake is ignoring the variable.
[3.433s] This warning is for project developers.  Use -Wno-dev to suppress it.
[3.433s] [0m
[3.447s] [0mEigen:/usr/include/eigen3[0m
[3.447s] -- PCL: /usr/include/pcl-1.12
[4.073s] -- Found ament_cmake_ros: 0.10.0 (/opt/ros/humble/share/ament_cmake_ros/cmake)
[4.876s] -- Using all available rosidl_typesupport_c: rosidl_typesupport_fastrtps_c;rosidl_typesupport_introspection_c
[5.194s] -- Using all available rosidl_typesupport_cpp: rosidl_typesupport_fastrtps_cpp;rosidl_typesupport_introspection_cpp
[5.259s] -- Found python_cmake_module: 0.10.0 (/opt/ros/humble/share/python_cmake_module/cmake)
[5.321s] -- Found PythonLibs: /usr/lib/aarch64-linux-gnu/libpython3.10.so (found suitable version "3.10.12", minimum required is "3.5") 
[5.321s] -- Using PYTHON_EXECUTABLE: /usr/bin/python3
[5.322s] -- Using PYTHON_INCLUDE_DIRS: /usr/include/python3.10
[5.322s] -- Using PYTHON_LIBRARIES: /usr/lib/aarch64-linux-gnu/libpython3.10.so
[5.604s] -- Using numpy include directory: /usr/local/lib/python3.10/dist-packages/numpy/core/include
[5.705s] -- Configuring done
[5.893s] -- Generating done
[5.939s] -- Build files have been written to: /home/nvidia/luckrobot/mid360s_ws/build/fast_lio
[5.990s] Invoked command in '/home/nvidia/luckrobot/mid360s_ws/build/fast_lio' returned '0': CMAKE_PREFIX_PATH=${CMAKE_PREFIX_PATH}:/home/nvidia/luckrobot/luckrobot_ws/install/luckrobot_launch1:/home/nvidia/luckrobot/luckrobot_ws/install/keyboard_control:/opt/ros/humble /usr/bin/cmake /home/nvidia/luckrobot/mid360s_ws/src/FAST_LIO_ROS2 -DAMENT_CMAKE_SYMLINK_INSTALL=1 -DCMAKE_INSTALL_PREFIX=/home/nvidia/luckrobot/mid360s_ws/install/fast_lio
[5.996s] Invoking command in '/home/nvidia/luckrobot/mid360s_ws/build/fast_lio': CMAKE_PREFIX_PATH=${CMAKE_PREFIX_PATH}:/home/nvidia/luckrobot/luckrobot_ws/install/luckrobot_launch1:/home/nvidia/luckrobot/luckrobot_ws/install/keyboard_control:/opt/ros/humble /usr/bin/cmake --build /home/nvidia/luckrobot/mid360s_ws/build/fast_lio -- -j6 -l6
[6.094s] [35m[1mConsolidate compiler generated dependencies of target fast_lio__rosidl_generator_c[0m
[6.116s] [  2%] Built target fast_lio__cpp
[6.120s] [ 11%] Built target fast_lio__rosidl_generator_c
[6.138s] [ 11%] Built target ament_cmake_python_symlink_fast_lio
[6.139s] [35m[1mConsolidate compiler generated dependencies of target fast_lio__rosidl_typesupport_introspection_cpp[0m
[6.139s] [35m[1mConsolidate compiler generated dependencies of target fast_lio__rosidl_typesupport_fastrtps_cpp[0m
[6.139s] [35m[1mConsolidate compiler generated dependencies of target fast_lio__rosidl_typesupport_cpp[0m
[6.146s] [35m[1mConsolidate compiler generated dependencies of target fast_lio__rosidl_typesupport_fastrtps_c[0m
[6.146s] [35m[1mConsolidate compiler generated dependencies of target fast_lio__rosidl_typesupport_introspection_c[0m
[6.164s] [35m[1mConsolidate compiler generated dependencies of target fast_lio__rosidl_typesupport_c[0m
[6.167s] [ 28%] Built target fast_lio__rosidl_typesupport_introspection_cpp
[6.167s] [ 28%] Built target fast_lio__rosidl_typesupport_fastrtps_cpp
[6.168s] [ 37%] Built target fast_lio__rosidl_typesupport_cpp
[6.172s] [ 45%] Built target fast_lio__rosidl_typesupport_introspection_c
[6.184s] [ 54%] Built target fast_lio__rosidl_typesupport_fastrtps_c
[6.189s] [ 62%] Built target fast_lio__rosidl_typesupport_c
[6.202s] [35m[1mConsolidate compiler generated dependencies of target fastlio_mapping[0m
[6.233s] [ 62%] Built target fast_lio
[6.278s] [ 65%] Built target fast_lio__py
[6.283s] [ 77%] Built target fastlio_mapping
[6.300s] [35m[1mConsolidate compiler generated dependencies of target fast_lio__rosidl_generator_py[0m
[6.331s] [ 82%] Built target fast_lio__rosidl_generator_py
[6.354s] [35m[1mConsolidate compiler generated dependencies of target fast_lio__rosidl_typesupport_c__pyext[0m
[6.354s] [35m[1mConsolidate compiler generated dependencies of target fast_lio__rosidl_typesupport_fastrtps_c__pyext[0m
[6.354s] [35m[1mConsolidate compiler generated dependencies of target fast_lio__rosidl_typesupport_introspection_c__pyext[0m
[6.383s] [ 94%] Built target fast_lio__rosidl_typesupport_fastrtps_c__pyext
[6.383s] [ 97%] Built target fast_lio__rosidl_typesupport_c__pyext
[6.383s] [100%] Built target fast_lio__rosidl_typesupport_introspection_c__pyext
[7.022s] running egg_info
[7.061s] writing fast_lio.egg-info/PKG-INFO
[7.062s] writing dependency_links to fast_lio.egg-info/dependency_links.txt
[7.062s] writing top-level names to fast_lio.egg-info/top_level.txt
[7.177s] reading manifest file 'fast_lio.egg-info/SOURCES.txt'
[7.178s] writing manifest file 'fast_lio.egg-info/SOURCES.txt'
[7.299s] [100%] Built target ament_cmake_python_build_fast_lio_egg
[7.327s] Invoked command in '/home/nvidia/luckrobot/mid360s_ws/build/fast_lio' returned '0': CMAKE_PREFIX_PATH=${CMAKE_PREFIX_PATH}:/home/nvidia/luckrobot/luckrobot_ws/install/luckrobot_launch1:/home/nvidia/luckrobot/luckrobot_ws/install/keyboard_control:/opt/ros/humble /usr/bin/cmake --build /home/nvidia/luckrobot/mid360s_ws/build/fast_lio -- -j6 -l6
[7.355s] Invoking command in '/home/nvidia/luckrobot/mid360s_ws/build/fast_lio': CMAKE_PREFIX_PATH=${CMAKE_PREFIX_PATH}:/home/nvidia/luckrobot/luckrobot_ws/install/luckrobot_launch1:/home/nvidia/luckrobot/luckrobot_ws/install/keyboard_control:/opt/ros/humble /usr/bin/cmake --install /home/nvidia/luckrobot/mid360s_ws/build/fast_lio
[7.373s] -- Install configuration: "Release"
[7.374s] -- Execute custom install script
[7.375s] -- Up-to-date symlink: /home/nvidia/luckrobot/mid360s_ws/install/fast_lio/share/ament_index/resource_index/rosidl_interfaces/fast_lio
[7.376s] -- Up-to-date symlink: /home/nvidia/luckrobot/mid360s_ws/install/fast_lio/include/fast_lio/fast_lio/msg/detail/pose6_d__functions.h
[7.376s] -- Up-to-date symlink: /home/nvidia/luckrobot/mid360s_ws/install/fast_lio/include/fast_lio/fast_lio/msg/detail/pose6_d__struct.h
[7.376s] -- Up-to-date symlink: /home/nvidia/luckrobot/mid360s_ws/install/fast_lio/include/fast_lio/fast_lio/msg/detail/pose6_d__type_support.h
[7.377s] -- Up-to-date symlink: /home/nvidia/luckrobot/mid360s_ws/install/fast_lio/include/fast_lio/fast_lio/msg/pose6_d.h
[7.377s] -- Up-to-date symlink: /home/nvidia/luckrobot/mid360s_ws/install/fast_lio/include/fast_lio/fast_lio/msg/rosidl_generator_c__visibility_control.h
[7.377s] -- Up-to-date symlink: /home/nvidia/luckrobot/mid360s_ws/install/fast_lio/share/fast_lio/environment/library_path.sh
[7.377s] -- Up-to-date symlink: /home/nvidia/luckrobot/mid360s_ws/install/fast_lio/share/fast_lio/environment/library_path.dsv
[7.378s] -- Up-to-date symlink: /home/nvidia/luckrobot/mid360s_ws/install/fast_lio/include/fast_lio/fast_lio/msg/detail/pose6_d__rosidl_typesupport_fastrtps_c.h
[7.379s] -- Up-to-date symlink: /home/nvidia/luckrobot/mid360s_ws/install/fast_lio/include/fast_lio/fast_lio/msg/rosidl_typesupport_fastrtps_c__visibility_control.h
[7.379s] -- Up-to-date symlink: /home/nvidia/luckrobot/mid360s_ws/install/fast_lio/include/fast_lio/fast_lio/msg/detail/pose6_d__builder.hpp
[7.380s] -- Up-to-date symlink: /home/nvidia/luckrobot/mid360s_ws/install/fast_lio/include/fast_lio/fast_lio/msg/detail/pose6_d__struct.hpp
[7.380s] -- Up-to-date symlink: /home/nvidia/luckrobot/mid360s_ws/install/fast_lio/include/fast_lio/fast_lio/msg/detail/pose6_d__traits.hpp
[7.380s] -- Up-to-date symlink: /home/nvidia/luckrobot/mid360s_ws/install/fast_lio/include/fast_lio/fast_lio/msg/detail/pose6_d__type_support.hpp
[7.380s] -- Up-to-date symlink: /home/nvidia/luckrobot/mid360s_ws/install/fast_lio/include/fast_lio/fast_lio/msg/pose6_d.hpp
[7.381s] -- Up-to-date symlink: /home/nvidia/luckrobot/mid360s_ws/install/fast_lio/include/fast_lio/fast_lio/msg/rosidl_generator_cpp__visibility_control.hpp
[7.382s] -- Up-to-date symlink: /home/nvidia/luckrobot/mid360s_ws/install/fast_lio/include/fast_lio/fast_lio/msg/detail/pose6_d__rosidl_typesupport_fastrtps_cpp.hpp
[7.382s] -- Up-to-date symlink: /home/nvidia/luckrobot/mid360s_ws/install/fast_lio/include/fast_lio/fast_lio/msg/rosidl_typesupport_fastrtps_cpp__visibility_control.h
[7.383s] -- Up-to-date symlink: /home/nvidia/luckrobot/mid360s_ws/install/fast_lio/include/fast_lio/fast_lio/msg/detail/pose6_d__rosidl_typesupport_introspection_c.h
[7.383s] -- Up-to-date symlink: /home/nvidia/luckrobot/mid360s_ws/install/fast_lio/include/fast_lio/fast_lio/msg/rosidl_typesupport_introspection_c__visibility_control.h
[7.383s] -- Up-to-date symlink: /home/nvidia/luckrobot/mid360s_ws/install/fast_lio/include/fast_lio/fast_lio/msg/detail/pose6_d__rosidl_typesupport_introspection_cpp.hpp
[7.384s] -- Up-to-date symlink: /home/nvidia/luckrobot/mid360s_ws/install/fast_lio/share/fast_lio/environment/pythonpath.sh
[7.384s] -- Up-to-date symlink: /home/nvidia/luckrobot/mid360s_ws/install/fast_lio/share/fast_lio/environment/pythonpath.dsv
[7.385s] -- Up-to-date symlink: /home/nvidia/luckrobot/mid360s_ws/install/fast_lio/local/lib/python3.10/dist-packages/fast_lio-0.0.0-py3.10.egg-info/PKG-INFO
[7.385s] -- Up-to-date symlink: /home/nvidia/luckrobot/mid360s_ws/install/fast_lio/local/lib/python3.10/dist-packages/fast_lio-0.0.0-py3.10.egg-info/SOURCES.txt
[7.385s] -- Up-to-date symlink: /home/nvidia/luckrobot/mid360s_ws/install/fast_lio/local/lib/python3.10/dist-packages/fast_lio-0.0.0-py3.10.egg-info/dependency_links.txt
[7.385s] -- Up-to-date symlink: /home/nvidia/luckrobot/mid360s_ws/install/fast_lio/local/lib/python3.10/dist-packages/fast_lio-0.0.0-py3.10.egg-info/top_level.txt
[7.386s] -- Up-to-date symlink: /home/nvidia/luckrobot/mid360s_ws/install/fast_lio/local/lib/python3.10/dist-packages/fast_lio/__init__.py
[7.387s] -- Up-to-date symlink: /home/nvidia/luckrobot/mid360s_ws/install/fast_lio/local/lib/python3.10/dist-packages/fast_lio/_fast_lio_s.ep.rosidl_typesupport_c.c
[7.387s] -- Up-to-date symlink: /home/nvidia/luckrobot/mid360s_ws/install/fast_lio/local/lib/python3.10/dist-packages/fast_lio/_fast_lio_s.ep.rosidl_typesupport_fastrtps_c.c
[7.387s] -- Up-to-date symlink: /home/nvidia/luckrobot/mid360s_ws/install/fast_lio/local/lib/python3.10/dist-packages/fast_lio/_fast_lio_s.ep.rosidl_typesupport_introspection_c.c
[7.387s] -- Up-to-date symlink: /home/nvidia/luckrobot/mid360s_ws/install/fast_lio/local/lib/python3.10/dist-packages/fast_lio/fast_lio_s__rosidl_typesupport_c.cpython-310-aarch64-linux-gnu.so
[7.388s] -- Up-to-date symlink: /home/nvidia/luckrobot/mid360s_ws/install/fast_lio/local/lib/python3.10/dist-packages/fast_lio/fast_lio_s__rosidl_typesupport_fastrtps_c.cpython-310-aarch64-linux-gnu.so
[7.388s] -- Up-to-date symlink: /home/nvidia/luckrobot/mid360s_ws/install/fast_lio/local/lib/python3.10/dist-packages/fast_lio/fast_lio_s__rosidl_typesupport_introspection_c.cpython-310-aarch64-linux-gnu.so
[7.388s] -- Up-to-date symlink: /home/nvidia/luckrobot/mid360s_ws/install/fast_lio/local/lib/python3.10/dist-packages/fast_lio/libfast_lio__rosidl_generator_py.so
[7.388s] -- Up-to-date symlink: /home/nvidia/luckrobot/mid360s_ws/install/fast_lio/local/lib/python3.10/dist-packages/fast_lio/msg/__init__.py
[7.389s] -- Up-to-date symlink: /home/nvidia/luckrobot/mid360s_ws/install/fast_lio/local/lib/python3.10/dist-packages/fast_lio/msg/_pose6_d.py
[7.389s] -- Up-to-date symlink: /home/nvidia/luckrobot/mid360s_ws/install/fast_lio/local/lib/python3.10/dist-packages/fast_lio/msg/_pose6_d_s.c
[7.389s] -- Up-to-date symlink: /home/nvidia/luckrobot/mid360s_ws/install/fast_lio/local/lib/python3.10/dist-packages/fast_lio/fast_lio_s__rosidl_typesupport_fastrtps_c.cpython-310-aarch64-linux-gnu.so
[7.390s] -- Up-to-date symlink: /home/nvidia/luckrobot/mid360s_ws/install/fast_lio/local/lib/python3.10/dist-packages/fast_lio/fast_lio_s__rosidl_typesupport_introspection_c.cpython-310-aarch64-linux-gnu.so
[7.390s] -- Up-to-date symlink: /home/nvidia/luckrobot/mid360s_ws/install/fast_lio/local/lib/python3.10/dist-packages/fast_lio/fast_lio_s__rosidl_typesupport_c.cpython-310-aarch64-linux-gnu.so
[7.391s] -- Up-to-date symlink: /home/nvidia/luckrobot/mid360s_ws/install/fast_lio/share/fast_lio/msg/Pose6D.idl
[7.391s] -- Up-to-date symlink: /home/nvidia/luckrobot/mid360s_ws/install/fast_lio/share/fast_lio/msg/Pose6D.msg
[7.392s] -- Up-to-date symlink: /home/nvidia/luckrobot/mid360s_ws/install/fast_lio/lib/fast_lio/fastlio_mapping
[7.392s] -- Up-to-date symlink: /home/nvidia/luckrobot/mid360s_ws/install/fast_lio/share/fast_lio/config/avia.yaml
[7.392s] -- Up-to-date symlink: /home/nvidia/luckrobot/mid360s_ws/install/fast_lio/share/fast_lio/config/horizon.yaml
[7.393s] -- Up-to-date symlink: /home/nvidia/luckrobot/mid360s_ws/install/fast_lio/share/fast_lio/config/mid360.yaml
[7.393s] -- Up-to-date symlink: /home/nvidia/luckrobot/mid360s_ws/install/fast_lio/share/fast_lio/config/ouster64.yaml
[7.393s] -- Up-to-date symlink: /home/nvidia/luckrobot/mid360s_ws/install/fast_lio/share/fast_lio/config/velodyne.yaml
[7.394s] -- Up-to-date symlink: /home/nvidia/luckrobot/mid360s_ws/install/fast_lio/share/fast_lio/launch/gdb_debug_example.launch
[7.394s] -- Up-to-date symlink: /home/nvidia/luckrobot/mid360s_ws/install/fast_lio/share/fast_lio/launch/mapping.launch.py
[7.394s] -- Up-to-date symlink: /home/nvidia/luckrobot/mid360s_ws/install/fast_lio/share/fast_lio/rviz/fastlio.rviz
[7.395s] -- Up-to-date symlink: /home/nvidia/luckrobot/mid360s_ws/install/fast_lio/share/ament_index/resource_index/package_run_dependencies/fast_lio
[7.395s] -- Up-to-date symlink: /home/nvidia/luckrobot/mid360s_ws/install/fast_lio/share/ament_index/resource_index/parent_prefix_path/fast_lio
[7.395s] -- Up-to-date symlink: /home/nvidia/luckrobot/mid360s_ws/install/fast_lio/share/fast_lio/environment/ament_prefix_path.sh
[7.395s] -- Up-to-date symlink: /home/nvidia/luckrobot/mid360s_ws/install/fast_lio/share/fast_lio/environment/ament_prefix_path.dsv
[7.396s] -- Up-to-date symlink: /home/nvidia/luckrobot/mid360s_ws/install/fast_lio/share/fast_lio/environment/path.sh
[7.396s] -- Up-to-date symlink: /home/nvidia/luckrobot/mid360s_ws/install/fast_lio/share/fast_lio/environment/path.dsv
[7.397s] -- Up-to-date symlink: /home/nvidia/luckrobot/mid360s_ws/install/fast_lio/share/fast_lio/local_setup.bash
[7.397s] -- Up-to-date symlink: /home/nvidia/luckrobot/mid360s_ws/install/fast_lio/share/fast_lio/local_setup.sh
[7.397s] -- Up-to-date symlink: /home/nvidia/luckrobot/mid360s_ws/install/fast_lio/share/fast_lio/local_setup.zsh
[7.398s] -- Up-to-date symlink: /home/nvidia/luckrobot/mid360s_ws/install/fast_lio/share/fast_lio/local_setup.dsv
[7.398s] -- Symlinking: /home/nvidia/luckrobot/mid360s_ws/install/fast_lio/share/fast_lio/package.dsv
[7.417s] -- Up-to-date symlink: /home/nvidia/luckrobot/mid360s_ws/install/fast_lio/share/ament_index/resource_index/packages/fast_lio
[7.417s] -- Up-to-date symlink: /home/nvidia/luckrobot/mid360s_ws/install/fast_lio/share/fast_lio/cmake/rosidl_cmake-extras.cmake
[7.417s] -- Up-to-date symlink: /home/nvidia/luckrobot/mid360s_ws/install/fast_lio/share/fast_lio/cmake/ament_cmake_export_include_directories-extras.cmake
[7.418s] -- Up-to-date symlink: /home/nvidia/luckrobot/mid360s_ws/install/fast_lio/share/fast_lio/cmake/ament_cmake_export_libraries-extras.cmake
[7.418s] -- Up-to-date symlink: /home/nvidia/luckrobot/mid360s_ws/install/fast_lio/share/fast_lio/cmake/ament_cmake_export_targets-extras.cmake
[7.418s] -- Up-to-date symlink: /home/nvidia/luckrobot/mid360s_ws/install/fast_lio/share/fast_lio/cmake/rosidl_cmake_export_typesupport_targets-extras.cmake
[7.419s] -- Up-to-date symlink: /home/nvidia/luckrobot/mid360s_ws/install/fast_lio/share/fast_lio/cmake/ament_cmake_export_dependencies-extras.cmake
[7.419s] -- Up-to-date symlink: /home/nvidia/luckrobot/mid360s_ws/install/fast_lio/share/fast_lio/cmake/rosidl_cmake_export_typesupport_libraries-extras.cmake
[7.419s] -- Up-to-date symlink: /home/nvidia/luckrobot/mid360s_ws/install/fast_lio/share/fast_lio/cmake/fast_lioConfig.cmake
[7.419s] -- Up-to-date symlink: /home/nvidia/luckrobot/mid360s_ws/install/fast_lio/share/fast_lio/cmake/fast_lioConfig-version.cmake
[7.420s] -- Up-to-date symlink: /home/nvidia/luckrobot/mid360s_ws/install/fast_lio/share/fast_lio/package.xml
[7.421s] -- Up-to-date: /home/nvidia/luckrobot/mid360s_ws/install/fast_lio/lib/libfast_lio__rosidl_generator_c.so
[7.422s] -- Up-to-date: /home/nvidia/luckrobot/mid360s_ws/install/fast_lio/lib/libfast_lio__rosidl_typesupport_fastrtps_c.so
[7.423s] -- Up-to-date: /home/nvidia/luckrobot/mid360s_ws/install/fast_lio/lib/libfast_lio__rosidl_typesupport_fastrtps_cpp.so
[7.423s] -- Up-to-date: /home/nvidia/luckrobot/mid360s_ws/install/fast_lio/lib/libfast_lio__rosidl_typesupport_introspection_c.so
[7.424s] -- Up-to-date: /home/nvidia/luckrobot/mid360s_ws/install/fast_lio/lib/libfast_lio__rosidl_typesupport_c.so
[7.425s] -- Up-to-date: /home/nvidia/luckrobot/mid360s_ws/install/fast_lio/lib/libfast_lio__rosidl_typesupport_introspection_cpp.so
[7.426s] -- Up-to-date: /home/nvidia/luckrobot/mid360s_ws/install/fast_lio/lib/libfast_lio__rosidl_typesupport_cpp.so
[7.507s] Listing '/home/nvidia/luckrobot/mid360s_ws/install/fast_lio/local/lib/python3.10/dist-packages/fast_lio'...
[7.508s] Compiling '/home/nvidia/luckrobot/mid360s_ws/install/fast_lio/local/lib/python3.10/dist-packages/fast_lio/__init__.py'...
[7.508s] Listing '/home/nvidia/luckrobot/mid360s_ws/install/fast_lio/local/lib/python3.10/dist-packages/fast_lio/msg'...
[7.520s] -- Up-to-date: /home/nvidia/luckrobot/mid360s_ws/install/fast_lio/lib/libfast_lio__rosidl_generator_py.so
[7.521s] -- Up-to-date: /home/nvidia/luckrobot/mid360s_ws/install/fast_lio/share/fast_lio/cmake/export_fast_lio__rosidl_generator_cExport.cmake
[7.522s] -- Up-to-date: /home/nvidia/luckrobot/mid360s_ws/install/fast_lio/share/fast_lio/cmake/export_fast_lio__rosidl_generator_cExport-release.cmake
[7.522s] -- Up-to-date: /home/nvidia/luckrobot/mid360s_ws/install/fast_lio/share/fast_lio/cmake/export_fast_lio__rosidl_typesupport_fastrtps_cExport.cmake
[7.522s] -- Up-to-date: /home/nvidia/luckrobot/mid360s_ws/install/fast_lio/share/fast_lio/cmake/export_fast_lio__rosidl_typesupport_fastrtps_cExport-release.cmake
[7.523s] -- Up-to-date: /home/nvidia/luckrobot/mid360s_ws/install/fast_lio/share/fast_lio/cmake/export_fast_lio__rosidl_generator_cppExport.cmake
[7.523s] -- Up-to-date: /home/nvidia/luckrobot/mid360s_ws/install/fast_lio/share/fast_lio/cmake/export_fast_lio__rosidl_typesupport_fastrtps_cppExport.cmake
[7.523s] -- Up-to-date: /home/nvidia/luckrobot/mid360s_ws/install/fast_lio/share/fast_lio/cmake/export_fast_lio__rosidl_typesupport_fastrtps_cppExport-release.cmake
[7.524s] -- Up-to-date: /home/nvidia/luckrobot/mid360s_ws/install/fast_lio/share/fast_lio/cmake/fast_lio__rosidl_typesupport_introspection_cExport.cmake
[7.524s] -- Up-to-date: /home/nvidia/luckrobot/mid360s_ws/install/fast_lio/share/fast_lio/cmake/fast_lio__rosidl_typesupport_introspection_cExport-release.cmake
[7.525s] -- Up-to-date: /home/nvidia/luckrobot/mid360s_ws/install/fast_lio/share/fast_lio/cmake/fast_lio__rosidl_typesupport_cExport.cmake
[7.525s] -- Up-to-date: /home/nvidia/luckrobot/mid360s_ws/install/fast_lio/share/fast_lio/cmake/fast_lio__rosidl_typesupport_cExport-release.cmake
[7.525s] -- Up-to-date: /home/nvidia/luckrobot/mid360s_ws/install/fast_lio/share/fast_lio/cmake/fast_lio__rosidl_typesupport_introspection_cppExport.cmake
[7.526s] -- Up-to-date: /home/nvidia/luckrobot/mid360s_ws/install/fast_lio/share/fast_lio/cmake/fast_lio__rosidl_typesupport_introspection_cppExport-release.cmake
[7.526s] -- Up-to-date: /home/nvidia/luckrobot/mid360s_ws/install/fast_lio/share/fast_lio/cmake/fast_lio__rosidl_typesupport_cppExport.cmake
[7.526s] -- Up-to-date: /home/nvidia/luckrobot/mid360s_ws/install/fast_lio/share/fast_lio/cmake/fast_lio__rosidl_typesupport_cppExport-release.cmake
[7.527s] -- Up-to-date: /home/nvidia/luckrobot/mid360s_ws/install/fast_lio/share/fast_lio/cmake/export_fast_lio__rosidl_generator_pyExport.cmake
[7.527s] -- Up-to-date: /home/nvidia/luckrobot/mid360s_ws/install/fast_lio/share/fast_lio/cmake/export_fast_lio__rosidl_generator_pyExport-release.cmake
[7.534s] Invoked command in '/home/nvidia/luckrobot/mid360s_ws/build/fast_lio' returned '0': CMAKE_PREFIX_PATH=${CMAKE_PREFIX_PATH}:/home/nvidia/luckrobot/luckrobot_ws/install/luckrobot_launch1:/home/nvidia/luckrobot/luckrobot_ws/install/keyboard_control:/opt/ros/humble /usr/bin/cmake --install /home/nvidia/luckrobot/mid360s_ws/build/fast_lio
