[2.690s] Invoking command in '/home/nvidia/luckrobot/luckrobot_ws/src/keyboard_control': PYTHONPATH=/home/nvidia/luckrobot/luckrobot_ws/build/keyboard_control/prefix_override:/usr/lib/python3/dist-packages/colcon_core/task/python/colcon_distutils_commands:/home/nvidia/luckrobot/luckrobot_ws/install/keyboard_control/lib/python3.10/site-packages:${PYTHONPATH} /usr/bin/python3 -W ignore:setup.py install is deprecated -W ignore:easy_install command is deprecated setup.py egg_info --egg-base ../../build/keyboard_control build --build-base /home/nvidia/luckrobot/luckrobot_ws/build/keyboard_control/build install --record /home/nvidia/luckrobot/luckrobot_ws/build/keyboard_control/install.log --single-version-externally-managed install_data
[3.788s] running egg_info
[3.789s] creating ../../build/keyboard_control/keyboard_control.egg-info
[3.829s] writing ../../build/keyboard_control/keyboard_control.egg-info/PKG-INFO
[3.830s] writing dependency_links to ../../build/keyboard_control/keyboard_control.egg-info/dependency_links.txt
[3.831s] writing entry points to ../../build/keyboard_control/keyboard_control.egg-info/entry_points.txt
[3.831s] writing requirements to ../../build/keyboard_control/keyboard_control.egg-info/requires.txt
[3.831s] writing top-level names to ../../build/keyboard_control/keyboard_control.egg-info/top_level.txt
[3.831s] writing manifest file '../../build/keyboard_control/keyboard_control.egg-info/SOURCES.txt'
[3.945s] reading manifest file '../../build/keyboard_control/keyboard_control.egg-info/SOURCES.txt'
[3.945s] adding license file 'LICENSE'
[3.946s] writing manifest file '../../build/keyboard_control/keyboard_control.egg-info/SOURCES.txt'
[3.947s] running build
[3.947s] running build_py
[3.947s] creating /home/nvidia/luckrobot/luckrobot_ws/build/keyboard_control/build
[3.948s] creating /home/nvidia/luckrobot/luckrobot_ws/build/keyboard_control/build/lib
[3.948s] creating /home/nvidia/luckrobot/luckrobot_ws/build/keyboard_control/build/lib/keyboard_control
[3.949s] copying keyboard_control/__init__.py -> /home/nvidia/luckrobot/luckrobot_ws/build/keyboard_control/build/lib/keyboard_control
[3.950s] copying keyboard_control/keyboard_teleop.py -> /home/nvidia/luckrobot/luckrobot_ws/build/keyboard_control/build/lib/keyboard_control
[3.950s] running install
[3.962s] running install_lib
[4.004s] creating /home/nvidia/luckrobot/luckrobot_ws/install/keyboard_control/lib/python3.10/site-packages/keyboard_control
[4.004s] copying /home/nvidia/luckrobot/luckrobot_ws/build/keyboard_control/build/lib/keyboard_control/__init__.py -> /home/nvidia/luckrobot/luckrobot_ws/install/keyboard_control/lib/python3.10/site-packages/keyboard_control
[4.004s] copying /home/nvidia/luckrobot/luckrobot_ws/build/keyboard_control/build/lib/keyboard_control/keyboard_teleop.py -> /home/nvidia/luckrobot/luckrobot_ws/install/keyboard_control/lib/python3.10/site-packages/keyboard_control
[4.005s] byte-compiling /home/nvidia/luckrobot/luckrobot_ws/install/keyboard_control/lib/python3.10/site-packages/keyboard_control/__init__.py to __init__.cpython-310.pyc
[4.006s] byte-compiling /home/nvidia/luckrobot/luckrobot_ws/install/keyboard_control/lib/python3.10/site-packages/keyboard_control/keyboard_teleop.py to keyboard_teleop.cpython-310.pyc
[4.010s] running install_data
[4.010s] creating /home/nvidia/luckrobot/luckrobot_ws/install/keyboard_control/share/ament_index
[4.011s] creating /home/nvidia/luckrobot/luckrobot_ws/install/keyboard_control/share/ament_index/resource_index
[4.011s] creating /home/nvidia/luckrobot/luckrobot_ws/install/keyboard_control/share/ament_index/resource_index/packages
[4.011s] copying resource/keyboard_control -> /home/nvidia/luckrobot/luckrobot_ws/install/keyboard_control/share/ament_index/resource_index/packages
[4.011s] copying package.xml -> /home/nvidia/luckrobot/luckrobot_ws/install/keyboard_control/share/keyboard_control
[4.012s] running install_egg_info
[4.056s] Copying ../../build/keyboard_control/keyboard_control.egg-info to /home/nvidia/luckrobot/luckrobot_ws/install/keyboard_control/lib/python3.10/site-packages/keyboard_control-0.0.0-py3.10.egg-info
[4.058s] running install_scripts
[4.224s] Installing keyboard_teleop script to /home/nvidia/luckrobot/luckrobot_ws/install/keyboard_control/lib/keyboard_control
[4.225s] writing list of installed files to '/home/nvidia/luckrobot/luckrobot_ws/build/keyboard_control/install.log'
[4.364s] Invoked command in '/home/nvidia/luckrobot/luckrobot_ws/src/keyboard_control' returned '0': PYTHONPATH=/home/nvidia/luckrobot/luckrobot_ws/build/keyboard_control/prefix_override:/usr/lib/python3/dist-packages/colcon_core/task/python/colcon_distutils_commands:/home/nvidia/luckrobot/luckrobot_ws/install/keyboard_control/lib/python3.10/site-packages:${PYTHONPATH} /usr/bin/python3 -W ignore:setup.py install is deprecated -W ignore:easy_install command is deprecated setup.py egg_info --egg-base ../../build/keyboard_control build --build-base /home/nvidia/luckrobot/luckrobot_ws/build/keyboard_control/build install --record /home/nvidia/luckrobot/luckrobot_ws/build/keyboard_control/install.log --single-version-externally-managed install_data
