[01m[K/home/nvidia/luckrobot/luckrobot_ws/src/wheel_controller/src/state_publisher_node.cpp:[m[K In constructor ‘[01m[KRobotStatePublisher::RobotStatePublisher()[m[K’:
[01m[K/home/nvidia/luckrobot/luckrobot_ws/src/wheel_controller/src/state_publisher_node.cpp:43:28:[m[K [01;31m[Kerror: [m[Kparse error in template argument list
   43 |         wheel_sub_ = this->[01;31m[Kcreate_subscription<std_msgs::msg/float64MultiArray>[m[K(
      |                            [01;31m[K^~~~~~~~~~~~~~~~~~~~~~~~~~~~~~~~~~~~~~~~~~~~~~~~~~~~[m[K
[01m[K/home/nvidia/luckrobot/luckrobot_ws/src/wheel_controller/src/state_publisher_node.cpp:43:80:[m[K [01;31m[Kerror: [m[Kno matching function for call to ‘[01m[KRobotStatePublisher::create_subscription<<expression error> >(const char [15], int, RobotStatePublisher::RobotStatePublisher()::<lambda(std_msgs::msg::Float64MultiArray_<std::allocator<void> >::SharedPtr)>)[m[K’
   43 |         wheel_sub_ = [01;31m[Kthis->create_subscription<std_msgs::msg/float64MultiArray>([m[K
      |                      [01;31m[K~~~~~~~~~~~~~~~~~~~~~~~~~~~~~~~~~~~~~~~~~~~~~~~~~~~~~~~~~~^[m[K
   44 | [01;31m[K            "wheel_position", 100,[m[K
      |             [01;31m[K~~~~~~~~~~~~~~~~~~~~~~[m[K                                              
   45 | [01;31m[K            [this](const std_msgs::msg::Float64MultiArray::SharedPtr msg) {[m[K
      |             [01;31m[K~~~~~~~~~~~~~~~~~~~~~~~~~~~~~~~~~~~~~~~~~~~~~~~~~~~~~~~~~~~~~~~[m[K     
   46 | [01;31m[K                if(msg->data.size() < 2) return;[m[K
      |                 [01;31m[K~~~~~~~~~~~~~~~~~~~~~~~~~~~~~~~~[m[K                                
   47 | [01;31m[K                double raw_l = msg->data[0];[m[K
      |                 [01;31m[K~~~~~~~~~~~~~~~~~~~~~~~~~~~~[m[K                                    
   48 | [01;31m[K                double raw_r = msg->data[1];[m[K
      |                 [01;31m[K~~~~~~~~~~~~~~~~~~~~~~~~~~~~[m[K                                    
   49 | 
      |                                                                                 
   50 | [01;31m[K                // 🔥 仅过滤：突发0.0脏数据（正常运动不会突然从大角度变0）[m[K
      |                 [01;31m[K~~~~~~~~~~~~~~~~~~~~~~~~~~~~~~~~~~~~~~~~~~~~~~~~~~~~~~~~~~[m[K      
   51 | [01;31m[K                bool dirty_left  = (raw_l == 0.0 && std::fabs(last_valid_left_) > DIRTY_DATA_THRESH);[m[K
      |                 [01;31m[K~~~~~~~~~~~~~~~~~~~~~~~~~~~~~~~~~~~~~~~~~~~~~~~~~~~~~~~~~~~~~~~~~~~~~~~~~~~~~~~~~~~~~[m[K
   52 | [01;31m[K                bool dirty_right = (raw_r == 0.0 && std::fabs(last_valid_right_) > DIRTY_DATA_THRESH);[m[K
      |                 [01;31m[K~~~~~~~~~~~~~~~~~~~~~~~~~~~~~~~~~~~~~~~~~~~~~~~~~~~~~~~~~~~~~~~~~~~~~~~~~~~~~~~~~~~~~~[m[K
   53 | 
      |                                                                                 
   54 | [01;31m[K                // 脏数据：直接丢弃，保持上一帧有效角度[m[K
      |                 [01;31m[K~~~~~~~~~~~~~~~~~~~~~~~~~~~~~~~~~~~~~~~[m[K                         
   55 | [01;31m[K                if (dirty_left || dirty_right) {[m[K
      |                 [01;31m[K~~~~~~~~~~~~~~~~~~~~~~~~~~~~~~~~[m[K                                
   56 | [01;31m[K                    wheel_left_.store(last_valid_left_);[m[K
      |                     [01;31m[K~~~~~~~~~~~~~~~~~~~~~~~~~~~~~~~~~~~~[m[K                        
   57 | [01;31m[K                    wheel_right_.store(last_valid_right_);[m[K
      |                     [01;31m[K~~~~~~~~~~~~~~~~~~~~~~~~~~~~~~~~~~~~~~[m[K                      
   58 | [01;31m[K                    return;[m[K
      |                     [01;31m[K~~~~~~~[m[K                                                     
   59 | [01;31m[K                }[m[K
      |                 [01;31m[K~[m[K                                                               
   60 | 
      |                                                                                 
   61 | [01;31m[K                // 正常数据：纯透传，零修改、零处理、零约束[m[K
      |                 [01;31m[K~~~~~~~~~~~~~~~~~~~~~~~~~~~~~~~~~~~~~~~~~~~[m[K                     
   62 | [01;31m[K                wheel_left_.store(raw_l);[m[K
      |                 [01;31m[K~~~~~~~~~~~~~~~~~~~~~~~~~[m[K                                       
   63 | [01;31m[K                wheel_right_.store(raw_r);[m[K
      |                 [01;31m[K~~~~~~~~~~~~~~~~~~~~~~~~~~[m[K                                      
   64 | [01;31m[K                last_valid_left_ = raw_l;[m[K
      |                 [01;31m[K~~~~~~~~~~~~~~~~~~~~~~~~~[m[K                                       
   65 | [01;31m[K                last_valid_right_ = raw_r;[m[K
      |                 [01;31m[K~~~~~~~~~~~~~~~~~~~~~~~~~~[m[K                                      
   66 | [01;31m[K            }[m[K
      |             [01;31m[K~[m[K                                                                   
   67 | [01;31m[K        )[m[K;
      |         [01;31m[K~[m[K                                                                       
In file included from [01m[K/opt/ros/humble/include/rclcpp/rclcpp/executors/single_threaded_executor.hpp:28[m[K,
                 from [01m[K/opt/ros/humble/include/rclcpp/rclcpp/executors.hpp:22[m[K,
                 from [01m[K/opt/ros/humble/include/rclcpp/rclcpp/rclcpp.hpp:155[m[K,
                 from [01m[K/home/nvidia/luckrobot/luckrobot_ws/src/wheel_controller/src/state_publisher_node.cpp:1[m[K:
[01m[K/opt/ros/humble/include/rclcpp/rclcpp/node.hpp:219:3:[m[K [01;36m[Knote: [m[Kcandidate: ‘[01m[Ktemplate<class MessageT, class CallbackT, class AllocatorT, class SubscriptionT, class MessageMemoryStrategyT> std::shared_ptr<ROSMessageT> rclcpp::Node::create_subscription(const string&, const rclcpp::QoS&, CallbackT&&, const rclcpp::SubscriptionOptionsWithAllocator<AllocatorT>&, typename MessageMemoryStrategyT::SharedPtr)[m[K’
  219 |   [01;36m[Kcreate_subscription[m[K(
      |   [01;36m[K^~~~~~~~~~~~~~~~~~~[m[K
[01m[K/opt/ros/humble/include/rclcpp/rclcpp/node.hpp:219:3:[m[K [01;36m[Knote: [m[K  template argument deduction/substitution failed:
[01m[K/home/nvidia/luckrobot/luckrobot_ws/src/wheel_controller/src/state_publisher_node.cpp:43:80:[m[K [01;31m[Kerror: [m[Ktemplate argument 1 is invalid
   43 |         wheel_sub_ = [01;31m[Kthis->create_subscription<std_msgs::msg/float64MultiArray>([m[K
      |                      [01;31m[K~~~~~~~~~~~~~~~~~~~~~~~~~~~~~~~~~~~~~~~~~~~~~~~~~~~~~~~~~~^[m[K
   44 | [01;31m[K            "wheel_position", 100,[m[K
      |             [01;31m[K~~~~~~~~~~~~~~~~~~~~~~[m[K                                              
   45 | [01;31m[K            [this](const std_msgs::msg::Float64MultiArray::SharedPtr msg) {[m[K
      |             [01;31m[K~~~~~~~~~~~~~~~~~~~~~~~~~~~~~~~~~~~~~~~~~~~~~~~~~~~~~~~~~~~~~~~[m[K     
   46 | [01;31m[K                if(msg->data.size() < 2) return;[m[K
      |                 [01;31m[K~~~~~~~~~~~~~~~~~~~~~~~~~~~~~~~~[m[K                                
   47 | [01;31m[K                double raw_l = msg->data[0];[m[K
      |                 [01;31m[K~~~~~~~~~~~~~~~~~~~~~~~~~~~~[m[K                                    
   48 | [01;31m[K                double raw_r = msg->data[1];[m[K
      |                 [01;31m[K~~~~~~~~~~~~~~~~~~~~~~~~~~~~[m[K                                    
   49 | 
      |                                                                                 
   50 | [01;31m[K                // 🔥 仅过滤：突发0.0脏数据（正常运动不会突然从大角度变0）[m[K
      |                 [01;31m[K~~~~~~~~~~~~~~~~~~~~~~~~~~~~~~~~~~~~~~~~~~~~~~~~~~~~~~~~~~[m[K      
   51 | [01;31m[K                bool dirty_left  = (raw_l == 0.0 && std::fabs(last_valid_left_) > DIRTY_DATA_THRESH);[m[K
      |                 [01;31m[K~~~~~~~~~~~~~~~~~~~~~~~~~~~~~~~~~~~~~~~~~~~~~~~~~~~~~~~~~~~~~~~~~~~~~~~~~~~~~~~~~~~~~[m[K
   52 | [01;31m[K                bool dirty_right = (raw_r == 0.0 && std::fabs(last_valid_right_) > DIRTY_DATA_THRESH);[m[K
      |                 [01;31m[K~~~~~~~~~~~~~~~~~~~~~~~~~~~~~~~~~~~~~~~~~~~~~~~~~~~~~~~~~~~~~~~~~~~~~~~~~~~~~~~~~~~~~~[m[K
   53 | 
      |                                                                                 
   54 | [01;31m[K                // 脏数据：直接丢弃，保持上一帧有效角度[m[K
      |                 [01;31m[K~~~~~~~~~~~~~~~~~~~~~~~~~~~~~~~~~~~~~~~[m[K                         
   55 | [01;31m[K                if (dirty_left || dirty_right) {[m[K
      |                 [01;31m[K~~~~~~~~~~~~~~~~~~~~~~~~~~~~~~~~[m[K                                
   56 | [01;31m[K                    wheel_left_.store(last_valid_left_);[m[K
      |                     [01;31m[K~~~~~~~~~~~~~~~~~~~~~~~~~~~~~~~~~~~~[m[K                        
   57 | [01;31m[K                    wheel_right_.store(last_valid_right_);[m[K
      |                     [01;31m[K~~~~~~~~~~~~~~~~~~~~~~~~~~~~~~~~~~~~~~[m[K                      
   58 | [01;31m[K                    return;[m[K
      |                     [01;31m[K~~~~~~~[m[K                                                     
   59 | [01;31m[K                }[m[K
      |                 [01;31m[K~[m[K                                                               
   60 | 
      |                                                                                 
   61 | [01;31m[K                // 正常数据：纯透传，零修改、零处理、零约束[m[K
      |                 [01;31m[K~~~~~~~~~~~~~~~~~~~~~~~~~~~~~~~~~~~~~~~~~~~[m[K                     
   62 | [01;31m[K                wheel_left_.store(raw_l);[m[K
      |                 [01;31m[K~~~~~~~~~~~~~~~~~~~~~~~~~[m[K                                       
   63 | [01;31m[K                wheel_right_.store(raw_r);[m[K
      |                 [01;31m[K~~~~~~~~~~~~~~~~~~~~~~~~~~[m[K                                      
   64 | [01;31m[K                last_valid_left_ = raw_l;[m[K
      |                 [01;31m[K~~~~~~~~~~~~~~~~~~~~~~~~~[m[K                                       
   65 | [01;31m[K                last_valid_right_ = raw_r;[m[K
      |                 [01;31m[K~~~~~~~~~~~~~~~~~~~~~~~~~~[m[K                                      
   66 | [01;31m[K            }[m[K
      |             [01;31m[K~[m[K                                                                   
   67 | [01;31m[K        )[m[K;
      |         [01;31m[K~[m[K                                                                       
gmake[2]: *** [CMakeFiles/state_publisher_node.dir/build.make:76：CMakeFiles/state_publisher_node.dir/src/state_publisher_node.cpp.o] 错误 1
gmake[1]: *** [CMakeFiles/Makefile2:221：CMakeFiles/state_publisher_node.dir/all] 错误 2
gmake: *** [Makefile:146：all] 错误 2
